   9.7333313266101E-04      2.4974818357660E-03
   5.1248829816714E-03      5.8056110152516E-03
   1.2579362602682E-02      9.0993694555276E-03
   2.3313671142143E-02      1.2363328128847E-02
   3.7292354214151E-02      1.5586303035951E-02
   5.4469024835113E-02      1.8757527621506E-02
   7.4786640133498E-02      2.1866451422896E-02
   9.8177713715495E-02      2.4902741467258E-02
   1.2456454593468E-01      2.7856309310651E-02
   1.5385948402953E-01      3.0717342497932E-02
   1.8596521408680E-01      3.3476336464440E-02
   2.2077508465419E-01      3.6124125840456E-02
   2.5817346119133E-01      3.8651914782180E-02
   2.9803611028142E-01      4.1051306136727E-02
   3.4023061236870E-01      4.3314329309684E-02
   3.8461680166964E-01      4.5433466728368E-02
   4.3104723180565E-01      4.7401678806540E-02
   4.7936766561503E-01      4.9212427324627E-02
   5.2941758751968E-01      5.0859697146290E-02
   5.8103073674596E-01      5.2338016198403E-02
   6.3403565962908E-01      5.3642473647661E-02
   6.8825627916691E-01      5.4768736213168E-02
   7.4351247993149E-01      5.5713062560701E-02
   7.9962070639539E-01      5.6472315730739E-02
   8.5639457268546E-01      5.7043973558909E-02
   9.1364548173858E-01      5.7426137054227E-02
   9.7118325180260E-01      5.7617536707262E-02
   1.0288167482014E+00      5.7617536707262E-02
   1.0863545182654E+00      5.7426137054227E-02
   1.1436054273185E+00      5.7043973558909E-02
   1.2003792936086E+00      5.6472315730739E-02
   1.2564875200725E+00      5.5713062560701E-02
   1.3117437208371E+00      5.4768736213168E-02
   1.3659643403749E+00      5.3642473647661E-02
   1.4189692632580E+00      5.2338016198403E-02
   1.4705824124843E+00      5.0859697146290E-02
   1.5206323343890E+00      4.9212427324627E-02
   1.5689527681983E+00      4.7401678806540E-02
   1.6153831983344E+00      4.5433466728368E-02
   1.6597693876353E+00      4.3314329309684E-02
   1.7019638897226E+00      4.1051306136727E-02
   1.7418265388127E+00      3.8651914782180E-02
   1.7792249153498E+00      3.6124125840456E-02
   1.8140347859172E+00      3.3476336464440E-02
   1.8461405159745E+00      3.0717342497932E-02
   1.8754354540693E+00      2.7856309310651E-02
   1.9018222862885E+00      2.4902741467258E-02
   1.9252133598705E+00      2.1866451422896E-02
   1.9455309751689E+00      1.8757527621506E-02
   1.9627076457898E+00      1.5586303035951E-02
   1.9766863288619E+00      1.2363328128847E-02
   1.9874206374013E+00      9.0993694555276E-03
   1.9948751170223E+00      5.8056110152516E-03
   1.9990266668713E+00      2.4974818357660E-03
   2.0019613703875E+00      5.0329612320178E-03
   2.0103295367353E+00      1.1704876925225E-02
   2.0253649088539E+00      1.8360576055332E-02
   2.0470372851985E+00      2.4976166297902E-02
   2.0752987167651E+00      3.1536197963086E-02
   2.1100862394262E+00      3.8025911943757E-02
   2.1513222613852E+00      4.4430795008171E-02
   2.1989147823695E+00      5.0736544416702E-02
   2.2527576111682E+00      5.6929085168276E-02
   2.3127306066641E+00      6.2994597275552E-02
   2.3786999475029E+00      6.8919545205934E-02
   2.4505184313957E+00      7.4690707544222E-02
   2.5280258039169E+00      8.0295206262696E-02
   2.6110491162661E+00      8.5720535348738E-02
   2.6994031112776E+00      9.0954588656545E-02
   2.7928906368549E+00      9.5985686892077E-02
   2.8913030859268E+00      1.0080260365827E-01
   2.9944208619504E+00      1.0539459049635E-01
   3.1020138689304E+00      1.0975140086434E-01
   3.2138420248608E+00      1.1386331299775E-01
   3.3296557974479E+00      1.1772115160041E-01
   3.4491967609183E+00      1.2131630831678E-01
   3.5721981726702E+00      1.2464076093964E-01
   3.6983855684828E+00      1.2768709131008E-01
   3.8274773749542E+00      1.3044850186992E-01
   3.9591855378037E+00      1.3291883082937E-01
   4.0932161646333E+00      1.3509256591623E-01
   4.2292701807179E+00      1.3696485667573E-01
   4.3670439963582E+00      1.3853152529366E-01
   4.5062301843082E+00      1.3978907591866E-01
   4.6465181657662E+00      1.4073470246277E-01
   4.7875949033977E+00      1.4136629486284E-01
   4.9291455998443E+00      1.4168244378890E-01
   5.0708544001597E+00      1.4168244378890E-01
   5.2124050966063E+00      1.4136629486284E-01
   5.3534818342378E+00      1.4073470246277E-01
   5.4937698156958E+00      1.3978907591866E-01
   5.6329560036458E+00      1.3853152529366E-01
   5.7707298192861E+00      1.3696485667573E-01
   5.9067838353707E+00      1.3509256591623E-01
   6.0408144622003E+00      1.3291883082937E-01
   6.1725226250498E+00      1.3044850186992E-01
   6.3016144315212E+00      1.2768709131008E-01
   6.4278018273338E+00      1.2464076093964E-01
   6.5508032390857E+00      1.2131630831678E-01
   6.6703442025561E+00      1.1772115160041E-01
   6.7861579751432E+00      1.1386331299775E-01
   6.8979861310736E+00      1.0975140086434E-01
   7.0055791380536E+00      1.0539459049635E-01
   7.1086969140772E+00      1.0080260365827E-01
   7.2071093631491E+00      9.5985686892077E-02
   7.3005968887264E+00      9.0954588656545E-02
   7.3889508837379E+00      8.5720535348738E-02
   7.4719741960871E+00      8.0295206262696E-02
   7.5494815686083E+00      7.4690707544222E-02
   7.6213000525011E+00      6.8919545205934E-02
   7.6872693933399E+00      6.2994597275552E-02
   7.7472423888358E+00      5.6929085168276E-02
   7.8010852176345E+00      5.0736544416702E-02
   7.8486777386188E+00      4.4430795008171E-02
   7.8899137605778E+00      3.8025911943757E-02
   7.9247012832389E+00      3.1536197963086E-02
   7.9529627148055E+00      2.4976166297902E-02
   7.9746350911501E+00      1.8360576055332E-02
   7.9896704632687E+00      1.1704876925225E-02
   7.9980386296165E+00      5.0329612320178E-03
