   1.1848151588461E-03      3.0402179533100E-03
   6.2392123217428E-03      7.0690948904304E-03
   1.5318157166668E-02      1.1084896745018E-02
   2.8399197371103E-02      1.5071335773400E-02
   4.5447316852421E-02      1.9017249715218E-02
   6.6416616240006E-02      2.2911927895176E-02
   9.1250585825365E-02      2.6744851521311E-02
   1.1988228573356E-01      3.0505681094186E-02
   1.5223453378493E-01      3.4184275415997E-02
   1.8822011602965E-01      3.7770716432282E-02
   2.2774202282111E-01      4.1255335124887E-02
   2.7069371075678E-01      4.4628737251183E-02
   3.1695939010160E-01      4.7881828528944E-02
   3.6641433704012E-01      5.1005839087420E-02
   4.1892522996640E-01      5.3992347076627E-02
   4.7435050892797E-01      5.6833301353865E-02
   5.3254075726578E-01      5.9521043178571E-02
   5.9333910442723E-01      6.2048326853377E-02
   6.5658164886908E-01      6.4408339253903E-02
   7.2209789991215E-01      6.6594718193681E-02
   7.8971123735744E-01      6.8601569574172E-02
   8.5923938762538E-01      7.0423483273368E-02
   9.3049491513480E-01      7.2055547729957E-02
   1.0032857275973E+00      7.3493363183635E-02
   1.0774155938651E+00      7.4733053535825E-02
   1.1526846729360E+00      7.5771276798764E-02
   1.2288900526899E+00      7.6605234104784E-02
   1.3058262969046E+00      7.7232677251471E-02
   1.3832859990757E+00      7.7651914762365E-02
   1.4610603415481E+00      7.7861816446831E-02
   1.5389396584519E+00      7.7861816446831E-02
   1.6167140009243E+00      7.7651914762365E-02
   1.6941737030954E+00      7.7232677251471E-02
   1.7711099473101E+00      7.6605234104784E-02
   1.8473153270640E+00      7.5771276798764E-02
   1.9225844061349E+00      7.4733053535825E-02
   1.9967142724027E+00      7.3493363183635E-02
   2.0695050848652E+00      7.2055547729957E-02
   2.1407606123746E+00      7.0423483273368E-02
   2.2102887626426E+00      6.8601569574172E-02
   2.2779021000879E+00      6.6594718193681E-02
   2.3434183511309E+00      6.4408339253903E-02
   2.4066608955728E+00      6.2048326853377E-02
   2.4674592427342E+00      5.9521043178571E-02
   2.5256494910720E+00      5.6833301353865E-02
   2.5810747700336E+00      5.3992347076627E-02
   2.6335856629599E+00      5.1005839087420E-02
   2.6830406098984E+00      4.7881828528944E-02
   2.7293062892432E+00      4.4628737251183E-02
   2.7722579771789E+00      4.1255335124887E-02
   2.8117798839703E+00      3.7770716432282E-02
   2.8477654662151E+00      3.4184275415997E-02
   2.8801177142664E+00      3.0505681094186E-02
   2.9087494141746E+00      2.6744851521311E-02
   2.9335833837600E+00      2.2911927895176E-02
   2.9545526831476E+00      1.9017249715218E-02
   2.9716008026289E+00      1.5071335773400E-02
   2.9846818428333E+00      1.1084896745018E-02
   2.9937607876783E+00      7.0690948904304E-03
   2.9988151848412E+00      3.0402179533100E-03
   3.0047392606354E+00      1.2160871813240E-02
   3.0249568492870E+00      2.8276379561722E-02
   3.0612726286667E+00      4.4339586980072E-02
   3.1135967894844E+00      6.0285343093599E-02
   3.1817892674097E+00      7.6068998860872E-02
   3.2656664649600E+00      9.1647711580703E-02
   3.3650023433015E+00      1.0697940608524E-01
   3.4795291429342E+00      1.2202272437674E-01
   3.6089381351397E+00      1.3673710166399E-01
   3.7528804641186E+00      1.5108286572913E-01
   3.9109680912844E+00      1.6502134049955E-01
   4.0827748430271E+00      1.7851494900473E-01
   4.2678375604064E+00      1.9152731411578E-01
   4.4656573481605E+00      2.0402335634968E-01
   4.6757009198656E+00      2.1596938830651E-01
   4.8974020357119E+00      2.2733320541546E-01
   5.1301630290631E+00      2.3808417271429E-01
   5.3733564177089E+00      2.4819330741351E-01
   5.6263265954763E+00      2.5763335701561E-01
   5.8883915996486E+00      2.6637887277472E-01
   6.1588449494298E+00      2.7440627829669E-01
   6.4369575505015E+00      2.8169393309347E-01
   6.7219796605392E+00      2.8822219091983E-01
   7.0131429103893E+00      2.9397345273454E-01
   7.3096623754604E+00      2.9893221414330E-01
   7.6107386917438E+00      3.0308510719506E-01
   7.9155602107594E+00      3.0642093641913E-01
   8.2233051876183E+00      3.0893070900589E-01
   8.5331439963028E+00      3.1060765904946E-01
   8.8442413661925E+00      3.1144726578732E-01
   9.1557586338075E+00      3.1144726578732E-01
   9.4668560036972E+00      3.1060765904946E-01
   9.7766948123817E+00      3.0893070900589E-01
   1.0084439789241E+01      3.0642093641913E-01
   1.0389261308256E+01      3.0308510719506E-01
   1.0690337624540E+01      2.9893221414330E-01
   1.0986857089611E+01      2.9397345273454E-01
   1.1278020339461E+01      2.8822219091983E-01
   1.1563042449498E+01      2.8169393309347E-01
   1.1841155050570E+01      2.7440627829669E-01
   1.2111608400351E+01      2.6637887277472E-01
   1.2373673404524E+01      2.5763335701561E-01
   1.2626643582291E+01      2.4819330741351E-01
   1.2869836970937E+01      2.3808417271429E-01
   1.3102597964288E+01      2.2733320541546E-01
   1.3324299080134E+01      2.1596938830651E-01
   1.3534342651840E+01      2.0402335634968E-01
   1.3732162439594E+01      1.9152731411578E-01
   1.3917225156973E+01      1.7851494900473E-01
   1.4089031908716E+01      1.6502134049955E-01
   1.4247119535881E+01      1.5108286572913E-01
   1.4391061864860E+01      1.3673710166399E-01
   1.4520470857066E+01      1.2202272437674E-01
   1.4634997656699E+01      1.0697940608524E-01
   1.4734333535040E+01      9.1647711580703E-02
   1.4818210732590E+01      7.6068998860872E-02
   1.4886403210516E+01      6.0285343093599E-02
   1.4938727371333E+01      4.4339586980072E-02
   1.4975043150713E+01      2.8276379561722E-02
   1.4995260739365E+01      1.2160871813240E-02
