   1.4599996989886E-03      3.7462227536415E-03
   7.6873244724918E-03      8.7084165228599E-03
   1.8869043903985E-02      1.3649054183264E-02
   3.4970506713145E-02      1.8544992193233E-02
   5.5938531321114E-02      2.3379454553879E-02
   8.1703537252506E-02      2.8136291432202E-02
   1.1217996020002E-01      3.2799677134279E-02
   1.4726657057295E-01      3.7354112200813E-02
   1.8684681890165E-01      4.1784463965894E-02
   2.3078922604384E-01      4.6076013746806E-02
   2.7894782112965E-01      5.0214504696559E-02
   3.3116262698062E-01      5.4186188760575E-02
   3.8726019178622E-01      5.7977872173154E-02
   4.4705416542124E-01      6.1576959204968E-02
   5.1034591855203E-01      6.4971493964396E-02
   5.7692520250331E-01      6.8150200092415E-02
   6.4657084770719E-01      7.1102518209667E-02
   7.1905149842110E-01      7.3818640986793E-02
   7.9412638127793E-01      7.6289545719282E-02
   8.7154610511719E-01      7.8507024297448E-02
   9.5105348944171E-01      8.0463710471330E-02
   1.0323844187483E+00      8.2153104319587E-02
   1.1152687198950E+00      8.3569593840885E-02
   1.1994310595907E+00      8.4708473595939E-02
   1.2845918590256E+00      8.5565960338192E-02
   1.3704682226051E+00      8.6139205581168E-02
   1.4567748777010E+00      8.6426305060721E-02
   1.5432251222990E+00      8.6426305060721E-02
   1.6295317773949E+00      8.6139205581168E-02
   1.7154081409744E+00      8.5565960338192E-02
   1.8005689404093E+00      8.4708473595939E-02
   1.8847312801050E+00      8.3569593840885E-02
   1.9676155812517E+00      8.2153104319587E-02
   2.0489465105583E+00      8.0463710471330E-02
   2.1284538948828E+00      7.8507024297448E-02
   2.2058736187221E+00      7.6289545719282E-02
   2.2809485015789E+00      7.3818640986793E-02
   2.3534291522928E+00      7.1102518209667E-02
   2.4230747974967E+00      6.8150200092415E-02
   2.4896540814480E+00      6.4971493964396E-02
   2.5529458345788E+00      6.1576959204968E-02
   2.6127398082138E+00      5.7977872173154E-02
   2.6688373730194E+00      5.4186188760575E-02
   2.7210521788704E+00      5.0214504696559E-02
   2.7692107739562E+00      4.6076013746806E-02
   2.8131531810984E+00      4.1784463965894E-02
   2.8527334294271E+00      3.7354112200813E-02
   2.8878200398000E+00      3.2799677134279E-02
   2.9182964627475E+00      2.8136291432202E-02
   2.9440614686789E+00      2.3379454553879E-02
   2.9650294932869E+00      1.8544992193233E-02
   2.9811309560960E+00      1.3649054183264E-02
   2.9923126755275E+00      8.7084165228599E-03
   2.9985400003010E+00      3.7462227536415E-03
   3.0180489311935E+00      4.6309061719438E-02
   3.0950082897666E+00      1.0759362610128E-01
   3.2330954576437E+00      1.6847843090835E-01
   3.4317112099711E+00      2.2860243910579E-01
   3.6899530934778E+00      2.8768498318076E-01
   4.0066437161088E+00      3.4545536636124E-01
   4.3803383942918E+00      4.0164969895473E-01
   4.8093321692974E+00      4.5601147798794E-01
   5.2916676996081E+00      5.0829262232471E-01
   5.8251442294838E+00      5.5825456648066E-01
   6.4073276451885E+00      6.0566933624380E-01
   7.0355615877245E+00      6.5032058387311E-01
   7.7069795762730E+00      6.9200457309643E-01
   8.4185180888783E+00      7.3053110770907E-01
   9.1669305414657E+00      7.6572439889388E-01
   9.9488021017598E+00      7.9742386703987E-01
   1.0760565270682E+01      8.2548487428278E-01
   1.1598516160217E+01      8.4977938436933E-01
   1.2458831393525E+01      8.7019654680638E-01
   1.3337585550215E+01      8.8664320261505E-01
   1.4230769077194E+01      8.9904430937414E-01
   1.5134306583375E+01      9.0734328360916E-01
   1.6044075434783E+01      9.1150225896199E-01
   1.6955924565217E+01      9.1150225896199E-01
   1.7865693416625E+01      9.0734328360916E-01
   1.8769230922806E+01      8.9904430937414E-01
   1.9662414449785E+01      8.8664320261505E-01
   2.0541168606475E+01      8.7019654680638E-01
   2.1401483839783E+01      8.4977938436933E-01
   2.2239434729318E+01      8.2548487428278E-01
   2.3051197898240E+01      7.9742386703987E-01
   2.3833069458534E+01      7.6572439889388E-01
   2.4581481911122E+01      7.3053110770907E-01
   2.5293020423727E+01      6.9200457309643E-01
   2.5964438412275E+01      6.5032058387311E-01
   2.6592672354811E+01      6.0566933624380E-01
   2.7174855770516E+01      5.5825456648066E-01
   2.7708332300392E+01      5.0829262232471E-01
   2.8190667830703E+01      4.5601147798794E-01
   2.8619661605708E+01      4.0164969895473E-01
   2.8993356283891E+01      3.4545536636124E-01
   2.9310046906522E+01      2.8768498318076E-01
   2.9568288790029E+01      2.2860243910579E-01
   2.9766904542356E+01      1.6847843090835E-01
   2.9904991710233E+01      1.0759362610128E-01
   2.9981951068807E+01      4.6309061719438E-02
