    0.02500000000000   15.98784136008805 0.0
    0.05000000000000   15.95307098319689 0.0
    0.07500000000000   15.89527084131595 0.0
    0.10000000000000   15.81466566055186 0.0
    0.12500000000000   15.71156806047068 0.0
    0.15000000000000   15.58637657942137 0.0
    0.17500000000000   15.43957316719700 0.0
    0.20000000000000   15.27172016810145 0.0
    0.22500000000000   15.08345682198462 0.0
    0.25000000000000   14.87549531494545 0.0
    0.27500000000000   14.64861641512955 0.0
    0.30000000000000   14.40366473232800 0.0
    0.32500000000000   14.14154364288028 0.0
    0.35000000000000   13.86320992367501 0.0
    0.37500000000000   13.56966814081027 0.0
    0.40000000000000   13.26196483971177 0.0
    0.42500000000000   12.94118258421659 0.0
    0.45000000000000   12.60843389231691 0.0
    0.47500000000000   12.26485511594049 0.0
    0.50000000000000   11.91160031134536 0.0
    0.52500000000000   11.54983514545170 0.0
    0.55000000000000   11.18073088175990 0.0
    0.57500000000000   10.80545848744601 0.0
    0.60000000000000   10.42518290082639 0.0
    0.62500000000000   10.04105749568462 0.0
    0.65000000000000    9.65421877600155 0.0
    0.67500000000000    9.26578133146800 0.0
    0.70000000000000    8.87683308083648 0.0
    0.72500000000000    8.48843082672741 0.0
    0.75000000000000    8.10159614199032 0.0
    0.77500000000000    7.71731160417581 0.0
    0.80000000000000    7.33651739113670 0.0
    0.82500000000000    6.96010824728706 0.0
    0.85000000000000    6.58893082663939 0.0
    0.87500000000000    6.22378141544427 0.0
    0.90000000000000    5.86540403410294 0.0
    0.92500000000000    5.51448891503562 0.0
    0.95000000000000    5.17167135038863 0.0
    0.97500000000000    4.83753090086935 0.0
    1.00000000000000    4.51259095462437 0.0
    1.02500000000000    4.19731862293342 0.0
    1.05000000000000    3.89212495758700 0.0
    1.07500000000000    3.59736547315392 0.0
    1.10000000000000    3.31334095592650 0.0
    1.12500000000000    3.04029854015420 0.0
    1.15000000000000    2.77843303123707 0.0
    1.17500000000000    2.52788845484006 0.0
    1.20000000000000    2.28875981040107 0.0
    1.22500000000000    2.06109500722640 0.0
    1.25000000000000    1.84489696128624 0.0
    1.27500000000000    1.64012583092546 0.0
    1.30000000000000    1.44670136997728 0.0
    1.32500000000000    1.26450537719389 0.0
    1.35000000000000    1.09338422147359 0.0
    1.37500000000000    0.93315142305289 0.0
    1.40000000000000    0.78359027162949 0.0
    1.42500000000000    0.64445646327192 0.0
    1.45000000000000    0.51548073894102 0.0
    1.47500000000000    0.39637150848221 0.0
    1.50000000000000    0.28681744503305 0.0
    1.52500000000000    0.18649003591552 0.0
    1.55000000000000    0.09504607723490 0.0
    1.57500000000000    0.01213010057651 0.0
    1.60000000000000   -0.06262327863240 0.0
    1.62500000000000   -0.12958710035459 0.0
    1.65000000000000   -0.18913989486551 0.0
    1.67500000000000   -0.24166362031953 0.0
    1.70000000000000   -0.28754170879579 0.0
    1.72500000000000   -0.32715722557440 0.0
    1.75000000000000   -0.36089114534787 0.0
    1.77500000000000   -0.38912074807015 0.0
    1.80000000000000   -0.41221813619130 0.0
    1.82500000000000   -0.43054887412444 0.0
    1.85000000000000   -0.44447074994541 0.0
    1.87500000000000   -0.45433265853801 0.0
    1.90000000000000   -0.46047360467063 0.0
    1.92500000000000   -0.46322182382475 0.0
    1.95000000000000   -0.46289401799323 0.0
    1.97500000000000   -0.45979470312665 0.0
    2.00000000000000   -0.45421566442827 0.0
    2.02500000000000   -0.44643551528239 0.0
    2.05000000000000   -0.43671935524431 0.0
    2.07500000000000   -0.42531852222201 0.0
    2.10000000000000   -0.41247043373637 0.0
    2.12500000000000   -0.39839851195679 0.0
    2.15000000000000   -0.38331218706845 0.0
    2.17500000000000   -0.36740697343391 0.0
    2.20000000000000   -0.35086461296114 0.0
    2.22500000000000   -0.33385328007994 0.0
    2.25000000000000   -0.31652784275515 0.0
    2.27500000000000   -0.29903017402493 0.0
    2.30000000000000   -0.28148950864296 0.0
    2.32500000000000   -0.26402283952086 0.0
    2.35000000000000   -0.24673534880949 0.0
    2.37500000000000   -0.22972086862128 0.0
    2.40000000000000   -0.21306236657884 0.0
    2.42500000000000   -0.19683245157458 0.0
    2.45000000000000   -0.18109389533961 0.0
    2.47500000000000   -0.16590016564636 0.0
    2.50000000000000   -0.15129596720503 0.0
    2.52500000000000   -0.13731778655775 0.0
    2.55000000000000   -0.12399443752435 0.0
    2.57500000000000   -0.11134760400741 0.0
    2.60000000000000   -0.09939237722054 0.0
    2.62500000000000   -0.08813778466076 0.0
    2.65000000000000   -0.07758730840147 0.0
    2.67500000000000   -0.06773939053509 0.0
    2.70000000000000   -0.05858792384338 0.0
    2.72500000000000   -0.05012272601568 0.0
    2.75000000000000   -0.04232999597084 0.0
    2.77500000000000   -0.03519275106574 0.0
    2.80000000000000   -0.02869124419049 0.0
    2.82500000000000   -0.02280335995746 0.0
    2.85000000000000   -0.01750498938653 0.0
    2.87500000000000   -0.01277038267289 0.0
    2.90000000000000   -0.00857247979449 0.0
    2.92500000000000   -0.00488321887449 0.0
    2.95000000000000   -0.00167382235968 0.0
    2.97500000000000    0.00108493879223 0.0
    3.00000000000000    0.00342250260351 0.0
    3.02500000000000    0.00536829482608 0.0
    3.05000000000000    0.00695152843533 0.0
    3.07500000000000    0.00820102327083 0.0
    3.10000000000000    0.00914504515446 0.0
    3.12500000000000    0.00981116375578 0.0
    3.15000000000000    0.01022612842283 0.0
    3.17500000000000    0.01041576115512 0.0
    3.20000000000000    0.01040486586236 0.0
    3.22500000000000    0.01021715302734 0.0
    3.25000000000000    0.00987517887400 0.0
    3.27500000000000    0.00940029813070 0.0
    3.30000000000000    0.00881262947427 0.0
    3.32500000000000    0.00813103274133 0.0
    3.35000000000000    0.00737309699976 0.0
    3.37500000000000    0.00655513858360 0.0
    3.40000000000000    0.00569220821005 0.0
    3.42500000000000    0.00479810631552 0.0
    3.45000000000000    0.00388540576994 0.0
    3.47500000000000    0.00296548115327 0.0
    3.50000000000000    0.00204854380579 0.0
    3.52500000000000    0.00114368189355 0.0
    3.55000000000000    0.00025890476199 0.0
    3.57500000000000   -0.00059880911550 0.0
    3.60000000000000   -0.00142346125279 0.0
    3.62500000000000   -0.00220997995241 0.0
    3.65000000000000   -0.00295416537872 0.0
    3.67500000000000   -0.00365263345073 0.0
    3.70000000000000   -0.00430275906434 0.0
    3.72500000000000   -0.00490261911535 0.0
    3.75000000000000   -0.00545093575636 0.0
    3.77500000000000   -0.00594702028193 0.0
    3.80000000000000   -0.00639071799899 0.0
    3.82500000000000   -0.00678235440141 0.0
    3.85000000000000   -0.00712268293156 0.0
    3.87500000000000   -0.00741283457500 0.0
    3.90000000000000   -0.00765426950031 0.0
    3.92500000000000   -0.00784873092182 0.0
    3.95000000000000   -0.00799820133094 0.0
    3.97500000000000   -0.00810486121067 0.0
    4.00000000000000   -0.00817105031873 0.0
    4.02500000000000   -0.00819923159684 0.0
    4.05000000000000   -0.00819195773824 0.0
    4.07500000000000   -0.00815184042106 0.0
    4.10000000000000   -0.00808152219361 0.0
    4.12500000000000   -0.00798365097718 0.0
    4.15000000000000   -0.00786085713423 0.0
    4.17500000000000   -0.00771573303347 0.0
    4.20000000000000   -0.00755081502965 0.0
    4.22500000000000   -0.00736856776346 0.0
    4.25000000000000   -0.00717137067701 0.0
    4.27500000000000   -0.00696150663197 0.0
    4.30000000000000   -0.00674115251087 0.0
    4.32500000000000   -0.00651237167737 0.0
    4.35000000000000   -0.00627710816765 0.0
    4.37500000000000   -0.00603718248381 0.0
    4.40000000000000   -0.00579428885896 0.0
    4.42500000000000   -0.00554999386508 0.0
    4.45000000000000   -0.00530573623592 0.0
    4.47500000000000   -0.00506282778040 0.0
    4.50000000000000   -0.00482245526517 0.0
    4.52500000000000   -0.00458568314957 0.0
    4.55000000000000   -0.00435345706081 0.0
    4.57500000000000   -0.00412660790272 0.0
    4.60000000000000   -0.00390585649716 0.0
    4.62500000000000   -0.00369181866280 0.0
    4.65000000000000   -0.00348501064289 0.0
    4.67500000000000   -0.00328585479915 0.0
    4.70000000000000   -0.00309468549587 0.0
    4.72500000000000   -0.00291175510453 0.0
    4.75000000000000   -0.00273724006522 0.0
    4.77500000000000   -0.00257124694791 0.0
    4.80000000000000   -0.00241381846206 0.0
    4.82500000000000   -0.00226493936937 0.0
    4.85000000000000   -0.00212454225972 0.0
    4.87500000000000   -0.00199251315611 0.0
    4.90000000000000   -0.00186869691916 0.0
    4.92500000000000   -0.00175290242677 0.0
    4.95000000000000   -0.00164490750921 0.0
    4.97500000000000   -0.00154446362374 0.0
