   1.5797535451265E-03      4.0536239377427E-03
   8.3189497623154E-03      9.4254598538978E-03
   2.0424209555536E-02      1.4779862326676E-02
   3.7865596494766E-02      2.0095114364513E-02
   6.0596422469834E-02      2.5356332953599E-02
   8.8555488319919E-02      3.0549237193537E-02
   1.2166744776703E-01      3.5659802028379E-02
   1.5984304764459E-01      4.0674241458874E-02
   2.0297937837971E-01      4.5579033887950E-02
   2.5096015470595E-01      5.0360955242992E-02
   3.0365603042784E-01      5.5007113499794E-02
   3.6092494767535E-01      5.9504983001518E-02
   4.2261252013505E-01      6.3842438038529E-02
   4.8855244938634E-01      6.8007785449825E-02
   5.5856697328798E-01      7.1989796102097E-02
   6.3246734523666E-01      7.5777735138411E-02
   7.1005434302034E-01      7.9361390904682E-02
   7.9111880590219E-01      8.2731102471087E-02
   8.7544219849124E-01      8.5877785671785E-02
   9.6279719988190E-01      8.8792957591486E-02
   1.0529483164755E+00      9.1468759432138E-02
   1.1456525168327E+00      9.3897977697731E-02
   1.2406598868452E+00      9.6074063639846E-02
   1.3377143034618E+00      9.7991150911416E-02
   1.4365541251520E+00      9.9644071381001E-02
   1.5369128972464E+00      1.0102836906492E-01
   1.6385200702515E+00      1.0214031213961E-01
   1.7411017292044E+00      1.0297690300186E-01
   1.8443813320991E+00      1.0353588634972E-01
   1.9480804553956E+00      1.0381575526234E-01
   2.0519195446004E+00      1.0381575526234E-01
   2.1556186678969E+00      1.0353588634972E-01
   2.2588982707916E+00      1.0297690300186E-01
   2.3614799297445E+00      1.0214031213961E-01
   2.4630871027496E+00      1.0102836906492E-01
   2.5634458748440E+00      9.9644071381001E-02
   2.6622856965342E+00      9.7991150911416E-02
   2.7593401131508E+00      9.6074063639846E-02
   2.8543474831633E+00      9.3897977697731E-02
   2.9470516835205E+00      9.1468759432138E-02
   3.0372028001141E+00      8.8792957591486E-02
   3.1245578015048E+00      8.5877785671785E-02
   3.2088811940938E+00      8.2731102471087E-02
   3.2899456569757E+00      7.9361390904682E-02
   3.3675326547593E+00      7.5777735138411E-02
   3.4414330267080E+00      7.1989796102097E-02
   3.5114475506097E+00      6.8007785449825E-02
   3.5773874798610E+00      6.3842438038529E-02
   3.6390750523207E+00      5.9504983001518E-02
   3.6963439695682E+00      5.5007113499794E-02
   3.7490398452900E+00      5.0360955242992E-02
   3.7970206216163E+00      4.5579033887950E-02
   3.8401569523514E+00      4.0674241458874E-02
   3.8783325522290E+00      3.5659802028379E-02
   3.9114445116761E+00      3.0549237193537E-02
   3.9394035775262E+00      2.5356332953599E-02
   3.9621344035012E+00      2.0095114364513E-02
   3.9795757904405E+00      1.4779862326676E-02
   3.9916810502337E+00      9.4254598538978E-03
   3.9984202464509E+00      4.0536239377427E-03
   4.0082937061079E+00      2.1281525673174E-02
   4.0436744862482E+00      4.9483664233022E-02
   4.1072271001627E+00      7.7594277215141E-02
   4.1987943815938E+00      1.0549935041382E-01
   4.3181312179630E+00      1.3312074800655E-01
   4.4649163136761E+00      1.6038349526626E-01
   4.6387541007737E+00      1.8721396064921E-01
   4.8391760001311E+00      2.1353976765934E-01
   5.0656417364907E+00      2.3928992791202E-01
   5.3175408122038E+00      2.6439501502602E-01
   5.5941941597440E+00      2.8878734587426E-01
   5.8948559752938E+00      3.1240116075834E-01
   6.2187157307076E+00      3.3517279970268E-01
   6.5649003592773E+00      3.5704087361200E-01
   6.9324766097614E+00      3.7794642953646E-01
   7.3204535624924E+00      3.9783310947713E-01
   7.7277853008572E+00      4.1664730225008E-01
   8.1533737309874E+00      4.3433828797372E-01
   8.5960715420805E+00      4.5085837477741E-01
   9.0546852993820E+00      4.6616302735585E-01
   9.5279786614991E+00      4.8021098701929E-01
   1.0014675713375E+01      4.9296438291367E-01
   1.0513464405941E+01      5.0438883410979E-01
   1.1023000093179E+01      5.1445354228554E-01
   1.1541909157053E+01      5.2313137475088E-01
   1.2068792710549E+01      5.3039893759145E-01
   1.2602230368827E+01      5.3623663873359E-01
   1.3140784078330E+01      5.4062874076040E-01
   1.3683001993528E+01      5.4356340333666E-01
   1.4227422390835E+01      5.4503271512792E-01
   1.4772577609161E+01      5.4503271512792E-01
   1.5316998006468E+01      5.4356340333666E-01
   1.5859215921666E+01      5.4062874076040E-01
   1.6397769631169E+01      5.3623663873359E-01
   1.6931207289447E+01      5.3039893759145E-01
   1.7458090842943E+01      5.2313137475088E-01
   1.7976999906817E+01      5.1445354228554E-01
   1.8486535594055E+01      5.0438883410979E-01
   1.8985324286621E+01      4.9296438291367E-01
   1.9472021338497E+01      4.8021098701929E-01
   1.9945314700614E+01      4.6616302735585E-01
   2.0403928457916E+01      4.5085837477741E-01
   2.0846626269009E+01      4.3433828797372E-01
   2.1272214699139E+01      4.1664730225008E-01
   2.1679546437504E+01      3.9783310947713E-01
   2.2067523390235E+01      3.7794642953646E-01
   2.2435099640719E+01      3.5704087361200E-01
   2.2781284269288E+01      3.3517279970268E-01
   2.3105144024702E+01      3.1240116075834E-01
   2.3405805840252E+01      2.8878734587426E-01
   2.3682459187792E+01      2.6439501502602E-01
   2.3934358263505E+01      2.3928992791202E-01
   2.4160823999865E+01      2.1353976765934E-01
   2.4361245899222E+01      1.8721396064921E-01
   2.4535083686320E+01      1.6038349526626E-01
   2.4681868782033E+01      1.3312074800655E-01
   2.4801205618402E+01      1.0549935041382E-01
   2.4892772899833E+01      7.7594277215141E-02
   2.4956325513748E+01      4.9483664233022E-02
   2.4991706293888E+01      2.1281525673174E-02
