     1.946666e-03           4.994964e-03      
     1.024977e-02           1.161122e-02      
     2.515873e-02           1.819874e-02      
     4.662734e-02           2.472666e-02      
     7.458471e-02           3.117261e-02      
     1.089380e-01           3.751506e-02      
     1.495733e-01           4.373290e-02      
     1.963554e-01           4.980548e-02      
     2.491291e-01           5.571262e-02      
     3.077190e-01           6.143468e-02      
     3.719304e-01           6.695267e-02      
     4.415502e-01           7.224825e-02      
     5.163469e-01           7.730383e-02      
     5.960722e-01           8.210261e-02      
     6.804612e-01           8.662866e-02      
     7.692336e-01           9.086693e-02      
     8.620945e-01           9.480336e-02      
     9.587353e-01           9.842485e-02      
     1.058835e+00           1.017194e-01      
     1.162061e+00           1.046760e-01      
     1.268071e+00           1.072849e-01      
     1.376513e+00           1.095375e-01      
     1.487025e+00           1.114261e-01      
     1.599241e+00           1.129446e-01      
     1.712789e+00           1.140879e-01      
     1.827291e+00           1.148523e-01      
     1.942367e+00           1.152351e-01      
     2.057633e+00           1.152351e-01      
     2.172709e+00           1.148523e-01      
     2.287211e+00           1.140879e-01      
     2.400759e+00           1.129446e-01      
     2.512975e+00           1.114261e-01      
     2.623487e+00           1.095375e-01      
     2.731929e+00           1.072849e-01      
     2.837939e+00           1.046760e-01      
     2.941165e+00           1.017194e-01      
     3.041265e+00           9.842485e-02      
     3.137906e+00           9.480336e-02      
     3.230766e+00           9.086693e-02      
     3.319539e+00           8.662866e-02      
     3.403928e+00           8.210261e-02      
     3.483653e+00           7.730383e-02      
     3.558450e+00           7.224825e-02      
     3.628070e+00           6.695267e-02      
     3.692281e+00           6.143468e-02      
     3.750871e+00           5.571262e-02      
     3.803645e+00           4.980548e-02      
     3.850427e+00           4.373290e-02      
     3.891062e+00           3.751506e-02      
     3.925415e+00           3.117261e-02      
     3.953373e+00           2.472666e-02      
     3.974841e+00           1.819874e-02      
     3.989750e+00           1.161122e-02      
     3.998053e+00           4.994964e-03      
     4.008499e+00           2.180950e-02      
     4.044761e+00           5.072113e-02      
     4.109915e+00           7.956250e-02      
     4.203828e+00           1.082301e-01      
     4.326294e+00           1.366569e-01      
     4.477040e+00           1.647790e-01      
     4.655730e+00           1.925334e-01      
     4.861964e+00           2.198584e-01      
     5.095283e+00           2.466927e-01      
     5.355166e+00           2.729766e-01      
     5.641033e+00           2.986514e-01      
     5.952247e+00           3.236597e-01      
     6.288112e+00           3.479459e-01      
     6.647880e+00           3.714557e-01      
     7.030747e+00           3.941366e-01      
     7.435859e+00           4.159380e-01      
     7.862313e+00           4.368113e-01      
     8.309157e+00           4.567099e-01      
     8.775393e+00           4.755894e-01      
     9.259982e+00           4.934077e-01      
     9.761842e+00           5.101250e-01      
     1.027985e+01           5.257040e-01      
     1.081286e+01           5.401100e-01      
     1.135967e+01           5.533107e-01      
     1.191907e+01           5.652768e-01      
     1.248980e+01           5.759816e-01      
     1.307060e+01           5.854011e-01      
     1.366017e+01           5.935144e-01      
     1.425719e+01           6.003033e-01      
     1.486033e+01           6.057527e-01      
     1.546825e+01           6.098504e-01      
     1.607958e+01           6.125873e-01      
     1.669296e+01           6.139573e-01      
     1.730704e+01           6.139573e-01      
     1.792042e+01           6.125873e-01      
     1.853175e+01           6.098504e-01      
     1.913967e+01           6.057527e-01      
     1.974281e+01           6.003033e-01      
     2.033983e+01           5.935144e-01      
     2.092940e+01           5.854011e-01      
     2.151020e+01           5.759816e-01      
     2.208093e+01           5.652768e-01      
     2.264033e+01           5.533107e-01      
     2.318714e+01           5.401100e-01      
     2.372015e+01           5.257040e-01      
     2.423816e+01           5.101250e-01      
     2.474002e+01           4.934077e-01      
     2.522461e+01           4.755894e-01      
     2.569084e+01           4.567099e-01      
     2.613769e+01           4.368113e-01      
     2.656414e+01           4.159380e-01      
     2.696925e+01           3.941366e-01      
     2.735212e+01           3.714557e-01      
     2.771189e+01           3.479459e-01      
     2.804775e+01           3.236597e-01      
     2.835897e+01           2.986514e-01      
     2.864483e+01           2.729766e-01      
     2.890472e+01           2.466927e-01      
     2.913804e+01           2.198584e-01      
     2.934427e+01           1.925334e-01      
     2.952296e+01           1.647790e-01      
     2.967371e+01           1.366569e-01      
     2.979617e+01           1.082301e-01      
     2.989009e+01           7.956250e-02      
     2.995524e+01           5.072113e-02      
     2.999150e+01           2.180950e-02      
