   0.00   -0.2167  0.0000   0.2167    0.1551  0.0000   0.1551    0.0382 -0.0000   0.0382    0.0171 -0.0000   0.0171    0.0101 -0.0000   0.0101
   2.00   -0.2201 -0.0002   0.2201    0.1737  0.0118   0.1741    0.0418  0.0039   0.0420    0.0181  0.0014   0.0182    0.0105  0.0007   0.0106
   4.00   -0.2236 -0.0005   0.2236    0.1838  0.0301   0.1862    0.0422  0.0080   0.0430    0.0181  0.0025   0.0183    0.0105  0.0012   0.0106
   6.00   -0.2272 -0.0010   0.2272    0.1873  0.0487   0.1936    0.0415  0.0111   0.0430    0.0179  0.0034   0.0183    0.0105  0.0016   0.0106
   8.00   -0.2309 -0.0015   0.2309    0.1865  0.0660   0.1979    0.0405  0.0135   0.0427    0.0177  0.0040   0.0181    0.0104  0.0018   0.0106
  10.00   -0.2348 -0.0022   0.2348    0.1828  0.0814   0.2001    0.0393  0.0154   0.0422    0.0174  0.0045   0.0180    0.0103  0.0021   0.0105
  12.00   -0.2387 -0.0030   0.2388    0.1771  0.0948   0.2009    0.0382  0.0169   0.0417    0.0171  0.0050   0.0178    0.0102  0.0023   0.0105
  14.00   -0.2428 -0.0039   0.2429    0.1701  0.1064   0.2007    0.0370  0.0181   0.0412    0.0169  0.0053   0.0177    0.0101  0.0025   0.0104
  16.00   -0.2471 -0.0050   0.2471    0.1622  0.1162   0.1996    0.0359  0.0191   0.0406    0.0166  0.0056   0.0175    0.0100  0.0027   0.0104
  18.00   -0.2514 -0.0062   0.2515    0.1539  0.1245   0.1979    0.0348  0.0199   0.0401    0.0164  0.0059   0.0174    0.0100  0.0028   0.0104
  20.00   -0.2559 -0.0077   0.2560    0.1453  0.1313   0.1958    0.0338  0.0206   0.0396    0.0161  0.0061   0.0172    0.0099  0.0029   0.0103
  22.00   -0.2605 -0.0094   0.2606    0.1366  0.1368   0.1933    0.0328  0.0213   0.0391    0.0159  0.0064   0.0171    0.0098  0.0031   0.0103
  24.00   -0.2651 -0.0112   0.2654    0.1280  0.1412   0.1906    0.0319  0.0218   0.0386    0.0157  0.0065   0.0170    0.0097  0.0032   0.0102
  26.00   -0.2699 -0.0133   0.2703    0.1196  0.1446   0.1877    0.0310  0.0222   0.0381    0.0155  0.0067   0.0169    0.0097  0.0033   0.0102
  28.00   -0.2748 -0.0157   0.2752    0.1115  0.1471   0.1846    0.0301  0.0226   0.0376    0.0153  0.0069   0.0167    0.0096  0.0034   0.0102
  30.00   -0.2797 -0.0184   0.2803    0.1037  0.1489   0.1814    0.0293  0.0229   0.0372    0.0151  0.0070   0.0166    0.0095  0.0035   0.0101
  32.00   -0.2846 -0.0213   0.2854    0.0962  0.1499   0.1781    0.0286  0.0232   0.0368    0.0149  0.0071   0.0165    0.0094  0.0036   0.0101
  34.00   -0.2896 -0.0245   0.2906    0.0891  0.1504   0.1748    0.0278  0.0234   0.0363    0.0147  0.0072   0.0164    0.0094  0.0036   0.0100
  36.00   -0.2945 -0.0280   0.2959    0.0824  0.1505   0.1715    0.0271  0.0236   0.0360    0.0146  0.0073   0.0163    0.0093  0.0037   0.0100
  38.00   -0.2995 -0.0318   0.3011    0.0761  0.1500   0.1682    0.0264  0.0237   0.0355    0.0144  0.0074   0.0162    0.0092  0.0038   0.0100
  40.00   -0.3043 -0.0359   0.3064    0.0702  0.1493   0.1650    0.0258  0.0239   0.0351    0.0142  0.0075   0.0161    0.0092  0.0039   0.0099
  42.00   -0.3091 -0.0403   0.3117    0.0647  0.1483   0.1618    0.0252  0.0240   0.0348    0.0141  0.0076   0.0160    0.0091  0.0039   0.0099
  44.00   -0.3138 -0.0450   0.3170    0.0595  0.1470   0.1586    0.0246  0.0241   0.0344    0.0140  0.0077   0.0159    0.0091  0.0040   0.0099
  46.00   -0.3184 -0.0500   0.3223    0.0547  0.1456   0.1556    0.0240  0.0242   0.0341    0.0138  0.0078   0.0158    0.0090  0.0041   0.0099
  48.00   -0.3228 -0.0553   0.3275    0.0503  0.1440   0.1526    0.0235  0.0242   0.0337    0.0137  0.0078   0.0157    0.0089  0.0041   0.0098
  50.00   -0.3271 -0.0609   0.3327    0.0461  0.1424   0.1496    0.0230  0.0243   0.0334    0.0136  0.0079   0.0157    0.0089  0.0041   0.0098
  52.00   -0.3311 -0.0667   0.3378    0.0423  0.1406   0.1468    0.0224  0.0243   0.0331    0.0134  0.0079   0.0156    0.0088  0.0042   0.0098
  54.00   -0.3350 -0.0728   0.3428    0.0388  0.1388   0.1441    0.0220  0.0243   0.0328    0.0133  0.0080   0.0155    0.0088  0.0043   0.0098
  56.00   -0.3387 -0.0791   0.3478    0.0354  0.1369   0.1414    0.0215  0.0244   0.0325    0.0132  0.0080   0.0155    0.0087  0.0043   0.0097
  58.00   -0.3421 -0.0856   0.3526    0.0324  0.1350   0.1388    0.0211  0.0244   0.0322    0.0131  0.0081   0.0154    0.0087  0.0043   0.0097
  60.00   -0.3452 -0.0923   0.3573    0.0295  0.1331   0.1364    0.0206  0.0244   0.0319    0.0130  0.0081   0.0153    0.0086  0.0044   0.0097
  62.00   -0.3481 -0.0992   0.3620    0.0269  0.1313   0.1340    0.0202  0.0243   0.0316    0.0129  0.0082   0.0152    0.0086  0.0045   0.0097
  64.00   -0.3507 -0.1063   0.3665    0.0244  0.1294   0.1317    0.0198  0.0243   0.0314    0.0128  0.0082   0.0152    0.0085  0.0044   0.0095
  66.00   -0.3531 -0.1135   0.3709    0.0222  0.1276   0.1295    0.0194  0.0243   0.0311    0.0127  0.0082   0.0152    0.0085  0.0045   0.0096
  68.00   -0.3552 -0.1209   0.3752    0.0201  0.1257   0.1273    0.0190  0.0243   0.0308    0.0126  0.0083   0.0151    0.0084  0.0045   0.0096
  70.00   -0.3569 -0.1283   0.3793    0.0181  0.1239   0.1253    0.0186  0.0242   0.0305    0.0125  0.0083   0.0150    0.0084  0.0046   0.0096
  72.00   -0.3584 -0.1359   0.3833    0.0162  0.1222   0.1233    0.0183  0.0242   0.0304    0.0125  0.0083   0.0149    0.0082  0.0046   0.0094
  74.00   -0.3597 -0.1435   0.3872    0.0145  0.1205   0.1214    0.0180  0.0242   0.0301    0.0124  0.0083   0.0149    0.0082  0.0046   0.0094
  76.00   -0.3606 -0.1512   0.3910    0.0129  0.1188   0.1195    0.0176  0.0241   0.0299    0.0123  0.0084   0.0149    0.0082  0.0046   0.0095
  78.00   -0.3612 -0.1589   0.3946    0.0115  0.1172   0.1178    0.0173  0.0241   0.0296    0.0122  0.0085   0.0148    0.0082  0.0047   0.0095
  80.00   -0.3616 -0.1667   0.3981    0.0101  0.1156   0.1161    0.0170  0.0240   0.0294    0.0121  0.0084   0.0147    0.0080  0.0047   0.0093
  82.00   -0.3617 -0.1744   0.4015    0.0087  0.1141   0.1144    0.0167  0.0239   0.0292    0.0121  0.0084   0.0147    0.0080  0.0047   0.0093
  84.00   -0.3615 -0.1822   0.4048    0.0075  0.1126   0.1128    0.0164  0.0239   0.0290    0.0120  0.0085   0.0147    0.0080  0.0047   0.0093
  86.00   -0.3610 -0.1900   0.4079    0.0064  0.1111   0.1113    0.0161  0.0238   0.0288    0.0119  0.0086   0.0147    0.0080  0.0048   0.0093
  88.00   -0.3603 -0.1977   0.4109    0.0053  0.1097   0.1098    0.0158  0.0238   0.0285    0.0118  0.0086   0.0146    0.0080  0.0049   0.0094
  90.00   -0.3593 -0.2054   0.4138    0.0042  0.1083   0.1084    0.0156  0.0236   0.0283    0.0117  0.0085   0.0145    0.0078  0.0049   0.0092
  92.00   -0.3580 -0.2130   0.4166    0.0033  0.1069   0.1070    0.0153  0.0236   0.0282    0.0117  0.0085   0.0145    0.0078  0.0048   0.0092
  94.00   -0.3565 -0.2206   0.4192    0.0024  0.1056   0.1056    0.0151  0.0236   0.0280    0.0117  0.0086   0.0145    0.0078  0.0048   0.0092
  96.00   -0.3547 -0.2281   0.4218    0.0015  0.1043   0.1043    0.0148  0.0235   0.0278    0.0116  0.0087   0.0145    0.0078  0.0049   0.0092
  98.00   -0.3528 -0.2355   0.4242    0.0007  0.1031   0.1031    0.0145  0.0234   0.0275    0.0115  0.0087   0.0145    0.0078  0.0050   0.0093
 100.00   -0.3506 -0.2429   0.4265   -0.0001  0.1019   0.1019    0.0144  0.0233   0.0273    0.0114  0.0086   0.0143    0.0075  0.0050   0.0091
 102.00   -0.3481 -0.2502   0.4287   -0.0008  0.1007   0.1007    0.0141  0.0232   0.0272    0.0114  0.0086   0.0143    0.0075  0.0049   0.0090
 104.00   -0.3455 -0.2573   0.4308   -0.0015  0.0996   0.0996    0.0139  0.0232   0.0270    0.0114  0.0087   0.0143    0.0076  0.0049   0.0090
 106.00   -0.3426 -0.2644   0.4327   -0.0022  0.0984   0.0985    0.0136  0.0231   0.0269    0.0113  0.0088   0.0143    0.0076  0.0049   0.0091
 108.00   -0.3395 -0.2713   0.4346   -0.0028  0.0973   0.0974    0.0134  0.0231   0.0267    0.0113  0.0088   0.0143    0.0077  0.0050   0.0092
 110.00   -0.3363 -0.2781   0.4364   -0.0034  0.0963   0.0964    0.0133  0.0229   0.0264    0.0111  0.0087   0.0141    0.0073  0.0052   0.0090
 112.00   -0.3329 -0.2848   0.4381   -0.0039  0.0953   0.0954    0.0131  0.0228   0.0263    0.0111  0.0087   0.0141    0.0073  0.0051   0.0089
 114.00   -0.3293 -0.2914   0.4397   -0.0045  0.0943   0.0944    0.0129  0.0228   0.0262    0.0111  0.0088   0.0141    0.0073  0.0050   0.0089
 116.00   -0.3255 -0.2978   0.4411   -0.0050  0.0933   0.0934    0.0127  0.0227   0.0260    0.0111  0.0088   0.0142    0.0074  0.0050   0.0089
 118.00   -0.3215 -0.3041   0.4425   -0.0055  0.0923   0.0925    0.0124  0.0227   0.0259    0.0110  0.0089   0.0142    0.0075  0.0050   0.0090
 120.00   -0.3174 -0.3102   0.4439   -0.0059  0.0914   0.0916    0.0123  0.0225   0.0256    0.0108  0.0089   0.0140    0.0072  0.0054   0.0090
 122.00   -0.3132 -0.3162   0.4451   -0.0064  0.0905   0.0908    0.0121  0.0224   0.0255    0.0108  0.0088   0.0139    0.0071  0.0053   0.0089
 124.00   -0.3088 -0.3221   0.4462   -0.0068  0.0896   0.0899    0.0120  0.0224   0.0254    0.0108  0.0088   0.0140    0.0071  0.0052   0.0088
 126.00   -0.3043 -0.3278   0.4473   -0.0072  0.0888   0.0891    0.0118  0.0223   0.0252    0.0108  0.0089   0.0140    0.0071  0.0051   0.0088
 128.00   -0.2996 -0.3334   0.4482   -0.0076  0.0879   0.0883    0.0116  0.0223   0.0251    0.0108  0.0090   0.0140    0.0072  0.0051   0.0088
 130.00   -0.2948 -0.3388   0.4491   -0.0080  0.0871   0.0875    0.0115  0.0222   0.0250    0.0109  0.0089   0.0140    0.0071  0.0049   0.0086
 132.00   -0.2899 -0.3440   0.4499   -0.0084  0.0863   0.0867    0.0113  0.0220   0.0247    0.0105  0.0090   0.0138    0.0071  0.0055   0.0089
 134.00   -0.2849 -0.3491   0.4507   -0.0087  0.0855   0.0860    0.0112  0.0219   0.0246    0.0105  0.0090   0.0138    0.0069  0.0054   0.0088
 136.00   -0.2798 -0.3541   0.4513   -0.0091  0.0848   0.0852    0.0110  0.0219   0.0245    0.0105  0.0090   0.0138    0.0069  0.0053   0.0087
 138.00   -0.2746 -0.3589   0.4519   -0.0094  0.0840   0.0845    0.0109  0.0218   0.0244    0.0105  0.0090   0.0139    0.0069  0.0052   0.0087
 140.00   -0.2694 -0.3635   0.4524   -0.0097  0.0833   0.0838    0.0107  0.0218   0.0243    0.0105  0.0091   0.0139    0.0070  0.0052   0.0087
 142.00   -0.2640 -0.3680   0.4529   -0.0100  0.0826   0.0832    0.0105  0.0216   0.0240    0.0103  0.0092   0.0138    0.0071  0.0056   0.0090
 144.00   -0.2586 -0.3723   0.4533   -0.0103  0.0819   0.0825    0.0104  0.0215   0.0239    0.0102  0.0091   0.0137    0.0069  0.0056   0.0089
 146.00   -0.2531 -0.3764   0.4536   -0.0105  0.0812   0.0819    0.0103  0.0214   0.0238    0.0102  0.0091   0.0137    0.0068  0.0056   0.0088
 148.00   -0.2475 -0.3804   0.4538   -0.0108  0.0805   0.0812    0.0102  0.0214   0.0237    0.0102  0.0091   0.0137    0.0067  0.0054   0.0086
 150.00   -0.2418 -0.3843   0.4540   -0.0111  0.0799   0.0806    0.0101  0.0213   0.0236    0.0103  0.0091   0.0137    0.0067  0.0053   0.0086
