   0.00    1.3541 -0.0000   1.3541   -0.5950  0.0000   0.5950   -0.1723  0.0000   0.1723    0.1666 -0.0000   0.1666   -0.0755 -0.0000   0.0755
   2.00    1.2628  0.3950   1.3232   -0.6002 -0.0782   0.6053   -0.1757 -0.0178   0.1766    0.1612  0.0379   0.1656   -0.0775 -0.0051   0.0777
   4.00    1.1835  0.5329   1.2979   -0.6017 -0.1172   0.6130   -0.1777 -0.0281   0.1799    0.1556  0.0535   0.1646   -0.0788 -0.0085   0.0793
   6.00    1.1114  0.6261   1.2757   -0.6001 -0.1498   0.6185   -0.1782 -0.0373   0.1821    0.1495  0.0650   0.1630   -0.0794 -0.0118   0.0803
   8.00    1.0446  0.6960   1.2552   -0.5962 -0.1785   0.6224   -0.1777 -0.0456   0.1834    0.1432  0.0741   0.1612   -0.0795 -0.0146   0.0809
  10.00    0.9821  0.7507   1.2361   -0.5907 -0.2043   0.6251   -0.1764 -0.0530   0.1842    0.1368  0.0813   0.1591   -0.0794 -0.0172   0.0812
  12.00    0.9231  0.7946   1.2180   -0.5840 -0.2277   0.6268   -0.1746 -0.0597   0.1845    0.1305  0.0872   0.1570   -0.0791 -0.0194   0.0815
  14.00    0.8673  0.8304   1.2008   -0.5763 -0.2490   0.6278   -0.1724 -0.0658   0.1846    0.1244  0.0920   0.1547   -0.0787 -0.0215   0.0816
  16.00    0.8144  0.8597   1.1842   -0.5680 -0.2686   0.6283   -0.1700 -0.0712   0.1844    0.1185  0.0959   0.1525   -0.0783 -0.0234   0.0817
  18.00    0.7640  0.8838   1.1683   -0.5591 -0.2866   0.6283   -0.1675 -0.0762   0.1840    0.1129  0.0992   0.1502   -0.0778 -0.0251   0.0818
  20.00    0.7160  0.9036   1.1529   -0.5499 -0.3032   0.6280   -0.1648 -0.0807   0.1835    0.1074  0.1018   0.1480   -0.0773 -0.0266   0.0818
  22.00    0.6702  0.9196   1.1379   -0.5405 -0.3186   0.6274   -0.1620 -0.0848   0.1829    0.1022  0.1040   0.1458   -0.0768 -0.0281   0.0818
  24.00    0.6264  0.9326   1.1234   -0.5308 -0.3329   0.6266   -0.1593 -0.0886   0.1822    0.0973  0.1058   0.1437   -0.0764 -0.0295   0.0819
  26.00    0.5845  0.9428   1.1093   -0.5211 -0.3463   0.6256   -0.1564 -0.0920   0.1815    0.0925  0.1071   0.1416   -0.0758 -0.0308   0.0819
  28.00    0.5444  0.9507   1.0955   -0.5112 -0.3587   0.6245   -0.1536 -0.0952   0.1807    0.0880  0.1083   0.1395   -0.0754 -0.0320   0.0819
  30.00    0.5059  0.9565   1.0821   -0.5013 -0.3703   0.6232   -0.1508 -0.0981   0.1799    0.0836  0.1091   0.1375   -0.0749 -0.0332   0.0820
  32.00    0.4691  0.9606   1.0690   -0.4914 -0.3812   0.6219   -0.1480 -0.1007   0.1790    0.0795  0.1097   0.1355   -0.0744 -0.0343   0.0820
  34.00    0.4337  0.9630   1.0562   -0.4814 -0.3914   0.6205   -0.1453 -0.1032   0.1782    0.0755  0.1101   0.1335   -0.0740 -0.0355   0.0820
  36.00    0.3999  0.9640   1.0436   -0.4716 -0.4010   0.6190   -0.1425 -0.1054   0.1773    0.0717  0.1103   0.1316   -0.0735 -0.0365   0.0820
  38.00    0.3673  0.9637   1.0313   -0.4617 -0.4100   0.6174   -0.1399 -0.1075   0.1764    0.0682  0.1104   0.1297   -0.0730 -0.0375   0.0821
  40.00    0.3360  0.9622   1.0192   -0.4519 -0.4184   0.6158   -0.1372 -0.1095   0.1756    0.0647  0.1103   0.1279   -0.0726 -0.0386   0.0822
  42.00    0.3061  0.9598   1.0074   -0.4421 -0.4263   0.6142   -0.1346 -0.1112   0.1746    0.0614  0.1101   0.1260   -0.0721 -0.0396   0.0823
  44.00    0.2772  0.9564   0.9958   -0.4324 -0.4338   0.6125   -0.1321 -0.1129   0.1737    0.0583  0.1098   0.1243   -0.0717 -0.0405   0.0824
  46.00    0.2495  0.9522   0.9844   -0.4228 -0.4409   0.6108   -0.1296 -0.1144   0.1729    0.0553  0.1095   0.1226   -0.0713 -0.0415   0.0825
  48.00    0.2229  0.9473   0.9731   -0.4133 -0.4475   0.6091   -0.1271 -0.1159   0.1720    0.0523  0.1090   0.1209   -0.0709 -0.0424   0.0826
  50.00    0.1973  0.9417   0.9621   -0.4039 -0.4537   0.6074   -0.1247 -0.1170   0.1710    0.0496  0.1084   0.1192   -0.0704 -0.0434   0.0826
  52.00    0.1728  0.9354   0.9513   -0.3945 -0.4596   0.6057   -0.1224 -0.1183   0.1702    0.0470  0.1078   0.1176   -0.0700 -0.0442   0.0828
  54.00    0.1491  0.9287   0.9406   -0.3852 -0.4652   0.6039   -0.1201 -0.1194   0.1693    0.0445  0.1072   0.1161   -0.0696 -0.0452   0.0829
  56.00    0.1265  0.9214   0.9301   -0.3760 -0.4704   0.6022   -0.1178 -0.1203   0.1683    0.0421  0.1064   0.1144   -0.0690 -0.0461   0.0830
  58.00    0.1047  0.9137   0.9197   -0.3669 -0.4754   0.6005   -0.1156 -0.1212   0.1675    0.0398  0.1057   0.1129   -0.0686 -0.0470   0.0831
  60.00    0.0837  0.9056   0.9095   -0.3578 -0.4800   0.5987   -0.1135 -0.1221   0.1667    0.0377  0.1049   0.1115   -0.0681 -0.0478   0.0832
  62.00    0.0636  0.8972   0.8994   -0.3488 -0.4844   0.5969   -0.1114 -0.1230   0.1659    0.0355  0.1041   0.1100   -0.0677 -0.0487   0.0834
  64.00    0.0443  0.8885   0.8896   -0.3400 -0.4885   0.5952   -0.1092 -0.1236   0.1649    0.0335  0.1032   0.1085   -0.0671 -0.0497   0.0835
  66.00    0.0257  0.8794   0.8798   -0.3312 -0.4924   0.5934   -0.1073 -0.1242   0.1641    0.0317  0.1023   0.1071   -0.0666 -0.0505   0.0836
  68.00    0.0079  0.8701   0.8701   -0.3225 -0.4961   0.5917   -0.1054 -0.1249   0.1634    0.0299  0.1015   0.1058   -0.0662 -0.0513   0.0837
  70.00   -0.0092  0.8606   0.8606   -0.3139 -0.4995   0.5899   -0.1035 -0.1255   0.1626    0.0281  0.1006   0.1045   -0.0658 -0.0521   0.0839
  72.00   -0.0256  0.8509   0.8513   -0.3054 -0.5026   0.5882   -0.1015 -0.1258   0.1617    0.0264  0.0996   0.1030   -0.0651 -0.0532   0.0841
  74.00   -0.0414  0.8410   0.8420   -0.2970 -0.5057   0.5864   -0.0997 -0.1263   0.1609    0.0248  0.0987   0.1017   -0.0646 -0.0539   0.0841
  76.00   -0.0565  0.8310   0.8329   -0.2886 -0.5085   0.5847   -0.0980 -0.1267   0.1602    0.0234  0.0978   0.1005   -0.0640 -0.0547   0.0842
  78.00   -0.0710  0.8208   0.8239   -0.2803 -0.5111   0.5829   -0.0963 -0.1272   0.1596    0.0219  0.0969   0.0993   -0.0636 -0.0555   0.0844
  80.00   -0.0848  0.8106   0.8150   -0.2721 -0.5135   0.5811   -0.0945 -0.1274   0.1586    0.0204  0.0959   0.0980   -0.0630 -0.0566   0.0846
  82.00   -0.0982  0.8002   0.8062   -0.2640 -0.5158   0.5794   -0.0929 -0.1277   0.1579    0.0191  0.0949   0.0968   -0.0623 -0.0573   0.0847
  84.00   -0.1109  0.7898   0.7976   -0.2560 -0.5179   0.5777   -0.0914 -0.1280   0.1573    0.0179  0.0940   0.0957   -0.0617 -0.0581   0.0847
  86.00   -0.1231  0.7793   0.7890   -0.2480 -0.5198   0.5759   -0.0899 -0.1283   0.1567    0.0167  0.0931   0.0946   -0.0611 -0.0588   0.0848
  88.00   -0.1348  0.7688   0.7805   -0.2401 -0.5216   0.5742   -0.0884 -0.1286   0.1561    0.0156  0.0922   0.0935   -0.0605 -0.0595   0.0849
  90.00   -0.1460  0.7583   0.7722   -0.2323 -0.5232   0.5724   -0.0868 -0.1287   0.1552    0.0143  0.0912   0.0923   -0.0599 -0.0606   0.0852
  92.00   -0.1566  0.7477   0.7639   -0.2245 -0.5247   0.5707   -0.0854 -0.1288   0.1546    0.0133  0.0902   0.0912   -0.0591 -0.0613   0.0852
  94.00   -0.1669  0.7371   0.7558   -0.2169 -0.5260   0.5690   -0.0841 -0.1290   0.1540    0.0124  0.0893   0.0902   -0.0584 -0.0620   0.0852
  96.00   -0.1766  0.7266   0.7477   -0.2093 -0.5272   0.5672   -0.0829 -0.1292   0.1535    0.0115  0.0884   0.0892   -0.0577 -0.0626   0.0852
  98.00   -0.1859  0.7160   0.7398   -0.2017 -0.5283   0.5655   -0.0816 -0.1295   0.1530    0.0106  0.0876   0.0882   -0.0571 -0.0633   0.0852
 100.00   -0.1948  0.7055   0.7319   -0.1943 -0.5292   0.5637   -0.0801 -0.1295   0.1522    0.0095  0.0866   0.0871   -0.0564 -0.0644   0.0856
 102.00   -0.2032  0.6950   0.7242   -0.1869 -0.5300   0.5620   -0.0790 -0.1295   0.1517    0.0087  0.0857   0.0861   -0.0555 -0.0651   0.0855
 104.00   -0.2113  0.6846   0.7165   -0.1796 -0.5307   0.5602   -0.0779 -0.1297   0.1512    0.0080  0.0848   0.0852   -0.0546 -0.0657   0.0854
 106.00   -0.2190  0.6742   0.7089   -0.1724 -0.5312   0.5585   -0.0768 -0.1298   0.1508    0.0073  0.0840   0.0843   -0.0539 -0.0662   0.0853
 108.00   -0.2263  0.6639   0.7014   -0.1652 -0.5317   0.5568   -0.0757 -0.1300   0.1504    0.0066  0.0831   0.0834   -0.0531 -0.0667   0.0853
 110.00   -0.2332  0.6536   0.6940   -0.1582 -0.5320   0.5550   -0.0743 -0.1301   0.1498    0.0057  0.0823   0.0825   -0.0525 -0.0678   0.0857
 112.00   -0.2398  0.6434   0.6867   -0.1511 -0.5322   0.5532   -0.0733 -0.1301   0.1494    0.0051  0.0814   0.0816   -0.0515 -0.0684   0.0856
 114.00   -0.2460  0.6333   0.6794   -0.1442 -0.5323   0.5515   -0.0724 -0.1302   0.1490   -0.0505 -0.0689   0.0854    0.0045  0.0806   0.0807
 116.00   -0.2520  0.6233   0.6723   -0.1373 -0.5324   0.5498   -0.0715 -0.1304   0.1487   -0.0496 -0.0694   0.0853    0.0039  0.0798   0.0799
 118.00   -0.2576  0.6133   0.6652   -0.1305 -0.5323   0.5480   -0.0706 -0.1306   0.1484   -0.0488 -0.0698   0.0851    0.0034  0.0790   0.0791
 120.00   -0.2628  0.6035   0.6582   -0.1237 -0.5320   0.5462   -0.0693 -0.1307   0.1480   -0.0482 -0.0706   0.0855    0.0027  0.0783   0.0783
 122.00   -0.2678  0.5937   0.6513   -0.1171 -0.5317   0.5445   -0.0684 -0.1308   0.1476   -0.0472 -0.0712   0.0854    0.0021  0.0774   0.0775
 124.00   -0.2726  0.5841   0.6445   -0.1105 -0.5314   0.5427   -0.0676 -0.1309   0.1473   -0.0461 -0.0716   0.0852    0.0016  0.0766   0.0767
 126.00   -0.2770  0.5745   0.6378   -0.1039 -0.5309   0.5410   -0.0668 -0.1311   0.1471   -0.0451 -0.0720   0.0849    0.0012  0.0759   0.0759
 128.00   -0.2812  0.5650   0.6311   -0.0975 -0.5303   0.5392   -0.0660 -0.1313   0.1469   -0.0441 -0.0723   0.0847    0.0008  0.0751   0.0751
 130.00   -0.2851  0.5557   0.6245   -0.0910 -0.5297   0.5375   -0.0654 -0.1315   0.1468   -0.0430 -0.0724   0.0842    0.0002  0.0742   0.0742
 132.00   -0.2887  0.5464   0.6180   -0.0847 -0.5289   0.5356   -0.0641 -0.1317   0.1465   -0.0427 -0.0732   0.0848   -0.0002  0.0738   0.0738
 134.00   -0.2922  0.5373   0.6116   -0.0785 -0.5281   0.5339   -0.0633 -0.1319   0.1463   -0.0416 -0.0736   0.0846   -0.0006  0.0730   0.0730
 136.00   -0.2954  0.5283   0.6052   -0.0723 -0.5272   0.5321   -0.0625 -0.1321   0.1461   -0.0405 -0.0739   0.0843   -0.0010  0.0723   0.0723
 138.00   -0.2984  0.5194   0.5990   -0.0662 -0.5262   0.5303   -0.0618 -0.1323   0.1460   -0.0394 -0.0741   0.0839   -0.0013  0.0716   0.0716
 140.00   -0.3011  0.5106   0.5928   -0.0601 -0.5251   0.5285   -0.0611 -0.1326   0.1460   -0.0384 -0.0742   0.0836   -0.0016  0.0709   0.0709
 142.00   -0.3037  0.5019   0.5866   -0.0541 -0.5239   0.5267   -0.0600 -0.1330   0.1459   -0.0380 -0.0746   0.0837   -0.0020  0.0704   0.0704
 144.00   -0.3060  0.4934   0.5806   -0.0482 -0.5227   0.5249   -0.0592 -0.1332   0.1458   -0.0370 -0.0749   0.0835   -0.0023  0.0697   0.0697
 146.00   -0.3082  0.4849   0.5746   -0.0424 -0.5214   0.5231   -0.0585 -0.1334   0.1457   -0.0359 -0.0751   0.0833   -0.0027  0.0690   0.0691
 148.00   -0.3102  0.4766   0.5687   -0.0366 -0.5200   0.5213   -0.0577 -0.1337   0.1456   -0.0348 -0.0753   0.0829   -0.0029  0.0683   0.0684
 150.00   -0.3120  0.4684   0.5628   -0.0309 -0.5186   0.5195   -0.0570 -0.1340   0.1456   -0.0338 -0.0753   0.0826   -0.0032  0.0677   0.0678
