   7.8987677256559E-04      2.0268119688774E-03
   4.1594748811702E-03      4.7127299269628E-03
   1.0212104777799E-02      7.3899311633605E-03
   1.8932798247440E-02      1.0047557182287E-02
   3.0298211235008E-02      1.2678166476837E-02
   4.4277744160092E-02      1.5274618596814E-02
   6.0833723883698E-02      1.7829901014243E-02
   7.9921523822532E-02      2.0337120729498E-02
   1.0148968919016E-01      2.2789516944043E-02
   1.2548007735335E-01      2.5180477621572E-02
   1.5182801521437E-01      2.7503556749980E-02
   1.8046247383822E-01      2.9752491500848E-02
   2.1130626006816E-01      3.1921219019360E-02
   2.4427622469390E-01      3.4003892725014E-02
   2.7928348664483E-01      3.5994898051156E-02
   3.1623367261928E-01      3.7888867569319E-02
   3.5502717151123E-01      3.9680695452460E-02
   3.9555940295228E-01      4.1365551235667E-02
   4.3772109924693E-01      4.2938892836021E-02
   4.8139859994239E-01      4.4396478795876E-02
   5.2647415823935E-01      4.5734379716206E-02
   5.7282625841807E-01      4.6948988849006E-02
   6.2032994342444E-01      4.8037031820067E-02
   6.6885715173289E-01      4.8995575455855E-02
   7.1827706257817E-01      4.9822035690650E-02
   7.6845644862551E-01      5.0514184532610E-02
   8.1926003512821E-01      5.1070156069958E-02
   8.7055086460480E-01      5.1488451501084E-02
   9.2219066605231E-01      5.1767943175014E-02
   9.7404022770070E-01      5.1907877631324E-02
   1.0259597723033E+00      5.1907877631324E-02
   1.0778093339517E+00      5.1767943175014E-02
   1.1294491353992E+00      5.1488451501084E-02
   1.1807399648758E+00      5.1070156069958E-02
   1.2315435513785E+00      5.0514184532610E-02
   1.2817229374258E+00      4.9822035690650E-02
   1.3311428482711E+00      4.8995575455855E-02
   1.3796700565796E+00      4.8037031820067E-02
   1.4271737415859E+00      4.6948988849006E-02
   1.4735258417647E+00      4.5734379716206E-02
   1.5186014000616E+00      4.4396478795876E-02
   1.5622789007571E+00      4.2938892836021E-02
   1.6044405970517E+00      4.1365551235667E-02
   1.6449728284928E+00      3.9680695452460E-02
   1.6837663273847E+00      3.7888867569319E-02
   1.7207165133592E+00      3.5994898051156E-02
   1.7557237753101E+00      3.4003892725014E-02
   1.7886937399358E+00      3.1921219019360E-02
   1.8195375261658E+00      2.9752491500848E-02
   1.8481719847896E+00      2.7503556749980E-02
   1.8745199226506E+00      2.5180477621572E-02
   1.8985103108138E+00      2.2789516944043E-02
   1.9200784761815E+00      2.0337120729498E-02
   1.9391662761203E+00      1.7829901014243E-02
   1.9557222558439E+00      1.5274618596814E-02
   1.9697017887690E+00      1.2678166476837E-02
   1.9810672017566E+00      1.0047557182287E-02
   1.9897878952262E+00      7.3899311633605E-03
   1.9958405251228E+00      4.7127299269628E-03
   1.9992101232314E+00      2.0268119688774E-03
   2.0031595070943E+00      8.1072478754895E-03
   2.0166378995286E+00      1.8850919707804E-02
   2.0408484191151E+00      2.9559724653368E-02
   2.0757311929936E+00      4.0190228729046E-02
   2.1211928449437E+00      5.0712665907223E-02
   2.1771109766439E+00      6.1098474387105E-02
   2.2433348955382E+00      7.1319604056794E-02
   2.3196860952933E+00      8.1348482917788E-02
   2.4059587567636E+00      9.1158067775946E-02
   2.5019203094162E+00      1.0072191048603E-01
   2.6073120608600E+00      1.1001422699964E-01
   2.7218498953551E+00      1.1900996600310E-01
   2.8452250402745E+00      1.2768487607712E-01
   2.9771048987772E+00      1.3601557089972E-01
   3.1171339465805E+00      1.4397959220427E-01
   3.2649346904779E+00      1.5155547027690E-01
   3.4201086860454E+00      1.5872278180944E-01
   3.5822376118092E+00      1.6546220494226E-01
   3.7508843969873E+00      1.7175557134366E-01
   3.9255943997688E+00      1.7758591518306E-01
   4.1058966329561E+00      1.8293751886437E-01
   4.2913050336705E+00      1.8779595539555E-01
   4.4813197736956E+00      1.9214812727979E-01
   4.6754286069289E+00      1.9598230182293E-01
   4.8731082503095E+00      1.9928814276210E-01
   5.0738257944983E+00      2.0205673812994E-01
   5.2770401405087E+00      2.0428062427932E-01
   5.4822034584145E+00      2.0595380600382E-01
   5.6887626642040E+00      2.0707177269954E-01
   5.8961609107971E+00      2.0763151052478E-01
   6.1038390892069E+00      2.0763151052478E-01
   6.3112373358000E+00      2.0707177269954E-01
   6.5177965415895E+00      2.0595380600382E-01
   6.7229598594953E+00      2.0428062427932E-01
   6.9261742055057E+00      2.0205673812994E-01
   7.1268917496945E+00      1.9928814276210E-01
   7.3245713930751E+00      1.9598230182293E-01
   7.5186802263084E+00      1.9214812727979E-01
   7.7086949663335E+00      1.8779595539555E-01
   7.8941033670479E+00      1.8293751886437E-01
   8.0744056002352E+00      1.7758591518306E-01
   8.2491156030167E+00      1.7175557134366E-01
   8.4177623881948E+00      1.6546220494226E-01
   8.5798913139586E+00      1.5872278180944E-01
   8.7350653095261E+00      1.5155547027690E-01
   8.8828660534235E+00      1.4397959220427E-01
   9.0228951012268E+00      1.3601557089972E-01
   9.1547749597295E+00      1.2768487607712E-01
   9.2781501046489E+00      1.1900996600310E-01
   9.3926879391440E+00      1.1001422699964E-01
   9.4980796905878E+00      1.0072191048603E-01
   9.5940412432404E+00      9.1158067775946E-02
   9.6803139047107E+00      8.1348482917788E-02
   9.7566651044658E+00      7.1319604056794E-02
   9.8228890233601E+00      6.1098474387105E-02
   9.8788071550603E+00      5.0712665907223E-02
   9.9242688070104E+00      4.0190228729046E-02
   9.9591515808889E+00      2.9559724653368E-02
   9.9833621004754E+00      1.8850919707804E-02
   9.9968404929097E+00      8.1072478754895E-03
