   0.00    0.9286  0.0000   0.9286   -0.4148  0.0000   0.4148    0.0862  0.0000   0.0862    0.0329  0.0000   0.0329    0.0185  0.0000   0.0185
   2.00    0.8238  0.3378   0.8904   -0.4190 -0.0001   0.4190    0.0798  0.0180   0.0818    0.0312  0.0050   0.0316    0.0181  0.0024   0.0183
   4.00    0.7358  0.4418   0.8582   -0.4234 -0.0003   0.4234    0.0754  0.0227   0.0787    0.0299  0.0064   0.0306    0.0177  0.0033   0.0180
   6.00    0.6590  0.5041   0.8298   -0.4280 -0.0004   0.4280    0.0720  0.0253   0.0763    0.0289  0.0071   0.0297    0.0173  0.0039   0.0177
   8.00    0.5908  0.5451   0.8039   -0.4327 -0.0006   0.4327    0.0693  0.0271   0.0744    0.0280  0.0075   0.0290    0.0169  0.0044   0.0175
  10.00    0.5293  0.5727   0.7799   -0.4376 -0.0009   0.4376    0.0671  0.0284   0.0728    0.0274  0.0078   0.0285    0.0166  0.0047   0.0172
  12.00    0.4735  0.5910   0.7573   -0.4426 -0.0012   0.4426    0.0652  0.0293   0.0715    0.0268  0.0080   0.0280    0.0162  0.0050   0.0170
  14.00    0.4225  0.6025   0.7359   -0.4479 -0.0016   0.4479    0.0635  0.0302   0.0703    0.0264  0.0081   0.0276    0.0159  0.0052   0.0168
  16.00    0.3758  0.6089   0.7155   -0.4533 -0.0021   0.4533    0.0621  0.0308   0.0693    0.0260  0.0082   0.0272    0.0156  0.0054   0.0165
  18.00    0.3329  0.6111   0.6959   -0.4589 -0.0026   0.4589    0.0608  0.0314   0.0684    0.0256  0.0083   0.0269    0.0154  0.0055   0.0164
  20.00    0.2935  0.6101   0.6770   -0.4648 -0.0033   0.4648    0.0595  0.0319   0.0676    0.0254  0.0083   0.0267    0.0151  0.0057   0.0162
  22.00    0.2572  0.6065   0.6588   -0.4708 -0.0042   0.4708    0.0584  0.0324   0.0668    0.0251  0.0084   0.0265    0.0149  0.0058   0.0160
  24.00    0.2238  0.6008   0.6411   -0.4771 -0.0052   0.4771    0.0574  0.0328   0.0661    0.0249  0.0084   0.0263    0.0147  0.0058   0.0158
  26.00    0.1931  0.5934   0.6240   -0.4836 -0.0064   0.4836    0.0565  0.0332   0.0655    0.0247  0.0085   0.0261    0.0146  0.0059   0.0157
  28.00    0.1649  0.5846   0.6074   -0.4903 -0.0078   0.4903    0.0555  0.0335   0.0649    0.0245  0.0085   0.0260    0.0144  0.0060   0.0156
  30.00    0.1391  0.5747   0.5913   -0.4972 -0.0094   0.4973    0.0547  0.0338   0.0643    0.0244  0.0085   0.0258    0.0142  0.0060   0.0154
  32.00    0.1154  0.5639   0.5756   -0.5043 -0.0113   0.5044    0.0539  0.0341   0.0638    0.0242  0.0086   0.0257    0.0141  0.0061   0.0153
  34.00    0.0939  0.5524   0.5603   -0.5116 -0.0134   0.5118    0.0531  0.0343   0.0632    0.0241  0.0086   0.0256    0.0140  0.0061   0.0152
  36.00    0.0742  0.5404   0.5455   -0.5191 -0.0159   0.5194    0.0524  0.0346   0.0628    0.0240  0.0087   0.0255    0.0139  0.0061   0.0151
  38.00    0.0563  0.5280   0.5310   -0.5268 -0.0187   0.5272    0.0517  0.0348   0.0623    0.0239  0.0087   0.0254    0.0137  0.0062   0.0151
  40.00    0.0401  0.5155   0.5170   -0.5347 -0.0219   0.5351    0.0510  0.0350   0.0619    0.0237  0.0087   0.0253    0.0136  0.0062   0.0150
  42.00    0.0254  0.5028   0.5035   -0.5427 -0.0255   0.5433    0.0504  0.0352   0.0615    0.0237  0.0088   0.0252    0.0135  0.0062   0.0149
  44.00    0.0123  0.4902   0.4903   -0.5507 -0.0295   0.5515    0.0498  0.0354   0.0611    0.0236  0.0088   0.0252    0.0134  0.0063   0.0148
  46.00   -0.5588 -0.0340   0.5599    0.0004  0.4776   0.4776    0.0491  0.0356   0.0607    0.0235  0.0089   0.0251    0.0133  0.0063   0.0147
  48.00   -0.5670 -0.0389   0.5683   -0.0101  0.4652   0.4653    0.0486  0.0357   0.0603    0.0234  0.0089   0.0250    0.0132  0.0063   0.0147
  50.00   -0.5751 -0.0443   0.5768   -0.0196  0.4531   0.4535    0.0480  0.0359   0.0599    0.0233  0.0090   0.0250    0.0132  0.0064   0.0146
  52.00   -0.5832 -0.0501   0.5854   -0.0280  0.4412   0.4421    0.0475  0.0360   0.0596    0.0232  0.0090   0.0249    0.0131  0.0064   0.0146
  54.00   -0.5912 -0.0564   0.5939   -0.0354  0.4297   0.4311    0.0469  0.0361   0.0592    0.0231  0.0090   0.0248    0.0130  0.0064   0.0145
  56.00   -0.5991 -0.0631   0.6024   -0.0420  0.4185   0.4206    0.0464  0.0363   0.0589    0.0231  0.0091   0.0248    0.0129  0.0064   0.0144
  58.00   -0.6068 -0.0704   0.6108   -0.0478  0.4077   0.4105    0.0459  0.0364   0.0586    0.0230  0.0091   0.0248    0.0129  0.0065   0.0144
  60.00   -0.6142 -0.0780   0.6192   -0.0529  0.3973   0.4008    0.0454  0.0365   0.0583    0.0229  0.0092   0.0247    0.0128  0.0065   0.0144
  62.00   -0.6214 -0.0861   0.6274   -0.0574  0.3873   0.3916    0.0450  0.0366   0.0580    0.0229  0.0092   0.0247    0.0127  0.0065   0.0143
  64.00   -0.6284 -0.0945   0.6355   -0.0614  0.3778   0.3827    0.0445  0.0367   0.0577    0.0228  0.0092   0.0246    0.0127  0.0065   0.0142
  66.00   -0.6350 -0.1033   0.6434   -0.0648  0.3686   0.3742    0.0441  0.0368   0.0574    0.0228  0.0093   0.0246    0.0126  0.0066   0.0142
  68.00   -0.6414 -0.1125   0.6512   -0.0678  0.3598   0.3661    0.0436  0.0369   0.0571    0.0227  0.0093   0.0246    0.0125  0.0066   0.0142
  70.00   -0.6474 -0.1219   0.6587   -0.0705  0.3514   0.3584    0.0432  0.0370   0.0569    0.0227  0.0094   0.0245    0.0125  0.0066   0.0141
  72.00   -0.6530 -0.1316   0.6661   -0.0728  0.3433   0.3510    0.0428  0.0370   0.0566    0.0226  0.0094   0.0245    0.0124  0.0066   0.0141
  74.00   -0.6583 -0.1416   0.6733   -0.0748  0.3356   0.3439    0.0424  0.0371   0.0563    0.0226  0.0095   0.0245    0.0124  0.0067   0.0141
  76.00   -0.6632 -0.1518   0.6803   -0.0765  0.3283   0.3371    0.0420  0.0372   0.0561    0.0225  0.0095   0.0244    0.0123  0.0067   0.0140
  78.00   -0.6677 -0.1623   0.6871   -0.0781  0.3213   0.3306    0.0416  0.0372   0.0558    0.0225  0.0095   0.0244    0.0123  0.0067   0.0140
  80.00   -0.6719 -0.1728   0.6937   -0.0794  0.3145   0.3244    0.0412  0.0373   0.0556    0.0224  0.0096   0.0244    0.0122  0.0067   0.0139
  82.00   -0.6756 -0.1836   0.7001   -0.0805  0.3081   0.3184    0.0409  0.0374   0.0554    0.0224  0.0096   0.0244    0.0121  0.0067   0.0139
  84.00   -0.6790 -0.1944   0.7063   -0.0815  0.3019   0.3127    0.0405  0.0374   0.0551    0.0223  0.0097   0.0243    0.0121  0.0068   0.0139
  86.00   -0.6820 -0.2053   0.7123   -0.0823  0.2960   0.3073    0.0401  0.0375   0.0549    0.0223  0.0097   0.0243    0.0121  0.0068   0.0139
  88.00   -0.6847 -0.2164   0.7180   -0.0831  0.2904   0.3020    0.0398  0.0375   0.0547    0.0222  0.0097   0.0243    0.0120  0.0069   0.0138
  90.00   -0.6869 -0.2274   0.7236   -0.0837  0.2849   0.2970    0.0394  0.0376   0.0545    0.0222  0.0098   0.0243    0.0119  0.0068   0.0138
  92.00   -0.6888 -0.2386   0.7290   -0.0842  0.2797   0.2921    0.0391  0.0376   0.0543    0.0222  0.0098   0.0243    0.0119  0.0069   0.0137
  94.00   -0.6904 -0.2497   0.7342   -0.0846  0.2747   0.2875    0.0388  0.0376   0.0540    0.0221  0.0099   0.0242    0.0119  0.0069   0.0137
  96.00   -0.6916 -0.2609   0.7392   -0.0850  0.2699   0.2830    0.0384  0.0377   0.0538    0.0221  0.0099   0.0242    0.0118  0.0069   0.0137
  98.00   -0.6925 -0.2720   0.7440   -0.0853  0.2653   0.2786    0.0381  0.0377   0.0536    0.0221  0.0099   0.0242    0.0118  0.0070   0.0137
 100.00   -0.6930 -0.2832   0.7486   -0.0855  0.2608   0.2745    0.0378  0.0377   0.0534    0.0220  0.0100   0.0242    0.0117  0.0069   0.0136
 102.00   -0.6932 -0.2943   0.7531   -0.0857  0.2565   0.2705    0.0375  0.0378   0.0532    0.0220  0.0100   0.0242    0.0117  0.0070   0.0136
 104.00   -0.6931 -0.3053   0.7574   -0.0858  0.2524   0.2666    0.0372  0.0378   0.0530    0.0220  0.0101   0.0242    0.0116  0.0070   0.0136
 106.00   -0.6927 -0.3163   0.7615   -0.0859  0.2484   0.2628    0.0369  0.0378   0.0528    0.0219  0.0101   0.0241    0.0116  0.0070   0.0136
 108.00   -0.6920 -0.3273   0.7655   -0.0859  0.2446   0.2592    0.0366  0.0379   0.0527    0.0219  0.0102   0.0241    0.0116  0.0071   0.0135
 110.00   -0.6911 -0.3381   0.7693   -0.0860  0.2408   0.2557    0.0363  0.0379   0.0525    0.0219  0.0102   0.0241    0.0115  0.0070   0.0135
 112.00   -0.6898 -0.3489   0.7730   -0.0859  0.2372   0.2523    0.0361  0.0379   0.0523    0.0218  0.0102   0.0241    0.0115  0.0071   0.0135
 114.00   -0.6882 -0.3596   0.7766   -0.0859  0.2338   0.2491    0.0358  0.0379   0.0521    0.0218  0.0103   0.0241    0.0114  0.0071   0.0134
 116.00   -0.6865 -0.3703   0.7799   -0.0858  0.2304   0.2459    0.0355  0.0379   0.0519    0.0218  0.0103   0.0241    0.0114  0.0071   0.0134
 118.00   -0.6844 -0.3808   0.7832   -0.0858  0.2271   0.2428    0.0352  0.0379   0.0518    0.0217  0.0103   0.0241    0.0114  0.0071   0.0134
 120.00   -0.6821 -0.3912   0.7863   -0.0857  0.2240   0.2398    0.0350  0.0379   0.0516    0.0217  0.0104   0.0241    0.0113  0.0071   0.0133
 122.00   -0.6796 -0.4015   0.7893   -0.0855  0.2209   0.2369    0.0347  0.0380   0.0514    0.0217  0.0104   0.0241    0.0113  0.0071   0.0133
 124.00   -0.6768 -0.4116   0.7922   -0.0854  0.2180   0.2341    0.0344  0.0380   0.0513    0.0217  0.0105   0.0241    0.0112  0.0072   0.0133
 126.00   -0.6738 -0.4217   0.7949   -0.0853  0.2151   0.2314    0.0342  0.0380   0.0511    0.0216  0.0105   0.0240    0.0112  0.0072   0.0133
 128.00   -0.6706 -0.4316   0.7975   -0.0851  0.2123   0.2287    0.0339  0.0380   0.0509    0.0216  0.0105   0.0240    0.0112  0.0072   0.0133
 130.00   -0.6672 -0.4414   0.8000   -0.0849  0.2096   0.2261    0.0337  0.0380   0.0508    0.0216  0.0106   0.0240    0.0112  0.0072   0.0133
 132.00   -0.6636 -0.4511   0.8024   -0.0847  0.2069   0.2236    0.0335  0.0380   0.0506    0.0215  0.0106   0.0240    0.0111  0.0072   0.0132
 134.00   -0.6598 -0.4607   0.8047   -0.0845  0.2044   0.2212    0.0332  0.0380   0.0505    0.0215  0.0106   0.0240    0.0110  0.0072   0.0132
 136.00   -0.6558 -0.4701   0.8069   -0.0843  0.2019   0.2188    0.0330  0.0380   0.0503    0.0215  0.0107   0.0240    0.0110  0.0073   0.0132
 138.00   -0.6517 -0.4793   0.8090   -0.0841  0.1994   0.2164    0.0327  0.0380   0.0502    0.0215  0.0107   0.0240    0.0110  0.0073   0.0132
 140.00   -0.6473 -0.4885   0.8110   -0.0839  0.1971   0.2142    0.0325  0.0380   0.0500    0.0215  0.0108   0.0240    0.0110  0.0073   0.0132
 142.00   -0.6428 -0.4974   0.8128   -0.0837  0.1948   0.2120    0.0323  0.0380   0.0499    0.0214  0.0108   0.0240    0.0109  0.0073   0.0131
 144.00   -0.6382 -0.5063   0.8146   -0.0835  0.1925   0.2098    0.0321  0.0380   0.0497    0.0214  0.0108   0.0240    0.0108  0.0073   0.0131
 146.00   -0.6334 -0.5150   0.8163   -0.0832  0.1903   0.2077    0.0318  0.0380   0.0496    0.0214  0.0109   0.0240    0.0108  0.0073   0.0131
 148.00   -0.6284 -0.5235   0.8179   -0.0830  0.1882   0.2057    0.0316  0.0380   0.0495    0.0214  0.0109   0.0240    0.0108  0.0073   0.0131
 150.00   -0.6233 -0.5319   0.8195   -0.0827  0.1861   0.2037    0.0314  0.0380   0.0493    0.0213  0.0110   0.0240    0.0108  0.0074   0.0131
