   0.00   -0.4744  0.0000   0.4744   -0.0394  0.0000   0.0394    0.0208  0.0000   0.0208   -0.0102 -0.0000   0.0102    0.0089 -0.0000   0.0089
   2.00   -0.4919 -0.0050   0.4920   -0.0462 -0.0065   0.0467    0.0209  0.0000   0.0209   -0.0112 -0.0016   0.0114    0.0089  0.0000   0.0089
   4.00   -0.5074 -0.0139   0.5076   -0.0476 -0.0147   0.0498    0.0210  0.0000   0.0210   -0.0111 -0.0029   0.0115    0.0089  0.0000   0.0089
   6.00   -0.5209 -0.0247   0.5215   -0.0462 -0.0215   0.0510    0.0211  0.0000   0.0211   -0.0108 -0.0038   0.0115    0.0089  0.0000   0.0089
   8.00   -0.5326 -0.0366   0.5338   -0.0436 -0.0268   0.0512    0.0212  0.0000   0.0212   -0.0104 -0.0045   0.0114    0.0090  0.0000   0.0090
  10.00   -0.5428 -0.0490   0.5450   -0.0403 -0.0309   0.0508    0.0213  0.0000   0.0213   -0.0100 -0.0051   0.0112    0.0090  0.0000   0.0090
  12.00   -0.5517 -0.0619   0.5551   -0.0369 -0.0340   0.0502    0.0214  0.0000   0.0214   -0.0096 -0.0055   0.0111    0.0090  0.0000   0.0090
  14.00   -0.5595 -0.0749   0.5645   -0.0335 -0.0363   0.0494    0.0215  0.0000   0.0215   -0.0092 -0.0059   0.0109    0.0090  0.0000   0.0090
  16.00   -0.5663 -0.0881   0.5731   -0.0302 -0.0379   0.0485    0.0216  0.0000   0.0216   -0.0088 -0.0061   0.0108    0.0090  0.0000   0.0090
  18.00   -0.5723 -0.1013   0.5811   -0.0270 -0.0391   0.0475    0.0217  0.0000   0.0217   -0.0085 -0.0064   0.0106    0.0091  0.0000   0.0091
  20.00   -0.5774 -0.1146   0.5887   -0.0240 -0.0398   0.0465    0.0218  0.0000   0.0218   -0.0081 -0.0066   0.0105    0.0091  0.0000   0.0091
  22.00   -0.5819 -0.1278   0.5958   -0.0212 -0.0403   0.0455    0.0219  0.0000   0.0219   -0.0078 -0.0068   0.0103    0.0091  0.0000   0.0091
  24.00   -0.5857 -0.1410   0.6024   -0.0186 -0.0405   0.0445    0.0220  0.0000   0.0220   -0.0075 -0.0069   0.0102    0.0091  0.0000   0.0091
  26.00   -0.5889 -0.1542   0.6087   -0.0162 -0.0404   0.0436    0.0221  0.0000   0.0221   -0.0072 -0.0070   0.0101    0.0091  0.0000   0.0091
  28.00   -0.5915 -0.1673   0.6147   -0.0139 -0.0402   0.0426    0.0223  0.0000   0.0223   -0.0070 -0.0071   0.0100    0.0091  0.0000   0.0091
  30.00   -0.5936 -0.1803   0.6204   -0.0118 -0.0399   0.0416    0.0224  0.0000   0.0224   -0.0067 -0.0072   0.0098    0.0092  0.0000   0.0092
  32.00   -0.5952 -0.1932   0.6258   -0.0099 -0.0395   0.0407    0.0225  0.0001   0.0225   -0.0064 -0.0073   0.0097    0.0092  0.0000   0.0092
  34.00   -0.5963 -0.2060   0.6309   -0.0081 -0.0390   0.0398    0.0226  0.0001   0.0226   -0.0062 -0.0073   0.0096    0.0092  0.0000   0.0092
  36.00   -0.5969 -0.2188   0.6357   -0.0064 -0.0384   0.0389    0.0228  0.0001   0.0228   -0.0060 -0.0074   0.0095    0.0092  0.0000   0.0092
  38.00   -0.5971 -0.2314   0.6404   -0.0049 -0.0377   0.0380    0.0229  0.0001   0.0229   -0.0058 -0.0074   0.0094    0.0092  0.0000   0.0092
  40.00   -0.5969 -0.2438   0.6448   -0.0035 -0.0370   0.0372    0.0231  0.0001   0.0231   -0.0055 -0.0075   0.0093    0.0092  0.0000   0.0092
  42.00   -0.5963 -0.2562   0.6490   -0.0022 -0.0363   0.0364    0.0232  0.0001   0.0232   -0.0053 -0.0075   0.0092    0.0093  0.0000   0.0093
  44.00   -0.5953 -0.2684   0.6530   -0.0010 -0.0356   0.0356    0.0233  0.0001   0.0233   -0.0051 -0.0075   0.0091    0.0093  0.0000   0.0093
  46.00   -0.5940 -0.2805   0.6569    0.0001 -0.0348   0.0348    0.0235  0.0002   0.0235   -0.0049 -0.0075   0.0090    0.0093  0.0000   0.0093
  48.00   -0.5923 -0.2924   0.6605    0.0012 -0.0340   0.0340    0.0236  0.0002   0.0236   -0.0048 -0.0075   0.0089    0.0093  0.0000   0.0093
  50.00   -0.5902 -0.3042   0.6640    0.0021 -0.0333   0.0333    0.0238  0.0002   0.0238   -0.0046 -0.0075   0.0088    0.0093  0.0000   0.0093
  52.00   -0.5879 -0.3158   0.6673    0.0030 -0.0325   0.0326    0.0240  0.0002   0.0240   -0.0044 -0.0075   0.0087    0.0094  0.0000   0.0094
  54.00   -0.5852 -0.3272   0.6705    0.0037 -0.0317   0.0319    0.0241  0.0003   0.0241    0.0094  0.0000   0.0094   -0.0043 -0.0075   0.0086
  56.00   -0.5822 -0.3385   0.6734    0.0044 -0.0309   0.0312    0.0243  0.0003   0.0243    0.0094  0.0000   0.0094   -0.0041 -0.0074   0.0085
  58.00   -0.5789 -0.3496   0.6763    0.0051 -0.0301   0.0306    0.0245  0.0003   0.0245    0.0094  0.0000   0.0094   -0.0040 -0.0074   0.0084
  60.00   -0.5754 -0.3605   0.6790    0.0057 -0.0294   0.0299    0.0246  0.0004   0.0246    0.0094  0.0000   0.0094   -0.0038 -0.0075   0.0084
  62.00   -0.5716 -0.3713   0.6816    0.0062 -0.0286   0.0293    0.0248  0.0004   0.0248    0.0095  0.0000   0.0095   -0.0037 -0.0074   0.0083
  64.00   -0.5675 -0.3818   0.6840    0.0067 -0.0279   0.0287    0.0250  0.0005   0.0250    0.0095  0.0000   0.0095   -0.0036 -0.0074   0.0082
  66.00   -0.5632 -0.3922   0.6863    0.0072 -0.0271   0.0281    0.0252  0.0006   0.0252    0.0095  0.0000   0.0095   -0.0034 -0.0074   0.0081
  68.00   -0.5586 -0.4024   0.6885    0.0076 -0.0264   0.0275    0.0254  0.0006   0.0254    0.0095  0.0000   0.0095   -0.0033 -0.0074   0.0081
  70.00   -0.5538 -0.4124   0.6905    0.0079 -0.0257   0.0269    0.0256  0.0007   0.0256    0.0095  0.0000   0.0095   -0.0032 -0.0074   0.0080
  72.00   -0.5488 -0.4222   0.6924    0.0082 -0.0251   0.0264    0.0257  0.0008   0.0258    0.0096  0.0000   0.0096   -0.0030 -0.0073   0.0079
  74.00   -0.5436 -0.4318   0.6943    0.0085 -0.0244   0.0258    0.0259  0.0009   0.0259    0.0096  0.0000   0.0096   -0.0030 -0.0072   0.0078
  76.00   -0.5382 -0.4412   0.6960    0.0088 -0.0237   0.0253    0.0261  0.0010   0.0261    0.0096  0.0000   0.0096   -0.0029 -0.0072   0.0078
  78.00   -0.5326 -0.4504   0.6976    0.0263  0.0011   0.0263    0.0090 -0.0231   0.0248    0.0096  0.0000   0.0096   -0.0028 -0.0072   0.0077
  80.00   -0.5269 -0.4594   0.6990    0.0265  0.0012   0.0265    0.0091 -0.0225   0.0243    0.0097  0.0000   0.0097   -0.0026 -0.0072   0.0076
  82.00   -0.5209 -0.4682   0.7004    0.0267  0.0013   0.0267    0.0093 -0.0219   0.0238    0.0097  0.0000   0.0097   -0.0025 -0.0071   0.0075
  84.00   -0.5148 -0.4768   0.7017    0.0269  0.0014   0.0269    0.0095 -0.0214   0.0234    0.0097  0.0000   0.0097   -0.0024 -0.0071   0.0075
  86.00   -0.5085 -0.4853   0.7029    0.0271  0.0015   0.0271    0.0096 -0.0208   0.0229    0.0097  0.0000   0.0097   -0.0024 -0.0071   0.0075
  88.00   -0.5021 -0.4935   0.7040    0.0273  0.0017   0.0273    0.0097 -0.0203   0.0225    0.0097  0.0000   0.0097   -0.0023 -0.0071   0.0074
  90.00   -0.4956 -0.5014   0.7050    0.0274  0.0018   0.0275    0.0098 -0.0198   0.0221    0.0098  0.0000   0.0098   -0.0021 -0.0070   0.0073
  92.00   -0.4889 -0.5092   0.7059    0.0276  0.0020   0.0277    0.0098 -0.0193   0.0217    0.0098  0.0000   0.0098   -0.0021 -0.0069   0.0072
  94.00   -0.4821 -0.5168   0.7067    0.0278  0.0021   0.0279    0.0099 -0.0188   0.0213    0.0098  0.0000   0.0098   -0.0020 -0.0069   0.0072
  96.00   -0.4751 -0.5242   0.7075    0.0280  0.0023   0.0281    0.0099 -0.0184   0.0209    0.0098  0.0000   0.0098   -0.0019 -0.0069   0.0072
  98.00   -0.4681 -0.5314   0.7081    0.0281  0.0025   0.0283    0.0100 -0.0179   0.0205    0.0099  0.0000   0.0099   -0.0019 -0.0069   0.0071
 100.00   -0.4609 -0.5384   0.7087    0.0283  0.0027   0.0284    0.0100 -0.0175   0.0201    0.0099  0.0000   0.0099   -0.0017 -0.0068   0.0070
 102.00   -0.4536 -0.5451   0.7092    0.0285  0.0028   0.0286    0.0100 -0.0171   0.0198    0.0099  0.0000   0.0099   -0.0016 -0.0068   0.0070
 104.00   -0.4463 -0.5517   0.7096    0.0286  0.0030   0.0288    0.0100 -0.0167   0.0195    0.0099  0.0000   0.0099   -0.0016 -0.0067   0.0069
 106.00   -0.4389 -0.5581   0.7100    0.0288  0.0032   0.0289    0.0100 -0.0164   0.0192    0.0100  0.0000   0.0100   -0.0016 -0.0067   0.0069
 108.00   -0.4313 -0.5643   0.7103    0.0289  0.0034   0.0291    0.0100 -0.0160   0.0189    0.0100  0.0000   0.0100   -0.0015 -0.0067   0.0068
 110.00   -0.4237 -0.5703   0.7104    0.0290  0.0036   0.0293    0.0099 -0.0156   0.0185    0.0100  0.0000   0.0100   -0.0013 -0.0067   0.0068
 112.00   -0.4161 -0.5760   0.7106    0.0292  0.0038   0.0294    0.0099 -0.0153   0.0182    0.0100  0.0000   0.0100   -0.0013 -0.0066   0.0067
 114.00   -0.4083 -0.5816   0.7106    0.0293  0.0040   0.0296    0.0099 -0.0150   0.0180    0.0101  0.0000   0.0101   -0.0012 -0.0065   0.0067
 116.00   -0.4005 -0.5870   0.7106    0.0294  0.0042   0.0297    0.0099 -0.0147   0.0177    0.0101  0.0000   0.0101   -0.0012 -0.0065   0.0066
 118.00   -0.3927 -0.5922   0.7106    0.0295  0.0044   0.0298    0.0098 -0.0144   0.0174    0.0101  0.0000   0.0101   -0.0012 -0.0065   0.0066
 120.00   -0.3848 -0.5972   0.7104    0.0296  0.0047   0.0300    0.0098 -0.0141   0.0172    0.0101  0.0000   0.0101   -0.0010 -0.0065   0.0066
 122.00   -0.3769 -0.6020   0.7102    0.0297  0.0049   0.0301    0.0098 -0.0138   0.0169    0.0102  0.0000   0.0102   -0.0010 -0.0065   0.0065
 124.00   -0.3689 -0.6066   0.7100    0.0298  0.0051   0.0302    0.0097 -0.0136   0.0167    0.0102  0.0000   0.0102   -0.0009 -0.0064   0.0065
 126.00   -0.3609 -0.6111   0.7097    0.0299  0.0053   0.0304    0.0097 -0.0133   0.0164    0.0102  0.0000   0.0102   -0.0009 -0.0063   0.0064
 128.00   -0.3528 -0.6153   0.7093    0.0300  0.0055   0.0305    0.0096 -0.0131   0.0162    0.0102  0.0000   0.0102   -0.0009 -0.0063   0.0063
 130.00   -0.3448 -0.6194   0.7089    0.0300  0.0057   0.0306    0.0096 -0.0128   0.0160    0.0103  0.0000   0.0103   -0.0010 -0.0065   0.0065
 132.00   -0.3367 -0.6233   0.7084    0.0301  0.0060   0.0307    0.0096 -0.0126   0.0158    0.0103  0.0000   0.0103   -0.0007 -0.0063   0.0064
 134.00   -0.3286 -0.6270   0.7079    0.0302  0.0062   0.0308    0.0095 -0.0123   0.0156    0.0103  0.0000   0.0103   -0.0007 -0.0063   0.0063
 136.00   -0.3205 -0.6306   0.7073    0.0302  0.0064   0.0309    0.0095 -0.0121   0.0154    0.0104  0.0001   0.0104   -0.0006 -0.0062   0.0062
 138.00   -0.3123 -0.6339   0.7067    0.0303  0.0066   0.0310    0.0094 -0.0119   0.0152    0.0104  0.0001   0.0104   -0.0006 -0.0061   0.0062
 140.00   -0.3042 -0.6371   0.7060    0.0303  0.0068   0.0311    0.0094 -0.0117   0.0150    0.0104  0.0001   0.0104   -0.0006 -0.0061   0.0061
 142.00   -0.2961 -0.6401   0.7053    0.0304  0.0070   0.0312    0.0093 -0.0115   0.0148    0.0105  0.0001   0.0105   -0.0005 -0.0062   0.0062
 144.00   -0.2879 -0.6430   0.7045    0.0304  0.0072   0.0313    0.0093 -0.0113   0.0146    0.0105  0.0001   0.0105   -0.0005 -0.0061   0.0061
 146.00   -0.2798 -0.6457   0.7037    0.0305  0.0075   0.0314    0.0092 -0.0111   0.0144    0.0105  0.0001   0.0105   -0.0004 -0.0061   0.0061
 148.00   -0.2717 -0.6482   0.7028    0.0305  0.0077   0.0314    0.0092 -0.0109   0.0143    0.0105  0.0001   0.0105   -0.0004 -0.0060   0.0060
 150.00   -0.2636 -0.6506   0.7019    0.0305  0.0079   0.0315    0.0091 -0.0108   0.0141    0.0106  0.0001   0.0106   -0.0003 -0.0059   0.0059
