Attention! Unknown parameter: IsoFacPair
     DATA READ FROM INPUT
     ====================

Oscillator Length (b_0) ........:  1.990000000000
Slowing factor .................:  0.60000
Maximum Number of Iterations ...: 150
Convergence in Energy ..........:  1.00E-12
Optimization for BB Mat. Els. ..:   0
Pairing Enhancement Factor .....:  1.00000
Shift in Lagrange Parameter ....:  0.00000
Isospin of the Basis WF ........:   1
Index of the Wave-function .....:   1
Pure HF Calculations (=1) ......:   0
Number of shells (N_0) .........:  16
Maximum Ang. Mom. (Lmax) .......:  16
Maximum n (nmax) ...............:  16
Maximum n for Unity ............:  28
Index of the Wave-function .....:   1
Cut-off energy (if > 0) ........: -1.00000
Number of neutrons (N) .........:  26
Number of protons  (Z) .........:  22
Original Gogny interaction.......
    - range1 ...................:  0.7000000
    - range2 ...................:  1.2000000
    - Parametrization ..........: D1S
    - Exchange Coulomb terms switched off
Type of Basis ..................:   1
Compatibility with the HO ......:   1

     DEFINING THE BASIS - CUT-OFFS
     =============================

Analytical HO basis ............. 
Compatibility with the HO ......:   1
Actual Cut-off Energy Ecut .....:     -1.000
Maximum L value lmax ...........:      16
Maximum n value ................:      16
Maximum n-value for given l ....

       L   n(HO)
       0    9
       1    8
       2    8
       3    7
       4    7
       5    6
       6    6
       7    5
       8    5
       9    4
      10    4
      11    3
      12    3
      13    2
      14    2
      15    1
      16    1

     PARAMETERS OF THE GOGNY FORCE
     =============================

Protons : W =   103.640 MeV
        : B =  -163.480 MeV
        : H =   162.810 MeV
        : M =  -223.930 MeV

Neutrons: W = -1720.300 MeV
        : B =  1300.000 MeV
        : H = -1813.530 MeV
        : M =  1397.600 MeV

WLS     :   130.000 MeV.fm5
t_0     :  1390.600 MeV.fm4

h2/2m   :    20.73667622931579   20.73667622931579 MeV


Hay apareamiento de los 22 protones hasta el estado mas bajo de la capa   3

Hay apareamiento de los 26 neutrones hasta el estado mas bajo de la capa   3
     STARTING THE SELF-CONSISTENT CALCULATION
     ========================================

Numerical precision in Energy ..:   1.00E-12
Oscillator length ..............:  1.99000000000
Atomic number A ................:     48
Largest Number .................:   0.1797693134862316+309
Smallest Number ................:   0.2225073858507201-307

 No se pudo leer el archivo: data/vLS16ph_HO.txt                                             
 Calculation of the matrix elements of the spin-orbit term:
  5% calculated
 11% calculated
 17% calculated
 23% calculated
 29% calculated
 35% calculated
 41% calculated
 47% calculated
 52% calculated
 58% calculated
 64% calculated
 70% calculated
 76% calculated
 82% calculated
 88% calculated
 94% calculated
100% calculated
 No se pudo leer el archivo: data/vLS16pp_HO.txt                                             
 Se van a calcular los elementos de matriz de apar de LS
  5% calculado
 11% calculado
 17% calculado
 23% calculado
 29% calculado
 35% calculado
 41% calculado
 47% calculado
 52% calculado
 58% calculado
 64% calculado
 70% calculado
 76% calculado
 82% calculado
 88% calculado
 94% calculado
100% calculado
 Impossible to read file: data/vBB16ph_HO.txt                                             
 No se pudo leer el archivo: data/vBB16pp_HO.txt                                             
 Impossible to read file: data/vBB16ph_HO.txt                                             
 Brink-Boker terms: Particle-Hole Channel - Harmonic Oscillator Basis
  5% calculado
 11% calculado
 17% calculado
 23% calculado
 29% calculado
 35% calculado
 41% calculado
 47% calculado
 52% calculado
 58% calculado
 64% calculado
 70% calculado
 76% calculado
 82% calculado
 88% calculado
 94% calculado
100% calculado
 No se pudo leer el archivo: data/vBB16pp_HO.txt                                             
 Brink-Boker terms: Particle-Particle Channel - Harmonic Oscillator Basis
  5% calculado
 11% calculado
 17% calculado
 23% calculado
 29% calculado
 35% calculado
 41% calculado
 47% calculado
 52% calculado
 58% calculado
 64% calculado
 70% calculado
 76% calculado
 82% calculado
 88% calculado
 94% calculado
100% calculado
 No se pudo leer el archivo: data/vC16ph_HO.txt                                              
 No se pudo leer el archivo: data/vC16pp_HO.txt                                              
 No se pudo leer el archivo: data/vC16ph_HO.txt                                              
 Calculation of ph Coulomb matrix elements - Hamonic oscillator Basis
  5% calculado
 11% calculado
 17% calculado
 23% calculado
 29% calculado
 35% calculado
 41% calculado
 47% calculado
 52% calculado
 58% calculado
 64% calculado
 70% calculado
 76% calculado
 82% calculado
 88% calculado
 94% calculado
100% calculado
 No se pudo leer el archivo: data/vC16pp_HO.txt                                              
 Calculation of pp Coulomb matrix elements - Harmonic Oscillator Basis
  5% calculado
 11% calculado
 17% calculado
 23% calculado
 29% calculado
 35% calculado
 41% calculado
 47% calculado
 52% calculado
 58% calculado
 64% calculado
 70% calculado
 76% calculado
 82% calculado
 88% calculado
 94% calculado
100% calculado
          k =    0 Difference of the densities :      4.02425409
Iteration k =    1 HF Energy :   -350.77397627
Iteration k =    2 HF Energy :   -373.27368364
Iteration k =    3 HF Energy :   -387.37751357
Iteration k =    4 HF Energy :   -396.12646113
Iteration k =    5 HF Energy :   -401.52826441
          k =    5 Difference of the densities :      0.36116059
Iteration k =    6 HF Energy :   -404.85717071
Iteration k =    7 HF Energy :   -406.90807453
Iteration k =    8 HF Energy :   -408.17268678
Iteration k =    9 HF Energy :   -408.95384195
Iteration k =   10 HF Energy :   -409.43762815
          k =   10 Difference of the densities :      0.03329577
Iteration k =   11 HF Energy :   -409.73828453
Iteration k =   12 HF Energy :   -409.92594019
Iteration k =   13 HF Energy :   -410.04367742
Iteration k =   14 HF Energy :   -410.11800070
Iteration k =   15 HF Energy :   -410.16525019
          k =   15 Difference of the densities :      0.00653086
Iteration k =   16 HF Energy :   -410.19552809
Iteration k =   17 HF Energy :   -410.21510221
Iteration k =   18 HF Energy :   -410.22787832
Iteration k =   19 HF Energy :   -410.23630287
Iteration k =   20 HF Energy :   -410.24191751
          k =   20 Difference of the densities :      0.00170365
Iteration k =   21 HF Energy :   -410.24570046
Iteration k =   22 HF Energy :   -410.24827729
Iteration k =   23 HF Energy :   -410.25005151
Iteration k =   24 HF Energy :   -410.25128582
Iteration k =   25 HF Energy :   -410.25215299
          k =   25 Difference of the densities :      0.00045690
Iteration k =   26 HF Energy :   -410.25276782
Iteration k =   27 HF Energy :   -410.25320741
Iteration k =   28 HF Energy :   -410.25352412
Iteration k =   29 HF Energy :   -410.25375387
Iteration k =   30 HF Energy :   -410.25392154
          k =   30 Difference of the densities :      0.00012493
Iteration k =   31 HF Energy :   -410.25404459
Iteration k =   32 HF Energy :   -410.25413531
Iteration k =   33 HF Energy :   -410.25420248
Iteration k =   34 HF Energy :   -410.25425241
Iteration k =   35 HF Energy :   -410.25428963
          k =   35 Difference of the densities :      0.00003459
Iteration k =   36 HF Energy :   -410.25431746
Iteration k =   37 HF Energy :   -410.25433833
Iteration k =   38 HF Energy :   -410.25435401
Iteration k =   39 HF Energy :   -410.25436582
Iteration k =   40 HF Energy :   -410.25437473
          k =   40 Difference of the densities :      0.00000966
Iteration k =   41 HF Energy :   -410.25438147
Iteration k =   42 HF Energy :   -410.25438656
Iteration k =   43 HF Energy :   -410.25439043
Iteration k =   44 HF Energy :   -410.25439336
Iteration k =   45 HF Energy :   -410.25439559
          k =   45 Difference of the densities :      0.00000271
Iteration k =   46 HF Energy :   -410.25439728
Iteration k =   47 HF Energy :   -410.25439858
Iteration k =   48 HF Energy :   -410.25439956
Iteration k =   49 HF Energy :   -410.25440031
Iteration k =   50 HF Energy :   -410.25440089
          k =   50 Difference of the densities :      0.00000076
Iteration k =   51 HF Energy :   -410.25440133
Iteration k =   52 HF Energy :   -410.25440167
Iteration k =   53 HF Energy :   -410.25440192
Iteration k =   54 HF Energy :   -410.25440212
Iteration k =   55 HF Energy :   -410.25440227
          k =   55 Difference of the densities :      0.00000022
Iteration k =   56 HF Energy :   -410.25440239
Iteration k =   57 HF Energy :   -410.25440248
Iteration k =   58 HF Energy :   -410.25440255
Iteration k =   59 HF Energy :   -410.25440260
Iteration k =   60 HF Energy :   -410.25440264
          k =   60 Difference of the densities :      0.00000006
Iteration k =   61 HF Energy :   -410.25440267
Iteration k =   62 HF Energy :   -410.25440270
Iteration k =   63 HF Energy :   -410.25440271
Iteration k =   64 HF Energy :   -410.25440273
Iteration k =   65 HF Energy :   -410.25440274
          k =   65 Difference of the densities :      0.00000002
Iteration k =   66 HF Energy :   -410.25440275
Iteration k =   67 HF Energy :   -410.25440276
Iteration k =   68 HF Energy :   -410.25440276
Iteration k =   69 HF Energy :   -410.25440276
Iteration k =   70 HF Energy :   -410.25440277
          k =   70 Difference of the densities :      0.00000000
Iteration k =   71 HF Energy :   -410.25440277
Iteration k =   72 HF Energy :   -410.25440277
Iteration k =   73 HF Energy :   -410.25440277
Iteration k =   74 HF Energy :   -410.25440277
Iteration k =   75 HF Energy :   -410.25440278
          k =   75 Difference of the densities :      0.00000000
Iteration k =   76 HF Energy :   -410.25440278
Iteration k =   77 HF Energy :   -410.25440278
Iteration k =   78 HF Energy :   -410.25440278
Iteration k =   79 HF Energy :   -410.25440278
Iteration k =   80 HF Energy :   -410.25440278
          k =   80 Difference of the densities :      0.00000000
Iteration k =   81 HF Energy :   -410.25440278
Iteration k =   82 HF Energy :   -410.25440278
Iteration k =   83 HF Energy :   -410.25440278
Iteration k =   84 HF Energy :   -410.25440278
Iteration k =   85 HF Energy :   -410.25440278
          k =   85 Difference of the densities :      0.00000000
Iteration k =   86 HF Energy :   -410.25440278
Iteration k =   87 HF Energy :   -410.25440278
Iteration k =   88 HF Energy :   -410.25440278
Iteration k =   89 HF Energy :   -410.25440278
Iteration k =   90 HF Energy :   -410.25440278
          k =   90 Difference of the densities :      0.00000000
Iteration k =   91 HF Energy :   -410.25440278
Iteration k =   92 HF Energy :   -410.25440278
Iteration k =   93 HF Energy :   -410.25440278
Iteration k =   94 HF Energy :   -410.25440278
Iteration k =   95 HF Energy :   -410.25440278
          k =   95 Difference of the densities :      0.00000000
Iteration k =   96 HF Energy :   -410.25440278
Iteration k =   97 HF Energy :   -410.25440278
Iteration k =   98 HF Energy :   -410.25440278
Iteration k =   99 HF Energy :   -410.25440278
Iteration k =  100 HF Energy :   -410.25440278
          k =  100 Difference of the densities :      0.00000000
Iteration k =  101 HF Energy :   -410.25440278
Iteration k =  102 HF Energy :   -410.25440278
Iteration k =  103 HF Energy :   -410.25440278
Iteration k =  104 HF Energy :   -410.25440278
Iteration k =  105 HF Energy :   -410.25440278
          k =  105 Difference of the densities :      0.00000000
Iteration k =  106 HF Energy :   -410.25440278
Energy =  -410.25440E+00 Precision =  0.00000E+00

Elapsed time (seconds):  36.40E+00

     SUMMARY OF THE RUN - ENERGIES
     =============================

                           Longitud del oscilador:        1.9900000000
----------------------------------------------------------------------
                                 Energia cinetica:      835.0422843226
             Energia cinetica del centro de masas:        9.1958933637
                    Energia local de Brink-Booker:    -2508.7168285999
                         Energia local de Coulomb:       93.6209248788
           Energia de intercambio de Brink-Booker:     -146.3069327586
                Energia de intercambio de Coulomb:        0.0000000000
               Energia dependiente de la densidad:     1352.8312186271
                           Energia de spin-orbita:      -34.7132781795
----------------------------------------------------------------------
                    Energia total de Brink-Booker:    -2655.0237613585
                         Energia total de Coulomb:       93.6209248788
                     Energia total (Hartree-Fock):     -399.0467183459
----------------------------------------------------------------------
                 Apareamiento del centro de masas:    0.0000000000E+00
                     Apareamiento de Brink-Booker:   -0.1120768443E+02
                          Apareamiento de Coulomb:    0.0000000000E+00
                      Apareamiento de spin-orbita:    0.0000000000E+00
----------------------------------------------------------------------
                               Apareamiento total:   -0.1120768443E+02
                            Apareamiento neutrons:   -0.5694347271E+01    0.0000000000E+00   -0.5694347271E+01    0.0000000000E+00
                             Apareamiento protons:   -0.5513337161E+01    0.0000000000E+00   -0.5513337161E+01    0.0000000000E+00
----------------------------------------------------------------------
                                            TOTAL:     -410.2544027781

                               Neutrones       Protones          Total
              Particulas:       26.00000       22.00000       48.00000
    Potenciales quimicos:      -10.26171       -8.22990
                   Radio:        3.55375        3.50593        3.53191
 Multiplicadores y error:        0.00000        0.00000       12.47440
Average Delta for neutrons:   -0.3066454331

     NEUTRON SINGLE-PARTICLE ENERGIES (CANONICAL BASIS)
     ==================================================
   1)   s 1/2    0.9996540   -53.245  -1.600  43.013
   2)   p 3/2    0.9988071   -39.434   2.019  29.242
   3)   p 1/2    0.9985949   -36.599   1.979  26.412
   4)   d 5/2    0.9955972   -24.759  -1.937  14.626
   5)   s 1/2    0.9928239   -20.708  -1.789  10.598
   6)   d 3/2    0.9891643   -19.221  -1.896   9.158
   7)   f 7/2    0.7405042   -11.153   1.625   1.853
   8)   p 3/2    0.0130499    -5.666   1.071   4.719
   9)   p 1/2    0.0059235    -3.162   1.103   7.185
  10)   f 5/2    0.0097079    -2.150   1.622   8.272
  11)   g 9/2    0.0026538     2.126  -1.281  12.454
  12)   d 5/2    0.0004291     7.226  -0.725  17.503
  13)   s 1/2    0.0002396     8.611  -0.584  18.882
  14)   d 3/2    0.0003249    10.142  -0.736  20.417
  15)   g 7/2    0.0007138    13.607  -1.277  23.903
  16)   h11/2    0.0003399    15.070   0.934  25.349
  17)   p 3/2    0.0000597    18.027   0.437  28.292
  18)   f 7/2    0.0000825    18.503   0.522  28.769
  19)   p 1/2    0.0000548    20.033   0.448  30.298
  20)   f 5/2    0.0000632    22.614   0.523  32.880
  21)   d 5/2    0.0000000    25.281   0.001  35.543
  22)   d 3/2    0.0000000    25.480   0.001  35.742
  23)   s 1/2    0.0000000    25.781   0.001  36.043
  24)   p 1/2    0.0000000    26.109   0.001  36.370
  25)   g 7/2    0.0000000    26.170   0.001  36.431
  26)   g 9/2    0.0000000    26.217   0.001  36.478
  27)   p 3/2    0.0000000    26.271   0.001  36.533
  28)   s 1/2    0.0000126    26.714  -0.262  36.976
  29)   f 7/2    0.0000000    27.812   0.002  38.074
  30)   f 5/2    0.0000000    27.841   0.002  38.103
  31)   d 5/2    0.0000150    27.931  -0.296  38.194
  32)   i13/2    0.0000662    28.130  -0.625  38.397
  33)   h 9/2    0.0001407    28.859   0.928  39.132
  34)   i13/2    0.0000000    29.823   0.000  40.085
  35)   g 9/2    0.0000209    30.010  -0.369  40.273
  36)   d 3/2    0.0000163    30.191  -0.326  40.454
  37)   i11/2    0.0000000    30.248   0.000  40.510
  38)   h11/2    0.0000000    31.014   0.002  41.275
  39)   h 9/2    0.0000000    31.914   0.002  42.175
  40)   p 3/2    0.0000039    32.714   0.169  42.976
  41)   d 5/2    0.0000000    34.129  -0.009  44.390
  42)   f 7/2    0.0000045    34.565   0.189  44.828
  43)   d 3/2    0.0000000    34.841  -0.010  45.102
  44)   s 1/2    0.0000000    35.050  -0.009  45.312
  45)   p 1/2    0.0000035    35.145   0.169  45.407
  46)   g 9/2    0.0000000    35.430  -0.009  45.692
  47)   g 7/2    0.0000165    35.770  -0.374  46.033
  48)   p 3/2    0.0000001    35.796   0.030  46.058
  49)   s 1/2    0.0000005    36.581  -0.067  46.842
  50)   g 7/2    0.0000000    36.688  -0.010  46.950
  51)   f 7/2    0.0000001    37.225   0.032  47.486
  52)   p 1/2    0.0000001    37.237   0.030  47.499
  53)   d 5/2    0.0000006    37.477  -0.077  47.739
  54)   f 5/2    0.0000040    38.769   0.197  49.031
  55)   k17/2    0.0000000    38.811  -0.001  49.072
  56)   f 5/2    0.0000001    39.226   0.032  49.488
  57)   h11/2    0.0000052    39.309   0.225  49.571
  58)   k15/2    0.0000000    39.423  -0.001  49.685
  59)   d 3/2    0.0000006    39.612  -0.080  49.874
Average Delta for protons:   -1.0441938623

     PROTON SINGLE-PARTICLE ENERGIES (CANONICAL BASIS)
     =================================================
   1)   s 1/2    0.9995861   -48.445  -1.637
   2)   p 3/2    0.9985808   -35.161   2.033
   3)   p 1/2    0.9982115   -31.794   1.998
   4)   d 5/2    0.9944880   -21.177  -1.939
   5)   s 1/2    0.9877987   -15.724  -1.687
   6)   d 3/2    0.9801828   -14.790  -1.904
   7)   f 7/2    0.2571602    -7.333   1.614
   8)   p 3/2    0.0039685    -0.565   0.971
   9)   p 1/2    0.0023090     2.089   0.995
  10)   f 5/2    0.0057853     2.315   1.618
  11)   g 9/2    0.0019753     5.993  -1.268
  12)   d 5/2    0.0002562    12.556  -0.666
  13)   s 1/2    0.0001579    14.755  -0.578
  14)   d 3/2    0.0001905    15.897  -0.666
  15)   g 7/2    0.0005673    18.299  -1.265
  16)   h11/2    0.0002746    19.457   0.918
  17)   f 7/2    0.0000586    24.170   0.496
  18)   p 3/2    0.0000366    24.839   0.400
  19)   p 1/2    0.0000000    26.552   0.000
  20)   p 3/2    0.0000000    26.729   0.000
  21)   p 1/2    0.0000344    26.968   0.413
  22)   d 5/2    0.0000000    27.281   0.001
  23)   d 3/2    0.0000000    27.727   0.001
  24)   f 5/2    0.0000000    27.835   0.000
  25)   s 1/2    0.0000000    27.986   0.001
  26)   g 7/2    0.0000000    28.089   0.001
  27)   g 9/2    0.0000000    28.297   0.001
  28)   f 7/2    0.0000000    28.454   0.001
  29)   f 5/2    0.0000440    29.143   0.496
  30)   h11/2    0.0000000    31.644   0.001
  31)   i13/2    0.0000000    31.815   0.000
  32)   i11/2    0.0000000    32.027   0.000
  33)   h 9/2    0.0000000    32.256   0.001
  34)   i13/2    0.0000547    32.788  -0.607
  35)   s 1/2    0.0000086    33.681  -0.246
  36)   h 9/2    0.0001172    33.932   0.913
  37)   d 5/2    0.0000094    34.093  -0.259
  38)   g 9/2    0.0000152    36.103  -0.346
  39)   d 3/2    0.0000108    36.506  -0.294
  40)   d 5/2    0.0000000    37.077  -0.005
  41)   d 3/2    0.0000000    37.527  -0.006
  42)   s 1/2    0.0000000    37.823  -0.006
  43)   g 9/2    0.0000000    37.911  -0.006
  44)   p 3/2    0.0000000    38.131   0.018
  45)   g 7/2    0.0000000    38.852  -0.006
  46)   p 3/2    0.0000020    39.278   0.134
  47)   p 1/2    0.0000000    39.333   0.018
  48)   f 7/2    0.0000000    39.523   0.021
Neutrons - Lowest QP (canonical basis) =     1.85310341 Delta =    1.62465 in =   49
Protons  - Lowest QP (canonical basis) =     1.84683778 Delta =    1.61439 ip =   49
toto =    22.00000000000053
toto =    25.99999999999997
Average pairing gap:     1.83381955015476    1.87205673117553

     QUASI-PARTICLE-PARTICLE ENERGIES
     ================================
      EQP NEUT        V2               V2  EQP PROT
   1)    5   44.1420    0.9981723   s 1/2    s 1/2    0.9990408   41.0396
   2)   35   14.6196    0.9948035   d 5/2    d 5/2    0.9938058   13.0864
   3)   21   29.2645    0.9940475   p 3/2    p 1/2    0.9922015   23.6418
   4)    1    9.4583    0.9916730   s 1/2    s 1/2    0.9876786    6.8852
   5)   26    9.1518    0.9888367   d 3/2    d 3/2    0.9799633    6.8252
   6)   49    1.8483    0.7403258   f 7/2    p 3/2    0.8671441   26.9052
   7)   13   26.6469    0.6106537   p 1/2    f 7/2    0.2570171    1.8342
   8)   12   26.0633    0.3870720   p 1/2    p 3/2    0.1305747   27.7453
   9)   18    4.4476    0.0130506   p 3/2    f 5/2    0.0055442   10.0185
  10)   42    7.8505    0.0094345   f 5/2    p 3/2    0.0041602    7.1700
  11)   10    6.5063    0.0059775   p 1/2    p 1/2    0.0040968   28.6057
  12)   20   25.3297    0.0041671   p 3/2    p 1/2    0.0027018    9.2498
  13)   63   11.7016    0.0025078   g 9/2    g 9/2    0.0018547   13.3684
  14)    2   12.3605    0.0013668   s 1/2    p 1/2    0.0013647   17.2546
  15)    6   47.0806    0.0012574   s 1/2    d 5/2    0.0006072   15.4140
  16)   11   15.4363    0.0006565   p 1/2    p 3/2    0.0004856   16.9030
  17)   36   18.7535    0.0005888   d 5/2    s 1/2    0.0003946   14.4916
  18)   19   15.0780    0.0003907   p 3/2    g 7/2    0.0003067   24.3660
  19)   57   22.6317    0.0003606   g 7/2    p 3/2    0.0002128   42.6476
  20)   34   13.2041    0.0003550   d 5/2    s 1/2    0.0001910   49.9039
  21)   22   40.0240    0.0002524   p 3/2    p 1/2    0.0001801   44.0144
  22)   56   18.0241    0.0002226   g 7/2    d 3/2    0.0001562   16.0673
  23)   37   30.0578    0.0002209   d 5/2    s 1/2    0.0001548   21.3063
  24)   27   13.9420    0.0002125   d 3/2    f 5/2    0.0001496   19.5355
  25)   28   19.8587    0.0002053   d 3/2    d 5/2    0.0001473   20.7562
  26)   14   41.3220    0.0002042   p 1/2    g 7/2    0.0001419   19.8430
  27)   43   17.7497    0.0001955   f 5/2    h11/2    0.0001389   27.1124
  28)   29   31.3847    0.0001675   d 3/2    d 5/2    0.0001280   32.1934
  29)   77   25.4418    0.0001560   h11/2    f 5/2    0.0001039   30.1562
  30)   76   21.1112    0.0001473   h11/2    h11/2    0.0001025   23.0066
  31)   50   17.2087    0.0001424   f 7/2    d 3/2    0.0000990   22.1540
  32)    3   18.9770    0.0001242   s 1/2    g 7/2    0.0000959   35.7972
  33)   58   33.7701    0.0001133   g 7/2    d 3/2    0.0000947   33.6823
  34)    4   30.6973    0.0001076   s 1/2    f 7/2    0.0000942   19.0251
  35)   44   27.7458    0.0001052   f 5/2    f 7/2    0.0000813   28.2175
  36)   64   19.7991    0.0000888   g 9/2    g 9/2    0.0000654   21.3328
  37)   51   26.0135    0.0000871   f 7/2    s 1/2    0.0000595   33.1669
  38)   30   47.7545    0.0000716   d 3/2    d 3/2    0.0000577   50.4213
  39)   71   31.3879    0.0000672   h 9/2    d 5/2    0.0000557   48.6063
  40)   38   46.1164    0.0000653   d 5/2    h 9/2    0.0000545   33.3390
  41)   65   30.9653    0.0000586   g 9/2    g 9/2    0.0000507   32.9669
  42)   72   44.4870    0.0000507   h 9/2    h 9/2    0.0000431   46.4173
  43)   89   33.7876    0.0000392   i13/2    i13/2    0.0000317   35.8300
  44)   78   38.6737    0.0000333   h11/2    g 7/2    0.0000304   52.5158
  45)   59   49.8644    0.0000297   g 7/2    s 1/2    0.0000292   72.0014
  46)    7   68.7521    0.0000277   s 1/2    h11/2    0.0000286   40.6382
  47)   52   39.4969    0.0000231   f 7/2    f 5/2    0.0000207   44.6676
  48)   45   41.8880    0.0000223   f 5/2    f 7/2    0.0000186   41.8534
  49)   90   44.2608    0.0000201   i13/2    g 9/2    0.0000173   48.1169
  50)   66   45.8552    0.0000170   g 9/2    i13/2    0.0000173   46.0631
  51)   73   63.7462    0.0000160   h 9/2    h 9/2    0.0000149   66.3876
  52)   84   51.4091    0.0000155   i11/2    i11/2    0.0000131   53.2798
  53)   46   61.1780    0.0000134   f 5/2    d 3/2    0.0000124   72.0202
  54)   31   69.0531    0.0000113   d 3/2    f 5/2    0.0000092   64.1895
  55)   53   59.1149    0.0000108   f 7/2    d 5/2    0.0000091   69.7762
  56)   83   37.1277    0.0000094   i11/2    f 7/2    0.0000083   61.7484
  57)   70   22.4876    0.0000094   h 9/2    p 1/2    0.0000077   64.9505
  58)   79   58.2743    0.0000079   h11/2    h11/2    0.0000077   60.6387
  59)   85   71.5578    0.0000079   i11/2    i11/2    0.0000071   39.1320
  60)   39   66.9666    0.0000078   d 5/2    i11/2    0.0000070   73.8251
  61)   23   60.1676    0.0000075   p 3/2    p 3/2    0.0000067   63.1811
  62)   15   61.9204    0.0000072   p 1/2    h 9/2    0.0000058   24.1697
  63)  100   43.0046    0.0000066   j15/2    j15/2    0.0000052   58.7007
  64)  101   56.6880    0.0000061   j15/2    j15/2    0.0000051   45.1337
  65)   16   87.3682    0.0000049   p 1/2    i13/2    0.0000041   66.5354
  66)   91   64.3149    0.0000044   i13/2    f 5/2    0.0000038   90.4791
  67)   24   85.1904    0.0000044   p 3/2    g 7/2    0.0000037   72.5479
  68)   47   87.3364    0.0000041   f 5/2    j13/2    0.0000033   66.1248
  69)   96   64.0283    0.0000040   j13/2    p 1/2    0.0000033   90.5889
  70)   60   69.4012    0.0000035   g 7/2    p 3/2    0.0000031   88.3233
  71)   88   25.1493    0.0000034   i13/2    s 1/2    0.0000030   97.9401
  72)   67   66.2136    0.0000028   g 9/2    g 9/2    0.0000025   68.7545
  73)   95   45.4833    0.0000022   j13/2    i13/2    0.0000020   26.6781
  74)   54   83.6385    0.0000019   f 7/2    f 7/2    0.0000019   86.3968
  75)   97   89.7917    0.0000018   j13/2    h 9/2    0.0000019   92.7686
  76)   74   89.6791    0.0000016   h 9/2    j13/2    0.0000016   47.5537
  77)  111   64.7072    0.0000015   k17/2    j13/2    0.0000016   91.8693
  78)   86   98.9826    0.0000014   i11/2    i11/2    0.0000014  101.6544
  79)    8   94.6214    0.0000014   s 1/2    k17/2    0.0000012   66.8183
  80)   61   96.2394    0.0000011   g 7/2    p 1/2    0.0000011  124.9249
  81)   17  120.6225    0.0000011   p 1/2    p 3/2    0.0000009  121.3095
  82)  106   70.4576    0.0000009   k15/2    d 3/2    0.0000009   98.8688
  83)   25  117.0702    0.0000008   p 3/2    g 7/2    0.0000008   99.4805
  84)  102   79.4227    0.0000008   j15/2    j15/2    0.0000007   81.6233
  85)  110   49.1506    0.0000008   k17/2    k15/2    0.0000007   72.6155
  86)   82   25.3383    0.0000008   i11/2    d 3/2    0.0000006  133.1834
  87)   33  129.1492    0.0000007   d 3/2    h11/2    0.0000006   84.5322
  88)   32   95.7163    0.0000007   d 3/2    k17/2    0.0000005   51.2098
  89)    9  128.0232    0.0000007   s 1/2    d 5/2    0.0000005   95.5644
  90)   80   82.0345    0.0000006   h11/2    s 1/2    0.0000005  132.5844
  91)   41  124.6149    0.0000005   d 5/2    g 7/2    0.0000005  132.0781
  92)   62  128.0999    0.0000005   g 7/2    i11/2    0.0000005   26.8312
  93)   68   91.2958    0.0000005   g 9/2    d 5/2    0.0000005  128.4305
  94)   40   92.6349    0.0000005   d 5/2    f 5/2    0.0000005  123.1001
  95)  107   96.9570    0.0000005   k15/2    g 9/2    0.0000004   93.9714
  96)   48  119.1457    0.0000004   f 5/2    k15/2    0.0000004   98.9582
  97)   99   30.1773    0.0000004   j15/2    g 9/2    0.0000003  126.0698
  98)  105   50.1990    0.0000004   k15/2    f 7/2    0.0000003  117.9208
  99)   69  122.8755    0.0000003   g 9/2    i13/2    0.0000003  123.4322
 100)   75  120.1797    0.0000003   h 9/2    j13/2    0.0000003  128.9350
IndexWave =    1 IndxQP =  153 nIndx =  152
Elapsed Time
Seconds .............:           36.663000
Clock cycles ........:       36663
