   7.8987677256559E-04      2.0268119688774E-03
   4.1594748811702E-03      4.7127299269628E-03
   1.0212104777799E-02      7.3899311633605E-03
   1.8932798247440E-02      1.0047557182287E-02
   3.0298211235008E-02      1.2678166476837E-02
   4.4277744160092E-02      1.5274618596814E-02
   6.0833723883698E-02      1.7829901014243E-02
   7.9921523822532E-02      2.0337120729498E-02
   1.0148968919016E-01      2.2789516944043E-02
   1.2548007735335E-01      2.5180477621572E-02
   1.5182801521437E-01      2.7503556749980E-02
   1.8046247383822E-01      2.9752491500848E-02
   2.1130626006816E-01      3.1921219019360E-02
   2.4427622469390E-01      3.4003892725014E-02
   2.7928348664483E-01      3.5994898051156E-02
   3.1623367261928E-01      3.7888867569319E-02
   3.5502717151123E-01      3.9680695452460E-02
   3.9555940295228E-01      4.1365551235667E-02
   4.3772109924693E-01      4.2938892836021E-02
   4.8139859994239E-01      4.4396478795876E-02
   5.2647415823935E-01      4.5734379716206E-02
   5.7282625841807E-01      4.6948988849006E-02
   6.2032994342444E-01      4.8037031820067E-02
   6.6885715173289E-01      4.8995575455855E-02
   7.1827706257817E-01      4.9822035690650E-02
   7.6845644862551E-01      5.0514184532610E-02
   8.1926003512821E-01      5.1070156069958E-02
   8.7055086460480E-01      5.1488451501084E-02
   9.2219066605231E-01      5.1767943175014E-02
   9.7404022770070E-01      5.1907877631324E-02
   1.0259597723033E+00      5.1907877631324E-02
   1.0778093339517E+00      5.1767943175014E-02
   1.1294491353992E+00      5.1488451501084E-02
   1.1807399648758E+00      5.1070156069958E-02
   1.2315435513785E+00      5.0514184532610E-02
   1.2817229374258E+00      4.9822035690650E-02
   1.3311428482711E+00      4.8995575455855E-02
   1.3796700565796E+00      4.8037031820067E-02
   1.4271737415859E+00      4.6948988849006E-02
   1.4735258417647E+00      4.5734379716206E-02
   1.5186014000616E+00      4.4396478795876E-02
   1.5622789007571E+00      4.2938892836021E-02
   1.6044405970517E+00      4.1365551235667E-02
   1.6449728284928E+00      3.9680695452460E-02
   1.6837663273847E+00      3.7888867569319E-02
   1.7207165133592E+00      3.5994898051156E-02
   1.7557237753101E+00      3.4003892725014E-02
   1.7886937399358E+00      3.1921219019360E-02
   1.8195375261658E+00      2.9752491500848E-02
   1.8481719847896E+00      2.7503556749980E-02
   1.8745199226506E+00      2.5180477621572E-02
   1.8985103108138E+00      2.2789516944043E-02
   1.9200784761815E+00      2.0337120729498E-02
   1.9391662761203E+00      1.7829901014243E-02
   1.9557222558439E+00      1.5274618596814E-02
   1.9697017887690E+00      1.2678166476837E-02
   1.9810672017566E+00      1.0047557182287E-02
   1.9897878952262E+00      7.3899311633605E-03
   1.9958405251228E+00      4.7127299269628E-03
   1.9992101232314E+00      2.0268119688774E-03
   2.0039493838668E+00      1.0134059844363E-02
   2.0207973744098E+00      2.3563649634757E-02
   2.0510605238929E+00      3.6949655816714E-02
   2.0946639912410E+00      5.0237785911313E-02
   2.1514910561787E+00      6.3390832384035E-02
   2.2213887208039E+00      7.6373092983889E-02
   2.3041686194218E+00      8.9149505071001E-02
   2.3996076191157E+00      1.0168560364725E-01
   2.5074484459536E+00      1.1394758471994E-01
   2.6274003867693E+00      1.2590238810756E-01
   2.7591400760740E+00      1.3751778374957E-01
   2.9023123691929E+00      1.4876245750389E-01
   3.0565313003423E+00      1.5960609509642E-01
   3.2213811234706E+00      1.7001946362466E-01
   3.3964174332248E+00      1.7997449025535E-01
   3.5811683630966E+00      1.8944433784614E-01
   3.7751358575559E+00      1.9840347726182E-01
   3.9777970147607E+00      2.0682775617784E-01
   4.1886054962334E+00      2.1469446417959E-01
   4.4069929997102E+00      2.2198239397885E-01
   4.6323707911944E+00      2.2867189858048E-01
   4.8641312920875E+00      2.3474494424447E-01
   5.1016497171188E+00      2.4018515909976E-01
   5.3442857586604E+00      2.4497787727869E-01
   5.5913853128863E+00      2.4911017845265E-01
   5.8422822431223E+00      2.5257092266245E-01
   6.0963001756352E+00      2.5535078034918E-01
   6.3527543230175E+00      2.5744225750480E-01
   6.6109533302545E+00      2.5883971587445E-01
   6.8702011384958E+00      2.5953938815600E-01
   7.1297988615082E+00      2.5953938815600E-01
   7.3890466697495E+00      2.5883971587445E-01
   7.6472456769865E+00      2.5744225750480E-01
   7.9036998243688E+00      2.5535078034918E-01
   8.1577177568817E+00      2.5257092266245E-01
   8.4086146871177E+00      2.4911017845265E-01
   8.6557142413436E+00      2.4497787727869E-01
   8.8983502828852E+00      2.4018515909976E-01
   9.1358687079165E+00      2.3474494424447E-01
   9.3676292088096E+00      2.2867189858048E-01
   9.5930070002938E+00      2.2198239397885E-01
   9.8113945037706E+00      2.1469446417959E-01
   1.0022202985243E+01      2.0682775617784E-01
   1.0224864142448E+01      1.9840347726182E-01
   1.0418831636907E+01      1.8944433784614E-01
   1.0603582566779E+01      1.7997449025535E-01
   1.0778618876533E+01      1.7001946362466E-01
   1.0943468699662E+01      1.5960609509642E-01
   1.1097687630811E+01      1.4876245750389E-01
   1.1240859923930E+01      1.3751778374957E-01
   1.1372599613235E+01      1.2590238810756E-01
   1.1492551554050E+01      1.1394758471994E-01
   1.1600392380888E+01      1.0168560364725E-01
   1.1695831380582E+01      8.9149505071001E-02
   1.1778611279200E+01      7.6373092983889E-02
   1.1848508943825E+01      6.3390832384035E-02
   1.1905336008763E+01      5.0237785911313E-02
   1.1948939476111E+01      3.6949655816714E-02
   1.1979202625594E+01      2.3563649634757E-02
   1.1996050616137E+01      1.0134059844363E-02
