   0.00   -0.3856  0.0000   0.3856   -0.0351  0.0000   0.0351   -0.0087  0.0000   0.0087    0.0059  0.0000   0.0059   -0.0036  0.0000   0.0036
   2.00   -0.4023 -0.0052   0.4023   -0.0415 -0.0064   0.0420   -0.0097 -0.0014   0.0098    0.0059  0.0000   0.0059   -0.0039 -0.0005   0.0039
   4.00   -0.4166 -0.0144   0.4169   -0.0425 -0.0141   0.0448   -0.0095 -0.0026   0.0099    0.0060  0.0000   0.0060   -0.0038 -0.0008   0.0039
   6.00   -0.4288 -0.0254   0.4295   -0.0409 -0.0204   0.0457   -0.0092 -0.0034   0.0098    0.0060  0.0000   0.0060   -0.0038 -0.0010   0.0039
   8.00   -0.4391 -0.0372   0.4406   -0.0383 -0.0252   0.0458   -0.0088 -0.0040   0.0097    0.0060  0.0000   0.0060   -0.0037 -0.0012   0.0039
  10.00   -0.4478 -0.0496   0.4505   -0.0351 -0.0289   0.0455   -0.0085 -0.0045   0.0096    0.0060  0.0000   0.0060   -0.0036 -0.0013   0.0038
  12.00   -0.4552 -0.0621   0.4594   -0.0318 -0.0316   0.0448   -0.0081 -0.0049   0.0095    0.0061  0.0000   0.0061   -0.0035 -0.0015   0.0038
  14.00   -0.4615 -0.0748   0.4675   -0.0286 -0.0336   0.0441   -0.0078 -0.0051   0.0093    0.0061  0.0000   0.0061   -0.0034 -0.0016   0.0038
  16.00   -0.4668 -0.0875   0.4749   -0.0255 -0.0349   0.0432   -0.0074 -0.0054   0.0092    0.0061  0.0000   0.0061   -0.0034 -0.0016   0.0037
  18.00   -0.4713 -0.1002   0.4818   -0.0225 -0.0359   0.0423   -0.0071 -0.0056   0.0090    0.0062  0.0000   0.0062   -0.0033 -0.0017   0.0037
  20.00   -0.4750 -0.1128   0.4882   -0.0197 -0.0364   0.0414   -0.0068 -0.0058   0.0089    0.0062  0.0000   0.0062   -0.0032 -0.0018   0.0037
  22.00   -0.4780 -0.1253   0.4942   -0.0171 -0.0367   0.0405   -0.0065 -0.0059   0.0088    0.0062  0.0000   0.0062   -0.0031 -0.0018   0.0036
  24.00   -0.4804 -0.1378   0.4998   -0.0147 -0.0368   0.0396   -0.0062 -0.0060   0.0087    0.0063  0.0000   0.0063   -0.0031 -0.0019   0.0036
  26.00   -0.4822 -0.1501   0.5051   -0.0125 -0.0367   0.0387   -0.0060 -0.0061   0.0086    0.0063  0.0000   0.0063   -0.0030 -0.0019   0.0036
  28.00   -0.4835 -0.1624   0.5101   -0.0104 -0.0364   0.0379   -0.0058 -0.0062   0.0084    0.0064  0.0000   0.0064   -0.0030 -0.0020   0.0036
  30.00   -0.4843 -0.1745   0.5148   -0.0085 -0.0360   0.0370   -0.0055 -0.0062   0.0083    0.0064  0.0000   0.0064   -0.0029 -0.0020   0.0035
  32.00   -0.4846 -0.1864   0.5192   -0.0067 -0.0355   0.0362   -0.0053 -0.0063   0.0082    0.0064  0.0000   0.0064   -0.0028 -0.0021   0.0035
  34.00   -0.4844 -0.1983   0.5235   -0.0051 -0.0350   0.0354   -0.0051 -0.0063   0.0081    0.0065  0.0000   0.0065   -0.0028 -0.0021   0.0035
  36.00   -0.4838 -0.2100   0.5274   -0.0036 -0.0344   0.0346   -0.0049 -0.0063   0.0080    0.0065  0.0000   0.0065   -0.0027 -0.0021   0.0034
  38.00   -0.4828 -0.2215   0.5312   -0.0022 -0.0337   0.0338   -0.0047 -0.0064   0.0079    0.0065  0.0000   0.0065   -0.0027 -0.0021   0.0034
  40.00   -0.4814 -0.2329   0.5348   -0.0009 -0.0330   0.0330   -0.0045 -0.0064   0.0078    0.0066  0.0000   0.0066   -0.0026 -0.0022   0.0034
  42.00   -0.4797 -0.2442   0.5382    0.0002 -0.0323   0.0323   -0.0043 -0.0064   0.0077    0.0066  0.0000   0.0066   -0.0025 -0.0022   0.0033
  44.00   -0.4775 -0.2552   0.5415    0.0013 -0.0316   0.0316   -0.0042 -0.0064   0.0077    0.0067  0.0000   0.0067   -0.0025 -0.0022   0.0033
  46.00   -0.4751 -0.2661   0.5445    0.0023 -0.0308   0.0309   -0.0040 -0.0064   0.0076    0.0067  0.0000   0.0067   -0.0025 -0.0022   0.0033
  48.00   -0.4723 -0.2768   0.5474    0.0032 -0.0301   0.0303   -0.0038 -0.0064   0.0075    0.0067  0.0000   0.0067   -0.0024 -0.0023   0.0033
  50.00   -0.4692 -0.2873   0.5501    0.0040 -0.0293   0.0296   -0.0037 -0.0064   0.0074    0.0068  0.0000   0.0068   -0.0023 -0.0023   0.0033
  52.00   -0.4657 -0.2976   0.5527    0.0048 -0.0286   0.0290   -0.0036 -0.0064   0.0073    0.0068  0.0000   0.0068   -0.0023 -0.0023   0.0032
  54.00   -0.4620 -0.3078   0.5552    0.0055 -0.0278   0.0284   -0.0034 -0.0064   0.0073    0.0069  0.0000   0.0069   -0.0023 -0.0023   0.0033
  56.00   -0.4581 -0.3177   0.5575    0.0061 -0.0271   0.0278   -0.0033 -0.0063   0.0071    0.0069  0.0000   0.0069   -0.0022 -0.0023   0.0032
  58.00   -0.4538 -0.3274   0.5596    0.0067 -0.0264   0.0272   -0.0032 -0.0063   0.0071    0.0070  0.0000   0.0070   -0.0022 -0.0023   0.0032
  60.00   -0.4493 -0.3370   0.5616    0.0073 -0.0256   0.0266   -0.0031 -0.0063   0.0070    0.0070  0.0000   0.0070   -0.0022 -0.0023   0.0032
  62.00   -0.4446 -0.3463   0.5636    0.0078 -0.0249   0.0261   -0.0029 -0.0063   0.0070    0.0071  0.0000   0.0071   -0.0021 -0.0023   0.0032
  64.00   -0.4396 -0.3554   0.5653    0.0082 -0.0242   0.0255   -0.0028 -0.0062   0.0068    0.0071  0.0000   0.0071   -0.0020 -0.0024   0.0031
  66.00   -0.4344 -0.3643   0.5670    0.0086 -0.0235   0.0250    0.0072  0.0000   0.0072   -0.0027 -0.0062   0.0068   -0.0020 -0.0024   0.0031
  68.00   -0.4290 -0.3730   0.5685    0.0090 -0.0228   0.0245    0.0072  0.0000   0.0072   -0.0026 -0.0062   0.0068   -0.0020 -0.0023   0.0031
  70.00   -0.4235 -0.3815   0.5700    0.0093 -0.0221   0.0240    0.0073  0.0000   0.0073   -0.0025 -0.0062   0.0067   -0.0020 -0.0023   0.0031
  72.00   -0.4177 -0.3897   0.5713    0.0096 -0.0215   0.0235    0.0073  0.0000   0.0073   -0.0024 -0.0061   0.0066   -0.0019 -0.0024   0.0031
  74.00   -0.4117 -0.3978   0.5725    0.0099 -0.0208   0.0231    0.0074  0.0000   0.0074   -0.0023 -0.0061   0.0065   -0.0018 -0.0024   0.0030
  76.00   -0.4056 -0.4056   0.5736    0.0101 -0.0202   0.0226    0.0075  0.0000   0.0075   -0.0022 -0.0061   0.0065   -0.0018 -0.0024   0.0030
  78.00   -0.3993 -0.4132   0.5746    0.0103 -0.0196   0.0221    0.0075  0.0000   0.0075   -0.0022 -0.0061   0.0065   -0.0018 -0.0023   0.0030
  80.00   -0.3929 -0.4205   0.5755    0.0105 -0.0190   0.0217    0.0076  0.0000   0.0076   -0.0020 -0.0060   0.0064   -0.0018 -0.0025   0.0031
  82.00   -0.3863 -0.4277   0.5763    0.0106 -0.0184   0.0212    0.0076  0.0000   0.0076   -0.0019 -0.0060   0.0063   -0.0017 -0.0025   0.0030
  84.00   -0.3796 -0.4346   0.5770    0.0108 -0.0178   0.0208    0.0077  0.0000   0.0077   -0.0019 -0.0059   0.0062   -0.0017 -0.0024   0.0030
  86.00   -0.3728 -0.4413   0.5777    0.0109 -0.0172   0.0204    0.0078  0.0000   0.0078   -0.0018 -0.0059   0.0062   -0.0016 -0.0024   0.0029
  88.00   -0.3658 -0.4478   0.5782    0.0110 -0.0167   0.0200    0.0078  0.0000   0.0078   -0.0018 -0.0059   0.0062   -0.0016 -0.0023   0.0029
  90.00   -0.3587 -0.4540   0.5787    0.0111 -0.0161   0.0196    0.0079  0.0000   0.0079   -0.0016 -0.0059   0.0061   -0.0017 -0.0025   0.0030
  92.00   -0.3516 -0.4601   0.5790    0.0111 -0.0156   0.0192    0.0080  0.0000   0.0080   -0.0015 -0.0058   0.0060   -0.0016 -0.0025   0.0030
  94.00   -0.3443 -0.4659   0.5793    0.0112 -0.0151   0.0188    0.0081  0.0000   0.0081   -0.0015 -0.0058   0.0060   -0.0015 -0.0025   0.0029
  96.00   -0.3370 -0.4715   0.5795    0.0112 -0.0146   0.0184    0.0082  0.0000   0.0082   -0.0015 -0.0058   0.0059   -0.0015 -0.0024   0.0028
  98.00   -0.3296 -0.4769   0.5797    0.0112 -0.0141   0.0180    0.0082  0.0001   0.0082   -0.0014 -0.0057   0.0059   -0.0014 -0.0024   0.0028
 100.00   -0.3221 -0.4820   0.5797    0.0112 -0.0136   0.0176    0.0083  0.0001   0.0083   -0.0013 -0.0057   0.0059   -0.0016 -0.0025   0.0029
 102.00   -0.3145 -0.4870   0.5797    0.0112 -0.0132   0.0173    0.0084  0.0001   0.0084   -0.0012 -0.0057   0.0058   -0.0015 -0.0025   0.0029
 104.00   -0.3069 -0.4917   0.5796    0.0111 -0.0128   0.0169    0.0085  0.0001   0.0085   -0.0012 -0.0056   0.0057   -0.0014 -0.0025   0.0029
 106.00   -0.2993 -0.4962   0.5795    0.0111 -0.0123   0.0166    0.0086  0.0001   0.0086   -0.0011 -0.0056   0.0057   -0.0014 -0.0025   0.0028
 108.00   -0.2916 -0.5005   0.5793    0.0110 -0.0119   0.0162    0.0087  0.0001   0.0087   -0.0011 -0.0055   0.0056   -0.0013 -0.0025   0.0028
 110.00   -0.2838 -0.5046   0.5790    0.0109 -0.0115   0.0158    0.0088  0.0001   0.0088   -0.0010 -0.0056   0.0057   -0.0015 -0.0024   0.0029
 112.00   -0.2760 -0.5085   0.5786    0.0108 -0.0111   0.0155    0.0089  0.0002   0.0089   -0.0009 -0.0055   0.0056   -0.0014 -0.0025   0.0029
 114.00   -0.2682 -0.5122   0.5782    0.0107 -0.0107   0.0152    0.0090  0.0002   0.0090   -0.0009 -0.0055   0.0055   -0.0014 -0.0025   0.0029
 116.00   -0.2604 -0.5157   0.5777    0.0106 -0.0103   0.0148    0.0091  0.0002   0.0092   -0.0008 -0.0054   0.0055   -0.0013 -0.0025   0.0028
 118.00   -0.2526 -0.5190   0.5772    0.0105 -0.0100   0.0145    0.0093  0.0002   0.0093   -0.0008 -0.0054   0.0054   -0.0012 -0.0025   0.0027
 120.00   -0.2447 -0.5221   0.5766    0.0104 -0.0096   0.0142    0.0094  0.0003   0.0094   -0.0008 -0.0054   0.0055   -0.0014 -0.0024   0.0027
 122.00   -0.2369 -0.5250   0.5760    0.0102 -0.0093   0.0138    0.0095  0.0003   0.0095   -0.0007 -0.0054   0.0054   -0.0014 -0.0024   0.0028
 124.00   -0.2290 -0.5277   0.5753    0.0101 -0.0090   0.0135    0.0097  0.0004   0.0097   -0.0006 -0.0053   0.0054   -0.0013 -0.0025   0.0028
 126.00   -0.2212 -0.5302   0.5745    0.0099 -0.0087   0.0132    0.0098  0.0005   0.0098   -0.0006 -0.0053   0.0053   -0.0012 -0.0025   0.0028
 128.00   -0.2133 -0.5326   0.5737    0.0098 -0.0085   0.0129    0.0099  0.0005   0.0100   -0.0006 -0.0052   0.0052   -0.0012 -0.0025   0.0028
 130.00   -0.2055 -0.5347   0.5729    0.0096 -0.0082   0.0126    0.0101  0.0006   0.0101   -0.0003 -0.0051   0.0051   -0.0014 -0.0029   0.0032
 132.00   -0.1976 -0.5367   0.5720    0.0094 -0.0080   0.0123    0.0102  0.0007   0.0102   -0.0005 -0.0052   0.0053   -0.0013 -0.0023   0.0027
 134.00   -0.1899 -0.5385   0.5710    0.0092 -0.0077   0.0120    0.0103  0.0008   0.0104   -0.0004 -0.0052   0.0052   -0.0013 -0.0024   0.0027
 136.00   -0.1821 -0.5402   0.5700    0.0091 -0.0075   0.0118    0.0105  0.0009   0.0105   -0.0004 -0.0051   0.0052   -0.0012 -0.0024   0.0027
 138.00   -0.1743 -0.5416   0.5690    0.0089 -0.0074   0.0115    0.0106  0.0011   0.0107   -0.0004 -0.0051   0.0051   -0.0012 -0.0025   0.0027
 140.00   -0.1666 -0.5429   0.5679    0.0087 -0.0072   0.0113    0.0107  0.0012   0.0108   -0.0003 -0.0050   0.0050   -0.0011 -0.0025   0.0027
 142.00   -0.1589 -0.5440   0.5668    0.0086 -0.0071   0.0111    0.0108  0.0014   0.0109   -0.0004 -0.0051   0.0051   -0.0012 -0.0018   0.0022
 144.00   -0.1513 -0.5450   0.5656    0.0084 -0.0069   0.0109    0.0109  0.0015   0.0110   -0.0003 -0.0051   0.0051   -0.0011 -0.0023   0.0025
 146.00   -0.1437 -0.5458   0.5644    0.0110  0.0017   0.0112    0.0082 -0.0068   0.0107   -0.0002 -0.0050   0.0050   -0.0011 -0.0023   0.0026
 148.00   -0.1362 -0.5464   0.5632    0.0111  0.0018   0.0113    0.0081 -0.0067   0.0105   -0.0002 -0.0050   0.0050   -0.0011 -0.0024   0.0026
 150.00   -0.1287 -0.5469   0.5619    0.0112  0.0020   0.0114    0.0080 -0.0066   0.0103   -0.0002 -0.0049   0.0049   -0.0011 -0.0024   0.0027
