   0.00   -0.4246  0.0000   0.4246   -0.0542  0.0000   0.0542   -0.0147  0.0000   0.0147   -0.0063  0.0000   0.0063   -0.0034  0.0000   0.0034
   2.00   -0.4430 -0.0062   0.4431   -0.0647 -0.0120   0.0658   -0.0163 -0.0029   0.0165   -0.0067 -0.0009   0.0068   -0.0036 -0.0004   0.0036
   4.00   -0.4582 -0.0169   0.4585   -0.0648 -0.0253   0.0696   -0.0159 -0.0050   0.0167   -0.0066 -0.0015   0.0068   -0.0035 -0.0006   0.0036
   6.00   -0.4706 -0.0292   0.4715   -0.0609 -0.0354   0.0704   -0.0152 -0.0064   0.0165   -0.0065 -0.0019   0.0068   -0.0035 -0.0008   0.0036
   8.00   -0.4807 -0.0421   0.4826   -0.0554 -0.0426   0.0699   -0.0145 -0.0075   0.0163   -0.0063 -0.0023   0.0067   -0.0034 -0.0009   0.0036
  10.00   -0.4892 -0.0552   0.4923   -0.0496 -0.0477   0.0688   -0.0137 -0.0083   0.0160   -0.0061 -0.0025   0.0066   -0.0034 -0.0011   0.0035
  12.00   -0.4965 -0.0682   0.5011   -0.0438 -0.0512   0.0674   -0.0130 -0.0089   0.0158   -0.0060 -0.0027   0.0066   -0.0033 -0.0012   0.0035
  14.00   -0.5027 -0.0812   0.5092   -0.0384 -0.0535   0.0658   -0.0123 -0.0093   0.0155   -0.0058 -0.0029   0.0065   -0.0033 -0.0012   0.0035
  16.00   -0.5080 -0.0942   0.5167   -0.0333 -0.0549   0.0642   -0.0117 -0.0097   0.0152   -0.0057 -0.0031   0.0064   -0.0032 -0.0013   0.0035
  18.00   -0.5126 -0.1070   0.5237   -0.0286 -0.0557   0.0626   -0.0111 -0.0100   0.0150   -0.0055 -0.0032   0.0064   -0.0032 -0.0014   0.0034
  20.00   -0.5165 -0.1198   0.5302   -0.0243 -0.0559   0.0609   -0.0105 -0.0103   0.0147   -0.0054 -0.0033   0.0063   -0.0031 -0.0014   0.0034
  22.00   -0.5198 -0.1325   0.5365   -0.0203 -0.0558   0.0594   -0.0100 -0.0105   0.0145   -0.0052 -0.0034   0.0063   -0.0031 -0.0015   0.0034
  24.00   -0.5226 -0.1451   0.5424   -0.0167 -0.0553   0.0578   -0.0095 -0.0106   0.0142   -0.0051 -0.0035   0.0062   -0.0030 -0.0015   0.0034
  26.00   -0.5248 -0.1577   0.5480   -0.0134 -0.0547   0.0563   -0.0090 -0.0107   0.0140   -0.0050 -0.0036   0.0061   -0.0029 -0.0016   0.0033
  28.00   -0.5265 -0.1701   0.5533   -0.0105 -0.0538   0.0548   -0.0086 -0.0109   0.0138   -0.0049 -0.0037   0.0061   -0.0029 -0.0016   0.0033
  30.00   -0.5278 -0.1825   0.5584   -0.0078 -0.0529   0.0534   -0.0081 -0.0109   0.0136   -0.0047 -0.0038   0.0061   -0.0029 -0.0017   0.0034
  32.00   -0.5286 -0.1948   0.5633   -0.0053 -0.0518   0.0521   -0.0078 -0.0110   0.0134   -0.0046 -0.0038   0.0060   -0.0028 -0.0017   0.0033
  34.00   -0.5289 -0.2070   0.5680   -0.0030 -0.0507   0.0508   -0.0073 -0.0110   0.0132   -0.0045 -0.0038   0.0060   -0.0028 -0.0017   0.0033
  36.00   -0.5289 -0.2191   0.5725   -0.0010 -0.0496   0.0496   -0.0070 -0.0110   0.0130   -0.0044 -0.0039   0.0058   -0.0027 -0.0018   0.0032
  38.00   -0.5284 -0.2311   0.5767    0.0008 -0.0483   0.0484   -0.0067 -0.0110   0.0129   -0.0043 -0.0039   0.0058   -0.0026 -0.0018   0.0032
  40.00   -0.5276 -0.2430   0.5808    0.0025 -0.0471   0.0472   -0.0063 -0.0110   0.0127   -0.0043 -0.0040   0.0058   -0.0027 -0.0018   0.0032
  42.00   -0.5263 -0.2547   0.5847    0.0040 -0.0459   0.0461   -0.0060 -0.0109   0.0125   -0.0040 -0.0040   0.0057   -0.0026 -0.0019   0.0032
  44.00   -0.5247 -0.2663   0.5885    0.0054 -0.0447   0.0450   -0.0058 -0.0109   0.0123   -0.0040 -0.0040   0.0056   -0.0025 -0.0019   0.0031
  46.00   -0.5228 -0.2778   0.5920    0.0067 -0.0434   0.0439   -0.0055 -0.0109   0.0122   -0.0040 -0.0040   0.0056   -0.0025 -0.0018   0.0031
  48.00   -0.5205 -0.2892   0.5954    0.0078 -0.0422   0.0429   -0.0051 -0.0109   0.0121   -0.0039 -0.0041   0.0057   -0.0025 -0.0018   0.0031
  50.00   -0.5179 -0.3003   0.5987    0.0088 -0.0411   0.0420   -0.0050 -0.0107   0.0118   -0.0036 -0.0041   0.0054   -0.0024 -0.0021   0.0032
  52.00   -0.5150 -0.3114   0.6018    0.0098 -0.0399   0.0411   -0.0047 -0.0108   0.0118   -0.0036 -0.0040   0.0054   -0.0023 -0.0020   0.0030
  54.00   -0.5117 -0.3223   0.6047    0.0106 -0.0387   0.0401   -0.0045 -0.0108   0.0117   -0.0036 -0.0040   0.0055   -0.0023 -0.0018   0.0029
  56.00   -0.5082 -0.3330   0.6075    0.0114 -0.0376   0.0393   -0.0042 -0.0105   0.0113   -0.0033 -0.0042   0.0054   -0.0025 -0.0021   0.0033
  58.00   -0.5043 -0.3435   0.6102    0.0121 -0.0365   0.0385   -0.0041 -0.0105   0.0113   -0.0033 -0.0041   0.0053   -0.0023 -0.0022   0.0032
  60.00   -0.5002 -0.3539   0.6127    0.0127 -0.0354   0.0377   -0.0039 -0.0105   0.0112   -0.0033 -0.0040   0.0052   -0.0021 -0.0022   0.0030
  62.00   -0.4958 -0.3641   0.6151    0.0133 -0.0344   0.0368   -0.0036 -0.0105   0.0111   -0.0033 -0.0040   0.0053   -0.0021 -0.0019   0.0028
  64.00   -0.4912 -0.3740   0.6174    0.0137 -0.0334   0.0361   -0.0034 -0.0103   0.0108   -0.0031 -0.0044   0.0053   -0.0025 -0.0022   0.0033
  66.00   -0.4863 -0.3838   0.6195    0.0142 -0.0324   0.0354   -0.0033 -0.0102   0.0107   -0.0029 -0.0042   0.0051   -0.0023 -0.0023   0.0033
  68.00   -0.4812 -0.3934   0.6216    0.0147 -0.0314   0.0347   -0.0031 -0.0102   0.0107   -0.0029 -0.0041   0.0050   -0.0021 -0.0024   0.0032
  70.00   -0.4758 -0.4028   0.6235    0.0150 -0.0305   0.0340   -0.0030 -0.0102   0.0106   -0.0030 -0.0040   0.0050   -0.0017 -0.0022   0.0028
  72.00   -0.4703 -0.4120   0.6252    0.0153 -0.0296   0.0333   -0.0026 -0.0100   0.0104   -0.0029 -0.0044   0.0053   -0.0024 -0.0021   0.0032
  74.00   -0.4645 -0.4210   0.6269    0.0156 -0.0287   0.0327   -0.0026 -0.0099   0.0102   -0.0027 -0.0044   0.0051   -0.0023 -0.0023   0.0033
  76.00   -0.4585 -0.4298   0.6284    0.0159 -0.0278   0.0320   -0.0025 -0.0099   0.0102   -0.0025 -0.0042   0.0049   -0.0022 -0.0024   0.0033
  78.00   -0.4523 -0.4383   0.6299    0.0161 -0.0270   0.0314   -0.0024 -0.0099   0.0101   -0.0025 -0.0040   0.0047   -0.0020 -0.0026   0.0032
  80.00   -0.4460 -0.4467   0.6312    0.0162 -0.0262   0.0308   -0.0020 -0.0098   0.0100   -0.0029 -0.0044   0.0053   -0.0023 -0.0020   0.0030
  82.00   -0.4394 -0.4548   0.6324    0.0164 -0.0254   0.0302   -0.0019 -0.0096   0.0098   -0.0026 -0.0045   0.0052   -0.0023 -0.0021   0.0031
  84.00   -0.4327 -0.4627   0.6335    0.0166 -0.0246   0.0297   -0.0019 -0.0095   0.0097   -0.0024 -0.0044   0.0050   -0.0023 -0.0023   0.0032
  86.00   -0.4259 -0.4704   0.6346    0.0167 -0.0239   0.0292   -0.0018 -0.0095   0.0097   -0.0022 -0.0043   0.0048   -0.0022 -0.0025   0.0033
  88.00   -0.4189 -0.4779   0.6355    0.0168 -0.0232   0.0286   -0.0018 -0.0095   0.0096   -0.0021 -0.0040   0.0045   -0.0021 -0.0027   0.0034
  90.00   -0.4118 -0.4851   0.6363    0.0168 -0.0225   0.0281   -0.0014 -0.0095   0.0096   -0.0026 -0.0044   0.0051   -0.0022 -0.0019   0.0029
  92.00   -0.4045 -0.4921   0.6370    0.0169 -0.0218   0.0276   -0.0013 -0.0093   0.0094   -0.0024 -0.0045   0.0051   -0.0022 -0.0021   0.0030
  94.00   -0.3971 -0.4989   0.6377    0.0170 -0.0212   0.0271   -0.0013 -0.0092   0.0093   -0.0022 -0.0045   0.0050   -0.0022 -0.0022   0.0031
  96.00   -0.3896 -0.5055   0.6383    0.0170 -0.0205   0.0267   -0.0012 -0.0091   0.0092   -0.0020 -0.0044   0.0048   -0.0022 -0.0024   0.0033
  98.00   -0.3820 -0.5119   0.6387    0.0170 -0.0199   0.0262   -0.0013 -0.0092   0.0093   -0.0020 -0.0036   0.0041   -0.0016 -0.0031   0.0035
 100.00   -0.3743 -0.5180   0.6391    0.0170 -0.0193   0.0257   -0.0009 -0.0091   0.0092   -0.0025 -0.0043   0.0050   -0.0020 -0.0019   0.0028
 102.00   -0.3665 -0.5239   0.6394    0.0170 -0.0187   0.0253   -0.0008 -0.0090   0.0090   -0.0023 -0.0045   0.0050   -0.0021 -0.0020   0.0029
 104.00   -0.3586 -0.5296   0.6396    0.0170 -0.0182   0.0248   -0.0007 -0.0088   0.0089   -0.0021 -0.0045   0.0050   -0.0021 -0.0021   0.0030
 106.00   -0.3507 -0.5351   0.6398    0.0169 -0.0176   0.0244   -0.0007 -0.0087   0.0087   -0.0019 -0.0045   0.0049   -0.0022 -0.0023   0.0031
 108.00   -0.3426 -0.5404   0.6398    0.0169 -0.0171   0.0240   -0.0008 -0.0087   0.0087   -0.0015 -0.0042   0.0045   -0.0021 -0.0026   0.0033
 110.00   -0.3345 -0.5454   0.6398    0.0168 -0.0165   0.0236   -0.0005 -0.0089   0.0089   -0.0023 -0.0042   0.0048   -0.0019 -0.0017   0.0026
 112.00   -0.3264 -0.5502   0.6397    0.0168 -0.0161   0.0232   -0.0003 -0.0087   0.0087   -0.0022 -0.0043   0.0049   -0.0020 -0.0019   0.0027
 114.00   -0.3182 -0.5548   0.6396    0.0167 -0.0156   0.0228   -0.0003 -0.0086   0.0086   -0.0021 -0.0044   0.0049   -0.0020 -0.0020   0.0028
 116.00   -0.3100 -0.5592   0.6393    0.0166 -0.0151   0.0225   -0.0002 -0.0084   0.0084   -0.0019 -0.0045   0.0049   -0.0021 -0.0021   0.0030
 118.00   -0.3017 -0.5634   0.6391    0.0166 -0.0147   0.0221   -0.0002 -0.0083   0.0083   -0.0016 -0.0045   0.0048   -0.0021 -0.0023   0.0031
 120.00   -0.2933 -0.5673   0.6387    0.0165 -0.0142   0.0217   -0.0002 -0.0086   0.0086   -0.0022 -0.0039   0.0045   -0.0005 -0.0025   0.0026
 122.00   -0.2850 -0.5711   0.6382    0.0164 -0.0138   0.0214   -0.0000 -0.0085   0.0085   -0.0021 -0.0041   0.0046   -0.0018 -0.0017   0.0025
 124.00   -0.2766 -0.5746   0.6378    0.0163 -0.0134   0.0211    0.0001 -0.0083   0.0083   -0.0020 -0.0043   0.0047   -0.0019 -0.0018   0.0026
 126.00   -0.2683 -0.5780   0.6372    0.0162 -0.0130   0.0207    0.0002 -0.0082   0.0082   -0.0019 -0.0044   0.0048   -0.0019 -0.0020   0.0028
 128.00   -0.2599 -0.5811   0.6366    0.0161 -0.0126   0.0204    0.0002 -0.0080   0.0080   -0.0017 -0.0045   0.0048   -0.0020 -0.0021   0.0029
 130.00   -0.2514 -0.5842   0.6360    0.0161 -0.0122   0.0202   -0.0011 -0.0083   0.0084    0.0011 -0.0047   0.0048   -0.0031 -0.0028   0.0042
 132.00   -0.2431 -0.5869   0.6352    0.0159 -0.0118   0.0198    0.0002 -0.0082   0.0082   -0.0020 -0.0038   0.0043   -0.0005 -0.0027   0.0027
 134.00   -0.2347 -0.5894   0.6344    0.0157 -0.0114   0.0195    0.0003 -0.0081   0.0081   -0.0020 -0.0040   0.0044   -0.0003 -0.0024   0.0024
 136.00   -0.2263 -0.5918   0.6336    0.0156 -0.0111   0.0192    0.0004 -0.0080   0.0080   -0.0019 -0.0042   0.0046   -0.0018 -0.0018   0.0025
 138.00   -0.2179 -0.5940   0.6327    0.0155 -0.0108   0.0189    0.0005 -0.0078   0.0079   -0.0018 -0.0043   0.0047   -0.0019 -0.0019   0.0027
 140.00   -0.2096 -0.5960   0.6318    0.0154 -0.0104   0.0186    0.0006 -0.0077   0.0077   -0.0016 -0.0044   0.0047   -0.0019 -0.0020   0.0028
 142.00   -0.2012 -0.5978   0.6308    0.0153 -0.0101   0.0183    0.0003 -0.0078   0.0078   -0.0019 -0.0033   0.0038   -0.0005 -0.0034   0.0034
 144.00   -0.1929 -0.5994   0.6297    0.0151 -0.0098   0.0180    0.0005 -0.0078   0.0078   -0.0018 -0.0036   0.0040   -0.0004 -0.0029   0.0030
 146.00   -0.1846 -0.6009   0.6286    0.0150 -0.0095   0.0177    0.0006 -0.0077   0.0078   -0.0018 -0.0038   0.0042   -0.0003 -0.0026   0.0026
 148.00   -0.1764 -0.6022   0.6275    0.0149 -0.0092   0.0175    0.0007 -0.0077   0.0077   -0.0018 -0.0040   0.0044   -0.0017 -0.0017   0.0024
 150.00   -0.1682 -0.6033   0.6263    0.0147 -0.0089   0.0172    0.0008 -0.0075   0.0076   -0.0017 -0.0042   0.0045   -0.0018 -0.0018   0.0025
