   0.00    0.9254  0.0000   0.9254   -0.1429  0.0000   0.1429    0.0507  0.0000   0.0507    0.0171 -0.0000   0.0171    0.0098 -0.0000   0.0098
   2.00    0.8189  0.3558   0.8929   -0.1443 -0.0021   0.1443    0.0440  0.0155   0.0466    0.0163  0.0029   0.0165    0.0097  0.0012   0.0097
   4.00    0.7288  0.4681   0.8662   -0.1456 -0.0032   0.1457    0.0393  0.0189   0.0436    0.0156  0.0037   0.0160    0.0095  0.0016   0.0097
   6.00    0.6495  0.5373   0.8429   -0.1469 -0.0042   0.1470    0.0358  0.0204   0.0412    0.0150  0.0043   0.0156    0.0094  0.0019   0.0096
   8.00    0.5783  0.5843   0.8221   -0.1481 -0.0051   0.1482    0.0330  0.0211   0.0392    0.0145  0.0046   0.0152    0.0093  0.0022   0.0096
  10.00    0.5135  0.6173   0.8030   -0.1493 -0.0060   0.1494    0.0308  0.0214   0.0375    0.0140  0.0049   0.0149    0.0092  0.0024   0.0095
  12.00    0.4540  0.6407   0.7852   -0.1504 -0.0068   0.1505    0.0290  0.0215   0.0361    0.0136  0.0050   0.0145    0.0091  0.0026   0.0095
  14.00    0.3989  0.6569   0.7685   -0.1515 -0.0076   0.1516    0.0275  0.0215   0.0349    0.0133  0.0052   0.0142    0.0090  0.0028   0.0094
  16.00    0.3478  0.6675   0.7527   -0.1525 -0.0084   0.1528    0.0262  0.0214   0.0338    0.0130  0.0052   0.0140    0.0090  0.0029   0.0094
  18.00    0.3002  0.6737   0.7375   -0.1536 -0.0091   0.1538    0.0251  0.0212   0.0329    0.0127  0.0053   0.0137    0.0089  0.0031   0.0094
  20.00    0.2557  0.6763   0.7230   -0.1546 -0.0098   0.1549    0.0241  0.0211   0.0320    0.0124  0.0053   0.0135    0.0088  0.0032   0.0094
  22.00    0.2141  0.6759   0.7090   -0.1556 -0.0105   0.1560    0.0232  0.0209   0.0313    0.0122  0.0053   0.0133    0.0087  0.0033   0.0093
  24.00    0.1752  0.6731   0.6955   -0.1567 -0.0112   0.1571    0.0225  0.0207   0.0305    0.0120  0.0053   0.0131    0.0086  0.0035   0.0093
  26.00    0.1386  0.6682   0.6824   -0.1577 -0.0118   0.1581    0.0218  0.0205   0.0299    0.0118  0.0053   0.0129    0.0086  0.0036   0.0093
  28.00    0.1043  0.6615   0.6697   -0.1587 -0.0123   0.1592    0.0212  0.0203   0.0293    0.0116  0.0053   0.0128    0.0085  0.0037   0.0093
  30.00    0.0721  0.6533   0.6573   -0.1598 -0.0129   0.1603    0.0206  0.0201   0.0288    0.0115  0.0052   0.0126    0.0084  0.0038   0.0093
  32.00    0.0418  0.6438   0.6452   -0.1609 -0.0134   0.1614    0.0201  0.0199   0.0283    0.0114  0.0052   0.0125    0.0083  0.0039   0.0092
  34.00    0.0134  0.6332   0.6333   -0.1619 -0.0139   0.1625    0.0196  0.0197   0.0278    0.0112  0.0052   0.0124    0.0083  0.0040   0.0092
  36.00   -0.0133  0.6216   0.6217   -0.1630 -0.0143   0.1636    0.0192  0.0195   0.0274    0.0111  0.0052   0.0123    0.0082  0.0042   0.0092
  38.00   -0.0383  0.6091   0.6103   -0.1641 -0.0148   0.1648    0.0188  0.0194   0.0270    0.0110  0.0051   0.0122    0.0081  0.0042   0.0091
  40.00   -0.0617  0.5960   0.5991   -0.1653 -0.0152   0.1660    0.0184  0.0192   0.0266    0.0110  0.0051   0.0121    0.0080  0.0044   0.0091
  42.00   -0.0837  0.5822   0.5882   -0.1664 -0.0155   0.1672    0.0181  0.0190   0.0262    0.0109  0.0050   0.0120    0.0079  0.0044   0.0090
  44.00   -0.1042  0.5678   0.5773   -0.1676 -0.0158   0.1684    0.0177  0.0188   0.0259    0.0108  0.0050   0.0119    0.0078  0.0045   0.0090
  46.00   -0.1234  0.5530   0.5667   -0.1689 -0.0161   0.1696    0.0174  0.0187   0.0256    0.0108  0.0050   0.0119    0.0078  0.0046   0.0090
  48.00   -0.1413  0.5379   0.5561   -0.1701 -0.0164   0.1709    0.0172  0.0185   0.0252    0.0107  0.0049   0.0118    0.0076  0.0047   0.0089
  50.00   -0.1580  0.5224   0.5457   -0.1715 -0.0166   0.1723    0.0169  0.0184   0.0250    0.0107  0.0049   0.0118    0.0075  0.0047   0.0089
  52.00   -0.1735  0.5065   0.5354   -0.1728 -0.0167   0.1736    0.0167  0.0182   0.0247    0.0107  0.0049   0.0117    0.0075  0.0048   0.0089
  54.00   -0.1878  0.4905   0.5252   -0.1742 -0.0169   0.1750    0.0164  0.0181   0.0244    0.0106  0.0049   0.0117    0.0074  0.0049   0.0089
  56.00   -0.2011  0.4743   0.5152   -0.1757 -0.0170   0.1765    0.0162  0.0179   0.0242    0.0106  0.0048   0.0117    0.0072  0.0049   0.0087
  58.00   -0.2133  0.4579   0.5051   -0.1772 -0.0170   0.1781    0.0160  0.0178   0.0240    0.0106  0.0048   0.0116    0.0072  0.0050   0.0087
  60.00   -0.2245  0.4414   0.4952   -0.1788 -0.0170   0.1797    0.0158  0.0177   0.0238    0.0105  0.0048   0.0116    0.0071  0.0050   0.0087
  62.00   -0.2347  0.4248   0.4853   -0.1805 -0.0169   0.1813    0.0157  0.0176   0.0235    0.0105  0.0048   0.0116    0.0070  0.0051   0.0087
  64.00   -0.2439  0.4081   0.4754   -0.1823 -0.0168   0.1831    0.0155  0.0174   0.0233    0.0105  0.0048   0.0116    0.0069  0.0051   0.0086
  66.00   -0.2523  0.3914   0.4656   -0.1842 -0.0166   0.1849    0.0154  0.0173   0.0232    0.0105  0.0048   0.0115    0.0068  0.0051   0.0085
  68.00   -0.2597  0.3746   0.4558   -0.1861 -0.0164   0.1869    0.0152  0.0172   0.0230    0.0105  0.0048   0.0115    0.0068  0.0052   0.0085
  70.00   -0.2662  0.3578   0.4460   -0.1882 -0.0161   0.1889    0.0150  0.0171   0.0228    0.0104  0.0048   0.0115    0.0067  0.0052   0.0085
  72.00   -0.2719  0.3411   0.4362   -0.1904 -0.0157   0.1911    0.0149  0.0170   0.0226    0.0105  0.0048   0.0115    0.0065  0.0053   0.0084
  74.00   -0.2767  0.3243   0.4263   -0.1928 -0.0152   0.1934    0.0148  0.0169   0.0225    0.0104  0.0048   0.0115    0.0065  0.0053   0.0083
  76.00   -0.2806  0.3076   0.4164   -0.1954 -0.0146   0.1959    0.0147  0.0168   0.0223    0.0104  0.0048   0.0115    0.0064  0.0053   0.0083
  78.00   -0.2838  0.2909   0.4064   -0.1981 -0.0140   0.1986    0.0146  0.0168   0.0222    0.0104  0.0048   0.0115    0.0064  0.0053   0.0083
  80.00   -0.2860  0.2742   0.3962   -0.2011 -0.0132   0.2015    0.0145  0.0166   0.0220    0.0104  0.0048   0.0114    0.0062  0.0054   0.0082
  82.00   -0.2874  0.2576   0.3859   -0.2043 -0.0123   0.2047    0.0144  0.0166   0.0219    0.0104  0.0048   0.0115    0.0061  0.0054   0.0081
  84.00   -0.2879  0.2409   0.3754   -0.2079 -0.0112   0.2082    0.0143  0.0165   0.0218    0.0104  0.0048   0.0114    0.0061  0.0054   0.0081
  86.00   -0.2875  0.2243   0.3646   -0.2118 -0.0100   0.2120    0.0142  0.0164   0.0217    0.0104  0.0048   0.0114    0.0061  0.0054   0.0081
  88.00   -0.2860  0.2076   0.3535   -0.2163 -0.0085   0.2164    0.0141  0.0164   0.0216    0.0104  0.0048   0.0114    0.0060  0.0054   0.0081
  90.00   -0.2834  0.1910   0.3418   -0.2213 -0.0069   0.2215    0.0140  0.0163   0.0215    0.0104  0.0048   0.0114    0.0058  0.0055   0.0080
  92.00   -0.2795  0.1743   0.3294   -0.2273 -0.0050   0.2273    0.0139  0.0162   0.0214    0.0104  0.0048   0.0114    0.0058  0.0055   0.0079
  94.00   -0.2739  0.1577   0.3161   -0.2344 -0.0030   0.2344    0.0138  0.0161   0.0213    0.0104  0.0048   0.0114    0.0057  0.0054   0.0079
  96.00   -0.2661  0.1414   0.3014   -0.2433 -0.0011   0.2433    0.0138  0.0161   0.0212    0.0103  0.0049   0.0114    0.0057  0.0054   0.0079
  98.00   -0.2555  0.1262   0.2850   -0.2546 -0.0000   0.2546    0.0137  0.0160   0.0211    0.0103  0.0049   0.0114    0.0057  0.0054   0.0078
 100.00   -0.2420  0.1140   0.2675   -0.2683 -0.0017   0.2683    0.0136  0.0159   0.0210    0.0103  0.0049   0.0114    0.0055  0.0056   0.0078
 102.00   -0.2823 -0.0078   0.2824   -0.2279  0.1064   0.2515    0.0136  0.0159   0.0209    0.0103  0.0049   0.0114    0.0054  0.0055   0.0077
 104.00   -0.2941 -0.0171   0.2946   -0.2155  0.1021   0.2385    0.0135  0.0159   0.0208    0.0103  0.0049   0.0114    0.0054  0.0055   0.0077
 106.00   -0.3035 -0.0277   0.3048   -0.2053  0.0995   0.2282    0.0134  0.0158   0.0208    0.0103  0.0049   0.0114    0.0053  0.0055   0.0077
 108.00   -0.3109 -0.0388   0.3133   -0.1967  0.0977   0.2196    0.0134  0.0158   0.0207    0.0103  0.0049   0.0114    0.0053  0.0055   0.0076
 110.00   -0.3166 -0.0500   0.3206   -0.1894  0.0961   0.2124    0.0133  0.0157   0.0206    0.0103  0.0049   0.0114    0.0052  0.0056   0.0076
 112.00   -0.3212 -0.0612   0.3270   -0.1830  0.0947   0.2061    0.0133  0.0157   0.0205    0.0103  0.0049   0.0114    0.0051  0.0056   0.0075
 114.00   -0.3247 -0.0721   0.3326   -0.1773  0.0934   0.2004    0.0132  0.0156   0.0205    0.0103  0.0050   0.0114    0.0050  0.0055   0.0075
 116.00   -0.3274 -0.0829   0.3377   -0.1722  0.0922   0.1953    0.0132  0.0156   0.0204    0.0103  0.0050   0.0114    0.0050  0.0055   0.0074
 118.00   -0.3293 -0.0935   0.3423   -0.1676  0.0910   0.1907    0.0131  0.0156   0.0204    0.0103  0.0050   0.0114    0.0050  0.0055   0.0074
 120.00   -0.3306 -0.1039   0.3465   -0.1634  0.0899   0.1865    0.0131  0.0155   0.0203    0.0103  0.0050   0.0114    0.0049  0.0056   0.0075
 122.00   -0.3312 -0.1140   0.3503   -0.1595  0.0887   0.1825    0.0130  0.0155   0.0202    0.0103  0.0050   0.0114    0.0048  0.0056   0.0074
 124.00   -0.3314 -0.1239   0.3538   -0.1559  0.0876   0.1788    0.0130  0.0154   0.0202    0.0103  0.0050   0.0114    0.0047  0.0055   0.0073
 126.00   -0.3311 -0.1336   0.3570   -0.1525  0.0866   0.1754    0.0130  0.0154   0.0201    0.0103  0.0050   0.0114    0.0047  0.0055   0.0072
 128.00   -0.3303 -0.1430   0.3599   -0.1494  0.0855   0.1721    0.0129  0.0154   0.0201    0.0103  0.0051   0.0115    0.0047  0.0055   0.0072
 130.00   -0.3291 -0.1523   0.3627   -0.1464  0.0845   0.1691    0.0129  0.0154   0.0201    0.0103  0.0051   0.0115    0.0047  0.0055   0.0072
 132.00   -0.3276 -0.1613   0.3652   -0.1437  0.0835   0.1662    0.0128  0.0153   0.0200    0.0102  0.0051   0.0114    0.0046  0.0056   0.0072
 134.00   -0.3258 -0.1700   0.3675   -0.1411  0.0825   0.1634    0.0128  0.0153   0.0200    0.0102  0.0051   0.0114    0.0045  0.0056   0.0072
 136.00   -0.3236 -0.1786   0.3696   -0.1386  0.0815   0.1608    0.0128  0.0153   0.0199    0.0102  0.0051   0.0115    0.0044  0.0055   0.0071
 138.00   -0.3212 -0.1869   0.3716   -0.1362  0.0805   0.1583    0.0127  0.0153   0.0199    0.0103  0.0051   0.0115    0.0044  0.0055   0.0070
 140.00   -0.3184 -0.1950   0.3734   -0.1340  0.0796   0.1559    0.0127  0.0153   0.0199    0.0102  0.0052   0.0115    0.0044  0.0054   0.0070
 142.00   -0.3155 -0.2028   0.3751   -0.1319  0.0787   0.1536    0.0126  0.0152   0.0198    0.0102  0.0052   0.0115    0.0044  0.0056   0.0071
 144.00   -0.3123 -0.2105   0.3766   -0.1299  0.0778   0.1514    0.0126  0.0152   0.0198    0.0102  0.0052   0.0115    0.0043  0.0056   0.0070
 146.00   -0.3089 -0.2179   0.3780   -0.1279  0.0769   0.1492    0.0126  0.0152   0.0197    0.0102  0.0052   0.0115    0.0042  0.0055   0.0070
 148.00   -0.3053 -0.2251   0.3793   -0.1261  0.0760   0.1472    0.0126  0.0152   0.0197    0.0102  0.0052   0.0115    0.0041  0.0055   0.0069
 150.00   -0.3015 -0.2321   0.3804   -0.1243  0.0752   0.1452    0.0126  0.0152   0.0197    0.0102  0.0053   0.0115    0.0041  0.0054   0.0068
