Attention! Unknown parameter: IsoFacPair
     DATA READ FROM INPUT
     ====================

Oscillator Length (b_0) ........:  1.600000000000
Slowing factor .................:  0.60000
Maximum Number of Iterations ...: 200
Convergence in Energy ..........:  1.00E-12
Optimization for BB Mat. Els. ..:   0
Pairing Enhancement Factor .....:  1.00000
Shift in Lagrange Parameter ....:  0.00000
Isospin of the Basis WF ........:   1
Index of the Wave-function .....:   1
Pure HF Calculations (=1) ......:   0
Number of shells (N_0) .........:  16
Maximum Ang. Mom. (Lmax) .......:  16
Maximum n (nmax) ...............:  16
Maximum n for Unity ............:  28
Index of the Wave-function .....:   1
Cut-off energy (if > 0) ........: -1.00000
Number of neutrons (N) .........:   4
Number of protons  (Z) .........:   3
Original Gogny interaction.......
    - range1 ...................:  0.7000000
    - range2 ...................:  1.2000000
    - Parametrization ..........: D1S
    - Exchange Coulomb terms switched off
Type of Basis ..................:   1
Compatibility with the HO ......:   1

     DEFINING THE BASIS - CUT-OFFS
     =============================

Analytical HO basis ............. 
Compatibility with the HO ......:   1
Actual Cut-off Energy Ecut .....:     -1.000
Maximum L value lmax ...........:      16
Maximum n value ................:      16
Maximum n-value for given l ....

       L   n(HO)
       0    9
       1    8
       2    8
       3    7
       4    7
       5    6
       6    6
       7    5
       8    5
       9    4
      10    4
      11    3
      12    3
      13    2
      14    2
      15    1
      16    1

     PARAMETERS OF THE GOGNY FORCE
     =============================

Protons : W =   103.640 MeV
        : B =  -163.480 MeV
        : H =   162.810 MeV
        : M =  -223.930 MeV

Neutrons: W = -1720.300 MeV
        : B =  1300.000 MeV
        : H = -1813.530 MeV
        : M =  1397.600 MeV

WLS     :   130.000 MeV.fm5
t_0     :  1390.600 MeV.fm4

h2/2m   :    20.73667622931579   20.73667622931579 MeV

Proton Blocking: l =  1 j =  3/2 - mu =  1

Hay apareamiento de los  3 protones hasta el estado mas bajo de la capa   1

Hay apareamiento de los  4 neutrones hasta el estado mas bajo de la capa   1
Proton Blocking: l =  1 j =  3/2 - mu =  1
     STARTING THE SELF-CONSISTENT CALCULATION
     ========================================

Numerical precision in Energy ..:   1.00E-12
Oscillator length ..............:  1.60000000000
Atomic number A ................:      7
Largest Number .................:   0.1797693134862316+309
Smallest Number ................:   0.2225073858507201-307

 No se pudo leer el archivo: data/vLS16ph_HO.txt                                             
 Calculation of the matrix elements of the spin-orbit term:
  5% calculated
 11% calculated
 17% calculated
 23% calculated
 29% calculated
 35% calculated
 41% calculated
 47% calculated
 52% calculated
 58% calculated
 64% calculated
 70% calculated
 76% calculated
 82% calculated
 88% calculated
 94% calculated
100% calculated
 No se pudo leer el archivo: data/vLS16pp_HO.txt                                             
 Se van a calcular los elementos de matriz de apar de LS
  5% calculado
 11% calculado
 17% calculado
 23% calculado
 29% calculado
 35% calculado
 41% calculado
 47% calculado
 52% calculado
 58% calculado
 64% calculado
 70% calculado
 76% calculado
 82% calculado
 88% calculado
 94% calculado
100% calculado
 Impossible to read file: data/vBB16ph_HO.txt                                             
 No se pudo leer el archivo: data/vBB16pp_HO.txt                                             
 Impossible to read file: data/vBB16ph_HO.txt                                             
 Brink-Boker terms: Particle-Hole Channel - Harmonic Oscillator Basis
  5% calculado
 11% calculado
 17% calculado
 23% calculado
 29% calculado
 35% calculado
 41% calculado
 47% calculado
 52% calculado
 58% calculado
 64% calculado
 70% calculado
 76% calculado
 82% calculado
 88% calculado
 94% calculado
100% calculado
 No se pudo leer el archivo: data/vBB16pp_HO.txt                                             
 Brink-Boker terms: Particle-Particle Channel - Harmonic Oscillator Basis
  5% calculado
 11% calculado
 17% calculado
 23% calculado
 29% calculado
 35% calculado
 41% calculado
 47% calculado
 52% calculado
 58% calculado
 64% calculado
 70% calculado
 76% calculado
 82% calculado
 88% calculado
 94% calculado
100% calculado
 No se pudo leer el archivo: data/vC16ph_HO.txt                                              
 No se pudo leer el archivo: data/vC16pp_HO.txt                                              
 No se pudo leer el archivo: data/vC16ph_HO.txt                                              
 Calculation of ph Coulomb matrix elements - Hamonic oscillator Basis
  5% calculado
 11% calculado
 17% calculado
 23% calculado
 29% calculado
 35% calculado
 41% calculado
 47% calculado
 52% calculado
 58% calculado
 64% calculado
 70% calculado
 76% calculado
 82% calculado
 88% calculado
 94% calculado
100% calculado
 No se pudo leer el archivo: data/vC16pp_HO.txt                                              
 Calculation of pp Coulomb matrix elements - Harmonic Oscillator Basis
  5% calculado
 11% calculado
 17% calculado
 23% calculado
 29% calculado
 35% calculado
 41% calculado
 47% calculado
 52% calculado
 58% calculado
 64% calculado
 70% calculado
 76% calculado
 82% calculado
 88% calculado
 94% calculado
100% calculado
          k =    0 Difference of the densities :      1.23320803
Iteration k =    1 HF Energy :     -6.43371957
Iteration k =    2 HF Energy :    -18.41697291
Iteration k =    3 HF Energy :    -26.32302231
Iteration k =    4 HF Energy :    -31.27073749
Iteration k =    5 HF Energy :    -34.26795428
          k =    5 Difference of the densities :      0.09897762
Iteration k =    6 HF Energy :    -36.04646959
Iteration k =    7 HF Energy :    -37.08764022
Iteration k =    8 HF Energy :    -37.69162903
Iteration k =    9 HF Energy :    -38.03981646
Iteration k =   10 HF Energy :    -38.23967527
          k =   10 Difference of the densities :      0.01374528
Iteration k =   11 HF Energy :    -38.35407129
Iteration k =   12 HF Energy :    -38.41945330
Iteration k =   13 HF Energy :    -38.45681911
Iteration k =   14 HF Energy :    -38.47820727
Iteration k =   15 HF Energy :    -38.49049412
          k =   15 Difference of the densities :      0.00270669
Iteration k =   16 HF Energy :    -38.49759619
Iteration k =   17 HF Energy :    -38.50173967
Iteration k =   18 HF Energy :    -38.50418858
Iteration k =   19 HF Energy :    -38.50566068
Iteration k =   20 HF Energy :    -38.50656420
          k =   20 Difference of the densities :      0.00051927
Iteration k =   21 HF Energy :    -38.50713227
Iteration k =   22 HF Energy :    -38.50749884
Iteration k =   23 HF Energy :    -38.50774169
Iteration k =   24 HF Energy :    -38.50790663
Iteration k =   25 HF Energy :    -38.50802115
          k =   25 Difference of the densities :      0.00010174
Iteration k =   26 HF Energy :    -38.50810213
Iteration k =   27 HF Energy :    -38.50816022
Iteration k =   28 HF Energy :    -38.50820234
Iteration k =   29 HF Energy :    -38.50823311
Iteration k =   30 HF Energy :    -38.50825571
          k =   30 Difference of the densities :      0.00002044
Iteration k =   31 HF Energy :    -38.50827235
Iteration k =   32 HF Energy :    -38.50828462
Iteration k =   33 HF Energy :    -38.50829368
Iteration k =   34 HF Energy :    -38.50830036
Iteration k =   35 HF Energy :    -38.50830529
          k =   35 Difference of the densities :      0.00000419
Iteration k =   36 HF Energy :    -38.50830892
Iteration k =   37 HF Energy :    -38.50831159
Iteration k =   38 HF Energy :    -38.50831355
Iteration k =   39 HF Energy :    -38.50831499
Iteration k =   40 HF Energy :    -38.50831605
          k =   40 Difference of the densities :      0.00000087
Iteration k =   41 HF Energy :    -38.50831682
Iteration k =   42 HF Energy :    -38.50831739
Iteration k =   43 HF Energy :    -38.50831780
Iteration k =   44 HF Energy :    -38.50831810
Iteration k =   45 HF Energy :    -38.50831832
          k =   45 Difference of the densities :      0.00000018
Iteration k =   46 HF Energy :    -38.50831848
Iteration k =   47 HF Energy :    -38.50831860
Iteration k =   48 HF Energy :    -38.50831868
Iteration k =   49 HF Energy :    -38.50831874
Iteration k =   50 HF Energy :    -38.50831879
          k =   50 Difference of the densities :      0.00000004
Iteration k =   51 HF Energy :    -38.50831882
Iteration k =   52 HF Energy :    -38.50831885
Iteration k =   53 HF Energy :    -38.50831886
Iteration k =   54 HF Energy :    -38.50831888
Iteration k =   55 HF Energy :    -38.50831888
          k =   55 Difference of the densities :      0.00000001
Iteration k =   56 HF Energy :    -38.50831889
Iteration k =   57 HF Energy :    -38.50831890
Iteration k =   58 HF Energy :    -38.50831890
Iteration k =   59 HF Energy :    -38.50831890
Iteration k =   60 HF Energy :    -38.50831890
          k =   60 Difference of the densities :      0.00000000
Iteration k =   61 HF Energy :    -38.50831890
Iteration k =   62 HF Energy :    -38.50831891
Iteration k =   63 HF Energy :    -38.50831891
Iteration k =   64 HF Energy :    -38.50831891
Iteration k =   65 HF Energy :    -38.50831891
          k =   65 Difference of the densities :      0.00000000
Iteration k =   66 HF Energy :    -38.50831891
Iteration k =   67 HF Energy :    -38.50831891
Iteration k =   68 HF Energy :    -38.50831891
Iteration k =   69 HF Energy :    -38.50831891
Iteration k =   70 HF Energy :    -38.50831891
          k =   70 Difference of the densities :      0.00000000
Iteration k =   71 HF Energy :    -38.50831891
Iteration k =   72 HF Energy :    -38.50831891
Iteration k =   73 HF Energy :    -38.50831891
Iteration k =   74 HF Energy :    -38.50831891
Iteration k =   75 HF Energy :    -38.50831891
          k =   75 Difference of the densities :      0.00000000
Iteration k =   76 HF Energy :    -38.50831891
Iteration k =   77 HF Energy :    -38.50831891
Iteration k =   78 HF Energy :    -38.50831891
Iteration k =   79 HF Energy :    -38.50831891
Iteration k =   80 HF Energy :    -38.50831891
          k =   80 Difference of the densities :      0.00000000
Iteration k =   81 HF Energy :    -38.50831891
Iteration k =   82 HF Energy :    -38.50831891
Iteration k =   83 HF Energy :    -38.50831891
Iteration k =   84 HF Energy :    -38.50831891
Iteration k =   85 HF Energy :    -38.50831891
          k =   85 Difference of the densities :      0.00000000
Iteration k =   86 HF Energy :    -38.50831891
Iteration k =   87 HF Energy :    -38.50831891
Iteration k =   88 HF Energy :    -38.50831891
Iteration k =   89 HF Energy :    -38.50831891
Iteration k =   90 HF Energy :    -38.50831891
          k =   90 Difference of the densities :      0.00000000
Iteration k =   91 HF Energy :    -38.50831891
Energy =   -38.50832E+00 Precision =  0.00000E+00

Elapsed time (seconds):  34.27E+00

     SUMMARY OF THE RUN - ENERGIES
     =============================

                           Longitud del oscilador:        1.6000000000
----------------------------------------------------------------------
                                 Energia cinetica:       90.8132113788
             Energia cinetica del centro de masas:        3.3827439181
                    Energia local de Brink-Booker:     -214.5657676099
                         Energia local de Coulomb:        2.8642623696
           Energia de intercambio de Brink-Booker:      -19.6434026960
                Energia de intercambio de Coulomb:        0.0000000000
               Energia dependiente de la densidad:      110.9908959308
                           Energia de spin-orbita:       -6.8955660417
----------------------------------------------------------------------
                    Energia total de Brink-Booker:     -234.2091703059
                         Energia total de Coulomb:        2.8642623696
                     Energia total (Hartree-Fock):      -33.0536227502
----------------------------------------------------------------------
                 Apareamiento del centro de masas:    0.0000000000E+00
                     Apareamiento de Brink-Booker:   -0.5454696158E+01
                          Apareamiento de Coulomb:    0.0000000000E+00
                      Apareamiento de spin-orbita:    0.0000000000E+00
----------------------------------------------------------------------
                               Apareamiento total:   -0.5454696158E+01
                            Apareamiento neutrons:   -0.5454696158E+01    0.0000000000E+00   -0.5454696158E+01    0.0000000000E+00
                             Apareamiento protons:   -0.4841528923E-30    0.0000000000E+00   -0.4841528923E-30    0.0000000000E+00
----------------------------------------------------------------------
                                            TOTAL:      -38.5083189079

                               Neutrones       Protones          Total
              Particulas:        4.00000        3.00000        7.00000
    Potenciales quimicos:       -6.26413      -14.55631
                   Radio:        2.34563        2.21943        2.29240
 Multiplicadores y error:        0.00000        0.00000        5.25509
Average Delta for neutrons:    0.8906146994

     NEUTRON SINGLE-PARTICLE ENERGIES (CANONICAL BASIS)
     ==================================================
   1)   s 1/2    0.9858199   -24.095   4.339  18.351
   2)   p 3/2    0.4719581    -6.079  -3.294   3.299
   3)   p 1/2    0.0468085     0.653  -3.224   7.632
   4)   s 1/2    0.0013422     8.429   1.079  14.733
   5)   d 5/2    0.0045263     9.206   2.096  15.611
   6)   p 3/2    0.0004357    15.470  -0.908  21.754
   7)   d 3/2    0.0019686    16.548   2.030  22.903
   8)   p 1/2    0.0003448    20.423  -0.992  26.706
   9)   f 7/2    0.0003946    22.105  -1.128  28.391
  10)   s 1/2    0.0000492    23.858   0.423  30.125
  11)   d 5/2    0.0000594    25.363   0.487  31.631
  12)   p 3/2    0.0000168    28.700  -0.286  34.965
  13)   f 5/2    0.0002336    29.735  -1.101  36.016
  14)   f 7/2    0.0000083    30.893  -0.214  37.158
  15)   d 5/2    0.0000018    31.562   0.101  37.826
  16)   d 3/2    0.0000513    32.130   0.550  38.398
  17)   p 1/2    0.0000134    32.749  -0.286  39.014
  18)   s 1/2    0.0000019    32.846   0.107  39.110
  19)   g 9/2    0.0000451    33.666   0.536  39.933
  20)   f 7/2    0.0000002    33.676  -0.037  39.940
  21)   p 3/2    0.0000004    33.886  -0.053  40.150
  22)   g 9/2    0.0000011    35.306   0.088  41.570
  23)   d 3/2    0.0000017    35.502   0.110  41.766
  24)   p 1/2    0.0000004    35.697  -0.052  41.961
  25)   f 5/2    0.0000002    35.941  -0.040  42.205
  26)   d 5/2    0.0000000    36.276   0.016  42.540
  27)   f 5/2    0.0000076    37.264  -0.241  43.529
  28)   d 3/2    0.0000000    37.358   0.017  43.622
  29)   g 9/2    0.0000000    37.687   0.014  43.952
  30)   s 1/2    0.0000000    37.915   0.018  44.179
  31)   g 7/2    0.0000000    38.582   0.015  44.846
  32)   h11/2    0.0000002    39.290  -0.036  45.554
  33)   g 7/2    0.0000337    39.309   0.529  45.577
  34)   g 7/2    0.0000011    39.355   0.095  45.619
Average Delta for protons:   -0.0000000000

     PROTON SINGLE-PARTICLE ENERGIES (CANONICAL BASIS)
     =================================================
   1)   s 1/2    1.0000000   -27.486  -0.000
   2)   p 3/2    0.2500000    -8.512   0.000
   3)   p 1/2    0.0000000    -0.126   0.000
   4)   d 5/2    0.0000000     8.545  -0.000
   5)   p 3/2    0.0000000    10.645   0.000
   6)   d 3/2    0.0000000    17.963  -0.000
   7)   p 1/2    0.0000000    18.178   0.000
   8)   d 3/2    0.0000000    19.795   0.000
   9)   s 1/2   -0.0000000    22.086  -0.000
  10)   f 7/2    0.0000000    23.374   0.000
  11)   g 9/2    0.0000000    23.508   0.000
  12)   g 7/2    0.0000000    23.830   0.000
  13)   p 1/2    0.0000000    23.878   0.000
  14)   h11/2    0.0000000    27.887  -0.000
  15)   h 9/2    0.0000000    28.009  -0.000
  16)   f 7/2    0.0000000    30.312   0.000
  17)   f 5/2    0.0000000    30.778   0.000
  18)   d 5/2    0.0000000    32.063  -0.000
  19)   f 5/2    0.0000000    32.767   0.000
  20)   p 3/2   -0.0000000    32.866   0.000
  21)   p 3/2   -0.0000000    33.830  -0.000
  22)   i13/2    0.0000000    34.666   0.000
  23)   f 7/2    0.0000000    35.400   0.000
  24)   s 1/2    0.0000000    35.410  -0.000
  25)   i11/2    0.0000000    35.936   0.000
  26)   g 9/2    0.0000000    36.417  -0.000
  27)   k15/2    0.0000000    37.068   0.000
  28)   k17/2    0.0000000    37.078   0.000
  29)   d 3/2    0.0000000    38.411  -0.000
  30)   d 5/2    0.0000000    39.353  -0.000
Neutrons - Lowest QP (canonical basis) =     3.29944461 Delta =   -3.29425 in =   18
Protons  - Lowest QP (canonical basis) =     6.04423233 Delta =    0.00000 ip =   18
toto =     2.00000000000000
toto =     4.00000000000069
Average pairing gap:    -3.79007361028623    0.00000000000000

     QUASI-PARTICLE-PARTICLE ENERGIES
     ================================
      EQP NEUT        V2               V2  EQP PROT
   1)    3   18.3220    0.9835010   s 1/2    s 1/2    1.0000000   12.9299
   2)   18    3.1786    0.4663871   p 3/2    p 3/2    0.2500000    6.0442
   3)   10    6.2477    0.0397247   p 1/2    s 1/2    0.0000000   23.8434
   4)   11   12.4530    0.0056570   p 1/2    s 1/2    0.0000000   53.8678
   5)   19   11.2768    0.0047112   p 3/2    s 1/2    0.0000000   76.6315
   6)   35   15.8700    0.0021397   d 5/2    s 1/2    0.0000000  105.7746
   7)   34   11.0160    0.0018418   d 5/2    s 1/2    0.0000000  188.6795
   8)    4   28.1166    0.0015207   s 1/2    p 1/2    0.0000000  183.4458
   9)   12   23.8469    0.0014838   p 1/2    p 1/2    0.0000000   12.2944
  10)   20   21.7677    0.0011474   p 3/2    p 1/2    0.0000000   20.8154
  11)   27   18.7255    0.0009542   d 3/2    p 1/2    0.0000000   32.2458
  12)    1    8.5839    0.0008516   s 1/2    p 1/2    0.0000000   48.7122
  13)    2   15.7201    0.0007619   s 1/2    p 1/2    0.0000000   70.6452
  14)   36   27.0418    0.0005017   d 5/2    p 1/2    0.0000000   99.2465
  15)   28   30.6482    0.0004901   d 3/2    d 3/2    0.0000000  197.9520
  16)    5   45.7428    0.0004371   s 1/2    g 9/2    0.0000000   53.4863
  17)   26   11.7067    0.0003954   d 3/2    d 5/2    0.0000000   35.2800
  18)   13   40.2878    0.0002695   p 1/2    p 3/2    0.0000000   19.9656
  19)   50   24.2171    0.0002124   f 7/2    p 3/2    0.0000000   30.2127
  20)   29   48.2439    0.0001499   d 3/2    p 3/2    0.0000000   45.7320
  21)   21   37.4899    0.0001469   p 3/2    p 3/2    0.0000000   66.6569
  22)    6   68.5390    0.0001176   s 1/2    p 3/2    0.0000000   94.2399
  23)   51   37.0848    0.0001161   f 7/2    p 3/2    0.0000000  129.3848
  24)   43   26.0855    0.0000970   f 5/2    p 3/2    0.0000000  173.5030
  25)   37   43.8690    0.0000952   d 5/2    d 3/2    0.0000000   20.2742
  26)   44   41.1497    0.0000838   f 5/2    d 3/2    0.0000000   26.4467
  27)   49   15.2015    0.0000527   f 7/2    d 3/2    0.0000000   38.5425
  28)   45   62.4037    0.0000302   f 5/2    d 3/2    0.0000000   56.3805
  29)   14   62.1684    0.0000296   p 1/2    d 3/2    0.0000000   79.7253
  30)   30   71.4578    0.0000294   d 3/2    d 3/2    0.0000000  109.7576
  31)   42   15.3965    0.0000250   f 5/2    m21/2    0.0000000  177.4842
  32)    7   97.8206    0.0000218   s 1/2    m21/2    0.0000000  128.8506
  33)   52   56.4835    0.0000209   f 7/2    d 5/2    0.0000000   18.6848
  34)   65   45.2270    0.0000198   g 9/2    d 5/2    0.0000000   23.5180
  35)   64   30.4495    0.0000181   g 9/2    h 9/2    0.0000000   68.7598
  36)   22   58.4941    0.0000143   p 3/2    d 5/2    0.0000000   52.1549
  37)   58   47.9254    0.0000139   g 7/2    d 5/2    0.0000000   73.9897
  38)   57   31.1590    0.0000116   g 7/2    d 5/2    0.0000000  102.2683
  39)   38   65.7681    0.0000089   d 5/2    d 5/2    0.0000000  138.5598
  40)   59   70.2011    0.0000060   g 7/2    d 5/2    0.0000000  182.5948
  41)   46   91.0158    0.0000052   f 5/2    f 5/2    0.0000000   24.2610
  42)   66   64.9079    0.0000050   g 9/2    f 5/2    0.0000000   34.4709
  43)   23   86.2419    0.0000035   p 3/2    f 5/2    0.0000000   49.1064
  44)   63   18.3501    0.0000032   g 9/2    f 5/2    0.0000000   70.2845
  45)    8  134.4385    0.0000031   s 1/2    f 5/2    0.0000000   99.1679
  46)   31  101.1919    0.0000028   d 3/2    f 5/2    0.0000000  135.3739
  47)   55  160.7671    0.0000027   f 7/2    f 5/2    0.0000000  187.3917
  48)   77   38.9672    0.0000026   h11/2    f 7/2    0.0000000   24.0342
  49)   48  179.3182    0.0000026   f 5/2    f 7/2    0.0000000   32.3629
  50)   69  170.6005    0.0000025   g 9/2    f 7/2    0.0000000   45.1153
  51)   78   58.1874    0.0000025   h11/2    f 7/2    0.0000000   64.6554
  52)   81  157.0950    0.0000025   h11/2    f 7/2    0.0000000   91.0755
  53)   62  192.0532    0.0000024   g 7/2    f 7/2    0.0000000  126.1115
  54)   56   18.4073    0.0000024   g 7/2    f 7/2    0.0000000  168.0632
  55)   75  178.4891    0.0000022   h 9/2    g 7/2    0.0000000   27.2974
  56)   15   90.6558    0.0000021   p 1/2    g 7/2    0.0000000   39.8997
  57)   72   60.3284    0.0000021   h 9/2    g 7/2    0.0000000   56.2310
  58)   71   39.4515    0.0000021   h 9/2    g 7/2    0.0000000   78.1387
  59)   41  175.5840    0.0000021   d 5/2    g 7/2    0.0000000  107.8340
  60)   33  189.6761    0.0000021   d 3/2    g 7/2    0.0000000  145.3286
  61)   25  166.5977    0.0000020   p 3/2    g 7/2    0.0000000  199.4844
  62)   17  175.4308    0.0000019   p 1/2    g 9/2    0.0000000   27.2425
  63)   24  121.6261    0.0000019   p 3/2    g 9/2    0.0000000   39.1647
  64)   68  127.7275    0.0000018   g 9/2    d 3/2    0.0000000  146.6214
  65)   40  130.6908    0.0000018   d 5/2    g 9/2    0.0000000   73.0422
  66)   93  168.5394    0.0000017   i13/2    g 9/2    0.0000000   99.6264
  67)    9  181.6885    0.0000017   s 1/2    g 9/2    0.0000000  135.7904
  68)   54  118.0996    0.0000016   f 7/2    g 9/2    0.0000000  178.0300
  69)   87  188.9191    0.0000016   i11/2    h 9/2    0.0000000   32.1763
  70)   53   82.8865    0.0000015   f 7/2    h 9/2    0.0000000   48.2933
  71)   16  126.5884    0.0000014   p 1/2    p27/2    0.0000000   95.4333
  72)   32  138.4552    0.0000012   d 3/2    h 9/2    0.0000000   96.1690
  73)   60   99.8596    0.0000011   g 7/2    h 9/2    0.0000000  132.1410
  74)  103  157.2662    0.0000011   j15/2    h 9/2    0.0000000  185.2303
  75)   47  127.5362    0.0000010   f 5/2    h11/2    0.0000000   32.1329
  76)   67   91.4522    0.0000010   g 9/2    h11/2    0.0000000   47.8239
  77)   80  116.3294    0.0000010   h11/2    h11/2    0.0000000   66.6702
  78)   61  137.7519    0.0000009   g 7/2    h11/2    0.0000000   90.4914
  79)   98  172.4803    0.0000009   j13/2    h11/2    0.0000000  124.4336
  80)   39   94.1706    0.0000008   d 5/2    h11/2    0.0000000  164.6729
  81)   92  126.9809    0.0000008   i13/2    i11/2    0.0000000   35.7110
  82)   79   82.2983    0.0000008   h11/2    i11/2    0.0000000   53.5152
  83)   73   88.0937    0.0000006   h 9/2    i11/2    0.0000000   75.7055
  84)  113  169.7480    0.0000006   k17/2    i11/2    0.0000000  104.3121
  85)   76   23.2296    0.0000005   h11/2    i11/2    0.0000000  141.4111
  86)  108  181.9643    0.0000005   k15/2    i11/2    0.0000000  195.3392
  87)   70   23.2767    0.0000005   h 9/2    i13/2    0.0000000   35.6813
  88)   74  124.5901    0.0000004   h 9/2    i13/2    0.0000000   53.2834
  89)   89   44.3589    0.0000004   i13/2    i13/2    0.0000000   74.5971
  90)   86  133.6899    0.0000004   i11/2    i13/2    0.0000000  100.2559
  91)   91   91.8625    0.0000004   i13/2    i13/2    0.0000000  135.1791
  92)   83   44.6090    0.0000004   i11/2    i13/2    0.0000000  176.1663
  93)   90   65.8583    0.0000004   i13/2    j13/2    0.0000000   42.3778
  94)   84   67.0394    0.0000003   i11/2    j13/2    0.0000000   64.3269
  95)  121  157.8881    0.0000002   l19/2    j13/2    0.0000000   91.9757
  96)  117  164.4400    0.0000002   l17/2    j13/2    0.0000000  127.7867
  97)  102  116.2456    0.0000002   j15/2    j13/2    0.0000000  179.1102
  98)   85   96.0270    0.0000001   i11/2    j15/2    0.0000000   42.3385
  99)  129  168.9267    0.0000001   m21/2    j15/2    0.0000000   64.1284
 100)  125  173.5947    0.0000001   m19/2    j15/2    0.0000000   90.6132
IndexWave =    1 IndxQP =  153 nIndx =  146
Elapsed Time
Seconds .............:           34.540000
Clock cycles ........:       34540
