   0.00   -0.3502  0.0000   0.3502   -0.0520  0.0000   0.0520    0.0257  0.0000   0.0257   -0.0145  0.0000   0.0145   -0.0062  0.0000   0.0062
   2.00   -0.3683 -0.0069   0.3684   -0.0617 -0.0114   0.0628    0.0258  0.0000   0.0258   -0.0161 -0.0028   0.0163   -0.0067 -0.0009   0.0068
   4.00   -0.3825 -0.0187   0.3830   -0.0617 -0.0237   0.0661    0.0259  0.0000   0.0259   -0.0157 -0.0048   0.0165   -0.0066 -0.0015   0.0068
   6.00   -0.3934 -0.0318   0.3947   -0.0579 -0.0330   0.0667    0.0261  0.0000   0.0261   -0.0151 -0.0062   0.0163   -0.0064 -0.0020   0.0067
   8.00   -0.4018 -0.0452   0.4044   -0.0529 -0.0396   0.0661    0.0262  0.0000   0.0262   -0.0144 -0.0072   0.0161   -0.0063 -0.0023   0.0067
  10.00   -0.4085 -0.0584   0.4126   -0.0475 -0.0442   0.0649    0.0264  0.0000   0.0264   -0.0137 -0.0080   0.0158   -0.0061 -0.0025   0.0066
  12.00   -0.4138 -0.0715   0.4200   -0.0423 -0.0474   0.0635    0.0265  0.0000   0.0265   -0.0130 -0.0086   0.0156   -0.0059 -0.0027   0.0065
  14.00   -0.4181 -0.0843   0.4265   -0.0373 -0.0495   0.0620    0.0267  0.0000   0.0267   -0.0123 -0.0091   0.0153   -0.0058 -0.0029   0.0065
  16.00   -0.4216 -0.0968   0.4325   -0.0326 -0.0509   0.0604    0.0268  0.0000   0.0268   -0.0117 -0.0095   0.0151   -0.0056 -0.0031   0.0064
  18.00   -0.4243 -0.1092   0.4381   -0.0283 -0.0516   0.0588    0.0270  0.0000   0.0270   -0.0111 -0.0098   0.0148   -0.0055 -0.0032   0.0063
  20.00   -0.4263 -0.1213   0.4433   -0.0243 -0.0518   0.0573    0.0272  0.0000   0.0272   -0.0106 -0.0100   0.0146   -0.0053 -0.0034   0.0063
  22.00   -0.4278 -0.1332   0.4481   -0.0207 -0.0517   0.0557    0.0273  0.0000   0.0273   -0.0101 -0.0102   0.0144   -0.0052 -0.0034   0.0062
  24.00   -0.4288 -0.1450   0.4526   -0.0174 -0.0513   0.0542    0.0275  0.0000   0.0275   -0.0096 -0.0104   0.0141   -0.0051 -0.0035   0.0062
  26.00   -0.4293 -0.1565   0.4569   -0.0144 -0.0508   0.0528    0.0277  0.0001   0.0277   -0.0092 -0.0105   0.0139   -0.0049 -0.0036   0.0061
  28.00   -0.4293 -0.1679   0.4610   -0.0116 -0.0500   0.0513    0.0279  0.0001   0.0279   -0.0087 -0.0106   0.0137   -0.0048 -0.0037   0.0061
  30.00   -0.4290 -0.1792   0.4649   -0.0092 -0.0491   0.0500    0.0280  0.0001   0.0280   -0.0083 -0.0107   0.0135   -0.0047 -0.0038   0.0060
  32.00   -0.4282 -0.1902   0.4685   -0.0069 -0.0482   0.0487    0.0282  0.0001   0.0282   -0.0079 -0.0107   0.0133   -0.0046 -0.0038   0.0059
  34.00   -0.4270 -0.2011   0.4720   -0.0048 -0.0471   0.0474    0.0284  0.0001   0.0284   -0.0075 -0.0108   0.0131   -0.0045 -0.0039   0.0059
  36.00   -0.4255 -0.2118   0.4753   -0.0030 -0.0461   0.0462    0.0286  0.0001   0.0286   -0.0072 -0.0107   0.0129   -0.0043 -0.0039   0.0058
  38.00   -0.4236 -0.2224   0.4784   -0.0012 -0.0450   0.0450    0.0288  0.0002   0.0288   -0.0069 -0.0108   0.0128   -0.0042 -0.0039   0.0058
  40.00   -0.4214 -0.2327   0.4814    0.0003 -0.0438   0.0438    0.0290  0.0002   0.0290   -0.0065 -0.0108   0.0126   -0.0042 -0.0040   0.0058
  42.00   -0.4189 -0.2429   0.4843    0.0016 -0.0427   0.0427    0.0293  0.0002   0.0293   -0.0063 -0.0107   0.0124   -0.0040 -0.0040   0.0056
  44.00   -0.4161 -0.2529   0.4869    0.0029 -0.0415   0.0416    0.0295  0.0003   0.0295   -0.0060 -0.0107   0.0123   -0.0039 -0.0040   0.0056
  46.00   -0.4130 -0.2628   0.4895    0.0041 -0.0404   0.0406    0.0297  0.0003   0.0297   -0.0057 -0.0107   0.0122   -0.0039 -0.0040   0.0056
  48.00   -0.4096 -0.2724   0.4919    0.0051 -0.0392   0.0395    0.0299  0.0003   0.0299   -0.0054 -0.0108   0.0121   -0.0039 -0.0040   0.0056
  50.00   -0.4059 -0.2819   0.4942    0.0060 -0.0382   0.0386    0.0302  0.0004   0.0302   -0.0052 -0.0106   0.0118   -0.0036 -0.0041   0.0054
  52.00   -0.4020 -0.2911   0.4964    0.0068 -0.0370   0.0377    0.0304  0.0005   0.0304   -0.0050 -0.0106   0.0117   -0.0036 -0.0040   0.0054
  54.00   -0.3978 -0.3002   0.4984    0.0076 -0.0359   0.0367    0.0307  0.0005   0.0307   -0.0047 -0.0106   0.0116   -0.0036 -0.0041   0.0054
  56.00   -0.3934 -0.3091   0.5003    0.0082 -0.0349   0.0359    0.0309  0.0006   0.0309   -0.0045 -0.0104   0.0113   -0.0033 -0.0043   0.0054
  58.00   -0.3888 -0.3178   0.5021    0.0088 -0.0339   0.0350    0.0312  0.0007   0.0312   -0.0043 -0.0104   0.0112   -0.0032 -0.0041   0.0052
  60.00   -0.3839 -0.3262   0.5038    0.0093 -0.0329   0.0342    0.0314  0.0008   0.0314   -0.0042 -0.0104   0.0112   -0.0032 -0.0041   0.0052
  62.00   -0.3789 -0.3345   0.5054    0.0098 -0.0319   0.0334    0.0317  0.0009   0.0317   -0.0039 -0.0104   0.0111   -0.0033 -0.0041   0.0052
  64.00   -0.3736 -0.3426   0.5069    0.0101 -0.0310   0.0326    0.0320  0.0010   0.0320   -0.0036 -0.0102   0.0108   -0.0030 -0.0044   0.0053
  66.00   -0.3682 -0.3504   0.5083    0.0105 -0.0301   0.0319    0.0322  0.0011   0.0322   -0.0036 -0.0101   0.0107   -0.0029 -0.0043   0.0051
  68.00   -0.3626 -0.3580   0.5096    0.0108 -0.0293   0.0312    0.0325  0.0013   0.0325   -0.0034 -0.0101   0.0107   -0.0028 -0.0041   0.0050
  70.00   -0.3568 -0.3655   0.5108    0.0327  0.0014   0.0328    0.0110 -0.0284   0.0305   -0.0033 -0.0101   0.0106   -0.0029 -0.0040   0.0049
  72.00   -0.3509 -0.3727   0.5119    0.0330  0.0016   0.0330    0.0112 -0.0276   0.0298   -0.0029 -0.0099   0.0104   -0.0028 -0.0045   0.0053
  74.00   -0.3448 -0.3797   0.5129    0.0333  0.0017   0.0333    0.0114 -0.0269   0.0292   -0.0029 -0.0098   0.0102   -0.0026 -0.0044   0.0051
  76.00   -0.3386 -0.3865   0.5138    0.0335  0.0019   0.0336    0.0116 -0.0261   0.0286   -0.0028 -0.0098   0.0102   -0.0025 -0.0043   0.0049
  78.00   -0.3322 -0.3930   0.5146    0.0338  0.0021   0.0338    0.0117 -0.0254   0.0280   -0.0027 -0.0098   0.0102   -0.0025 -0.0040   0.0047
  80.00   -0.3257 -0.3994   0.5154    0.0340  0.0023   0.0341    0.0117 -0.0247   0.0273   -0.0023 -0.0097   0.0100   -0.0028 -0.0044   0.0052
  82.00   -0.3191 -0.4055   0.5160    0.0343  0.0025   0.0344    0.0118 -0.0241   0.0268   -0.0022 -0.0096   0.0098   -0.0026 -0.0045   0.0052
  84.00   -0.3124 -0.4115   0.5166    0.0345  0.0027   0.0346    0.0119 -0.0235   0.0263   -0.0022 -0.0095   0.0097   -0.0023 -0.0045   0.0050
  86.00   -0.3056 -0.4172   0.5171    0.0347  0.0030   0.0349    0.0119 -0.0229   0.0258   -0.0021 -0.0094   0.0097   -0.0021 -0.0043   0.0048
  88.00   -0.2987 -0.4227   0.5176    0.0350  0.0032   0.0351    0.0120 -0.0223   0.0253   -0.0021 -0.0094   0.0097   -0.0020 -0.0040   0.0045
  90.00   -0.2917 -0.4280   0.5179    0.0352  0.0034   0.0353    0.0119 -0.0217   0.0248   -0.0017 -0.0094   0.0096   -0.0025 -0.0044   0.0051
  92.00   -0.2846 -0.4331   0.5182    0.0354  0.0037   0.0356    0.0120 -0.0212   0.0243   -0.0016 -0.0093   0.0094   -0.0024 -0.0045   0.0051
  94.00   -0.2774 -0.4379   0.5184    0.0356  0.0039   0.0358    0.0120 -0.0207   0.0239   -0.0016 -0.0092   0.0093   -0.0021 -0.0045   0.0050
  96.00   -0.2702 -0.4426   0.5186    0.0358  0.0042   0.0360    0.0120 -0.0203   0.0235   -0.0016 -0.0091   0.0092   -0.0019 -0.0044   0.0048
  98.00   -0.2630 -0.4471   0.5187    0.0360  0.0045   0.0362    0.0120 -0.0198   0.0231   -0.0016 -0.0091   0.0092   -0.0017 -0.0041   0.0044
 100.00   -0.2556 -0.4513   0.5187    0.0361  0.0047   0.0364    0.0119 -0.0193   0.0227   -0.0012 -0.0092   0.0092   -0.0024 -0.0043   0.0049
 102.00   -0.2482 -0.4554   0.5186    0.0363  0.0050   0.0366    0.0118 -0.0189   0.0223   -0.0011 -0.0090   0.0091   -0.0022 -0.0044   0.0050
 104.00   -0.2408 -0.4592   0.5185    0.0365  0.0053   0.0368    0.0118 -0.0185   0.0220   -0.0010 -0.0089   0.0089   -0.0020 -0.0045   0.0049
 106.00   -0.2334 -0.4628   0.5184    0.0366  0.0056   0.0370    0.0118 -0.0182   0.0216   -0.0010 -0.0087   0.0088   -0.0018 -0.0045   0.0049
 108.00   -0.2259 -0.4663   0.5181    0.0367  0.0058   0.0372    0.0118 -0.0178   0.0213   -0.0010 -0.0086   0.0087   -0.0016 -0.0045   0.0048
 110.00   -0.2184 -0.4695   0.5178    0.0369  0.0061   0.0374    0.0117 -0.0174   0.0209   -0.0008 -0.0089   0.0089   -0.0022 -0.0041   0.0047
 112.00   -0.2109 -0.4726   0.5175    0.0370  0.0064   0.0375    0.0116 -0.0171   0.0206   -0.0007 -0.0088   0.0088   -0.0021 -0.0043   0.0048
 114.00   -0.2033 -0.4755   0.5171    0.0371  0.0067   0.0377    0.0116 -0.0167   0.0204   -0.0006 -0.0086   0.0086   -0.0020 -0.0044   0.0048
 116.00   -0.1958 -0.4781   0.5167    0.0372  0.0069   0.0379    0.0115 -0.0164   0.0201   -0.0005 -0.0085   0.0085   -0.0018 -0.0045   0.0048
 118.00   -0.1883 -0.4806   0.5162    0.0373  0.0072   0.0380    0.0115 -0.0161   0.0198   -0.0006 -0.0083   0.0084   -0.0016 -0.0045   0.0048
 120.00   -0.1807 -0.4829   0.5156    0.0374  0.0075   0.0382    0.0115 -0.0158   0.0195   -0.0005 -0.0086   0.0086   -0.0020 -0.0039   0.0044
 122.00   -0.1731 -0.4851   0.5150    0.0375  0.0078   0.0383    0.0114 -0.0155   0.0192   -0.0004 -0.0085   0.0085   -0.0020 -0.0041   0.0045
 124.00   -0.1656 -0.4870   0.5144    0.0376  0.0081   0.0385    0.0113 -0.0152   0.0190   -0.0002 -0.0084   0.0084   -0.0020 -0.0042   0.0046
 126.00   -0.1581 -0.4888   0.5137    0.0377  0.0083   0.0386    0.0113 -0.0150   0.0188   -0.0002 -0.0083   0.0083   -0.0018 -0.0044   0.0047
 128.00   -0.1506 -0.4904   0.5130    0.0378  0.0086   0.0387    0.0112 -0.0147   0.0185   -0.0001 -0.0081   0.0081   -0.0016 -0.0045   0.0048
 130.00   -0.1431 -0.4918   0.5122    0.0378  0.0089   0.0389    0.0111 -0.0145   0.0182    0.0006 -0.0083   0.0083   -0.0026 -0.0049   0.0056
 132.00   -0.1357 -0.4930   0.5114    0.0379  0.0092   0.0390    0.0111 -0.0142   0.0181   -0.0002 -0.0083   0.0083    0.0044  0.0000   0.0044
 134.00   -0.1282 -0.4941   0.5105    0.0379  0.0094   0.0391    0.0111 -0.0140   0.0178   -0.0000 -0.0082   0.0082   -0.0018 -0.0039   0.0043
 136.00   -0.1208 -0.4951   0.5096    0.0380  0.0097   0.0392    0.0110 -0.0138   0.0176    0.0001 -0.0081   0.0081   -0.0018 -0.0041   0.0045
 138.00   -0.1135 -0.4958   0.5087    0.0380  0.0100   0.0393    0.0110 -0.0136   0.0174    0.0002 -0.0080   0.0080   -0.0017 -0.0042   0.0046
 140.00   -0.1062 -0.4964   0.5077    0.0381  0.0102   0.0394    0.0109 -0.0134   0.0172    0.0002 -0.0078   0.0078   -0.0015 -0.0044   0.0046
 142.00   -0.0989 -0.4969   0.5067    0.0381  0.0105   0.0395    0.0109 -0.0131   0.0171   -0.0000 -0.0079   0.0079    0.0044  0.0000   0.0044
 144.00   -0.0917 -0.4972   0.5056    0.0382  0.0107   0.0397    0.0108 -0.0129   0.0169    0.0001 -0.0079   0.0079    0.0044  0.0000   0.0044
 146.00   -0.0845 -0.4974   0.5045    0.0382  0.0110   0.0398    0.0108 -0.0127   0.0167    0.0002 -0.0079   0.0079    0.0044  0.0000   0.0044
 148.00   -0.0774 -0.4974   0.5034    0.0382  0.0113   0.0399    0.0107 -0.0125   0.0165    0.0004 -0.0078   0.0078    0.0044  0.0000   0.0044
 150.00   -0.0703 -0.4973   0.5022    0.0383  0.0115   0.0400    0.0107 -0.0123   0.0163    0.0005 -0.0077   0.0077   -0.0016 -0.0041   0.0044
