   0.00    1.3208  0.0000   1.3208   -0.8522 -0.0000   0.8522   -0.3583  0.0000   0.3583    0.2152  0.0000   0.2152   -0.1317  0.0000   0.1317
   2.00    1.2380  0.3569   1.2884   -0.8580 -0.0806   0.8618   -0.3634 -0.0311   0.3647    0.2103  0.0378   0.2137   -0.1349 -0.0115   0.1353
   4.00    1.1665  0.4806   1.2617   -0.8602 -0.1200   0.8685   -0.3672 -0.0473   0.3702    0.2055  0.0532   0.2122   -0.1370 -0.0186   0.1382
   6.00    1.1021  0.5639   1.2379   -0.8595 -0.1527   0.8730   -0.3698 -0.0614   0.3748    0.2003  0.0646   0.2104   -0.1379 -0.0252   0.1402
   8.00    1.0427  0.6259   1.2161   -0.8569 -0.1812   0.8758   -0.3713 -0.0742   0.3787    0.1949  0.0737   0.2084   -0.1380 -0.0312   0.1415
  10.00    0.9874  0.6744   1.1957   -0.8528 -0.2067   0.8775   -0.3722 -0.0862   0.3820    0.1896  0.0812   0.2062   -0.1376 -0.0366   0.1424
  12.00    0.9355  0.7132   1.1764   -0.8476 -0.2297   0.8782   -0.3724 -0.0974   0.3849    0.1844  0.0874   0.2040   -0.1367 -0.0416   0.1429
  14.00    0.8868  0.7447   1.1580   -0.8417 -0.2507   0.8782   -0.3722 -0.1081   0.3876    0.1793  0.0927   0.2018   -0.1355 -0.0461   0.1431
  16.00    0.8408  0.7705   1.1404   -0.8352 -0.2699   0.8777   -0.3716 -0.1182   0.3899    0.1743  0.0972   0.1996   -0.1342 -0.0502   0.1432
  18.00    0.7972  0.7917   1.1236   -0.8284 -0.2875   0.8769   -0.3706 -0.1279   0.3921    0.1696  0.1011   0.1974   -0.1327 -0.0539   0.1432
  20.00    0.7559  0.8091   1.1073   -0.8213 -0.3038   0.8756   -0.3694 -0.1373   0.3941    0.1650  0.1044   0.1953   -0.1311 -0.0574   0.1431
  22.00    0.7167  0.8234   1.0916   -0.8140 -0.3189   0.8742   -0.3679 -0.1463   0.3960    0.1607  0.1074   0.1933   -0.1294 -0.0606   0.1429
  24.00    0.6794  0.8349   1.0764   -0.8066 -0.3328   0.8726   -0.3662 -0.1550   0.3977    0.1565  0.1100   0.1912   -0.1277 -0.0636   0.1427
  26.00    0.6439  0.8442   1.0617   -0.7992 -0.3459   0.8709   -0.3643 -0.1635   0.3993    0.1524  0.1122   0.1893   -0.1260 -0.0663   0.1424
  28.00    0.6101  0.8515   1.0475   -0.7919 -0.3580   0.8690   -0.3622 -0.1718   0.4008    0.1485  0.1142   0.1874   -0.1242 -0.0689   0.1421
  30.00    0.5778  0.8571   1.0336   -0.7846 -0.3694   0.8672   -0.3598 -0.1798   0.4022    0.1448  0.1160   0.1855   -0.1225 -0.0714   0.1417
  32.00    0.5470  0.8612   1.0202   -0.7774 -0.3800   0.8653   -0.3574 -0.1876   0.4036    0.1412  0.1175   0.1837   -0.1207 -0.0736   0.1414
  34.00    0.5175  0.8640   1.0071   -0.7702 -0.3900   0.8634   -0.3547 -0.1952   0.4048    0.1377  0.1189   0.1820   -0.1189 -0.0758   0.1410
  36.00    0.4894  0.8656   0.9944   -0.7633 -0.3994   0.8615   -0.3518 -0.2026   0.4060    0.1344  0.1201   0.1802   -0.1171 -0.0777   0.1405
  38.00    0.4625  0.8663   0.9820   -0.7565 -0.4083   0.8597   -0.3488 -0.2099   0.4071    0.1312  0.1212   0.1786   -0.1154 -0.0796   0.1402
  40.00    0.4367  0.8660   0.9699   -0.7498 -0.4167   0.8579   -0.3456 -0.2170   0.4080    0.1280  0.1221   0.1770   -0.1137 -0.0814   0.1398
  42.00    0.4121  0.8650   0.9582   -0.7434 -0.4247   0.8562   -0.3422 -0.2238   0.4089    0.1251  0.1229   0.1754   -0.1118 -0.0831   0.1393
  44.00    0.3884  0.8633   0.9467   -0.7371 -0.4324   0.8545   -0.3387 -0.2306   0.4098    0.1222  0.1237   0.1738   -0.1102 -0.0846   0.1389
  46.00    0.3658  0.8609   0.9354   -0.7310 -0.4396   0.8530   -0.3351 -0.2371   0.4105    0.1193  0.1243   0.1723   -0.1085 -0.0862   0.1385
  48.00    0.3441  0.8580   0.9245   -0.7251 -0.4465   0.8515   -0.3312 -0.2435   0.4111    0.1166  0.1249   0.1708   -0.1068 -0.0877   0.1381
  50.00    0.3233  0.8547   0.9138   -0.7193 -0.4533   0.8502   -0.3273 -0.2497   0.4117    0.1140  0.1253   0.1694   -0.1050 -0.0889   0.1376
  52.00    0.3033  0.8509   0.9033   -0.7138 -0.4597   0.8490   -0.3232 -0.2557   0.4121    0.1115  0.1257   0.1680   -0.1034 -0.0902   0.1372
  54.00    0.2841  0.8467   0.8931   -0.7084 -0.4659   0.8479   -0.3190 -0.2616   0.4125    0.1089  0.1261   0.1666   -0.1018 -0.0915   0.1368
  56.00    0.2657  0.8421   0.8831   -0.7032 -0.4720   0.8469   -0.3146 -0.2672   0.4128    0.1066  0.1263   0.1653   -0.1000 -0.0926   0.1363
  58.00    0.2480  0.8373   0.8733   -0.6981 -0.4779   0.8460   -0.3102 -0.2727   0.4130    0.1043  0.1266   0.1640   -0.0984 -0.0936   0.1359
  60.00    0.2311  0.8322   0.8637   -0.6932 -0.4836   0.8453   -0.3056 -0.2780   0.4131    0.1020  0.1268   0.1627   -0.0969 -0.0947   0.1355
  62.00    0.2147  0.8269   0.8543   -0.6885 -0.4892   0.8446   -0.3009 -0.2831   0.4131    0.0998  0.1269   0.1614   -0.0953 -0.0958   0.1351
  64.00    0.1991  0.8213   0.8451   -0.6839 -0.4948   0.8441   -0.2962 -0.2879   0.4131    0.0977  0.1269   0.1601   -0.0936 -0.0966   0.1345
  66.00   -0.6794 -0.5002   0.8437    0.1840  0.8156   0.8361   -0.2914 -0.2927   0.4130    0.0956  0.1270   0.1590   -0.0921 -0.0975   0.1341
  68.00   -0.6751 -0.5056   0.8434    0.1695  0.8097   0.8273   -0.2864 -0.2972   0.4128    0.0936  0.1270   0.1578   -0.0906 -0.0984   0.1337
  70.00   -0.6708 -0.5109   0.8432    0.1556  0.8037   0.8186   -0.2814 -0.3016   0.4125    0.0916  0.1270   0.1566   -0.0891 -0.0992   0.1334
  72.00   -0.6667 -0.5163   0.8432    0.1422  0.7976   0.8102   -0.2764 -0.3056   0.4120    0.0897  0.1269   0.1554   -0.0874 -0.1000   0.1328
  74.00   -0.6626 -0.5215   0.8432    0.1293  0.7914   0.8019   -0.2713 -0.3096   0.4116    0.0879  0.1268   0.1543   -0.0860 -0.1006   0.1324
  76.00   -0.6586 -0.5268   0.8434    0.1168  0.7851   0.7938   -0.2662 -0.3134   0.4112    0.0861  0.1268   0.1532   -0.0846 -0.1013   0.1320
  78.00   -0.6547 -0.5320   0.8436    0.1049  0.7787   0.7858   -0.2610 -0.3170   0.4106    0.0843  0.1267   0.1522   -0.0832 -0.1020   0.1316
  80.00   -0.6509 -0.5372   0.8440    0.0934  0.7723   0.7779   -0.2558 -0.3203   0.4099    0.0826  0.1264   0.1510   -0.0815 -0.1027   0.1311
  82.00   -0.6471 -0.5424   0.8443    0.0823  0.7659   0.7703   -0.2506 -0.3235   0.4092    0.0809  0.1262   0.1500   -0.0801 -0.1032   0.1307
  84.00   -0.6433 -0.5476   0.8448    0.0716  0.7594   0.7627   -0.2454 -0.3266   0.4085    0.0793  0.1261   0.1490   -0.0787 -0.1038   0.1303
  86.00   -0.6395 -0.5528   0.8453    0.0614  0.7528   0.7553   -0.2401 -0.3295   0.4077    0.0777  0.1259   0.1480   -0.0774 -0.1043   0.1299
  88.00   -0.6358 -0.5580   0.8460    0.0514  0.7463   0.7480   -0.2349 -0.3323   0.4069    0.0761  0.1258   0.1470   -0.0761 -0.1048   0.1295
  90.00   -0.6321 -0.5633   0.8467    0.0419  0.7398   0.7409   -0.2297 -0.3347   0.4059    0.0746  0.1254   0.1459   -0.0745 -0.1054   0.1290
  92.00   -0.6284 -0.5685   0.8474    0.0327  0.7332   0.7339   -0.2245 -0.3371   0.4050    0.0732  0.1251   0.1450   -0.0731 -0.1057   0.1286
  94.00   -0.6247 -0.5737   0.8482    0.0239  0.7267   0.7271   -0.2194 -0.3394   0.4041    0.0718  0.1249   0.1441   -0.0719 -0.1061   0.1282
  96.00   -0.6210 -0.5790   0.8490    0.0153  0.7202   0.7203   -0.2142 -0.3415   0.4031    0.0704  0.1247   0.1432   -0.0706 -0.1065   0.1278
  98.00   -0.6172 -0.5842   0.8499    0.0071  0.7136   0.7137   -0.2090 -0.3435   0.4021    0.0690  0.1244   0.1423   -0.0693 -0.1069   0.1274
 100.00   -0.6135 -0.5895   0.8508   -0.0008  0.7072   0.7072   -0.2039 -0.3451   0.4009    0.0676  0.1240   0.1412   -0.0678 -0.1074   0.1270
 102.00   -0.6097 -0.5947   0.8517   -0.0085  0.7007   0.7008   -0.1989 -0.3468   0.3998    0.0664  0.1237   0.1403   -0.0665 -0.1076   0.1265
 104.00   -0.6059 -0.6000   0.8527   -0.0159  0.6943   0.6945   -0.1939 -0.3484   0.3987    0.0651  0.1234   0.1395   -0.0653 -0.1079   0.1261
 106.00   -0.6020 -0.6052   0.8537   -0.0230  0.6879   0.6883   -0.1889 -0.3499   0.3976    0.0639  0.1231   0.1387   -0.0641 -0.1081   0.1257
 108.00   -0.5982 -0.6105   0.8547   -0.0299  0.6816   0.6822   -0.1839 -0.3512   0.3965    0.0626  0.1228   0.1379   -0.0629 -0.1084   0.1254
 110.00   -0.5943 -0.6158   0.8557   -0.0365  0.6753   0.6763   -0.1790 -0.3522   0.3951    0.0614  0.1223   0.1369   -0.0615 -0.1089   0.1250
 112.00   -0.5903 -0.6210   0.8568   -0.0429  0.6690   0.6704   -0.1742 -0.3533   0.3940    0.0603  0.1220   0.1361   -0.0602 -0.1090   0.1245
 114.00   -0.5862 -0.6262   0.8578   -0.0491  0.6628   0.6646   -0.1694 -0.3543   0.3928    0.0592  0.1217   0.1353   -0.0590 -0.1091   0.1241
 116.00   -0.5822 -0.6314   0.8588   -0.0551  0.6566   0.6589   -0.1647 -0.3552   0.3916    0.0581  0.1213   0.1345   -0.0579 -0.1093   0.1237
 118.00   -0.5780 -0.6366   0.8599   -0.0608  0.6505   0.6533   -0.1600 -0.3560   0.3903    0.0570  0.1210   0.1338   -0.0568 -0.1094   0.1233
 120.00   -0.5739 -0.6418   0.8610   -0.0663  0.6444   0.6478   -0.1553 -0.3566   0.3889    0.0558  0.1205   0.1328   -0.0555 -0.1099   0.1231
 122.00   -0.5697 -0.6470   0.8620   -0.0717  0.6384   0.6425   -0.1507 -0.3572   0.3877    0.0548  0.1202   0.1321   -0.0543 -0.1099   0.1226
 124.00   -0.5653 -0.6522   0.8631   -0.0769  0.6325   0.6371   -0.1462 -0.3577   0.3864    0.0539  0.1198   0.1313   -0.0531 -0.1100   0.1221
 126.00   -0.5610 -0.6573   0.8641   -0.0819  0.6266   0.6319   -0.1417 -0.3581   0.3852    0.0529  0.1194   0.1306   -0.0520 -0.1100   0.1217
 128.00   -0.5566 -0.6624   0.8651   -0.0868  0.6207   0.6268   -0.1373 -0.3585   0.3839    0.0520  0.1191   0.1300   -0.0510 -0.1101   0.1213
 130.00   -0.5521 -0.6674   0.8662   -0.0914  0.6149   0.6217   -0.1329 -0.3588   0.3826    0.0511  0.1187   0.1293   -0.0499 -0.1102   0.1209
 132.00   -0.5476 -0.6725   0.8672   -0.0959  0.6092   0.6167   -0.1286 -0.3588   0.3812    0.0499  0.1183   0.1284   -0.0487 -0.1105   0.1207
 134.00   -0.5430 -0.6775   0.8682   -0.1003  0.6035   0.6118   -0.1243 -0.3590   0.3799    0.0491  0.1179   0.1277   -0.0476 -0.1105   0.1203
 136.00   -0.5383 -0.6824   0.8692   -0.1045  0.5979   0.6069   -0.1201 -0.3590   0.3786    0.0482  0.1175   0.1270   -0.0465 -0.1104   0.1198
 138.00   -0.5336 -0.6874   0.8701   -0.1086  0.5923   0.6022   -0.1160 -0.3591   0.3773    0.0474  0.1171   0.1264   -0.0454 -0.1104   0.1194
 140.00   -0.5288 -0.6922   0.8711   -0.1125  0.5868   0.5975   -0.1119 -0.3590   0.3761    0.0466  0.1168   0.1257   -0.0444 -0.1104   0.1190
 142.00   -0.5240 -0.6971   0.8720   -0.1162  0.5813   0.5928   -0.1078 -0.3588   0.3746    0.0456  0.1164   0.1250   -0.0434 -0.1107   0.1189
 144.00   -0.5190 -0.7019   0.8730   -0.1199  0.5759   0.5883   -0.1038 -0.3586   0.3733    0.0448  0.1159   0.1243   -0.0423 -0.1106   0.1185
 146.00   -0.5141 -0.7066   0.8738   -0.1235  0.5706   0.5838   -0.0999 -0.3583   0.3720    0.0440  0.1155   0.1236   -0.0412 -0.1106   0.1180
 148.00   -0.5090 -0.7113   0.8747   -0.1269  0.5653   0.5794   -0.0961 -0.3581   0.3707    0.0433  0.1151   0.1230   -0.0402 -0.1105   0.1176
 150.00   -0.5039 -0.7160   0.8755   -0.1302  0.5601   0.5750   -0.0922 -0.3578   0.3695    0.0426  0.1148   0.1224   -0.0392 -0.1104   0.1171
