   2.3696303176921E-03      6.0804359066201E-03
   1.2478424643485E-02      1.4138189780860E-02
   3.0636314333335E-02      2.2169793490037E-02
   5.6798394742205E-02      3.0142671546800E-02
   9.0894633704842E-02      3.8034499430436E-02
   1.3283323248001E-01      4.5823855790352E-02
   1.8250117165073E-01      5.3489703042622E-02
   2.3976457146712E-01      6.1011362188371E-02
   3.0446906756986E-01      6.8368550831994E-02
   3.7644023205931E-01      7.5541432864564E-02
   4.5548404564221E-01      8.2510670249774E-02
   5.4138742151356E-01      8.9257474502367E-02
   6.3391878020321E-01      9.5763657057889E-02
   7.3282867408024E-01      1.0201167817484E-01
   8.3785045993281E-01      1.0798469415325E-01
   9.4870101785593E-01      1.1366660270773E-01
   1.0650815145316E+00      1.1904208635714E-01
   1.1866782088545E+00      1.2409665370675E-01
   1.3131632977382E+00      1.2881667850781E-01
   1.4441957998243E+00      1.3318943638736E-01
   1.5794224747149E+00      1.3720313914834E-01
   1.7184787752508E+00      1.4084696654674E-01
   1.8609898302696E+00      1.4411109545991E-01
   2.0065714551947E+00      1.4698672636727E-01
   2.1548311877302E+00      1.4946610707165E-01
   2.3053693458719E+00      1.5154255359753E-01
   2.4577801053797E+00      1.5321046820957E-01
   2.6116525938092E+00      1.5446535450294E-01
   2.7665719981514E+00      1.5530382952473E-01
   2.9221206830963E+00      1.5572363289366E-01
   3.0778793169037E+00      1.5572363289366E-01
   3.2334280018486E+00      1.5530382952473E-01
   3.3883474061908E+00      1.5446535450294E-01
   3.5422198946203E+00      1.5321046820957E-01
   3.6946306541281E+00      1.5154255359753E-01
   3.8451688122698E+00      1.4946610707165E-01
   3.9934285448053E+00      1.4698672636727E-01
   4.1390101697304E+00      1.4411109545991E-01
   4.2815212247492E+00      1.4084696654674E-01
   4.4205775252851E+00      1.3720313914834E-01
   4.5558042001757E+00      1.3318943638736E-01
   4.6868367022618E+00      1.2881667850781E-01
   4.8133217911455E+00      1.2409665370675E-01
   4.9349184854684E+00      1.1904208635714E-01
   5.0512989821441E+00      1.1366660270773E-01
   5.1621495400672E+00      1.0798469415325E-01
   5.2671713259198E+00      1.0201167817484E-01
   5.3660812197968E+00      9.5763657057889E-02
   5.4586125784864E+00      8.9257474502367E-02
   5.5445159543578E+00      8.2510670249774E-02
   5.6235597679407E+00      7.5541432864564E-02
   5.6955309324301E+00      6.8368550831994E-02
   5.7602354285329E+00      6.1011362188371E-02
   5.8174988283493E+00      5.3489703042622E-02
   5.8671667675200E+00      4.5823855790352E-02
   5.9091053662952E+00      3.8034499430436E-02
   5.9432016052578E+00      3.0142671546800E-02
   5.9693636856667E+00      2.2169793490037E-02
   5.9875215753565E+00      1.4138189780860E-02
   5.9976303696823E+00      6.0804359066201E-03
   6.0094785212708E+00      2.4321743626481E-02
   6.0499136985739E+00      5.6552759123440E-02
   6.1225452573333E+00      8.8679173960148E-02
   6.2271935789688E+00      1.2057068618720E-01
   6.3635785348194E+00      1.5213799772175E-01
   6.5313329299200E+00      1.8329542316141E-01
   6.7300046866029E+00      2.1395881217049E-01
   6.9590582858685E+00      2.4404544875349E-01
   7.2178762702794E+00      2.7347420332797E-01
   7.5057609282372E+00      3.0216573145825E-01
   7.8219361825688E+00      3.3004268099910E-01
   8.1655496860543E+00      3.5702989800947E-01
   8.5356751208128E+00      3.8305462823156E-01
   8.9313146963210E+00      4.0804671269936E-01
   9.3514018397312E+00      4.3193877661301E-01
   9.7948040714237E+00      4.5466641083092E-01
   1.0260326058126E+01      4.7616834542857E-01
   1.0746712835418E+01      4.9638661482702E-01
   1.1252653190953E+01      5.1526671403123E-01
   1.1776783199297E+01      5.3275774554945E-01
   1.2317689898860E+01      5.4881255659337E-01
   1.2873915101003E+01      5.6338786618695E-01
   1.3443959321078E+01      5.7644438183965E-01
   1.4026285820779E+01      5.8794690546908E-01
   1.4619324750921E+01      5.9786442828660E-01
   1.5221477383488E+01      6.0617021439011E-01
   1.5831120421519E+01      6.1284187283827E-01
   1.6446610375237E+01      6.1786141801177E-01
   1.7066287992606E+01      6.2121531809892E-01
   1.7688482732385E+01      6.2289453157465E-01
   1.8311517267615E+01      6.2289453157465E-01
   1.8933712007394E+01      6.2121531809892E-01
   1.9553389624763E+01      6.1786141801177E-01
   2.0168879578481E+01      6.1284187283827E-01
   2.0778522616512E+01      6.0617021439011E-01
   2.1380675249079E+01      5.9786442828660E-01
   2.1973714179221E+01      5.8794690546908E-01
   2.2556040678922E+01      5.7644438183965E-01
   2.3126084898997E+01      5.6338786618695E-01
   2.3682310101140E+01      5.4881255659337E-01
   2.4223216800703E+01      5.3275774554945E-01
   2.4747346809047E+01      5.1526671403123E-01
   2.5253287164582E+01      4.9638661482702E-01
   2.5739673941874E+01      4.7616834542857E-01
   2.6205195928576E+01      4.5466641083092E-01
   2.6648598160269E+01      4.3193877661301E-01
   2.7068685303679E+01      4.0804671269936E-01
   2.7464324879187E+01      3.8305462823156E-01
   2.7834450313946E+01      3.5702989800947E-01
   2.8178063817431E+01      3.3004268099910E-01
   2.8494239071763E+01      3.0216573145825E-01
   2.8782123729721E+01      2.7347420332797E-01
   2.9040941714132E+01      2.4404544875349E-01
   2.9269995313397E+01      2.1395881217049E-01
   2.9468667070080E+01      1.8329542316141E-01
   2.9636421465181E+01      1.5213799772175E-01
   2.9772806421031E+01      1.2057068618720E-01
   2.9877454742667E+01      8.8679173960148E-02
   2.9950086301426E+01      5.6552759123440E-02
   2.9990521478729E+01      2.4321743626481E-02
