   1.9466662653160E-03      4.9949636715171E-03
   1.0249765963312E-02      1.1611222030468E-02
   2.5158725205288E-02      1.8198738911001E-02
   4.6627342284147E-02      2.4726656257619E-02
   7.4584708428078E-02      3.1172606071808E-02
   1.0893804966990E-01      3.7515055242899E-02
   1.4957328026655E-01      4.3732902845662E-02
   1.9635542743040E-01      4.9805482934367E-02
   2.4912909186861E-01      5.5712618621136E-02
   3.0771896805815E-01      6.1434684995680E-02
   3.7193042817249E-01      6.6952672928678E-02
   4.4155016930705E-01      7.2248251680695E-02
   5.1634692238112E-01      7.7303829564128E-02
   5.9607222056106E-01      8.2102612273208E-02
   6.8046122473535E-01      8.6628658619107E-02
   7.6923360333698E-01      9.0866933456462E-02
   8.6209446360872E-01      9.4803357612795E-02
   9.5873533122718E-01      9.8424854648959E-02
   1.0588351750362E+00      1.0171939429227E-01
   1.1620614734884E+00      1.0467603239649E-01
   1.2680713192543E+00      1.0728494729500E-01
   1.3765125583297E+00      1.0953747242601E-01
   1.4870249598585E+00      1.1142612512107E-01
   1.5992414127860E+00      1.1294463146114E-01
   1.7127891453658E+00      1.1408794711748E-01
   1.8272909634717E+00      1.1485227410811E-01
   1.9423665035994E+00      1.1523507341418E-01
   2.0576334963966E+00      1.1523507341418E-01
   2.1727090365243E+00      1.1485227410811E-01
   2.2872108546302E+00      1.1408794711748E-01
   2.4007585872100E+00      1.1294463146114E-01
   2.5129750401375E+00      1.1142612512107E-01
   2.6234874416663E+00      1.0953747242601E-01
   2.7319286807417E+00      1.0728494729500E-01
   2.8379385265076E+00      1.0467603239649E-01
   2.9411648249598E+00      1.0171939429227E-01
   3.0412646687688E+00      9.8424854648959E-02
   3.1379055363873E+00      9.4803357612795E-02
   3.2307663966590E+00      9.0866933456462E-02
   3.3195387752606E+00      8.6628658619107E-02
   3.4039277794349E+00      8.2102612273208E-02
   3.4836530776149E+00      7.7303829564128E-02
   3.5584498306890E+00      7.2248251680695E-02
   3.6280695718235E+00      6.6952672928678E-02
   3.6922810319379E+00      6.1434684995680E-02
   3.7508709081274E+00      5.5712618621136E-02
   3.8036445725656E+00      4.9805482934367E-02
   3.8504267197295E+00      4.3732902845662E-02
   3.8910619503261E+00      3.7515055242899E-02
   3.9254152915679E+00      3.1172606071808E-02
   3.9533726577119E+00      2.4726656257619E-02
   3.9748412747907E+00      1.8198738911001E-02
   3.9897502340327E+00      1.1611222030468E-02
   3.9980533337307E+00      4.9949636715171E-03
   4.0084992716577E+00      2.1809498672095E-02
   4.0447613258318E+00      5.0721133342683E-02
   4.1099146050121E+00      7.9562496239836E-02
   4.2038282358392E+00      1.0823005395766E-01
   4.3262944392943E+00      1.3665685784015E-01
   4.4770403708257E+00      1.6477895175642E-01
   4.6557297993150E+00      1.9253344503557E-01
   4.8619640569138E+00      2.1985835913922E-01
   5.0952829817085E+00      2.4669270239606E-01
   5.3551659621909E+00      2.7297658819428E-01
   5.6410331058260E+00      2.9865136255929E-01
   5.9522465360281E+00      3.2365973269190E-01
   6.2881118169537E+00      3.4794589380530E-01
   6.6478795038007E+00      3.7145565317817E-01
   7.0307468155173E+00      3.9413655084535E-01
   7.4358594263529E+00      4.1593797653267E-01
   7.8623133723312E+00      4.3681128251953E-01
   8.3091570684341E+00      4.5670989215121E-01
   8.7753934320142E+00      4.7558940374588E-01
   9.2599821077130E+00      4.9340768965732E-01
   9.7618417889245E+00      5.1012499026885E-01
   1.0279852630630E+01      5.2570400270650E-01
   1.0812858748222E+01      5.4010996407223E-01
   1.1359670796743E+01      5.5331072901081E-01
   1.1919068624787E+01      5.6527684143676E-01
   1.2489803997135E+01      5.7598160026108E-01
   1.3070603380064E+01      5.8540111897083E-01
   1.3660170783098E+01      5.9351437892864E-01
   1.4257190650873E+01      6.0030327627300E-01
   1.4860330798656E+01      6.0575266231469E-01
   1.5468245384975E+01      6.0985037733916E-01
   1.6079577914712E+01      6.1258727773948E-01
   1.6692964265981E+01      6.1395725641907E-01
   1.7307035734015E+01      6.1395725641907E-01
   1.7920422085284E+01      6.1258727773948E-01
   1.8531754615021E+01      6.0985037733916E-01
   1.9139669201340E+01      6.0575266231469E-01
   1.9742809349123E+01      6.0030327627300E-01
   2.0339829216898E+01      5.9351437892864E-01
   2.0929396619932E+01      5.8540111897083E-01
   2.1510196002861E+01      5.7598160026108E-01
   2.2080931375209E+01      5.6527684143676E-01
   2.2640329203253E+01      5.5331072901081E-01
   2.3187141251774E+01      5.4010996407223E-01
   2.3720147369366E+01      5.2570400270650E-01
   2.4238158211072E+01      5.1012499026885E-01
   2.4740017892283E+01      4.9340768965732E-01
   2.5224606567982E+01      4.7558940374588E-01
   2.5690842931562E+01      4.5670989215121E-01
   2.6137686627665E+01      4.3681128251953E-01
   2.6564140573643E+01      4.1593797653267E-01
   2.6969253184479E+01      3.9413655084535E-01
   2.7352120496195E+01      3.7145565317817E-01
   2.7711888183042E+01      3.4794589380530E-01
   2.8047753463968E+01      3.2365973269190E-01
   2.8358966894170E+01      2.9865136255929E-01
   2.8644834037805E+01      2.7297658819428E-01
   2.8904717018288E+01      2.4669270239606E-01
   2.9138035943082E+01      2.1985835913922E-01
   2.9344270200681E+01      1.9253344503557E-01
   2.9522959629170E+01      1.6477895175642E-01
   2.9673705560702E+01      1.3665685784015E-01
   2.9796171764157E+01      1.0823005395766E-01
   2.9890085394984E+01      7.9562496239836E-02
   2.9955238674164E+01      5.0721133342683E-02
   2.9991500728338E+01      2.1809498672095E-02
