   5.2093121967145E-04      1.3367616500724E-03
   2.7437382889891E-03      3.1094201499030E-03
   6.7385901953685E-03      4.8791797586039E-03
   1.2499273383786E-02      6.6404929091130E-03
   2.0015654568740E-02      8.3900454339854E-03
   2.9274395957540E-02      1.0124694538307E-02
   4.0259044540552E-02      1.1841347547523E-02
   5.2950073571721E-02      1.3536949411815E-02
   6.7324920538080E-02      1.5208484243432E-02
   8.3358028357260E-02      1.6852979582059E-02
   1.0102089123831E-01      1.8467511309017E-02
   1.2028210554815E-01      2.0049208702835E-02
   1.4110742573430E-01      2.1595259481719E-02
   1.6345982525751E-01      2.3102914774962E-02
   1.8729956244840E-01      2.4569493995992E-02
   2.1258425118085E-01      2.5992389600776E-02
   2.3926893624148E-01      2.7369071719734E-02
   2.6730617326365E-01      2.8697092653327E-02
   2.9664611308515E-01      2.9974091222521E-02
   3.2723659038041E-01      3.1197796965978E-02
   3.5902321641003E-01      3.2366034176282E-02
   3.9194947572300E-01      3.3476725767896E-02
   4.2595682663986E-01      3.4527896969896E-02
   4.6098480533810E-01      3.5517678836872E-02
   4.9697113335511E-01      3.6444311571731E-02
   5.3385182831719E-01      3.7306147654469E-02
   5.7156131769814E-01      3.8101654771339E-02
   6.1003255540497E-01      3.8829418539215E-02
   6.4919714098350E-01      3.9488145020275E-02
   6.8898544123199E-01      4.0076663022557E-02
   7.2932671400648E-01      4.0593926182276E-02
   7.7014923399782E-01      4.1039014824209E-02
   8.1138042025670E-01      4.1411137596836E-02
   8.5294696523995E-01      4.1709632879324E-02
   8.9477496514872E-01      4.1933969957861E-02
   9.3679005132676E-01      4.2083749969241E-02
   9.7891752248521E-01      4.2158706610028E-02
   1.0210824775188E+00      4.2158706610028E-02
   1.0632099486772E+00      4.2083749969241E-02
   1.1052250348553E+00      4.1933969957861E-02
   1.1470530347640E+00      4.1709632879324E-02
   1.1886195797473E+00      4.1411137596836E-02
   1.2298507660062E+00      4.1039014824209E-02
   1.2706732859975E+00      4.0593926182276E-02
   1.3110145587720E+00      4.0076663022557E-02
   1.3508028590205E+00      3.9488145020275E-02
   1.3899674445990E+00      3.8829418539215E-02
   1.4284386823059E+00      3.8101654771339E-02
   1.4661481716868E+00      3.7306147654469E-02
   1.5030288666489E+00      3.6444311571731E-02
   1.5390151946659E+00      3.5517678836872E-02
   1.5740431733641E+00      3.4527896969896E-02
   1.6080505242810E+00      3.3476725767896E-02
   1.6409767835940E+00      3.2366034176282E-02
   1.6727634096236E+00      3.1197796965978E-02
   1.7033538869188E+00      2.9974091222521E-02
   1.7326938267403E+00      2.8697092653327E-02
   1.7607310637625E+00      2.7369071719734E-02
   1.7874157488232E+00      2.5992389600776E-02
   1.8127004375556E+00      2.4569493995992E-02
   1.8365401747465E+00      2.3102914774962E-02
   1.8588925742697E+00      2.1595259481719E-02
   1.8797178944558E+00      2.0049208702835E-02
   1.8989791087657E+00      1.8467511309017E-02
   1.9166419716467E+00      1.6852979582059E-02
   1.9326750794659E+00      1.5208484243432E-02
   1.9470499264323E+00      1.3536949411815E-02
   1.9597409554634E+00      1.1841347547523E-02
   1.9707256040465E+00      1.0124694538307E-02
   1.9799843454353E+00      8.3900454339854E-03
   1.9875007266202E+00      6.6404929091130E-03
   1.9932614098086E+00      4.8791797586039E-03
   1.9972562617150E+00      3.1094201499030E-03
   1.9994790687843E+00      1.3367616500724E-03
   2.0053478314687E+00      1.3721203472419E-02
   2.0281506043793E+00      3.1879592918883E-02
   2.0690653207873E+00      4.9919535083930E-02
   2.1279144325880E+00      6.7734056031311E-02
   2.2044305462195E+00      8.5239995016480E-02
   2.2982648047768E+00      1.0235714558846E-01
   2.4089891538680E+00      1.1900731820875E-01
   2.5360984205363E+00      1.3511451199636E-01
   2.6790126517394E+00      1.5060522142947E-01
   2.8370797717025E+00      1.6540876043863E-01
   3.0095785615408E+00      1.7945758110918E-01
   3.1957219519218E+00      1.9268758040675E-01
   3.3946606151953E+00      2.0503839202847E-01
   3.6054868411523E+00      2.1645366154332E-01
   3.8272386789559E+00      2.2688130337585E-01
   4.0589043264503E+00      2.3627373838207E-01
   4.2994267468715E+00      2.4458811089848E-01
   4.5477084919187E+00      2.5178648425745E-01
   4.8026167091951E+00      2.5783601386843E-01
   5.0629883111774E+00      2.6270909707099E-01
   5.3276352821339E+00      2.6638349907369E-01
   5.5953500987799E+00      2.6884245440258E-01
   5.8649112399379E+00      2.7007474339601E-01
   6.1350887600661E+00      2.7007474339601E-01
   6.4046499012241E+00      2.6884245440258E-01
   6.6723647178701E+00      2.6638349907369E-01
   6.9370116888266E+00      2.6270909707099E-01
   7.1973832908089E+00      2.5783601386843E-01
   7.4522915080853E+00      2.5178648425745E-01
   7.7005732531325E+00      2.4458811089848E-01
   7.9410956735537E+00      2.3627373838207E-01
   8.1727613210481E+00      2.2688130337585E-01
   8.3945131588517E+00      2.1645366154332E-01
   8.6053393848087E+00      2.0503839202847E-01
   8.8042780480822E+00      1.9268758040675E-01
   8.9904214384632E+00      1.7945758110918E-01
   9.1629202283015E+00      1.6540876043863E-01
   9.3209873482646E+00      1.5060522142947E-01
   9.4639015794677E+00      1.3511451199636E-01
   9.5910108461360E+00      1.1900731820875E-01
   9.7017351952272E+00      1.0235714558846E-01
   9.7955694537845E+00      8.5239995016480E-02
   9.8720855674160E+00      6.7734056031311E-02
   9.9309346792167E+00      4.9919535083930E-02
   9.9718493956247E+00      3.1879592918883E-02
   9.9946521685353E+00      1.3721203472419E-02
