Oscillator Length (b_0)       : -1.00000
Convergence in Energy         :  1.00E-06
Slowing factor                :  0.60000
Pure HF Calculations (=1)     :   0
Isospin of the Basis WF       :   1
Number of shells (N_0)        :   4
Maximum Ang. Mom. (Lmax)      :   8
Maximum n (nmax)              :  20
Maximum n for Unity           :  28
Index of the Wave-function    :   1
Number of neutrons (N)        :   8
Number of protons  (Z)        :   3
Parameters of the Gogny force : D1S
Type of Basis                 :   2
Compatibility with the HO     :   0

--- Cut-off Energy  : Ecut =     67.582

--- Maximum n value : ncut =      20

--- Maximum n-value of a give l ---

       L    n  n(HO)
       0   24    5
       1   23    4
       2   23    4
       3   22    3
       4   22    3
       5   21    2
       6   21    2
       7   20    1
       8   20    1

--- Parameters of the Gogny force ---

Protons : W =   103.64 MeV
        : B =  -163.48 MeV
        : H =   162.81 MeV
        : M =  -223.93 MeV

Neutrons: W = -1720.30 MeV
        : B =  1300.00 MeV
        : H = -1813.53 MeV
        : M =  1397.60 MeV

WLS =   130.00 MeV.fm5
t_0 =  1390.60 MeV.fm4

Proton Blocking: l =  1 j =  3/2 - mu =  1
nosc =    0 vv =    0.50000 vu =    0.70711
Number of particle :    3.00000
nosc =    1 vv =    0.50000 vu =    0.70711
nosc =    0 vv =    1.00000 vu =    0.00000
Number of particle :   11.00000
Proton Blocking: l =  1 j =  3/2 - mu =  1

--- Starting the self-consistent Calculation ---

Number of oscillator shells N :      8
Maximum angular momentum L    :      8
Maximum n                     :     20
Numerical accuracy in Energy  :   1.00E-06
Oscillator length             : -1.000
Atomic number A               :     11
 Impossible to read file: 
 data/vBB8ph_WS.txt                                              
 Brink-Boker terms: Particle-Hole Channel - General Basis
Number of re-used integrals =  170691625
Completion rate:  11%
Number of re-used integrals =  390752730
Completion rate:  22%
Number of re-used integrals =  696435125
Completion rate:  33%
Number of re-used integrals = 1052333456
Completion rate:  44%
Number of re-used integrals = 1494617106
Completion rate:  55%
Number of re-used integrals = 1987368031
Completion rate:  66%
Number of re-used integrals = **********
Completion rate:  77%
Number of re-used integrals = **********
Completion rate:  88%
Number of re-used integrals = -382161005
Completion rate: 100%
 No se pudo leer el archivo: 
 data/vBB8pp_WS.txt                                              
 Brink-Boker terms: Particle-Particle Channel - General Basis
 11% calculado
 22% calculado
 33% calculado
 44% calculado
 55% calculado
 66% calculado
 77% calculado
 88% calculado
100% calculado
 No se pudo leer el archivo: 
 data/vC8ph_WS.txt                                               
 Calculation of ph Coulomb matrix elements - General Basis
 11% calculado
 22% calculado
 33% calculado
 44% calculado
 55% calculado
 66% calculado
 77% calculado
 88% calculado
100% calculado
 No se pudo leer el archivo: 
 data/vC8pp_WS.txt                                               
 Calculation of pp Coulomb matrix elements - General Basis
 11% calculado
 22% calculado
 33% calculado
 44% calculado
 55% calculado
 66% calculado
 77% calculado
 88% calculado
100% calculado
 No se pudo leer el archivo: 
 data/vLS8ph_WS.txt                                              
 Calculation of the matrix elements of the spin-orbit term:
 11% calculated
 22% calculated
 33% calculated
 44% calculated
 55% calculated
 66% calculated
 77% calculated
 88% calculated
100% calculated
 No se pudo leer el archivo: 
 data/vLS8pp_WS.txt                                              
 Se van a calcular los elementos de matriz de apar de LS
 11% calculado
 22% calculado
 33% calculado
 44% calculado
 55% calculado
 66% calculado
 77% calculado
 88% calculado
100% calculado
          k =    0 Difference in Energy :      5.68086877
Iteration k =    1 HF Energy :     -7.75684914
Iteration k =    2 HF Energy :    -21.23277093
Iteration k =    3 HF Energy :    -31.01240319
Iteration k =    4 HF Energy :    -38.04905543
Iteration k =    5 HF Energy :    -42.51333289
          k =    5 Difference in Energy :      0.25155068
Iteration k =    6 HF Energy :    -44.99061719
Iteration k =    7 HF Energy :    -46.23634704
Iteration k =    8 HF Energy :    -46.82580985
Iteration k =    9 HF Energy :    -47.09655857
Iteration k =   10 HF Energy :    -47.22061641
          k =   10 Difference in Energy :      0.01736865
Iteration k =   11 HF Energy :    -47.27899868
Iteration k =   12 HF Energy :    -47.30820507
Iteration k =   13 HF Energy :    -47.32429481
Iteration k =   14 HF Energy :    -47.33427176
Iteration k =   15 HF Energy :    -47.34120732
          k =   15 Difference in Energy :      0.01095325
Iteration k =   16 HF Energy :    -47.34647971
Iteration k =   17 HF Energy :    -47.35073635
Iteration k =   18 HF Energy :    -47.35430420
Iteration k =   19 HF Energy :    -47.35736490
Iteration k =   20 HF Energy :    -47.36003033
          k =   20 Difference in Energy :      0.00839934
Iteration k =   21 HF Energy :    -47.36237607
Iteration k =   22 HF Energy :    -47.36445698
Iteration k =   23 HF Energy :    -47.36631484
Iteration k =   24 HF Energy :    -47.36798257
Iteration k =   25 HF Energy :    -47.36948668
          k =   25 Difference in Energy :      0.00584193
Iteration k =   26 HF Energy :    -47.37084888
Iteration k =   27 HF Energy :    -47.37208713
Iteration k =   28 HF Energy :    -47.37321651
Iteration k =   29 HF Energy :    -47.37424972
Iteration k =   30 HF Energy :    -47.37519760
          k =   30 Difference in Energy :      0.00417708
Iteration k =   31 HF Energy :    -47.37606942
Iteration k =   32 HF Energy :    -47.37687319
Iteration k =   33 HF Energy :    -47.37761584
Iteration k =   34 HF Energy :    -47.37830342
Iteration k =   35 HF Energy :    -47.37894123
          k =   35 Difference in Energy :      0.00307741
Iteration k =   36 HF Energy :    -47.37953393
Iteration k =   37 HF Energy :    -47.38008563
Iteration k =   38 HF Energy :    -47.38059997
Iteration k =   39 HF Energy :    -47.38108019
Iteration k =   40 HF Energy :    -47.38152918
          k =   40 Difference in Energy :      0.00232132
Iteration k =   41 HF Energy :    -47.38194954
Iteration k =   42 HF Energy :    -47.38234357
Iteration k =   43 HF Energy :    -47.38271336
Iteration k =   44 HF Energy :    -47.38306079
Iteration k =   45 HF Energy :    -47.38338757
          k =   45 Difference in Energy :      0.00178320
Iteration k =   46 HF Energy :    -47.38369522
Iteration k =   47 HF Energy :    -47.38398515
Iteration k =   48 HF Energy :    -47.38425863
Iteration k =   49 HF Energy :    -47.38451681
Iteration k =   50 HF Energy :    -47.38476076
          k =   50 Difference in Energy :      0.00138942
Iteration k =   51 HF Energy :    -47.38499143
Iteration k =   52 HF Energy :    -47.38520971
Iteration k =   53 HF Energy :    -47.38541642
Iteration k =   54 HF Energy :    -47.38561230
Iteration k =   55 HF Energy :    -47.38579804
          k =   55 Difference in Energy :      0.00109478
Iteration k =   56 HF Energy :    -47.38597427
Iteration k =   57 HF Energy :    -47.38614159
Iteration k =   58 HF Energy :    -47.38630052
Iteration k =   59 HF Energy :    -47.38645158
Iteration k =   60 HF Energy :    -47.38659522
          k =   60 Difference in Energy :      0.00087032
Iteration k =   61 HF Energy :    -47.38673188
Iteration k =   62 HF Energy :    -47.38686195
Iteration k =   63 HF Energy :    -47.38698582
Iteration k =   64 HF Energy :    -47.38710383
Iteration k =   65 HF Energy :    -47.38721630
          k =   65 Difference in Energy :      0.00069680
Iteration k =   66 HF Energy :    -47.38732353
Iteration k =   67 HF Energy :    -47.38742581
Iteration k =   68 HF Energy :    -47.38752339
Iteration k =   69 HF Energy :    -47.38761654
Iteration k =   70 HF Energy :    -47.38770548
          k =   70 Difference in Energy :      0.00056108
Iteration k =   71 HF Energy :    -47.38779042
Iteration k =   72 HF Energy :    -47.38787157
Iteration k =   73 HF Energy :    -47.38794912
Iteration k =   74 HF Energy :    -47.38802326
Iteration k =   75 HF Energy :    -47.38809415
          k =   75 Difference in Energy :      0.00045388
Iteration k =   76 HF Energy :    -47.38816195
Iteration k =   77 HF Energy :    -47.38822682
Iteration k =   78 HF Energy :    -47.38828888
Iteration k =   79 HF Energy :    -47.38834829
Iteration k =   80 HF Energy :    -47.38840516
          k =   80 Difference in Energy :      0.00036854
Iteration k =   81 HF Energy :    -47.38845962
Iteration k =   82 HF Energy :    -47.38851177
Iteration k =   83 HF Energy :    -47.38856173
Iteration k =   84 HF Energy :    -47.38860959
Iteration k =   85 HF Energy :    -47.38865545
          k =   85 Difference in Energy :      0.00030016
Iteration k =   86 HF Energy :    -47.38869941
Iteration k =   87 HF Energy :    -47.38874154
Iteration k =   88 HF Energy :    -47.38878194
Iteration k =   89 HF Energy :    -47.38882067
Iteration k =   90 HF Energy :    -47.38885782
          k =   90 Difference in Energy :      0.00024507
Iteration k =   91 HF Energy :    -47.38889345
Iteration k =   92 HF Energy :    -47.38892762
Iteration k =   93 HF Energy :    -47.38896041
Iteration k =   94 HF Energy :    -47.38899187
Iteration k =   95 HF Energy :    -47.38902206
          k =   95 Difference in Energy :      0.00020051
Iteration k =   96 HF Energy :    -47.38905103
Iteration k =   97 HF Energy :    -47.38907884
Iteration k =   98 HF Energy :    -47.38910554
Iteration k =   99 HF Energy :    -47.38913117
El annealing se aumento a  0.70000
Iteration k =  100 HF Energy :    -47.38915391
          k =  100 Difference in Energy :      0.00016476
Iteration k =  101 HF Energy :    -47.38917606
Iteration k =  102 HF Energy :    -47.38919748
Iteration k =  103 HF Energy :    -47.38921814
Iteration k =  104 HF Energy :    -47.38923805
Iteration k =  105 HF Energy :    -47.38925722
          k =  105 Difference in Energy :      0.00013683
Iteration k =  106 HF Energy :    -47.38927569
Iteration k =  107 HF Energy :    -47.38929348
Iteration k =  108 HF Energy :    -47.38931060
Iteration k =  109 HF Energy :    -47.38932710
Iteration k =  110 HF Energy :    -47.38934298
          k =  110 Difference in Energy :      0.00011372
Iteration k =  111 HF Energy :    -47.38935828
Iteration k =  112 HF Energy :    -47.38937302
Iteration k =  113 HF Energy :    -47.38938722
Iteration k =  114 HF Energy :    -47.38940089
Iteration k =  115 HF Energy :    -47.38941407
          k =  115 Difference in Energy :      0.00009460
Iteration k =  116 HF Energy :    -47.38942676
Iteration k =  117 HF Energy :    -47.38943899
Iteration k =  118 HF Energy :    -47.38945077
Iteration k =  119 HF Energy :    -47.38946213
Iteration k =  120 HF Energy :    -47.38947307
          k =  120 Difference in Energy :      0.00007874
Iteration k =  121 HF Energy :    -47.38948361
Iteration k =  122 HF Energy :    -47.38949377
Iteration k =  123 HF Energy :    -47.38950356
Iteration k =  124 HF Energy :    -47.38951299
Iteration k =  125 HF Energy :    -47.38952209
          k =  125 Difference in Energy :      0.00006558
Iteration k =  126 HF Energy :    -47.38953085
Iteration k =  127 HF Energy :    -47.38953930
Iteration k =  128 HF Energy :    -47.38954744
Iteration k =  129 HF Energy :    -47.38955528
Iteration k =  130 HF Energy :    -47.38956285
          k =  130 Difference in Energy :      0.00005465
Iteration k =  131 HF Energy :    -47.38957014
Iteration k =  132 HF Energy :    -47.38957717
Iteration k =  133 HF Energy :    -47.38958394
Iteration k =  134 HF Energy :    -47.38959047
Iteration k =  135 HF Energy :    -47.38959677
          k =  135 Difference in Energy :      0.00004555
Iteration k =  136 HF Energy :    -47.38960284
Iteration k =  137 HF Energy :    -47.38960869
Iteration k =  138 HF Energy :    -47.38961433
Iteration k =  139 HF Energy :    -47.38961977
Iteration k =  140 HF Energy :    -47.38962502
          k =  140 Difference in Energy :      0.00003799
Iteration k =  141 HF Energy :    -47.38963007
Iteration k =  142 HF Energy :    -47.38963495
Iteration k =  143 HF Energy :    -47.38963965
Iteration k =  144 HF Energy :    -47.38964418
Iteration k =  145 HF Energy :    -47.38964855
          k =  145 Difference in Energy :      0.00003168
Iteration k =  146 HF Energy :    -47.38965276
Iteration k =  147 HF Energy :    -47.38965683
Iteration k =  148 HF Energy :    -47.38966074
Iteration k =  149 HF Energy :    -47.38966452
Iteration k =  150 HF Energy :    -47.38966816
          k =  150 Difference in Energy :      0.00002643
Iteration k =  151 HF Energy :    -47.38967168
Iteration k =  152 HF Energy :    -47.38967506
Iteration k =  153 HF Energy :    -47.38967833
Iteration k =  154 HF Energy :    -47.38968148
Iteration k =  155 HF Energy :    -47.38968452
          k =  155 Difference in Energy :      0.00002206
Iteration k =  156 HF Energy :    -47.38968745
Iteration k =  157 HF Energy :    -47.38969027
Iteration k =  158 HF Energy :    -47.38969300
Iteration k =  159 HF Energy :    -47.38969563
Iteration k =  160 HF Energy :    -47.38969816
          k =  160 Difference in Energy :      0.00001841
Iteration k =  161 HF Energy :    -47.38970060
Iteration k =  162 HF Energy :    -47.38970296
Iteration k =  163 HF Energy :    -47.38970523
Iteration k =  164 HF Energy :    -47.38970742
Iteration k =  165 HF Energy :    -47.38970954
          k =  165 Difference in Energy :      0.00001537
Iteration k =  166 HF Energy :    -47.38971158
Iteration k =  167 HF Energy :    -47.38971354
Iteration k =  168 HF Energy :    -47.38971544
Iteration k =  169 HF Energy :    -47.38971727
Iteration k =  170 HF Energy :    -47.38971903
          k =  170 Difference in Energy :      0.00001283
Iteration k =  171 HF Energy :    -47.38972073
Iteration k =  172 HF Energy :    -47.38972238
Iteration k =  173 HF Energy :    -47.38972396
Iteration k =  174 HF Energy :    -47.38972549
Iteration k =  175 HF Energy :    -47.38972696
          k =  175 Difference in Energy :      0.00001071
Iteration k =  176 HF Energy :    -47.38972838
Iteration k =  177 HF Energy :    -47.38972975
Iteration k =  178 HF Energy :    -47.38973107
Iteration k =  179 HF Energy :    -47.38973234
Iteration k =  180 HF Energy :    -47.38973357
          k =  180 Difference in Energy :      0.00000894
Iteration k =  181 HF Energy :    -47.38973476
Iteration k =  182 HF Energy :    -47.38973590
Iteration k =  183 HF Energy :    -47.38973700
Iteration k =  184 HF Energy :    -47.38973807
Iteration k =  185 HF Energy :    -47.38973909
          k =  185 Difference in Energy :      0.00000747
Iteration k =  186 HF Energy :    -47.38974008
Iteration k =  187 HF Energy :    -47.38974104
Iteration k =  188 HF Energy :    -47.38974196
Iteration k =  189 HF Energy :    -47.38974285
Iteration k =  190 HF Energy :    -47.38974370
          k =  190 Difference in Energy :      0.00000624
Iteration k =  191 HF Energy :    -47.38974453
Iteration k =  192 HF Energy :    -47.38974533
Iteration k =  193 HF Energy :    -47.38974610
Iteration k =  194 HF Energy :    -47.38974684
Iteration k =  195 HF Energy :    -47.38974755
          k =  195 Difference in Energy :      0.00000521
Iteration k =  196 HF Energy :    -47.38974824
Iteration k =  197 HF Energy :    -47.38974891
Iteration k =  198 HF Energy :    -47.38974955
Iteration k =  199 HF Energy :    -47.38975017
El annealing se aumento a  0.80000
Iteration k =  200 HF Energy :    -47.38975072
          k =  200 Difference in Energy :      0.00000436
Iteration k =  201 HF Energy :    -47.38975127
Iteration k =  202 HF Energy :    -47.38975179
Iteration k =  203 HF Energy :    -47.38975230
Iteration k =  204 HF Energy :    -47.38975279
Iteration k =  205 HF Energy :    -47.38975327
          k =  205 Difference in Energy :      0.00000368
Iteration k =  206 HF Energy :    -47.38975373
Iteration k =  207 HF Energy :    -47.38975418
Iteration k =  208 HF Energy :    -47.38975461
Iteration k =  209 HF Energy :    -47.38975502
Iteration k =  210 HF Energy :    -47.38975542
          k =  210 Difference in Energy :      0.00000310
Iteration k =  211 HF Energy :    -47.38975581
Iteration k =  212 HF Energy :    -47.38975619
Iteration k =  213 HF Energy :    -47.38975655
Iteration k =  214 HF Energy :    -47.38975690
Iteration k =  215 HF Energy :    -47.38975724
          k =  215 Difference in Energy :      0.00000262
Iteration k =  216 HF Energy :    -47.38975757
Iteration k =  217 HF Energy :    -47.38975789
Iteration k =  218 HF Energy :    -47.38975819
Iteration k =  219 HF Energy :    -47.38975849
Iteration k =  220 HF Energy :    -47.38975877
          k =  220 Difference in Energy :      0.00000221
Iteration k =  221 HF Energy :    -47.38975905
Iteration k =  222 HF Energy :    -47.38975932
Iteration k =  223 HF Energy :    -47.38975958
Iteration k =  224 HF Energy :    -47.38975983
Iteration k =  225 HF Energy :    -47.38976007
          k =  225 Difference in Energy :      0.00000186
Iteration k =  226 HF Energy :    -47.38976030
Iteration k =  227 HF Energy :    -47.38976053
Iteration k =  228 HF Energy :    -47.38976074
Iteration k =  229 HF Energy :    -47.38976095
Iteration k =  230 HF Energy :    -47.38976116
          k =  230 Difference in Energy :      0.00000157
Iteration k =  231 HF Energy :    -47.38976136
Iteration k =  232 HF Energy :    -47.38976155
Iteration k =  233 HF Energy :    -47.38976173
Iteration k =  234 HF Energy :    -47.38976191
Iteration k =  235 HF Energy :    -47.38976208
          k =  235 Difference in Energy :      0.00000133
Iteration k =  236 HF Energy :    -47.38976224
Iteration k =  237 HF Energy :    -47.38976241
Iteration k =  238 HF Energy :    -47.38976256
Iteration k =  239 HF Energy :    -47.38976271
Iteration k =  240 HF Energy :    -47.38976286
          k =  240 Difference in Energy :      0.00000112
Iteration k =  241 HF Energy :    -47.38976300
Iteration k =  242 HF Energy :    -47.38976313
Iteration k =  243 HF Energy :    -47.38976326
Iteration k =  244 HF Energy :    -47.38976339
Iteration k =  245 HF Energy :    -47.38976351
          k =  245 Difference in Energy :      0.00000094
Iteration k =  246 HF Energy :    -47.38976363
Iteration k =  247 HF Energy :    -47.38976374
Iteration k =  248 HF Energy :    -47.38976385
Iteration k =  249 HF Energy :    -47.38976396
Iteration k =  250 HF Energy :    -47.38976406
Energy =   -47.38976E+00 Precision =  0.00000E+00

Tiempo empleado (segundos): 114.50E+03
 
                           Longitud del oscilador:       -1.0000000000
----------------------------------------------------------------------
                                 Energia cinetica:      134.1326065620
             Energia cinetica del centro de masas:        4.3181448300
                    Energia local de Brink-Booker:     -300.7676775086
                         Energia local de Coulomb:        2.7567433469
           Energia de intercambio de Brink-Booker:      -31.8141871839
                Energia de intercambio de Coulomb:       -0.8658475219
               Energia dependiente de la densidad:      148.9773878709
                           Energia de spin-orbita:       -4.1268403457
----------------------------------------------------------------------
                    Enertia total de Brink-Booker:     -332.5818646925
                         Enertia total de Coulomb:        1.8908958250
                     Energia total (Hartree-Fock):      -47.3896699502
----------------------------------------------------------------------
                     Apareamiento de Brink-Booker:   -0.9418183261E-04
                          Apareamiento de Coulomb:    0.9086095837E-31
                      Apareamiento de spin-orbita:    0.6854127321E-07
----------------------------------------------------------------------
                               Apareamiento total:   -0.9411329133E-04
----------------------------------------------------------------------
                                            TOTAL:      -47.3897640635
 
                               Neutrones       Protones          Total
              Particulas:        8.00000        3.00000       11.00000
    Potenciales quimicos:        0.02124      -27.86793
                   Radio:        2.94954        2.28232        2.78348
 Multiplicadores y error:        0.00000        0.00000        7.74776
NEUTRON SINGLE-PARTICLE ENERGIES (CANONICAL BASIS)
   1)   s 1/2  1.00   -23.448
   2)   p 3/2  1.00    -7.360
   3)   p 1/2  1.00    -2.038
   4)   s 1/2  0.00     0.600
   5)   p 3/2  0.00     2.149
   6)   p 1/2  0.00     2.381
   7)   s 1/2  0.00     2.443
   8)   d 5/2  0.00     4.573
   9)   s 1/2  0.00     4.833
  10)   d 5/2  0.00     5.070
  11)   d 3/2  0.00     5.608
  12)   k17/2  0.00     5.769
  13)   k15/2  0.00     5.850
  14)   i11/2  0.00     6.597
  15)   i13/2  0.00     6.663
  16)   f 7/2  0.00     6.853
  17)   p 3/2  0.00     6.894
  18)   k15/2  0.00     7.018
  19)   k17/2  0.00     7.063
  20)   p 1/2  0.00     7.081
  21)   j13/2  0.00     7.415
  22)   j15/2  0.00     7.430
  23)   i13/2  0.00     7.958
  24)   i11/2  0.00     8.021
  25)   d 5/2  0.00     8.163
  26)   f 7/2  0.00     8.651
  27)   d 3/2  0.00     8.773
  28)   f 5/2  0.00     9.042
  29)   h 9/2  0.00     9.399
  30)   p 1/2  0.00     9.581
  31)   f 5/2  0.00     9.653
  32)   s 1/2  0.00     9.879
  33)   h11/2  0.00     9.900
  34)   i11/2  0.00    10.018
  35)   i13/2  0.00    10.091
  36)   d 5/2  0.00    10.803
  37)   p 3/2  0.00    11.486
  38)   p 1/2  0.00    11.865
  39)   j13/2  0.00    11.979
  40)   j15/2  0.00    11.997
  41)   p 3/2  0.00    12.103
  42)   g 9/2  0.00    12.128
  43)   p 3/2  0.00    12.170
  44)   g 7/2  0.00    12.272
  45)   g 7/2  0.00    12.296
  46)   k17/2  0.00    12.629
  47)   k15/2  0.00    12.629
  48)   g 9/2  0.00    12.634
  49)   f 7/2  0.00    12.746
  50)   h11/2  0.00    12.807
  51)   d 3/2  0.00    12.869
  52)   h 9/2  0.00    12.913
  53)   d 5/2  0.00    12.998
  54)   f 5/2  0.00    13.068
  55)   d 3/2  0.00    13.279
  56)   i13/2  0.00    13.289
  57)   i11/2  0.00    13.393
  58)   f 5/2  0.00    13.414
  59)   d 3/2  0.00    13.451
  60)   p 3/2  0.00    13.575
  61)   p 3/2  0.00    13.657
  62)   p 1/2  0.00    13.687
  63)   k17/2  0.00    13.949
  64)   k15/2  0.00    14.030
  65)   k17/2  0.00    14.041
  66)   f 7/2  0.00    14.148
  67)   f 5/2  0.00    14.163
  68)   p 1/2  0.00    14.259
  69)   s 1/2  0.00    14.407
  70)   i11/2  0.00    14.549
  71)   k15/2  0.00    14.579
  72)   j15/2  0.00    14.585
  73)   i13/2  0.00    14.621
  74)   s 1/2  0.00    14.638
  75)   g 9/2  0.00    14.767
  76)   j13/2  0.00    14.840
  77)   d 3/2  0.00    14.927
  78)   s 1/2  0.00    15.152
  79)   j13/2  0.00    15.157
  80)   j15/2  0.00    15.218
  81)   s 1/2  0.00    15.230
  82)   d 5/2  0.00    15.458
  83)   f 7/2  0.00    15.483
  84)   p 3/2  0.00    15.503
  85)   p 1/2  0.00    15.699
  86)   d 5/2  0.00    15.748
  87)   f 7/2  0.00    15.826
  88)   s 1/2  0.00    15.826
  89)   g 9/2  0.00    15.909
  90)   d 3/2  0.00    15.934
  91)   f 5/2  0.00    15.997
  92)   d 5/2  0.00    16.052
  93)   g 7/2  0.00    16.144
  94)   d 3/2  0.00    16.209
  95)   f 7/2  0.00    16.212
  96)   p 3/2  0.00    16.302
  97)   g 7/2  0.00    16.419
  98)   g 9/2  0.00    16.466
  99)   g 7/2  0.00    16.481
 100)   g 9/2  0.00    16.537
 101)   f 5/2  0.00    16.614
 102)   g 7/2  0.00    16.658
 103)   p 1/2  0.00    16.679
 104)   p 3/2  0.00    16.742
 105)   f 7/2  0.00    16.756
 106)   g 7/2  0.00    16.772
 107)   h11/2  0.00    16.773
 108)   g 9/2  0.00    16.777
 109)   g 9/2  0.00    16.790
 110)   h 9/2  0.00    16.852
 111)   d 3/2  0.00    16.986
 112)   h 9/2  0.00    17.114
 113)   g 7/2  0.00    17.163
 114)   h11/2  0.00    17.332
 115)   d 5/2  0.00    17.530
 116)   p 1/2  0.00    17.585
 117)   p 3/2  0.00    17.750
 118)   h 9/2  0.00    17.828
 119)   f 7/2  0.00    17.840
 120)   h11/2  0.00    17.900
 121)   j13/2  0.00    17.910
 122)   h11/2  0.00    17.965
 123)   h 9/2  0.00    17.987
 124)   p 1/2  0.00    18.002
 125)   s 1/2  0.00    18.083
 126)   h11/2  0.00    18.212
 127)   h 9/2  0.00    18.232
 128)   f 7/2  0.00    18.272
 129)   f 5/2  0.00    18.279
 130)   j15/2  0.00    18.370
 131)   p 1/2  0.00    18.465
 132)   f 5/2  0.00    18.517
 133)   h 9/2  0.00    18.567
 134)   h11/2  0.00    18.597
 135)   g 9/2  0.00    18.628
 136)   f 7/2  0.00    18.743
 137)   s 1/2  0.00    18.788
 138)   d 3/2  0.00    19.048
 139)   g 9/2  0.00    19.207
 140)   g 7/2  0.00    19.271
 141)   j15/2  0.00    19.275
 142)   k15/2  0.00    19.286
 143)   k17/2  0.00    19.292
 144)   i13/2  0.00    19.376
 145)   d 5/2  0.00    19.401
 146)   d 5/2  0.00    19.450
 147)   i11/2  0.00    19.457
 148)   j13/2  0.00    19.463
 149)   j13/2  0.00    19.485
 150)   i11/2  0.00    19.531
 151)   i13/2  0.00    19.544
 152)   j15/2  0.00    19.574
 153)   d 5/2  0.00    19.578
 154)   p 3/2  0.00    19.596
 155)   s 1/2  0.00    19.627
 156)   p 1/2  0.00    19.858
 157)   f 5/2  0.00    19.888
 158)   s 1/2  0.00    19.908
 159)   d 3/2  0.00    19.967
PROTON SINGLE-PARTICLE ENERGIES (CANONICAL BASIS)
   1)   s 1/2  1.00   -39.298
   2)   p 3/2  0.25   -20.245
   3)   p 1/2  0.00     0.686
   4)   s 1/2  0.00     1.782
   5)   p 3/2  0.00     2.286
   6)   p 1/2  0.00     2.863
   7)   s 1/2  0.00     3.269
   8)   d 5/2  0.00     3.502
   9)   s 1/2  0.00     3.594
  10)   d 5/2  0.00     3.637
  11)   d 3/2  0.00     3.680
  12)   k17/2  0.00     3.915
  13)   k15/2  0.00     4.031
  14)   i11/2  0.00     4.528
  15)   i13/2  0.00     4.782
  16)   f 7/2  0.00     4.963
  17)   p 3/2  0.00     4.972
  18)   k15/2  0.00     5.297
  19)   k17/2  0.00     5.912
  20)   p 1/2  0.00     5.921
  21)   j13/2  0.00     6.001
  22)   j15/2  0.00     6.125
  23)   i13/2  0.00     6.617
  24)   i11/2  0.00     6.645
  25)   d 5/2  0.00     6.695
  26)   f 7/2  0.00     6.806
  27)   d 3/2  0.00     7.081
  28)   f 5/2  0.00     7.361
  29)   h 9/2  0.00     7.449
  30)   p 1/2  0.00     7.648
  31)   f 5/2  0.00     7.880
  32)   s 1/2  0.00     7.935
  33)   h11/2  0.00     8.171
  34)   i11/2  0.00     8.272
  35)   i13/2  0.00     8.375
  36)   d 5/2  0.00     8.441
  37)   p 3/2  0.00     8.483
  38)   p 1/2  0.00     8.506
  39)   j13/2  0.00     8.595
  40)   j15/2  0.00     9.248
  41)   p 3/2  0.00     9.382
  42)   g 9/2  0.00     9.526
  43)   p 3/2  0.00     9.639
  44)   g 7/2  0.00     9.697
  45)   g 7/2  0.00     9.813
  46)   k17/2  0.00     9.834
  47)   k15/2  0.00     9.977
  48)   g 9/2  0.00    10.069
  49)   f 7/2  0.00    10.114
  50)   h11/2  0.00    10.149
  51)   d 3/2  0.00    10.368
  52)   h 9/2  0.00    10.443
  53)   d 5/2  0.00    10.686
  54)   f 5/2  0.00    10.711
  55)   d 3/2  0.00    10.715
  56)   i13/2  0.00    10.722
  57)   i11/2  0.00    10.763
  58)   f 5/2  0.00    10.784
  59)   d 3/2  0.00    10.993
  60)   p 3/2  0.00    11.061
  61)   p 3/2  0.00    11.096
  62)   p 1/2  0.00    11.106
  63)   k17/2  0.00    11.137
  64)   k15/2  0.00    11.148
  65)   k17/2  0.00    11.285
  66)   f 7/2  0.00    11.362
  67)   f 5/2  0.00    11.385
  68)   p 1/2  0.00    11.438
  69)   s 1/2  0.00    11.449
  70)   i11/2  0.00    11.457
  71)   k15/2  0.00    11.480
  72)   j15/2  0.00    11.629
  73)   i13/2  0.00    11.654
  74)   s 1/2  0.00    11.797
  75)   g 9/2  0.00    11.935
  76)   j13/2  0.00    12.134
  77)   d 3/2  0.00    12.205
  78)   s 1/2  0.00    12.214
  79)   j13/2  0.00    12.232
  80)   j15/2  0.00    12.354
  81)   s 1/2  0.00    12.371
  82)   d 5/2  0.00    12.398
  83)   f 7/2  0.00    12.443
  84)   p 3/2  0.00    12.451
  85)   p 1/2  0.00    12.630
  86)   d 5/2  0.00    12.674
  87)   f 7/2  0.00    12.712
  88)   s 1/2  0.00    12.733
  89)   g 9/2  0.00    12.987
  90)   d 3/2  0.00    13.038
  91)   f 5/2  0.00    13.082
  92)   d 5/2  0.00    13.174
  93)   g 7/2  0.00    13.182
  94)   d 3/2  0.00    13.320
  95)   f 7/2  0.00    13.365
  96)   p 3/2  0.00    13.510
  97)   g 7/2  0.00    13.571
  98)   g 9/2  0.00    13.698
  99)   g 7/2  0.00    13.802
 100)   g 9/2  0.00    13.866
 101)   f 5/2  0.00    13.915
 102)   g 7/2  0.00    13.995
 103)   p 1/2  0.00    14.054
 104)   p 3/2  0.00    14.125
 105)   f 7/2  0.00    14.129
 106)   g 7/2  0.00    14.133
 107)   h11/2  0.00    14.146
 108)   g 9/2  0.00    14.163
 109)   g 9/2  0.00    14.257
 110)   h 9/2  0.00    14.281
 111)   d 3/2  0.00    14.678
 112)   h 9/2  0.00    14.711
 113)   g 7/2  0.00    14.724
 114)   h11/2  0.00    14.832
 115)   d 5/2  0.00    14.848
 116)   p 1/2  0.00    14.875
 117)   p 3/2  0.00    14.876
 118)   h 9/2  0.00    14.878
 119)   f 7/2  0.00    14.908
 120)   h11/2  0.00    15.020
 121)   j13/2  0.00    15.042
 122)   h11/2  0.00    15.149
 123)   h 9/2  0.00    15.189
 124)   p 1/2  0.00    15.226
 125)   s 1/2  0.00    15.285
 126)   h11/2  0.00    15.285
 127)   h 9/2  0.00    15.319
 128)   f 7/2  0.00    15.373
 129)   f 5/2  0.00    15.397
 130)   j15/2  0.00    15.528
 131)   p 1/2  0.00    15.554
 132)   f 5/2  0.00    15.561
 133)   h 9/2  0.00    15.623
 134)   h11/2  0.00    15.801
 135)   g 9/2  0.00    15.831
 136)   f 7/2  0.00    15.879
 137)   s 1/2  0.00    15.902
 138)   d 3/2  0.00    15.923
 139)   g 9/2  0.00    16.036
 140)   g 7/2  0.00    16.098
 141)   j15/2  0.00    16.200
 142)   k15/2  0.00    16.211
 143)   k17/2  0.00    16.253
 144)   i13/2  0.00    16.283
 145)   d 5/2  0.00    16.358
 146)   d 5/2  0.00    16.406
 147)   i11/2  0.00    16.438
 148)   j13/2  0.00    16.490
 149)   j13/2  0.00    16.549
 150)   i11/2  0.00    16.707
 151)   i13/2  0.00    16.893
 152)   j15/2  0.00    16.905
 153)   d 5/2  0.00    17.030
 154)   p 3/2  0.00    17.051
 155)   s 1/2  0.00    17.062
 156)   p 1/2  0.00    17.092
 157)   f 5/2  0.00    17.108
 158)   s 1/2  0.00    17.197
 159)   d 3/2  0.00    17.346
 160)   s 1/2  0.00    17.462
 161)   f 7/2  0.00    17.536
 162)   d 5/2  0.00    17.573
 163)   p 3/2  0.00    17.619
 164)   s 1/2  0.00    17.708
 165)   f 7/2  0.00    18.039
 166)   g 9/2  0.00    18.127
 167)   d 5/2  0.00    18.176
 168)   j13/2  0.00    18.233
 169)   d 3/2  0.00    18.431
 170)   d 3/2  0.00    18.455
 171)   f 5/2  0.00    18.762
 172)   g 7/2  0.00    19.035
 173)   f 5/2  0.00    19.063
 174)   j15/2  0.00    19.232
 175)   s 1/2  0.00    19.287
 176)   j13/2  0.00    19.337
 177)   d 3/2  0.00    19.350
 178)   j15/2  0.00    19.382
 179)   f 5/2  0.00    19.477
 180)   g 7/2  0.00    19.662
 181)   h11/2  0.00    19.768
 182)   h 9/2  0.00    19.785
 183)   s 1/2  0.00    19.852
 184)   p 1/2  0.00    19.872
 185)   h11/2  0.00    19.977
      EQP NEUT        V2               V2  EQP PROT
  100  328   15.5565    0.0000   k17/2    g 7/2   0.0000   39.2324
   99  308   15.5568    0.0000   k15/2    h 9/2   0.0000   29.0265
   98  253   28.6476    0.0000   i13/2    p 3/2   0.0000   31.4898
   97  326   10.5296    0.0000   k17/2    g 7/2   0.0000   49.7574
   96  306   10.5297    0.0000   k15/2    k17/2   0.0000   41.0441
   95  290   20.1087    0.0000   j15/2    f 7/2   0.0000   29.3170
   94  219   52.2737    0.0000   h11/2    d 3/2   0.0000   37.8746
   93  218   47.1263    0.0000   h11/2    f 7/2   0.0000   32.7365
   92  270   20.1114    0.0000   j13/2    g 9/2   0.0000   39.2073
   91  233   28.6815    0.0000   i11/2    h 9/2   0.0000   29.9859
   90  198   47.5958    0.0000   h 9/2    h11/2   0.0000   29.0265
   89  254   32.3931    0.0000   i13/2    d 5/2   0.0000   35.5592
   88  234   32.4531    0.0000   i11/2    d 3/2   0.0000   28.4181
   87  329   18.4113    0.0000   k17/2    s 1/2   0.0000   37.2487
   86  309   18.4119    0.0000   k15/2    p 3/2   0.0000   36.3995
   85  243    3.5756    0.0000   i13/2    j13/2   0.0000   35.6525
   84  223    3.5757    0.0000   i11/2    g 7/2   0.0000   31.9607
   83  291   23.3023    0.0000   j15/2    p 1/2   0.0000   28.7971
   82  255   36.3778    0.0000   i13/2    p 1/2   0.0000   31.6221
   81  271   23.3068    0.0000   j13/2    i11/2   0.0000   33.1595
   80  235   36.4590    0.0000   i11/2    d 5/2   0.0000   30.9331
   79  220   62.5489    0.0000   h11/2    h 9/2   0.0000   40.3290
   78  284    5.7209    0.0000   j15/2    g 7/2   0.0000   46.8299
   77  264    5.7209    0.0000   j13/2    k15/2   0.0000   46.5418
   76  256   40.5420    0.0000   i13/2    d 5/2   0.0000   29.8699
   75  330   21.4952    0.0000   k17/2    j13/2   0.0000   40.0140
   74  310   21.4964    0.0000   k15/2    g 7/2   0.0000   44.1012
   73  325    8.3566    0.0000   k17/2    d 5/2   0.0000   32.2299
   72  305    8.3566    0.0000   k15/2    p 1/2   0.0000   36.6548
   71  236   40.6700    0.0000   i11/2    p 1/2   0.0000   30.4486
   70  292   26.7267    0.0000   j15/2    g 9/2   0.0000   37.0882
   69  272   26.7357    0.0000   j13/2    d 5/2   0.0000   28.4227
   68  202    1.9200    0.0000   h11/2    g 9/2   0.0000   43.9724
   67  182    1.9200    0.0000   h 9/2    g 9/2   0.0000   29.6347
   66  257   45.0972    0.0000   i13/2    g 7/2   0.0000   33.4547
   65  331   24.8061    0.0000   k17/2    g 7/2   0.0000   30.6877
   64  311   24.8082    0.0000   k15/2    g 7/2   0.0000   28.7940
   63  293   30.3755    0.0000   j15/2    d 3/2   0.0000   33.9485
   62  240   69.6407    0.0000   i11/2    i13/2   0.0000   49.9603
   61  237   45.2526    0.0000   i11/2    j13/2   0.0000   42.5336
   60  273   30.3893    0.0000   j13/2    h11/2   0.0000   48.4445
   59  239   55.3391    0.0000   i11/2    h 9/2   0.0000   34.1553
   58  294   34.2522    0.0000   j15/2    j13/2   0.0000   33.8089
   57  259   54.9687    0.0000   i13/2    h11/2   0.0000   35.9901
   56  274   34.2770    0.0000   j13/2    k17/2   0.0000   32.7521
   55  258   49.6867    0.0000   i13/2    k15/2   0.0000   41.0442
   54  238   49.9028    0.0000   i11/2    g 9/2   0.0000   35.1644
   53  332   28.3483    0.0000   k17/2    k17/2   0.0000   43.6796
   52  312   28.3523    0.0000   k15/2    p 1/2   0.0000   29.5110
   51  260   66.3014    0.0000   i13/2    k17/2   0.0000   38.6349
   50  295   38.3737    0.0000   j15/2    g 9/2   0.0000   46.6080
   49  275   38.4076    0.0000   j13/2    f 5/2   0.0000   30.2546
   48  161    0.7516    0.0000   g 9/2    k15/2   0.0000   36.4508
   47  141    0.7516    0.0000   g 7/2    k15/2   0.0000   49.6318
   46  296   42.6816    0.0000   j15/2    k15/2   0.0000   31.2279
   45  276   42.7365    0.0000   j13/2    g 7/2   0.0000   37.0964
   44  324    6.4092    0.0000   k17/2    k17/2   0.0000   31.2279
   43  304    6.4092    0.0000   k15/2    d 3/2   0.0000   32.3557
   42  333   32.1181    0.0000   k17/2    h 9/2   0.0000   35.9906
   41  313   32.1244    0.0000   k15/2    p 1/2   0.0000   33.0475
   40  297   47.3673    0.0000   j15/2    d 5/2   0.0000   29.0380
   39  334   36.1151    0.0000   k17/2    g 9/2   0.0000   30.6877
   38  277   47.4359    0.0000   j13/2    i13/2   0.0000   33.1595
   37  314   36.1264    0.0000   k15/2    h11/2   0.0000   31.1546
   36  280   71.6340    0.0000   j13/2    h11/2   0.0000   34.1552
   35  283    4.1150    0.0000   j15/2    j15/2   0.0000   32.1876
   34  263    4.1151    0.0000   j13/2    h11/2   0.0000   45.5278
   33  335   40.3627    0.0000   k17/2    j15/2   0.0000   40.0139
   32  299   57.4469    0.0000   j15/2    j15/2   0.0000   33.8089
   31  315   40.3784    0.0000   k15/2    i11/2   0.0000   29.2882
   30  298   52.1071    0.0000   j15/2    g 7/2   0.0000   29.6347
   29  279   57.6123    0.0000   j13/2    d 3/2   0.0000   35.7861
   28  278   52.2062    0.0000   j13/2    j13/2   0.0000   30.7834
   27  300   69.6610    0.0000   j15/2    p 1/2   0.0000   28.2901
   26  242    2.3098    0.0000   i13/2    j13/2   0.0000   37.7205
   25  222    2.3098    0.0000   i11/2    j15/2   0.0000   29.5783
   24  336   44.7984    0.0000   k17/2    i13/2   0.0000   39.0157
   23  316   44.8241    0.0000   k15/2    i13/2   0.0000   36.8388
   22  337   49.5991    0.0000   k17/2    j13/2   0.0000   32.1876
   21  317   49.6323    0.0000   k15/2    g 7/2   0.0000   56.2985
   20  338   54.4773    0.0000   k17/2    f 5/2   0.0000   28.5920
   19  318   54.5260    0.0000   k15/2    h11/2   0.0000   29.9858
   18  339   59.8429    0.0000   k17/2    h 9/2   0.0000   31.1546
   17  320   73.5228    0.0000   k15/2    i13/2   0.0000   34.8870
   16  319   59.9207    0.0000   k15/2    k15/2   0.0000   43.6798
   15  340   72.4454    0.0000   k17/2    j15/2   0.0000   48.2500
   14  323    4.6850    0.0000   k17/2    k15/2   0.0000   34.4908
   13  303    4.6850    0.0000   k15/2    i13/2   0.0000   31.6549
   12  201    0.9894    0.0000   h11/2    j15/2   0.0000   30.7834
   11  181    0.9894    0.0000   h 9/2    j13/2   0.0000   51.4479
   10  282    2.7293    0.0000   j15/2    k15/2   0.0000   32.7521
    9  262    2.7293    0.0000   j13/2    i13/2   0.0000   29.2882
    8  322    3.1782    0.0000   k17/2    k17/2   0.0000   34.4908
    7  302    3.1782    0.0000   k15/2    g 7/2   0.0000   41.5716
    6  241    1.2551    0.0000   i13/2    j13/2   0.0000   29.5783
    5  221    1.2551    0.0000   i11/2    h11/2   0.0000   32.5434
    4  281    1.5483    0.0000   j15/2    j15/2   0.0000   37.7205
    3  261    1.5483    0.0000   j13/2    k17/2   0.0000   29.8963
    2  321    1.8689    0.0000   k17/2    k15/2   0.0000   38.6350
    1  301    1.8689    0.0000   k15/2    k15/2   0.0000   29.8963
IndexWave =    1 IndxQP =  340 nIndx =   48

Tiempo consumido:
Segundos:  114.5674180000000051E+03
Ciclos de reloj:   1145674180
