Attention! Unknown parameter: IsoFacPair
     DATA READ FROM INPUT
     ====================

Oscillator Length (b_0) ........:  2.440000000000
Slowing factor .................:  0.60000
Maximum Number of Iterations ...: 150
Convergence in Energy ..........:  1.00E-12
Optimization for BB Mat. Els. ..:   0
Pairing Enhancement Factor .....:  1.00000
Shift in Lagrange Parameter ....:  0.00000
Isospin of the Basis WF ........:   1
Index of the Wave-function .....:   1
Pure HF Calculations (=1) ......:   0
Number of shells (N_0) .........:  16
Maximum Ang. Mom. (Lmax) .......:  16
Maximum n (nmax) ...............:  16
Maximum n for Unity ............:  28
Index of the Wave-function .....:   1
Cut-off energy (if > 0) ........: -1.00000
Number of neutrons (N) .........: 108
Number of protons  (Z) .........:  73
Original Gogny interaction.......
    - range1 ...................:  0.7000000
    - range2 ...................:  1.2000000
    - Parametrization ..........: D1S
    - Exchange Coulomb terms switched off
Type of Basis ..................:   1
Compatibility with the HO ......:   1

     DEFINING THE BASIS - CUT-OFFS
     =============================

Analytical HO basis ............. 
Compatibility with the HO ......:   1
Actual Cut-off Energy Ecut .....:     -1.000
Maximum L value lmax ...........:      16
Maximum n value ................:      16
Maximum n-value for given l ....

       L   n(HO)
       0    9
       1    8
       2    8
       3    7
       4    7
       5    6
       6    6
       7    5
       8    5
       9    4
      10    4
      11    3
      12    3
      13    2
      14    2
      15    1
      16    1

     PARAMETERS OF THE GOGNY FORCE
     =============================

Protons : W =   103.640 MeV
        : B =  -163.480 MeV
        : H =   162.810 MeV
        : M =  -223.930 MeV

Neutrons: W = -1720.300 MeV
        : B =  1300.000 MeV
        : H = -1813.530 MeV
        : M =  1397.600 MeV

WLS     :   130.000 MeV.fm5
t_0     :  1390.600 MeV.fm4

h2/2m   :    20.73667622931579   20.73667622931579 MeV

Proton Blocking: l =  5 j = 11/2 - mu =  1

Hay apareamiento de los 73 protones hasta el estado mas bajo de la capa   5

Hay apareamiento de los ** neutrones hasta el estado mas bajo de la capa   6
Proton Blocking: l =  5 j = 11/2 - mu =  1
     STARTING THE SELF-CONSISTENT CALCULATION
     ========================================

Numerical precision in Energy ..:   1.00E-12
Oscillator length ..............:  2.44000000000
Atomic number A ................:    181
Largest Number .................:   0.1797693134862316+309
Smallest Number ................:   0.2225073858507201-307

 No se pudo leer el archivo: data/vLS16ph_HO.txt                                             
 Calculation of the matrix elements of the spin-orbit term:
  5% calculated
 11% calculated
 17% calculated
 23% calculated
 29% calculated
 35% calculated
 41% calculated
 47% calculated
 52% calculated
 58% calculated
 64% calculated
 70% calculated
 76% calculated
 82% calculated
 88% calculated
 94% calculated
100% calculated
 No se pudo leer el archivo: data/vLS16pp_HO.txt                                             
 Se van a calcular los elementos de matriz de apar de LS
  5% calculado
 11% calculado
 17% calculado
 23% calculado
 29% calculado
 35% calculado
 41% calculado
 47% calculado
 52% calculado
 58% calculado
 64% calculado
 70% calculado
 76% calculado
 82% calculado
 88% calculado
 94% calculado
100% calculado
 Impossible to read file: data/vBB16ph_HO.txt                                             
 No se pudo leer el archivo: data/vBB16pp_HO.txt                                             
 Impossible to read file: data/vBB16ph_HO.txt                                             
 Brink-Boker terms: Particle-Hole Channel - Harmonic Oscillator Basis
  5% calculado
 11% calculado
 17% calculado
 23% calculado
 29% calculado
 35% calculado
 41% calculado
 47% calculado
 52% calculado
 58% calculado
 64% calculado
 70% calculado
 76% calculado
 82% calculado
 88% calculado
 94% calculado
100% calculado
 No se pudo leer el archivo: data/vBB16pp_HO.txt                                             
 Brink-Boker terms: Particle-Particle Channel - Harmonic Oscillator Basis
  5% calculado
 11% calculado
 17% calculado
 23% calculado
 29% calculado
 35% calculado
 41% calculado
 47% calculado
 52% calculado
 58% calculado
 64% calculado
 70% calculado
 76% calculado
 82% calculado
 88% calculado
 94% calculado
100% calculado
 No se pudo leer el archivo: data/vC16ph_HO.txt                                              
 No se pudo leer el archivo: data/vC16pp_HO.txt                                              
 No se pudo leer el archivo: data/vC16ph_HO.txt                                              
 Calculation of ph Coulomb matrix elements - Hamonic oscillator Basis
  5% calculado
 11% calculado
 17% calculado
 23% calculado
 29% calculado
 35% calculado
 41% calculado
 47% calculado
 52% calculado
 58% calculado
 64% calculado
 70% calculado
 76% calculado
 82% calculado
 88% calculado
 94% calculado
100% calculado
 No se pudo leer el archivo: data/vC16pp_HO.txt                                              
 Calculation of pp Coulomb matrix elements - Harmonic Oscillator Basis
  5% calculado
 11% calculado
 17% calculado
 23% calculado
 29% calculado
 35% calculado
 41% calculado
 47% calculado
 52% calculado
 58% calculado
 64% calculado
 70% calculado
 76% calculado
 82% calculado
 88% calculado
 94% calculado
100% calculado
          k =    0 Difference of the densities :     11.64251248
Iteration k =    1 HF Energy :  -1113.56985761
Iteration k =    2 HF Energy :  -1222.21084786
Iteration k =    3 HF Energy :  -1289.04641787
Iteration k =    4 HF Energy :  -1330.19918313
Iteration k =    5 HF Energy :  -1355.57038759
          k =    5 Difference of the densities :      1.06183683
Iteration k =    6 HF Energy :  -1371.27675264
Iteration k =    7 HF Energy :  -1381.08610294
Iteration k =    8 HF Energy :  -1387.32983962
Iteration k =    9 HF Energy :  -1391.56435668
Iteration k =   10 HF Energy :  -1394.90245033
          k =   10 Difference of the densities :      0.63405488
Iteration k =   11 HF Energy :  -1398.08877023
Iteration k =   12 HF Energy :  -1401.03782673
Iteration k =   13 HF Energy :  -1403.32486223
Iteration k =   14 HF Energy :  -1404.87598858
Iteration k =   15 HF Energy :  -1405.80852955
          k =   15 Difference of the densities :      0.47412863
Iteration k =   16 HF Energy :  -1406.28995468
Iteration k =   17 HF Energy :  -1406.47440903
Iteration k =   18 HF Energy :  -1406.48144887
Iteration k =   19 HF Energy :  -1406.39450160
Iteration k =   20 HF Energy :  -1406.26710149
          k =   20 Difference of the densities :      0.15724511
Iteration k =   21 HF Energy :  -1406.13089725
Iteration k =   22 HF Energy :  -1406.00281100
Iteration k =   23 HF Energy :  -1405.89052887
Iteration k =   24 HF Energy :  -1405.79633883
Iteration k =   25 HF Energy :  -1405.71963587
          k =   25 Difference of the densities :      0.05050281
Iteration k =   26 HF Energy :  -1405.65846255
Iteration k =   27 HF Energy :  -1405.61039981
Iteration k =   28 HF Energy :  -1405.57304400
Iteration k =   29 HF Energy :  -1405.54423376
Iteration k =   30 HF Energy :  -1405.52213340
          k =   30 Difference of the densities :      0.01798203
Iteration k =   31 HF Energy :  -1405.50523977
Iteration k =   32 HF Energy :  -1405.49235223
Iteration k =   33 HF Energy :  -1405.48252852
Iteration k =   34 HF Energy :  -1405.47503845
Iteration k =   35 HF Energy :  -1405.46932134
          k =   35 Difference of the densities :      0.00697488
Iteration k =   36 HF Energy :  -1405.46494949
Iteration k =   37 HF Energy :  -1405.46159815
Iteration k =   38 HF Energy :  -1405.45902144
Iteration k =   39 HF Energy :  -1405.45703356
Iteration k =   40 HF Energy :  -1405.45549418
          k =   40 Difference of the densities :      0.00283238
Iteration k =   41 HF Energy :  -1405.45429728
Iteration k =   42 HF Energy :  -1405.45336271
Iteration k =   43 HF Energy :  -1405.45262978
Iteration k =   44 HF Energy :  -1405.45205239
Iteration k =   45 HF Energy :  -1405.45159550
          k =   45 Difference of the densities :      0.00117415
Iteration k =   46 HF Energy :  -1405.45123233
Iteration k =   47 HF Energy :  -1405.45094239
Iteration k =   48 HF Energy :  -1405.45070992
Iteration k =   49 HF Energy :  -1405.45052275
Iteration k =   50 HF Energy :  -1405.45037145
          k =   50 Difference of the densities :      0.00049099
Iteration k =   51 HF Energy :  -1405.45024869
Iteration k =   52 HF Energy :  -1405.45014872
Iteration k =   53 HF Energy :  -1405.45006704
Iteration k =   54 HF Energy :  -1405.45000009
Iteration k =   55 HF Energy :  -1405.44994506
          k =   55 Difference of the densities :      0.00020609
Iteration k =   56 HF Energy :  -1405.44989970
Iteration k =   57 HF Energy :  -1405.44986221
Iteration k =   58 HF Energy :  -1405.44983117
Iteration k =   59 HF Energy :  -1405.44980540
Iteration k =   60 HF Energy :  -1405.44978397
          k =   60 Difference of the densities :      0.00008666
Iteration k =   61 HF Energy :  -1405.44976612
Iteration k =   62 HF Energy :  -1405.44975123
Iteration k =   63 HF Energy :  -1405.44973879
Iteration k =   64 HF Energy :  -1405.44972838
Iteration k =   65 HF Energy :  -1405.44971966
          k =   65 Difference of the densities :      0.00003649
Iteration k =   66 HF Energy :  -1405.44971235
Iteration k =   67 HF Energy :  -1405.44970622
Iteration k =   68 HF Energy :  -1405.44970106
Iteration k =   69 HF Energy :  -1405.44969673
Iteration k =   70 HF Energy :  -1405.44969309
          k =   70 Difference of the densities :      0.00001538
Iteration k =   71 HF Energy :  -1405.44969002
Iteration k =   72 HF Energy :  -1405.44968743
Iteration k =   73 HF Energy :  -1405.44968526
Iteration k =   74 HF Energy :  -1405.44968342
Iteration k =   75 HF Energy :  -1405.44968187
          k =   75 Difference of the densities :      0.00000649
Iteration k =   76 HF Energy :  -1405.44968057
Iteration k =   77 HF Energy :  -1405.44967946
Iteration k =   78 HF Energy :  -1405.44967853
Iteration k =   79 HF Energy :  -1405.44967775
Iteration k =   80 HF Energy :  -1405.44967708
          k =   80 Difference of the densities :      0.00000274
Iteration k =   81 HF Energy :  -1405.44967652
Iteration k =   82 HF Energy :  -1405.44967605
Iteration k =   83 HF Energy :  -1405.44967565
Iteration k =   84 HF Energy :  -1405.44967531
Iteration k =   85 HF Energy :  -1405.44967502
          k =   85 Difference of the densities :      0.00000116
Iteration k =   86 HF Energy :  -1405.44967478
Iteration k =   87 HF Energy :  -1405.44967458
Iteration k =   88 HF Energy :  -1405.44967441
Iteration k =   89 HF Energy :  -1405.44967426
Iteration k =   90 HF Energy :  -1405.44967414
          k =   90 Difference of the densities :      0.00000049
Iteration k =   91 HF Energy :  -1405.44967403
Iteration k =   92 HF Energy :  -1405.44967394
Iteration k =   93 HF Energy :  -1405.44967387
Iteration k =   94 HF Energy :  -1405.44967380
Iteration k =   95 HF Energy :  -1405.44967375
          k =   95 Difference of the densities :      0.00000021
Iteration k =   96 HF Energy :  -1405.44967371
Iteration k =   97 HF Energy :  -1405.44967367
Iteration k =   98 HF Energy :  -1405.44967363
Iteration k =   99 HF Energy :  -1405.44967361
Iteration k =  100 HF Energy :  -1405.44967358
          k =  100 Difference of the densities :      0.00000009
Iteration k =  101 HF Energy :  -1405.44967356
Iteration k =  102 HF Energy :  -1405.44967355
Iteration k =  103 HF Energy :  -1405.44967353
Iteration k =  104 HF Energy :  -1405.44967352
Iteration k =  105 HF Energy :  -1405.44967351
          k =  105 Difference of the densities :      0.00000004
Iteration k =  106 HF Energy :  -1405.44967350
Iteration k =  107 HF Energy :  -1405.44967350
Iteration k =  108 HF Energy :  -1405.44967349
Iteration k =  109 HF Energy :  -1405.44967348
Iteration k =  110 HF Energy :  -1405.44967348
          k =  110 Difference of the densities :      0.00000002
Iteration k =  111 HF Energy :  -1405.44967348
Iteration k =  112 HF Energy :  -1405.44967347
Iteration k =  113 HF Energy :  -1405.44967347
Iteration k =  114 HF Energy :  -1405.44967347
Iteration k =  115 HF Energy :  -1405.44967347
          k =  115 Difference of the densities :      0.00000001
Iteration k =  116 HF Energy :  -1405.44967346
Iteration k =  117 HF Energy :  -1405.44967346
Iteration k =  118 HF Energy :  -1405.44967346
Iteration k =  119 HF Energy :  -1405.44967346
Iteration k =  120 HF Energy :  -1405.44967346
          k =  120 Difference of the densities :      0.00000000
Iteration k =  121 HF Energy :  -1405.44967346
Iteration k =  122 HF Energy :  -1405.44967346
Iteration k =  123 HF Energy :  -1405.44967346
Iteration k =  124 HF Energy :  -1405.44967346
Iteration k =  125 HF Energy :  -1405.44967346
          k =  125 Difference of the densities :      0.00000000
Iteration k =  126 HF Energy :  -1405.44967346
Iteration k =  127 HF Energy :  -1405.44967346
Iteration k =  128 HF Energy :  -1405.44967346
Iteration k =  129 HF Energy :  -1405.44967346
Iteration k =  130 HF Energy :  -1405.44967346
          k =  130 Difference of the densities :      0.00000000
Iteration k =  131 HF Energy :  -1405.44967346
Iteration k =  132 HF Energy :  -1405.44967346
Iteration k =  133 HF Energy :  -1405.44967346
Iteration k =  134 HF Energy :  -1405.44967346
Iteration k =  135 HF Energy :  -1405.44967346
          k =  135 Difference of the densities :      0.00000000
Iteration k =  136 HF Energy :  -1405.44967346
Iteration k =  137 HF Energy :  -1405.44967346
Iteration k =  138 HF Energy :  -1405.44967346
Iteration k =  139 HF Energy :  -1405.44967346
Iteration k =  140 HF Energy :  -1405.44967346
          k =  140 Difference of the densities :      0.00000000
Iteration k =  141 HF Energy :  -1405.44967346
Iteration k =  142 HF Energy :  -1405.44967346
Iteration k =  143 HF Energy :  -1405.44967346
Iteration k =  144 HF Energy :  -1405.44967346
Iteration k =  145 HF Energy :  -1405.44967346
          k =  145 Difference of the densities :      0.00000000
Iteration k =  146 HF Energy :  -1405.44967346
Iteration k =  147 HF Energy :  -1405.44967346
Iteration k =  148 HF Energy :  -1405.44967346
Iteration k =  149 HF Energy :  -1405.44967346
Iteration k =  150 HF Energy :  -1405.44967346

Elapsed time (seconds):  39.09E+00

     SUMMARY OF THE RUN - ENERGIES
     =============================

                           Longitud del oscilador:        2.4400000000
----------------------------------------------------------------------
                                 Energia cinetica:     3372.8671679869
             Energia cinetica del centro de masas:       12.4748241648
                    Energia local de Brink-Booker:   -10325.9737141058
                         Energia local de Coulomb:      683.2965960121
           Energia de intercambio de Brink-Booker:     -537.0752883379
                Energia de intercambio de Coulomb:        0.0000000000
               Energia dependiente de la densidad:     5500.0301130312
                           Energia de spin-orbita:      -68.9978561030
----------------------------------------------------------------------
                    Energia total de Brink-Booker:   -10863.0490024437
                         Energia total de Coulomb:      683.2965960121
                     Energia total (Hartree-Fock):    -1363.3781573518
----------------------------------------------------------------------
                 Apareamiento del centro de masas:    0.0000000000E+00
                     Apareamiento de Brink-Booker:   -0.4207151610E+02
                          Apareamiento de Coulomb:    0.0000000000E+00
                      Apareamiento de spin-orbita:    0.0000000000E+00
----------------------------------------------------------------------
                               Apareamiento total:   -0.4207151610E+02
                            Apareamiento neutrons:   -0.2795584188E+02    0.0000000000E+00   -0.2795584188E+02    0.0000000000E+00
                             Apareamiento protons:   -0.1411567422E+02    0.0000000000E+00   -0.1411567422E+02    0.0000000000E+00
----------------------------------------------------------------------
                                            TOTAL:    -1405.4496734559

                               Neutrones       Protones          Total
              Particulas:      108.00000       73.00000      181.00000
    Potenciales quimicos:       -6.83535       -7.82337
                   Radio:        5.37089        5.24325        5.31978
 Multiplicadores y error:        0.00000        0.00000       28.30008
Average Delta for neutrons:    0.9159285488

     NEUTRON SINGLE-PARTICLE ENERGIES (CANONICAL BASIS)
     ==================================================
   1)   s 1/2    0.9994528   -60.986   2.535  54.209
   2)   p 3/2    0.9993335   -52.784  -2.375  46.010
   3)   p 1/2    0.9993242   -52.186  -2.360  45.412
   4)   d 5/2    0.9990635   -44.208   2.291  37.443
   5)   d 3/2    0.9990011   -42.572   2.262  35.808
   6)   s 1/2    0.9987369   -40.790   2.418  34.041
   7)   f 7/2    0.9984146   -35.308  -2.273  28.563
   8)   f 5/2    0.9980484   -32.097  -2.239  25.361
   9)   p 3/2    0.9975621   -30.714  -2.367  23.995
  10)   p 1/2    0.9973535   -29.649  -2.357  22.935
  11)   g 9/2    0.9967031   -25.692   2.176  18.982
  12)   g 7/2    0.9942432   -20.646   2.114  13.972
  13)   d 5/2    0.9933271   -19.807   2.141  13.147
  14)   d 3/2    0.9906456   -17.680   2.128  11.051
  15)   s 1/2    0.9897431   -17.056   2.103  10.435
  16)   h11/2    0.9885863   -16.066  -2.007   9.446
  17)   f 7/2    0.9087559    -9.364  -1.781   3.093
  18)   h 9/2    0.8745588    -9.044  -1.953   2.948
  19)   i13/2    0.4209769    -6.549   1.790   1.813
  20)   p 3/2    0.3871340    -6.447  -1.676   1.721
  21)   f 5/2    0.3401745    -6.235  -1.781   1.879
  22)   p 1/2    0.1911979    -5.502  -1.698   2.159
  23)   g 9/2    0.0099389     0.254   1.435   7.233
  24)   i11/2    0.0086468     2.621   1.782   9.623
  25)   j15/2    0.0063151     2.839  -1.552   9.798
  26)   d 5/2    0.0034113     3.284   1.188  10.189
  27)   g 7/2    0.0045544     4.089   1.485  11.025
  28)   s 1/2    0.0020992     4.202   1.015  11.084
  29)   d 3/2    0.0028587     4.503   1.218  11.403
  30)   h11/2    0.0011417     9.736  -1.122  16.610
  31)   f 7/2    0.0005286    11.926  -0.863  18.781
  32)   k17/2    0.0011510    12.212   1.295  19.092
  33)   p 3/2    0.0006250    12.235  -0.954  19.094
  34)   p 1/2    0.0005734    12.918  -0.947  19.776
  35)   f 5/2    0.0004465    13.517  -0.861  20.371
  36)   j13/2    0.0013931    13.829  -1.546  20.722
  37)   h 9/2    0.0007525    14.131  -1.152  20.998
  38)   i13/2    0.0002681    19.004   0.846  25.853
  39)   s 1/2    0.0001235    19.654   0.589  26.496
  40)   g 9/2    0.0001678    20.113   0.698  26.957
  41)   d 5/2    0.0001756    21.294   0.746  28.139
  42)   l19/2    0.0003268    21.741  -1.034  28.595
  43)   f 7/2    0.0000000    21.749  -0.011  28.585
  44)   d 3/2    0.0001680    21.965   0.747  28.810
  45)   h11/2    0.0000000    22.291  -0.009  29.127
  46)   f 5/2    0.0000000    22.409  -0.011  29.244
  47)   g 7/2    0.0001420    22.484   0.699  29.327
  48)   j15/2    0.0000000    22.665  -0.009  29.500
  49)   h 9/2    0.0000000    22.758  -0.009  29.594
  50)   j13/2    0.0000000    22.999  -0.009  29.835
  51)   i11/2    0.0001935    23.516   0.845  30.363
  52)   p 3/2    0.0000000    24.103  -0.012  30.938
  53)   p 1/2    0.0000000    24.196  -0.012  31.031
  54)   k15/2    0.0004155    24.751   1.289  31.613
  55)   p 3/2    0.0000638    25.336  -0.514  32.176
  56)   g 9/2    0.0000000    25.507   0.005  32.342
  57)   d 5/2    0.0000000    25.564   0.005  32.400
  58)   g 7/2    0.0000000    25.624   0.005  32.459
  59)   d 3/2    0.0000000    25.625   0.005  32.461
  60)   k17/2    0.0000000    25.633   0.005  32.468
  61)   i13/2    0.0000000    25.764   0.004  32.600
  62)   i11/2    0.0000000    25.949   0.004  32.784
  63)   p 1/2    0.0000635    26.044  -0.524  32.884
  64)   k15/2    0.0000000    26.051   0.004  32.886
  65)   l19/2    0.0000000    26.090  -0.010  32.925
  66)   l17/2    0.0000000    26.399  -0.010  33.235
  67)   f 7/2    0.0000571    27.480  -0.519  34.319
  68)   j15/2    0.0000837    27.719  -0.632  34.560
  69)   h11/2    0.0000615    27.993  -0.546  34.833
  70)   f 5/2    0.0000607    28.061  -0.544  34.901
  71)   m21/2    0.0000000    29.032   0.005  35.867
  72)   m19/2    0.0000000    29.467   0.005  36.303
  73)   s 1/2    0.0000000    30.196   0.004  37.031
  74)   h 9/2    0.0000564    30.355  -0.559  37.194
  75)   n23/2    0.0000000    31.214  -0.013  38.049
  76)   m21/2    0.0001103    31.231   0.800  38.075
  77)   n21/2    0.0000000    31.815  -0.013  38.651
  78)   s 1/2    0.0000156    32.218   0.309  39.054
  79)   j13/2    0.0000638    32.697  -0.632  39.537
  80)   g 9/2    0.0000177    34.169   0.345  41.006
  81)   o25/2    0.0000000    34.188   0.007  41.024
  82)   d 5/2    0.0000224    34.445   0.391  41.282
  83)   o23/2    0.0000000    34.773   0.007  41.608
  84)   l17/2    0.0001500    35.138  -1.028  41.986
  85)   i13/2    0.0000242    35.348   0.415  42.185
  86)   d 3/2    0.0000223    35.577   0.400  42.414
  87)   k17/2    0.0000300    35.988   0.469  42.825
  88)   g 7/2    0.0000172    36.273   0.357  43.109
  89)   d 5/2    0.0000002    38.161   0.038  44.997
  90)   d 3/2    0.0000002    38.719   0.038  45.554
  91)   f 7/2    0.0000007    38.972  -0.075  45.807
  92)   i13/2    0.0000001    39.052   0.032  45.887
  93)   i11/2    0.0000215    39.092   0.426  45.929
  94)   p 3/2    0.0000088    39.128  -0.273  45.964
  95)   s 1/2    0.0000001    39.248   0.035  46.083
  96)   h11/2    0.0000005    39.259  -0.063  46.094
  97)   g 9/2    0.0000001    39.294   0.034  46.130
  98)   j15/2    0.0000005    39.620  -0.069  46.456
  99)   p 1/2    0.0000086    39.778  -0.274  46.614
 100)   g 7/2    0.0000001    39.817   0.035  46.653
 101)   f 5/2    0.0000007    39.957  -0.078  46.792
 102)   P27/2    0.0000000    39.973  -0.019  46.808
Average Delta for protons:    0.5983383421

     PROTON SINGLE-PARTICLE ENERGIES (CANONICAL BASIS)
     =================================================
   1)   s 1/2    0.9993243   -51.504  -2.273
   2)   p 3/2    0.9992059   -44.493   2.069
   3)   p 1/2    0.9991762   -43.729   2.064
   4)   d 5/2    0.9988584   -36.155  -1.918
   5)   d 3/2    0.9987135   -34.293  -1.902
   6)   s 1/2    0.9979904   -31.998  -2.174
   7)   f 7/2    0.9978651   -27.061   1.783
   8)   f 5/2    0.9969869   -23.739   1.755
   9)   p 3/2    0.9951771   -20.965   1.839
  10)   p 1/2    0.9944100   -19.960   1.830
  11)   g 9/2    0.9931693   -17.599  -1.633
  12)   g 7/2    0.9737255   -12.564  -1.601
  13)   d 5/2    0.9274889   -10.416  -1.573
  14)   d 3/2    0.6272749    -8.240  -1.582
  15)   h11/2    0.5196734    -7.892   1.451
  16)   s 1/2    0.3813734    -7.409  -1.695
  17)   h 9/2    0.0100989    -0.738   1.446
  18)   f 7/2    0.0057749     0.336   1.251
  19)   i13/2    0.0041007     1.955  -1.260
  20)   f 5/2    0.0032201     3.448   1.285
  21)   p 3/2    0.0018785     4.268   1.051
  22)   p 1/2    0.0017199     4.981   1.065
  23)   i11/2    0.0011112    11.060  -1.261
  24)   g 9/2    0.0006189    11.140  -0.944
  25)   j15/2    0.0007188    11.835   1.055
  26)   g 7/2    0.0004570    14.969  -0.975
  27)   d 5/2    0.0003051    15.254  -0.807
  28)   d 3/2    0.0002718    16.458  -0.801
  29)   s 1/2    0.0004876    18.601  -1.168
  30)   h11/2    0.0001353    21.655   0.686
  31)   k17/2    0.0002039    21.872  -0.848
  32)   j13/2    0.0002950    22.933   1.057
  33)   p 3/2    0.0000000    23.385   0.001
  34)   p 1/2    0.0000000    23.453   0.001
  35)   f 7/2    0.0000000    24.792   0.001
  36)   f 5/2    0.0000000    24.924   0.001
  37)   h 9/2    0.0001067    25.884   0.697
  38)   f 7/2    0.0000944    26.223   0.662
  39)   h 9/2    0.0000000    26.413   0.001
  40)   f 5/2    0.0000818    28.205   0.652
  41)   j15/2    0.0000000    28.392   0.001
  42)   j13/2    0.0000000    28.500   0.001
  43)   p 3/2    0.0000885    29.416   0.701
  44)   p 1/2    0.0000852    29.951   0.697
  45)   d 5/2    0.0000000    31.050  -0.002
  46)   g 9/2    0.0000000    31.243  -0.002
  47)   d 3/2    0.0000000    31.590  -0.002
  48)   i13/2    0.0000400    31.666  -0.500
  49)   g 7/2    0.0000000    31.796  -0.002
  50)   s 1/2    0.0000000    32.141  -0.003
  51)   l19/2    0.0000662    32.183   0.651
  52)   l19/2    0.0000000    32.946   0.001
  53)   l17/2    0.0000000    32.968   0.001
  54)   h11/2    0.0000000    33.118   0.002
  55)   s 1/2    0.0000000    34.258   0.001
  56)   k15/2    0.0001001    34.642  -0.850
  57)   i13/2    0.0000000    35.891   0.001
  58)   i13/2    0.0000000    35.916  -0.002
  59)   i11/2    0.0000000    36.024   0.001
  60)   d 3/2    0.0000000    36.088   0.001
  61)   i11/2    0.0000000    36.145  -0.002
  62)   d 5/2    0.0000000    36.302   0.001
  63)   i11/2    0.0000322    36.336  -0.501
  64)   g 9/2    0.0000326    36.465  -0.506
  65)   k17/2    0.0000000    37.245   0.000
  66)   k15/2    0.0000000    37.338   0.000
  67)   m21/2    0.0000000    37.487   0.000
  68)   m19/2    0.0000000    37.615   0.000
  69)   g 7/2    0.0000000    37.779   0.001
  70)   g 9/2    0.0000000    38.002   0.001
  71)   d 5/2    0.0000242    38.108  -0.451
  72)   p 3/2    0.0000000    38.511   0.009
  73)   p 1/2    0.0000000    38.550   0.009
  74)   d 3/2    0.0000242    38.652  -0.457
  75)   g 7/2    0.0000286    39.004  -0.501
  76)   n23/2    0.0000000    39.153   0.001
  77)   n21/2    0.0000000    39.348   0.001
Neutrons - Lowest QP (canonical basis) =     1.72070663 Delta =   -1.67629 in =   20
Protons  - Lowest QP (canonical basis) =     1.45216657 Delta =    1.45053 ip =   76
toto =    73.04715652791162
toto =   107.99999999999983
Average pairing gap:    -2.11490140195556    1.75688415042304

     QUASI-PARTICLE-PARTICLE ENERGIES
     ================================
      EQP NEUT        V2               V2  EQP PROT
   1)    8   54.4049    0.9991748   s 1/2    s 1/2    0.9992296   43.9612
   2)   15   45.9856    0.9981689   p 1/2    p 3/2    0.9989600   36.7454
   3)    5   34.1896    0.9980431   s 1/2    p 1/2    0.9988891   35.9806
   4)   45   25.3673    0.9974098   f 5/2    d 5/2    0.9980177   28.4013
   5)   39   37.9250    0.9970317   d 5/2    d 3/2    0.9978090   26.5372
   6)   21   23.3617    0.9967594   p 3/2    f 7/2    0.9970668   19.3191
   7)   13   22.3611    0.9964178   p 1/2    f 5/2    0.9958016   16.0145
   8)   52   28.6041    0.9961560   f 7/2    p 3/2    0.9948154   13.2500
   9)   30   36.1690    0.9955739   d 3/2    g 9/2    0.9930190    9.9084
  10)   65   18.9859    0.9943105   g 9/2    p 1/2    0.9823626   12.2605
  11)   76    9.4400    0.9879433   h11/2    g 7/2    0.9736349    5.0012
  12)    2   10.0714    0.9861117   s 1/2    d 5/2    0.9273341    3.0204
  13)   27   10.6671    0.9843243   d 3/2    s 1/2    0.9222490   24.0730
  14)   23   46.6334    0.9633355   p 3/2    d 3/2    0.6271714    1.6291
  15)   57   13.9228    0.9169303   g 7/2    h11/2    0.5196486    1.4504
  16)   49    3.0388    0.9084252   f 7/2    s 1/2    0.3808467    1.7131
  17)   35   12.5999    0.8868537   d 5/2    s 1/2    0.0754385   23.6504
  18)   70    2.9421    0.8743514   h 9/2    p 1/2    0.0134170   11.7990
  19)   88    1.8081    0.4209078   i13/2    h 9/2    0.0100662    7.1155
  20)   18    1.6790    0.3859464   p 3/2    f 7/2    0.0058282    7.8895
  21)   42    1.8482    0.3398991   f 5/2    f 5/2    0.0040804   10.6936
  22)   10    2.0796    0.1900022   p 1/2    i13/2    0.0040755    9.6859
  23)   36   13.1875    0.1065711   d 5/2    p 3/2    0.0018824   11.2215
  24)   58   14.7054    0.0744165   g 7/2    i11/2    0.0010702   18.1789
  25)   24   46.9397    0.0360617   p 3/2    j15/2    0.0006955   19.0136
  26)   63    6.7878    0.0099592   g 9/2    d 5/2    0.0006901   34.0445
  27)   82    9.3259    0.0084899   i11/2    s 1/2    0.0006366   34.2360
  28)   56    9.6483    0.0069235   g 7/2    f 7/2    0.0006258   22.4848
  29)   99    9.6195    0.0062495   j15/2    g 9/2    0.0006123   17.2030
  30)   28   13.6392    0.0057543   d 3/2    d 3/2    0.0006070   23.8089
  31)    3   13.2072    0.0036038   s 1/2    s 1/2    0.0005104   19.0466
  32)   31   37.3092    0.0032774   d 3/2    d 3/2    0.0004025   34.4397
  33)   26    8.7229    0.0028373   d 3/2    p 1/2    0.0003819   30.4764
  34)   34    8.1964    0.0026680   d 5/2    g 7/2    0.0003510   19.8427
  35)   53   31.1775    0.0021836   f 7/2    p 3/2    0.0003464   30.2037
  36)   38   36.6429    0.0019032   d 5/2    d 5/2    0.0003075   19.1870
  37)   11   10.8591    0.0015074   p 1/2    d 5/2    0.0002451   23.3295
  38)    1    8.0711    0.0014793   s 1/2    p 3/2    0.0002362   21.2452
  39)   19   10.6969    0.0014500   p 3/2    p 1/2    0.0002313   21.3364
  40)   66   23.1541    0.0013529   g 9/2    f 5/2    0.0002168   22.7446
  41)   16   47.6665    0.0012178   p 1/2    d 3/2    0.0002159   19.6211
  42)   64   13.9293    0.0011030   g 9/2    s 1/2    0.0002067   48.6725
  43)  109   18.2838    0.0010398   k17/2    j13/2    0.0001965   27.9727
  44)    4   23.0413    0.0009550   s 1/2    k17/2    0.0001791   28.0989
  45)   37   22.9474    0.0008955   d 5/2    f 7/2    0.0001549   29.9711
  46)   29   23.4488    0.0008625   d 3/2    f 5/2    0.0001302   30.9968
  47)   94   18.4073    0.0008146   j13/2    g 7/2    0.0000950   24.5888
  48)   77   13.5623    0.0008122   h11/2    g 9/2    0.0000909   34.2011
  49)   78   18.3082    0.0007994   h11/2    g 7/2    0.0000896   35.3898
  50)   12   19.3676    0.0007236   p 1/2    j13/2    0.0000739   31.9386
  51)   22   31.4619    0.0006001   p 3/2    d 5/2    0.0000704   48.1716
  52)   50   11.8386    0.0005978   f 7/2    k15/2    0.0000664   38.5369
  53)   43   12.1701    0.0005940   f 5/2    d 3/2    0.0000658   48.6685
  54)   59   24.4107    0.0005798   g 7/2    h11/2    0.0000626   24.3429
  55)   20   18.9955    0.0005490   p 3/2    h11/2    0.0000624   28.6792
  56)   72   20.5809    0.0005353   h 9/2    g 9/2    0.0000620   24.0722
  57)   95   22.1419    0.0005243   j13/2    h 9/2    0.0000616   30.7323
  58)   14   31.9567    0.0004592   p 1/2    p 3/2    0.0000595   58.7023
  59)   46   32.0054    0.0004443   f 5/2    p 1/2    0.0000585   59.2939
  60)    6   37.0149    0.0004411   s 1/2    s 1/2    0.0000519   64.9537
  61)    7   53.1312    0.0003120   s 1/2    p 1/2    0.0000503   43.3297
  62)   51   18.9701    0.0003008   f 7/2    p 3/2    0.0000495   42.9805
  63)   44   19.9019    0.0002888   f 5/2    s 1/2    0.0000412   87.9561
  64)  105   29.1369    0.0002837   k15/2    h 9/2    0.0000378   43.5425
  65)   73   32.5432    0.0002218   h 9/2    f 7/2    0.0000351   42.4506
  66)   71   14.6961    0.0002162   h 9/2    i13/2    0.0000349   34.4571
  67)   79   30.7151    0.0002017   h11/2    f 5/2    0.0000341   43.2773
  68)  119   29.7245    0.0001751   l19/2    h11/2    0.0000338   41.9536
  69)   90   23.6659    0.0001677   i13/2    l19/2    0.0000335   39.8642
  70)  118   25.2222    0.0001366   l19/2    g 7/2    0.0000304   49.0729
  71)   83   17.2456    0.0001239   i11/2    f 5/2    0.0000303   59.3734
  72)   84   25.8963    0.0001124   i11/2    i11/2    0.0000303   36.5678
  73)  106   39.2122    0.0001019   k15/2    h 9/2    0.0000289   25.2511
  74)   91   35.2679    0.0000969   i13/2    f 7/2    0.0000285   57.9315
  75)   85   37.7816    0.0000967   i11/2    g 9/2    0.0000275   47.5482
  76)   47   47.9479    0.0000928   f 5/2    l19/2    0.0000260   35.5302
  77)   54   46.4026    0.0000913   f 7/2    j13/2    0.0000254   44.8487
  78)  115   37.4111    0.0000873   l17/2    k15/2    0.0000243   49.7342
  79)  127   36.5899    0.0000856   m21/2    l17/2    0.0000197   47.3437
  80)  110   22.7977    0.0000855   k17/2    h 9/2    0.0000191   59.8103
  81)   96   33.8431    0.0000802   j13/2    i11/2    0.0000186   27.4184
  82)   89   16.8307    0.0000707   i13/2    j15/2    0.0000181   42.6899
  83)   40   52.4986    0.0000685   d 5/2    m21/2    0.0000170   46.9475
  84)   60   37.6728    0.0000606   g 7/2    h11/2    0.0000152   56.8294
  85)  101   31.5024    0.0000600   j15/2    i11/2    0.0000144   48.4674
  86)   67   36.2813    0.0000598   g 9/2    l17/2    0.0000140   60.9450
  87)   32   53.6884    0.0000565   d 3/2    i13/2    0.0000139   46.3284
  88)  116   50.9652    0.0000565   l17/2    k17/2    0.0000124   32.8009
  89)  100   20.3762    0.0000554   j15/2    k17/2    0.0000119   46.9192
  90)    9   74.4720    0.0000524   s 1/2    i11/2    0.0000112   65.3781
  91)   61   54.0529    0.0000430   g 7/2    j15/2    0.0000105   30.7710
  92)   68   51.8202    0.0000405   g 9/2    i13/2    0.0000103   27.1381
  93)  111   35.7864    0.0000397   k17/2    p 3/2    0.0000098   80.8989
  94)   74   48.6266    0.0000386   h 9/2    p 1/2    0.0000097   81.3634
  95)   86   54.4823    0.0000376   i11/2    g 7/2    0.0000085   65.5482
  96)  102   44.5982    0.0000342   j15/2    g 9/2    0.0000082   63.3326
  97)   97   48.9475    0.0000325   j13/2    i13/2    0.0000081   62.0318
  98)  104   22.1041    0.0000322   k15/2    d 3/2    0.0000079   87.5869
  99)  124   57.2485    0.0000309   m19/2    d 3/2    0.0000072   65.2237
 100)   80   45.4903    0.0000305   h11/2    k15/2    0.0000071   66.2787
IndexWave =    1 IndxQP =  153 nIndx =  152
Elapsed Time
Seconds .............:           39.348000
Clock cycles ........:       39348
