   5.2093121967145E-04      1.3367616500724E-03
   2.7437382889891E-03      3.1094201499030E-03
   6.7385901953685E-03      4.8791797586039E-03
   1.2499273383786E-02      6.6404929091130E-03
   2.0015654568740E-02      8.3900454339854E-03
   2.9274395957540E-02      1.0124694538307E-02
   4.0259044540552E-02      1.1841347547523E-02
   5.2950073571721E-02      1.3536949411815E-02
   6.7324920538080E-02      1.5208484243432E-02
   8.3358028357260E-02      1.6852979582059E-02
   1.0102089123831E-01      1.8467511309017E-02
   1.2028210554815E-01      2.0049208702835E-02
   1.4110742573430E-01      2.1595259481719E-02
   1.6345982525751E-01      2.3102914774962E-02
   1.8729956244840E-01      2.4569493995992E-02
   2.1258425118085E-01      2.5992389600776E-02
   2.3926893624148E-01      2.7369071719734E-02
   2.6730617326365E-01      2.8697092653327E-02
   2.9664611308515E-01      2.9974091222521E-02
   3.2723659038041E-01      3.1197796965978E-02
   3.5902321641003E-01      3.2366034176282E-02
   3.9194947572300E-01      3.3476725767896E-02
   4.2595682663986E-01      3.4527896969896E-02
   4.6098480533810E-01      3.5517678836872E-02
   4.9697113335511E-01      3.6444311571731E-02
   5.3385182831719E-01      3.7306147654469E-02
   5.7156131769814E-01      3.8101654771339E-02
   6.1003255540497E-01      3.8829418539215E-02
   6.4919714098350E-01      3.9488145020275E-02
   6.8898544123199E-01      4.0076663022557E-02
   7.2932671400648E-01      4.0593926182276E-02
   7.7014923399782E-01      4.1039014824209E-02
   8.1138042025670E-01      4.1411137596836E-02
   8.5294696523995E-01      4.1709632879324E-02
   8.9477496514872E-01      4.1933969957861E-02
   9.3679005132676E-01      4.2083749969241E-02
   9.7891752248521E-01      4.2158706610028E-02
   1.0210824775188E+00      4.2158706610028E-02
   1.0632099486772E+00      4.2083749969241E-02
   1.1052250348553E+00      4.1933969957861E-02
   1.1470530347640E+00      4.1709632879324E-02
   1.1886195797473E+00      4.1411137596836E-02
   1.2298507660062E+00      4.1039014824209E-02
   1.2706732859975E+00      4.0593926182276E-02
   1.3110145587720E+00      4.0076663022557E-02
   1.3508028590205E+00      3.9488145020275E-02
   1.3899674445990E+00      3.8829418539215E-02
   1.4284386823059E+00      3.8101654771339E-02
   1.4661481716868E+00      3.7306147654469E-02
   1.5030288666489E+00      3.6444311571731E-02
   1.5390151946659E+00      3.5517678836872E-02
   1.5740431733641E+00      3.4527896969896E-02
   1.6080505242810E+00      3.3476725767896E-02
   1.6409767835940E+00      3.2366034176282E-02
   1.6727634096236E+00      3.1197796965978E-02
   1.7033538869188E+00      2.9974091222521E-02
   1.7326938267403E+00      2.8697092653327E-02
   1.7607310637625E+00      2.7369071719734E-02
   1.7874157488232E+00      2.5992389600776E-02
   1.8127004375556E+00      2.4569493995992E-02
   1.8365401747465E+00      2.3102914774962E-02
   1.8588925742697E+00      2.1595259481719E-02
   1.8797178944558E+00      2.0049208702835E-02
   1.8989791087657E+00      1.8467511309017E-02
   1.9166419716467E+00      1.6852979582059E-02
   1.9326750794659E+00      1.5208484243432E-02
   1.9470499264323E+00      1.3536949411815E-02
   1.9597409554634E+00      1.1841347547523E-02
   1.9707256040465E+00      1.0124694538307E-02
   1.9799843454353E+00      8.3900454339854E-03
   1.9875007266202E+00      6.6404929091130E-03
   1.9932614098086E+00      4.8791797586039E-03
   1.9972562617150E+00      3.1094201499030E-03
   1.9994790687843E+00      1.3367616500724E-03
   2.0019613703875E+00      5.0329612320178E-03
   2.0103295367353E+00      1.1704876925225E-02
   2.0253649088539E+00      1.8360576055332E-02
   2.0470372851985E+00      2.4976166297902E-02
   2.0752987167651E+00      3.1536197963086E-02
   2.1100862394262E+00      3.8025911943757E-02
   2.1513222613852E+00      4.4430795008171E-02
   2.1989147823695E+00      5.0736544416702E-02
   2.2527576111682E+00      5.6929085168276E-02
   2.3127306066641E+00      6.2994597275552E-02
   2.3786999475029E+00      6.8919545205934E-02
   2.4505184313957E+00      7.4690707544222E-02
   2.5280258039169E+00      8.0295206262696E-02
   2.6110491162661E+00      8.5720535348738E-02
   2.6994031112776E+00      9.0954588656545E-02
   2.7928906368549E+00      9.5985686892077E-02
   2.8913030859268E+00      1.0080260365827E-01
   2.9944208619504E+00      1.0539459049635E-01
   3.1020138689304E+00      1.0975140086434E-01
   3.2138420248608E+00      1.1386331299775E-01
   3.3296557974479E+00      1.1772115160041E-01
   3.4491967609183E+00      1.2131630831678E-01
   3.5721981726702E+00      1.2464076093964E-01
   3.6983855684828E+00      1.2768709131008E-01
   3.8274773749542E+00      1.3044850186992E-01
   3.9591855378037E+00      1.3291883082937E-01
   4.0932161646333E+00      1.3509256591623E-01
   4.2292701807179E+00      1.3696485667573E-01
   4.3670439963582E+00      1.3853152529366E-01
   4.5062301843082E+00      1.3978907591866E-01
   4.6465181657662E+00      1.4073470246277E-01
   4.7875949033977E+00      1.4136629486284E-01
   4.9291455998443E+00      1.4168244378890E-01
   5.0708544001597E+00      1.4168244378890E-01
   5.2124050966063E+00      1.4136629486284E-01
   5.3534818342378E+00      1.4073470246277E-01
   5.4937698156958E+00      1.3978907591866E-01
   5.6329560036458E+00      1.3853152529366E-01
   5.7707298192861E+00      1.3696485667573E-01
   5.9067838353707E+00      1.3509256591623E-01
   6.0408144622003E+00      1.3291883082937E-01
   6.1725226250498E+00      1.3044850186992E-01
   6.3016144315212E+00      1.2768709131008E-01
   6.4278018273338E+00      1.2464076093964E-01
   6.5508032390857E+00      1.2131630831678E-01
   6.6703442025561E+00      1.1772115160041E-01
   6.7861579751432E+00      1.1386331299775E-01
   6.8979861310736E+00      1.0975140086434E-01
   7.0055791380536E+00      1.0539459049635E-01
   7.1086969140772E+00      1.0080260365827E-01
   7.2071093631491E+00      9.5985686892077E-02
   7.3005968887264E+00      9.0954588656545E-02
   7.3889508837379E+00      8.5720535348738E-02
   7.4719741960871E+00      8.0295206262696E-02
   7.5494815686083E+00      7.4690707544222E-02
   7.6213000525011E+00      6.8919545205934E-02
   7.6872693933399E+00      6.2994597275552E-02
   7.7472423888358E+00      5.6929085168276E-02
   7.8010852176345E+00      5.0736544416702E-02
   7.8486777386188E+00      4.4430795008171E-02
   7.8899137605778E+00      3.8025911943757E-02
   7.9247012832389E+00      3.1536197963086E-02
   7.9529627148055E+00      2.4976166297902E-02
   7.9746350911501E+00      1.8360576055332E-02
   7.9896704632687E+00      1.1704876925225E-02
   7.9980386296165E+00      5.0329612320178E-03
