Oscillator Length (b_0)       : -1.00000
Convergence in Energy         :  1.00E-06
Slowing factor                :  0.60000
Pure HF Calculations (=1)     :   0
Isospin of the Basis WF       :   1
Number of shells (N_0)        :   4
Maximum Ang. Mom. (Lmax)      :   8
Maximum n (nmax)              :  20
Maximum n for Unity           :  28
Index of the Wave-function    :   1
Number of neutrons (N)        :  82
Number of protons  (Z)        :  50
Parameters of the Gogny force : D1S
Type of Basis                 :   2
Compatibility with the HO     :   0

--- Cut-off Energy  : Ecut =    279.057

--- Maximum n value : ncut =      20

--- Maximum n-value of a give l ---

       L    n  n(HO)
       0   23    5
       1   23    4
       2   22    4
       3   22    3
       4   21    3
       5   21    2
       6   20    2
       7   20    1
       8   20    1

--- Parameters of the Gogny force ---

Protons : W =   103.64 MeV
        : B =  -163.48 MeV
        : H =   162.81 MeV
        : M =  -223.93 MeV

Neutrons: W = -1720.30 MeV
        : B =  1300.00 MeV
        : H = -1813.53 MeV
        : M =  1397.60 MeV

WLS =   130.00 MeV.fm5
t_0 =  1390.60 MeV.fm4

nosc =    4 vv =    0.20000 vu =    0.89443
nosc =    3 vv =    0.40000 vu =    0.77460
nosc =    2 vv =    0.60000 vu =    0.63246
nosc =    1 vv =    0.80000 vu =    0.44721
nosc =    0 vv =    1.00000 vu =    0.00000
Number of particle :   40.00000
nosc =    5 vv =    0.16667 vu =    0.91287
nosc =    4 vv =    0.33333 vu =    0.81650
nosc =    3 vv =    0.50000 vu =    0.70711
nosc =    2 vv =    0.66667 vu =    0.57735
nosc =    1 vv =    0.83333 vu =    0.40825
nosc =    0 vv =    1.00000 vu =    0.00000
Number of particle :   56.00000

--- Starting the self-consistent Calculation ---

Number of oscillator shells N :      8
Maximum angular momentum L    :      8
Maximum n                     :     20
Numerical accuracy in Energy  :   1.00E-06
Oscillator length             : -1.000
Atomic number A               :    132
 Impossible to read file: 
 data/vBB8ph_WS.txt                                              
 Brink-Boker terms: Particle-Hole Channel - General Basis
Number of re-used integrals =  170841237
Completion rate:  11%
Number of re-used integrals =  391020987
Completion rate:  22%
Number of re-used integrals =  696868156
Completion rate:  33%
Number of re-used integrals = 1053032605
Completion rate:  44%
Number of re-used integrals = 1495493711
Completion rate:  55%
Number of re-used integrals = 1988646537
Completion rate:  66%
Number of re-used integrals = **********
Completion rate:  77%
Number of re-used integrals = **********
Completion rate:  88%
Number of re-used integrals = -370033898
Completion rate: 100%
 No se pudo leer el archivo: 
 data/vBB8pp_WS.txt                                              
 Brink-Boker terms: Particle-Particle Channel - General Basis
 11% calculado
 22% calculado
 33% calculado
 44% calculado
 55% calculado
 66% calculado
 77% calculado
 88% calculado
100% calculado
 No se pudo leer el archivo: 
 data/vC8ph_WS.txt                                               
 Calculation of ph Coulomb matrix elements - General Basis
 11% calculado
 22% calculado
 33% calculado
 44% calculado
 55% calculado
 66% calculado
 77% calculado
 88% calculado
100% calculado
 No se pudo leer el archivo: 
 data/vC8pp_WS.txt                                               
 Calculation of pp Coulomb matrix elements - General Basis
 11% calculado
 22% calculado
 33% calculado
 44% calculado
 55% calculado
 66% calculado
 77% calculado
 88% calculado
100% calculado
 No se pudo leer el archivo: 
 data/vLS8ph_WS.txt                                              
 Calculation of the matrix elements of the spin-orbit term:
 11% calculated
 22% calculated
 33% calculated
 44% calculated
 55% calculated
 66% calculated
 77% calculated
 88% calculated
100% calculated
 No se pudo leer el archivo: 
 data/vLS8pp_WS.txt                                              
 Se van a calcular los elementos de matriz de apar de LS
 11% calculado
 22% calculado
 33% calculado
 44% calculado
 55% calculado
 66% calculado
 77% calculado
 88% calculado
100% calculado
          k =    0 Difference in Energy :     13.90044569
Iteration k =    1 HF Energy :   -478.22246441
Iteration k =    2 HF Energy :   -783.26967413
Iteration k =    3 HF Energy :   -943.20350033
Iteration k =    4 HF Energy :  -1023.31416777
Iteration k =    5 HF Energy :  -1062.71202297
          k =    5 Difference in Energy :      0.51248751
Iteration k =    6 HF Energy :  -1082.17547431
Iteration k =    7 HF Energy :  -1091.98701694
Iteration k =    8 HF Energy :  -1097.08183640
Iteration k =    9 HF Energy :  -1099.81928056
Iteration k =   10 HF Energy :  -1101.34277564
          k =   10 Difference in Energy :      0.11078763
Iteration k =   11 HF Energy :  -1102.22023810
Iteration k =   12 HF Energy :  -1102.74234477
Iteration k =   13 HF Energy :  -1103.06264961
Iteration k =   14 HF Energy :  -1103.26481192
Iteration k =   15 HF Energy :  -1103.39576843
          k =   15 Difference in Energy :      0.02132679
Iteration k =   16 HF Energy :  -1103.48259998
Iteration k =   17 HF Energy :  -1103.54136037
Iteration k =   18 HF Energy :  -1103.58182197
Iteration k =   19 HF Energy :  -1103.61008943
Iteration k =   20 HF Energy :  -1103.63007212
          k =   20 Difference in Energy :      0.00425128
Iteration k =   21 HF Energy :  -1103.64433243
Iteration k =   22 HF Energy :  -1103.65458558
Iteration k =   23 HF Energy :  -1103.66200114
Iteration k =   24 HF Energy :  -1103.66738923
Iteration k =   25 HF Energy :  -1103.67131836
          k =   25 Difference in Energy :      0.00086393
Iteration k =   26 HF Energy :  -1103.67419177
Iteration k =   27 HF Energy :  -1103.67629788
Iteration k =   28 HF Energy :  -1103.67784440
Iteration k =   29 HF Energy :  -1103.67898170
Iteration k =   30 HF Energy :  -1103.67981909
          k =   30 Difference in Energy :      0.00017745
Iteration k =   31 HF Energy :  -1103.68043628
Iteration k =   32 HF Energy :  -1103.68089159
Iteration k =   33 HF Energy :  -1103.68122773
Iteration k =   34 HF Energy :  -1103.68147607
Iteration k =   35 HF Energy :  -1103.68165964
          k =   35 Difference in Energy :      0.00003672
Iteration k =   36 HF Energy :  -1103.68179541
Iteration k =   37 HF Energy :  -1103.68189589
Iteration k =   38 HF Energy :  -1103.68197027
Iteration k =   39 HF Energy :  -1103.68202537
Iteration k =   40 HF Energy :  -1103.68206619
          k =   40 Difference in Energy :      0.00000765
Iteration k =   41 HF Energy :  -1103.68209645
Iteration k =   42 HF Energy :  -1103.68211889
Iteration k =   43 HF Energy :  -1103.68213554
Iteration k =   44 HF Energy :  -1103.68214789
Iteration k =   45 HF Energy :  -1103.68215706
          k =   45 Difference in Energy :      0.00000160
Iteration k =   46 HF Energy :  -1103.68216386
Iteration k =   47 HF Energy :  -1103.68216892
Iteration k =   48 HF Energy :  -1103.68217267
Iteration k =   49 HF Energy :  -1103.68217546
Iteration k =   50 HF Energy :  -1103.68217754
          k =   50 Difference in Energy :      0.00000035
Iteration k =   51 HF Energy :  -1103.68217908
Iteration k =   52 HF Energy :  -1103.68218022
Iteration k =   53 HF Energy :  -1103.68218108
Iteration k =   54 HF Energy :  -1103.68218171
Iteration k =   55 HF Energy :  -1103.68218218
Energy =    -1.10368E+03 Precision =  0.00000E+00

Tiempo empleado (segundos): -43.96E+03
 
                           Longitud del oscilador:       -1.0000000000
----------------------------------------------------------------------
                                 Energia cinetica:     2485.7791518879
             Energia cinetica del centro de masas:       12.1836635241
                    Energia local de Brink-Booker:    -7495.8469075243
                         Energia local de Coulomb:      362.2098665854
           Energia de intercambio de Brink-Booker:     -388.7652773296
                Energia de intercambio de Coulomb:      -19.6396636570
               Energia dependiente de la densidad:     4033.1544433354
                           Energia de spin-orbita:      -92.7574547088
----------------------------------------------------------------------
                    Enertia total de Brink-Booker:    -7884.6121848539
                         Enertia total de Coulomb:      342.5702029284
                     Energia total (Hartree-Fock):    -1103.6821778869
----------------------------------------------------------------------
                     Apareamiento de Brink-Booker:   -0.4328245703E-05
                          Apareamiento de Coulomb:    0.9617645101E-08
                      Apareamiento de spin-orbita:    0.2327197800E-07
----------------------------------------------------------------------
                               Apareamiento total:   -0.4295356080E-05
----------------------------------------------------------------------
                                            TOTAL:    -1103.6821821822
 
                               Neutrones       Protones          Total
              Particulas:       82.00000       50.00000      132.00000
    Potenciales quimicos:       -4.20525      -12.83104
                   Radio:        4.84357        4.65051        4.77136
 Multiplicadores y error:        0.00000        0.00000       22.76590
NEUTRON SINGLE-PARTICLE ENERGIES (CANONICAL BASIS)
   1)   s 1/2  1.00   -58.296
   2)   p 3/2  1.00   -49.982
   3)   p 1/2  1.00   -48.918
   4)   d 5/2  1.00   -39.962
   5)   d 3/2  1.00   -37.527
   6)   s 1/2  1.00   -35.876
   7)   f 7/2  1.00   -29.152
   8)   f 5/2  1.00   -24.646
   9)   p 3/2  1.00   -22.999
  10)   p 1/2  1.00   -21.301
  11)   g 9/2  1.00   -18.189
  12)   d 5/2  1.00   -11.639
  13)   g 7/2  1.00   -11.448
  14)   s 1/2  1.00    -9.066
  15)   d 3/2  1.00    -8.870
  16)   h11/2  1.00    -7.702
  17)   f 7/2  0.00    -1.508
  18)   p 3/2  0.00     1.008
  19)   h 9/2  0.00     1.641
  20)   f 5/2  0.00     2.024
  21)   p 1/2  0.00     2.252
  22)   i13/2  0.00     2.571
  23)   g 9/2  0.00     8.101
  24)   s 1/2  0.00     8.787
  25)   d 5/2  0.00     9.263
  26)   d 3/2  0.00    10.479
  27)   d 3/2  0.00    12.134
  28)   g 7/2  0.00    12.301
  29)   j15/2  0.00    12.355
  30)   h11/2  0.00    12.792
  31)   i11/2  0.00    13.915
  32)   s 1/2  0.00    14.512
  33)   p 3/2  0.00    14.845
  34)   f 7/2  0.00    15.857
  35)   p 1/2  0.00    16.062
  36)   h11/2  0.00    17.246
  37)   f 5/2  0.00    18.159
  38)   k15/2  0.00    19.185
PROTON SINGLE-PARTICLE ENERGIES (CANONICAL BASIS)
   1)   s 1/2  1.00   -56.802
   2)   p 3/2  1.00   -47.921
   3)   p 1/2  1.00   -46.934
   4)   d 5/2  1.00   -37.781
   5)   d 3/2  1.00   -35.320
   6)   s 1/2  1.00   -32.444
   7)   f 7/2  1.00   -27.079
   8)   f 5/2  1.00   -22.694
   9)   p 3/2  1.00   -20.483
  10)   p 1/2  1.00   -18.986
  11)   g 9/2  1.00   -16.303
  12)   d 5/2  0.00    -9.195
  13)   g 7/2  0.00    -8.311
  14)   s 1/2  0.00    -5.740
  15)   d 3/2  0.00    -5.202
  16)   h11/2  0.00    -4.611
  17)   f 7/2  0.00     3.508
  18)   p 3/2  0.00     4.184
  19)   h 9/2  0.00     5.388
  20)   f 5/2  0.00     6.770
  21)   p 1/2  0.00     7.709
  22)   i13/2  0.00     8.671
  23)   g 9/2  0.00     9.273
  24)   s 1/2  0.00     9.323
  25)   d 5/2  0.00    10.709
  26)   d 3/2  0.00    12.022
  27)   d 3/2  0.00    12.095
  28)   g 7/2  0.00    13.434
  29)   j15/2  0.00    13.967
  30)   h11/2  0.00    14.748
  31)   i11/2  0.00    15.450
  32)   s 1/2  0.00    15.596
  33)   p 3/2  0.00    15.682
  34)   f 7/2  0.00    15.939
  35)   p 1/2  0.00    16.701
  36)   h11/2  0.00    17.039
  37)   f 5/2  0.00    17.210
  38)   k15/2  0.00    17.449
  39)   s 1/2  0.00    17.652
  40)   d 5/2  0.00    18.417
  41)   h 9/2  0.00    18.588
  42)   k17/2  0.00    18.654
  43)   d 3/2  0.00    18.819
  44)   g 9/2  0.00    19.208
  45)   i13/2  0.00    19.222
  46)   j13/2  0.00    19.695
  47)   g 7/2  0.00    19.984
      EQP NEUT        V2               V2  EQP PROT
  100  329   76.1224    0.0000   k17/2    d 3/2   0.0000  170.5981
   99   96  138.2803    0.0000   d 5/2    k15/2   0.0000  206.5839
   98  292  111.4988    0.0000   j15/2    g 7/2   0.0000  153.0472
   97   19  174.7468    0.0000   s 1/2    f 7/2   0.0000  197.3028
   96   37  148.0337    0.0000   p 1/2    p 1/2   0.0000  179.9742
   95  153  107.2946    0.0000   g 7/2    f 5/2   0.0000  144.7712
   94  115  131.0620    0.0000   f 5/2    k17/2   0.0000  117.7508
   93  132   85.1066    0.0000   f 7/2    d 3/2   0.0000  188.8338
   92  139  203.2654    0.0000   f 7/2    s 1/2   0.0000  171.1938
   91   38  165.8567    0.0000   p 1/2    g 7/2   0.0000  188.4566
   90  135  129.8827    0.0000   f 7/2    p 1/2   0.0000  162.1502
   89   17  138.7063    0.0000   s 1/2    d 5/2   0.0000  170.0811
   88  250   76.8975    0.0000   i13/2    f 7/2   0.0000  143.9293
   87  179  213.2847    0.0000   g 9/2    d 5/2   0.0000  188.4085
   86  261   11.0543    0.0000   j13/2    i11/2   0.0000  121.2618
   85   20  194.4595    0.0000   s 1/2    j13/2   0.0000   86.8283
   84  172   91.5610    0.0000   g 9/2    j15/2   0.0000  235.0636
   83   60  204.0169    0.0000   p 3/2    f 5/2   0.0000  197.9955
   82  219  223.3856    0.0000   h11/2    p 3/2   0.0000  179.7308
   81   34  100.1633    0.0000   p 1/2    h 9/2   0.0000  197.8568
   80   78  175.2645    0.0000   d 3/2    s 1/2   0.0000  153.7895
   79  134  114.0512    0.0000   f 7/2    d 5/2   0.0000  152.8637
   78  259  233.5148    0.0000   i13/2    g 9/2   0.0000  135.5024
   77  133   99.1337    0.0000   f 7/2    i11/2   0.0000  136.6487
   76   77  156.9571    0.0000   d 3/2    p 1/2   0.0000  145.3750
   75  100  213.9930    0.0000   d 5/2    p 3/2   0.0000  161.8511
   74   39  185.0093    0.0000   p 1/2    h11/2   0.0000   85.4421
   73  156  156.5594    0.0000   g 7/2    i11/2   0.0000  207.4357
   72  299  243.5733    0.0000   j15/2    h11/2   0.0000  127.3593
   71  118  184.6424    0.0000   f 5/2    d 5/2   0.0000  136.3521
   70  157  174.8833    0.0000   g 7/2    k15/2   0.0000  120.6793
   69  339  253.8601    0.0000   k17/2    g 7/2   0.0000  207.5144
   68  117  165.8740    0.0000   f 5/2    s 1/2   0.0000  137.5035
   67  116  148.0460    0.0000   f 5/2    s 1/2   0.0000  189.7337
   66  140  224.2908    0.0000   f 7/2    k17/2   0.0000  244.9473
   65  174  121.5543    0.0000   g 9/2    j13/2   0.0000  216.9820
   64   40  205.4719    0.0000   p 1/2    p 1/2   0.0000  199.1113
   63  158  194.0954    0.0000   g 7/2    p 3/2   0.0000  198.8027
   62  197  184.0737    0.0000   h 9/2    h 9/2   0.0000  217.3465
   61  196  165.2556    0.0000   h 9/2    s 1/2   0.0000  209.6483
   60  312  122.2591    0.0000   k15/2    k15/2   0.0000  226.7126
   59   79  194.9195    0.0000   d 3/2    d 5/2   0.0000  208.0369
   58  155  139.1370    0.0000   g 7/2    p 3/2   0.0000  145.1028
   57   95  121.8841    0.0000   d 5/2    s 1/2   0.0000  121.8900
   56  212   98.0158    0.0000   h11/2    s 1/2   0.0000  107.3533
   55  180  234.8208    0.0000   g 9/2    d 3/2   0.0000  208.5644
   54  252  104.6549    0.0000   i13/2    d 5/2   0.0000  120.9075
   53   54   99.1593    0.0000   p 3/2    f 7/2   0.0000  217.4735
   52  198  203.7201    0.0000   h 9/2    f 5/2   0.0000  128.9142
   51  236  174.1913    0.0000   i11/2    p 3/2   0.0000  129.0330
   50  213  113.0392    0.0000   h11/2    g 9/2   0.0000  227.1518
   49  220  245.4476    0.0000   h11/2    i13/2   0.0000  119.2022
   48  119  204.8344    0.0000   f 5/2    i11/2   0.0000  227.3964
   47  235  155.9329    0.0000   i11/2    g 9/2   0.0000   92.2115
   46  194  130.6135    0.0000   h 9/2    h11/2   0.0000  237.0489
   45  272  114.5251    0.0000   j13/2    p 3/2   0.0000  219.1200
   44  237  193.4953    0.0000   i11/2    g 9/2   0.0000  120.1733
   43  234  138.6955    0.0000   i11/2    p 1/2   0.0000  219.4614
   42   76  139.6202    0.0000   d 3/2    f 5/2   0.0000  218.2832
   41   80  215.9408    0.0000   d 3/2    g 9/2   0.0000  105.7027
   40  331  103.5064    0.0000   k17/2    i13/2   0.0000  247.1505
   39   75  123.0963    0.0000   d 3/2    j13/2   0.0000  237.4362
   38  195  147.4118    0.0000   h 9/2    f 7/2   0.0000  128.0637
   37  260  256.0851    0.0000   i13/2    d 5/2   0.0000  228.7207
   36  232  107.0516    0.0000   i11/2    g 7/2   0.0000  228.3157
   35  276  183.2770    0.0000   j13/2    j15/2   0.0000  257.3111
   34  238  213.5756    0.0000   i11/2    d 3/2   0.0000  229.2968
   33  159  214.8391    0.0000   g 7/2    k17/2   0.0000  103.4560
   32  233  122.3667    0.0000   i11/2    h 9/2   0.0000  114.1310
   31  300  266.6215    0.0000   j15/2    k17/2   0.0000   78.1323
   30  275  164.6090    0.0000   j13/2    d 5/2   0.0000  106.3817
   29  120  226.3519    0.0000   f 5/2    k15/2   0.0000  247.6703
   28  277  203.0554    0.0000   j13/2    j15/2   0.0000  111.1575
   27  340  277.3497    0.0000   k17/2    i13/2   0.0000   23.1249
   26  154  122.7809    0.0000   g 7/2    f 7/2   0.0000  238.5397
   25  199  225.0089    0.0000   h 9/2    h 9/2   0.0000  238.6249
   24  316  192.7105    0.0000   k15/2    k17/2   0.0000  267.7453
   23  278  223.5564    0.0000   j13/2    g 9/2   0.0000  248.6161
   22  160  236.8066    0.0000   g 7/2    f 5/2   0.0000  239.4258
   21  251   90.2601    0.0000   i13/2    h11/2   0.0000  258.9261
   20  317  212.9700    0.0000   k15/2    f 7/2   0.0000  113.1378
   19  315  173.6176    0.0000   k15/2    h11/2   0.0000  112.4246
   18  239  235.3942    0.0000   i11/2    i11/2   0.0000  249.1582
   17  274  146.9486    0.0000   j13/2    i13/2   0.0000  269.4500
   16  173  106.1068    0.0000   g 9/2    g 7/2   0.0000  249.8982
   15  200  247.4069    0.0000   h 9/2    j13/2   0.0000  259.7256
   14  318  233.9150    0.0000   k15/2    j15/2   0.0000  280.0508
   13  291   96.7532    0.0000   j15/2    h 9/2   0.0000  260.6784
   12  279  245.9006    0.0000   j13/2    k17/2   0.0000   90.2073
   11  313  138.3906    0.0000   k15/2    k15/2   0.0000  270.5106
   10  314  155.5266    0.0000   k15/2    i13/2   0.0000   91.3185
    9  330   89.2973    0.0000   k17/2    k17/2   0.0000  290.9464
    8  290   82.9875    0.0000   j15/2    j15/2   0.0000   84.3760
    7  240  258.2280    0.0000   i11/2    i13/2   0.0000  104.7855
    6  319  256.7596    0.0000   k15/2    i11/2   0.0000  271.7102
    5  280  269.2068    0.0000   j13/2    j13/2   0.0000  282.8184
    4  273  130.2267    0.0000   j13/2    k15/2   0.0000  106.6343
    3  321   12.4540    0.0000   k17/2    j15/2   0.0000   97.2706
    2  320  280.5621    0.0000   k15/2    k15/2   0.0000  294.1537
    1  301   12.4546    0.0000   k15/2    h11/2   0.0000   98.4653
IndexWave =    1 IndxQP =  340 nIndx =   11

Tiempo consumido:
Segundos:  -43.9047108000000008E+03
Ciclos de reloj:   -439047108
