Oscillator Length (b_0)       :  2.43000
Convergence in Energy         :  1.00E-06
Slowing factor                :  0.60000
Pure HF Calculations (=1)     :   0
Isospin of the Basis WF       :   1
Number of shells (N_0)        :  20
Maximum Ang. Mom. (Lmax)      :  20
Maximum n (nmax)              :  20
Maximum n for Unity           :  28
Index of the Wave-function    :   1
Number of neutrons (N)        : 100
Number of protons  (Z)        :  50
Parameters of the Gogny force : D1S
Type of Basis                 :   2
Compatibility with the HO     :   1

--- Cut-off Energy  : Ecut =    382.521

--- Maximum n value : ncut =      20

--- Maximum n-value of a give l ---

       L    n  n(HO)
       0   20   11
       1   20   10
       2   20   10
       3   20    9
       4   20    9
       5   20    8
       6   20    8
       7   20    7
       8   20    7
       9   20    6
      10   20    6
      11   20    5
      12   20    5
      13   20    4
      14   20    4
      15   20    3
      16   20    3
      17   20    2
      18   20    2
      19   20    1
      20   20    1

--- Parameters of the Gogny force ---

Protons : W =   103.64 MeV
        : B =  -163.48 MeV
        : H =   162.81 MeV
        : M =  -223.93 MeV

Neutrons: W = -1720.30 MeV
        : B =  1300.00 MeV
        : H = -1813.53 MeV
        : M =  1397.60 MeV

WLS =   130.00 MeV.fm5
t_0 =  1390.60 MeV.fm4

nosc =    4 vv =    0.20000 vu =    0.89443
nosc =    3 vv =    0.40000 vu =    0.77460
nosc =    2 vv =    0.60000 vu =    0.63246
nosc =    1 vv =    0.80000 vu =    0.44721
nosc =    0 vv =    1.00000 vu =    0.00000
Number of particle :   40.00000
nosc =    5 vv =    0.16667 vu =    0.91287
nosc =    4 vv =    0.33333 vu =    0.81650
nosc =    3 vv =    0.50000 vu =    0.70711
nosc =    2 vv =    0.66667 vu =    0.57735
nosc =    1 vv =    0.83333 vu =    0.40825
nosc =    0 vv =    1.00000 vu =    0.00000
Number of particle :   56.00000

--- Starting the self-consistent Calculation ---

Number of oscillator shells N :     20
Maximum angular momentum L    :     20
Maximum n                     :     11
Numerical accuracy in Energy  :   1.00E-06
Oscillator length             :  2.430
Atomic number A               :    150
 Impossible to read file: 
 data/vBB20ph_WS.txt                                             
 Brink-Boker terms: Particle-Hole Channel - General Basis
Number of re-used integrals =   15059615
Completion rate:   4%
Number of re-used integrals =   25799195
Completion rate:   9%
Number of re-used integrals =   45505258
Completion rate:  14%
Number of re-used integrals =   51094852
Completion rate:  19%
Number of re-used integrals =   70982803
Completion rate:  23%
Number of re-used integrals =   68323990
Completion rate:  28%
Number of re-used integrals =   85787615
Completion rate:  33%
Number of re-used integrals =   74799850
Completion rate:  38%
Number of re-used integrals =   88641459
Completion rate:  42%
Number of re-used integrals =   71170867
Completion rate:  47%
Number of re-used integrals =   81157867
Completion rate:  52%
Number of re-used integrals =   59993254
Completion rate:  57%
Number of re-used integrals =   66570934
Completion rate:  61%
Number of re-used integrals =   44709056
Completion rate:  66%
Number of re-used integrals =   48590205
Completion rate:  71%
Number of re-used integrals =   28741899
Completion rate:  76%
Number of re-used integrals =   30754818
Completion rate:  80%
Number of re-used integrals =   14889063
Completion rate:  85%
Number of re-used integrals =   15747859
Completion rate:  90%
Number of re-used integrals =    5005069
Completion rate:  95%
Number of re-used integrals =    5254935
Completion rate: 100%
 No se pudo leer el archivo: 
 data/vBB20pp_WS.txt                                             
 Brink-Boker terms: Particle-Particle Channel - General Basis
  4% calculado
  9% calculado
 14% calculado
 19% calculado
 23% calculado
 28% calculado
 33% calculado
 38% calculado
 42% calculado
 47% calculado
 52% calculado
 57% calculado
 61% calculado
 66% calculado
 71% calculado
 76% calculado
 80% calculado
 85% calculado
 90% calculado
 95% calculado
100% calculado
 No se pudo leer el archivo: 
 data/vC20ph_WS.txt                                              
 Calculation of ph Coulomb matrix elements - General Basis
  4% calculado
  9% calculado
 14% calculado
 19% calculado
 23% calculado
 28% calculado
 33% calculado
 38% calculado
 42% calculado
 47% calculado
 52% calculado
 57% calculado
 61% calculado
 66% calculado
 71% calculado
 76% calculado
 80% calculado
 85% calculado
 90% calculado
 95% calculado
100% calculado
 No se pudo leer el archivo: 
 data/vC20pp_WS.txt                                              
 Calculation of pp Coulomb matrix elements - General Basis
  4% calculado
  9% calculado
 14% calculado
 19% calculado
 23% calculado
 28% calculado
 33% calculado
 38% calculado
 42% calculado
 47% calculado
 52% calculado
 57% calculado
 61% calculado
 66% calculado
 71% calculado
 76% calculado
 80% calculado
 85% calculado
 90% calculado
 95% calculado
100% calculado
 No se pudo leer el archivo: 
 data/vLS20ph_WS.txt                                             
 Calculation of the matrix elements of the spin-orbit term:
  4% calculated
  9% calculated
 14% calculated
 19% calculated
 23% calculated
 28% calculated
 33% calculated
 38% calculated
 42% calculated
 47% calculated
 52% calculated
 57% calculated
 61% calculated
 66% calculated
 71% calculated
 76% calculated
 80% calculated
 85% calculated
 90% calculated
 95% calculated
100% calculated
 No se pudo leer el archivo: 
 data/vLS20pp_WS.txt                                             
 Se van a calcular los elementos de matriz de apar de LS
  4% calculado
  9% calculado
 14% calculado
 19% calculado
 23% calculado
 28% calculado
 33% calculado
 38% calculado
 42% calculado
 47% calculado
 52% calculado
 57% calculado
 61% calculado
 66% calculado
 71% calculado
 76% calculado
 80% calculado
 85% calculado
 90% calculado
 95% calculado
100% calculado
          k =    0 Difference in Energy :     13.77428674
Iteration k =    1 HF Energy :   -589.03748455
Iteration k =    2 HF Energy :   -902.57918739
Iteration k =    3 HF Energy :  -1035.21949005
Iteration k =    4 HF Energy :  -1089.63005797
Iteration k =    5 HF Energy :  -1111.90810084
          k =    5 Difference in Energy :      0.36414191
Iteration k =    6 HF Energy :  -1121.15514192
Iteration k =    7 HF Energy :  -1125.09680835
Iteration k =    8 HF Energy :  -1126.84615682
Iteration k =    9 HF Energy :  -1127.66641930
Iteration k =   10 HF Energy :  -1128.07812460
          k =   10 Difference in Energy :      0.10481286
Iteration k =   11 HF Energy :  -1128.30098847
Iteration k =   12 HF Energy :  -1128.43097817
Iteration k =   13 HF Energy :  -1128.51196121
Iteration k =   14 HF Energy :  -1128.56515699
Iteration k =   15 HF Energy :  -1128.60151805
          k =   15 Difference in Energy :      0.03447654
Iteration k =   16 HF Energy :  -1128.62709551
Iteration k =   17 HF Energy :  -1128.64545684
Iteration k =   18 HF Energy :  -1128.65882846
Iteration k =   19 HF Energy :  -1128.66866619
Iteration k =   20 HF Energy :  -1128.67595728
          k =   20 Difference in Energy :      0.01112960
Iteration k =   21 HF Energy :  -1128.68138989
Iteration k =   22 HF Energy :  -1128.68545372
Iteration k =   23 HF Energy :  -1128.68850258
Iteration k =   24 HF Energy :  -1128.69079504
Iteration k =   25 HF Energy :  -1128.69252169
          k =   25 Difference in Energy :      0.00393875
Iteration k =   26 HF Energy :  -1128.69382387
Iteration k =   27 HF Energy :  -1128.69480694
Iteration k =   28 HF Energy :  -1128.69554971
Iteration k =   29 HF Energy :  -1128.69611127
Iteration k =   30 HF Energy :  -1128.69653606
          k =   30 Difference in Energy :      0.00157496
Iteration k =   31 HF Energy :  -1128.69685754
Iteration k =   32 HF Energy :  -1128.69710092
Iteration k =   33 HF Energy :  -1128.69728524
Iteration k =   34 HF Energy :  -1128.69742488
Iteration k =   35 HF Energy :  -1128.69753069
          k =   35 Difference in Energy :      0.00070372
Iteration k =   36 HF Energy :  -1128.69761088
Iteration k =   37 HF Energy :  -1128.69767168
Iteration k =   38 HF Energy :  -1128.69771779
Iteration k =   39 HF Energy :  -1128.69775275
Iteration k =   40 HF Energy :  -1128.69777928
          k =   40 Difference in Energy :      0.00034061
Iteration k =   41 HF Energy :  -1128.69779941
Iteration k =   42 HF Energy :  -1128.69781469
Iteration k =   43 HF Energy :  -1128.69782628
Iteration k =   44 HF Energy :  -1128.69783509
Iteration k =   45 HF Energy :  -1128.69784178
          k =   45 Difference in Energy :      0.00017315
Iteration k =   46 HF Energy :  -1128.69784686
Iteration k =   47 HF Energy :  -1128.69785072
Iteration k =   48 HF Energy :  -1128.69785365
Iteration k =   49 HF Energy :  -1128.69785588
Iteration k =   50 HF Energy :  -1128.69785757
          k =   50 Difference in Energy :      0.00009045
Iteration k =   51 HF Energy :  -1128.69785886
Iteration k =   52 HF Energy :  -1128.69785984
Iteration k =   53 HF Energy :  -1128.69786059
Iteration k =   54 HF Energy :  -1128.69786116
Iteration k =   55 HF Energy :  -1128.69786159
          k =   55 Difference in Energy :      0.00004794
Iteration k =   56 HF Energy :  -1128.69786192
Iteration k =   57 HF Energy :  -1128.69786217
Iteration k =   58 HF Energy :  -1128.69786236
Iteration k =   59 HF Energy :  -1128.69786251
Iteration k =   60 HF Energy :  -1128.69786262
          k =   60 Difference in Energy :      0.00002559
Iteration k =   61 HF Energy :  -1128.69786270
Iteration k =   62 HF Energy :  -1128.69786277
Iteration k =   63 HF Energy :  -1128.69786282
Iteration k =   64 HF Energy :  -1128.69786285
Iteration k =   65 HF Energy :  -1128.69786288
          k =   65 Difference in Energy :      0.00001371
Iteration k =   66 HF Energy :  -1128.69786291
Iteration k =   67 HF Energy :  -1128.69786292
Iteration k =   68 HF Energy :  -1128.69786293
Iteration k =   69 HF Energy :  -1128.69786294
Iteration k =   70 HF Energy :  -1128.69786295
          k =   70 Difference in Energy :      0.00000736
Iteration k =   71 HF Energy :  -1128.69786296
Iteration k =   72 HF Energy :  -1128.69786296
Iteration k =   73 HF Energy :  -1128.69786297
Iteration k =   74 HF Energy :  -1128.69786297
Iteration k =   75 HF Energy :  -1128.69786297
          k =   75 Difference in Energy :      0.00000395
Iteration k =   76 HF Energy :  -1128.69786297
Iteration k =   77 HF Energy :  -1128.69786297
Iteration k =   78 HF Energy :  -1128.69786297
Iteration k =   79 HF Energy :  -1128.69786297
Iteration k =   80 HF Energy :  -1128.69786297
          k =   80 Difference in Energy :      0.00000213
Iteration k =   81 HF Energy :  -1128.69786298
Iteration k =   82 HF Energy :  -1128.69786298
Iteration k =   83 HF Energy :  -1128.69786298
Iteration k =   84 HF Energy :  -1128.69786298
Iteration k =   85 HF Energy :  -1128.69786298
          k =   85 Difference in Energy :      0.00000114
Iteration k =   86 HF Energy :  -1128.69786298
Iteration k =   87 HF Energy :  -1128.69786298
Iteration k =   88 HF Energy :  -1128.69786298
Iteration k =   89 HF Energy :  -1128.69786298
Iteration k =   90 HF Energy :  -1128.69786298
          k =   90 Difference in Energy :      0.00000061
Iteration k =   91 HF Energy :  -1128.69786298
Iteration k =   92 HF Energy :  -1128.69786298
Iteration k =   93 HF Energy :  -1128.69786298
Iteration k =   94 HF Energy :  -1128.69786298
Iteration k =   95 HF Energy :  -1128.69786298
Energy =    -1.12870E+03 Precision =  0.00000E+00

Tiempo empleado (segundos):  21.50E+03
 
                           Longitud del oscilador:        2.4300000000
----------------------------------------------------------------------
                                 Energia cinetica:     2787.0698035675
             Energia cinetica del centro de masas:       12.5847916298
                    Energia local de Brink-Booker:    -7909.8103652635
                         Energia local de Coulomb:      351.3323320393
           Energia de intercambio de Brink-Booker:     -429.7693528106
                Energia de intercambio de Coulomb:      -19.0234653487
               Energia dependiente de la densidad:     4186.0488783789
                           Energia de spin-orbita:      -78.6094726511
----------------------------------------------------------------------
                    Enertia total de Brink-Booker:    -8339.5797180741
                         Enertia total de Coulomb:      332.3088666906
                     Energia total (Hartree-Fock):    -1100.1768504583
----------------------------------------------------------------------
                     Apareamiento de Brink-Booker:   -0.2855786458E+02
                          Apareamiento de Coulomb:    0.2251519451E-11
                      Apareamiento de spin-orbita:    0.3685205703E-01
----------------------------------------------------------------------
                               Apareamiento total:   -0.2852101252E+02
----------------------------------------------------------------------
                                            TOTAL:    -1128.6978629765
 
                               Neutrones       Protones          Total
              Particulas:      100.00000       50.00000      150.00000
    Potenciales quimicos:       -0.74458      -17.72042
                   Radio:        5.23535        4.79497        5.09279
 Multiplicadores y error:        0.00000        0.00000       25.93652
NEUTRON SINGLE-PARTICLE ENERGIES (CANONICAL BASIS)
   1)   s 1/2  1.00   -57.373
   2)   p 3/2  1.00   -48.277
   3)   p 1/2  1.00   -47.223
   4)   d 5/2  1.00   -38.932
   5)   d 3/2  1.00   -36.488
   6)   s 1/2  1.00   -35.499
   7)   f 7/2  1.00   -29.108
   8)   f 5/2  1.00   -24.768
   9)   p 3/2  1.00   -24.503
  10)   p 1/2  1.00   -23.099
  11)   g 9/2  1.00   -18.697
  12)   d 5/2  0.99   -13.115
  13)   g 7/2  0.99   -12.320
  14)   s 1/2  0.99   -10.782
  15)   d 3/2  0.99   -10.633
  16)   h11/2  0.99    -8.627
  17)   f 7/2  0.90    -3.065
  18)   p 3/2  0.63    -1.167
  19)   p 1/2  0.38    -0.393
  20)   h 9/2  0.37    -0.227
  21)   f 5/2  0.29     0.043
  22)   i13/2  0.13     1.167
  23)   s 1/2  0.01     2.641
  24)   d 5/2  0.01     3.850
  25)   d 3/2  0.01     4.253
  26)   g 9/2  0.01     5.011
  27)   p 3/2  0.00     5.079
  28)   p 1/2  0.00     5.437
  29)   f 7/2  0.00     6.630
  30)   f 5/2  0.00     7.071
  31)   g 7/2  0.01     7.609
  32)   s 1/2  0.00     9.229
  33)   d 5/2  0.00     9.582
  34)   g 9/2  0.00    10.110
  35)   j15/2  0.00    10.354
  36)   d 3/2  0.00    10.544
  37)   i11/2  0.01    10.697
  38)   h11/2  0.00    11.116
  39)   g 7/2  0.00    11.630
  40)   h 9/2  0.00    12.184
  41)   p 3/2  0.00    14.472
  42)   i13/2  0.00    14.648
  43)   h11/2  0.00    14.810
  44)   f 7/2  0.00    14.832
  45)   p 1/2  0.00    14.907
  46)   i11/2  0.00    15.443
  47)   f 5/2  0.00    16.026
  48)   j15/2  0.00    17.786
  49)   s 1/2  0.00    17.874
  50)   h 9/2  0.00    18.059
  51)   d 5/2  0.00    18.240
  52)   g 9/2  0.00    18.632
  53)   d 3/2  0.00    18.918
  54)   k17/2  0.00    19.094
  55)   j13/2  0.00    19.509
  56)   g 7/2  0.00    19.749
PROTON SINGLE-PARTICLE ENERGIES (CANONICAL BASIS)
   1)   s 1/2  1.00   -59.829
   2)   p 3/2  1.00   -51.159
   3)   p 1/2  1.00   -50.064
   4)   d 5/2  1.00   -41.352
   5)   d 3/2  1.00   -38.900
   6)   s 1/2  1.00   -37.027
   7)   f 7/2  1.00   -31.083
   8)   f 5/2  1.00   -26.959
   9)   p 3/2  1.00   -25.608
  10)   p 1/2  1.00   -24.108
  11)   g 9/2  1.00   -20.745
  12)   d 5/2  0.00   -14.334
  13)   g 7/2  0.00   -14.075
  14)   s 1/2  0.00   -11.446
  15)   d 3/2  0.00   -10.818
  16)   h11/2  0.00   -10.018
  17)   f 7/2  0.00    -2.364
  18)   p 3/2  0.00    -1.659
  19)   p 1/2  0.00     0.543
  20)   h 9/2  0.00     1.136
  21)   f 5/2  0.00     1.635
  22)   i13/2  0.00     2.619
  23)   s 1/2  0.00     9.163
  24)   d 5/2  0.00    11.031
  25)   d 3/2  0.00    11.064
  26)   g 9/2  0.00    13.327
  27)   p 3/2  0.00    13.419
  28)   p 1/2  0.00    13.567
  29)   f 7/2  0.00    15.659
  30)   f 5/2  0.00    15.867
  31)   g 7/2  0.00    18.654
      EQP NEUT        V2               V2  EQP PROT
  100  138   57.0332    0.0000   k15/2    o23/2   0.0000   78.4134
   99   10   73.7562    0.0000   s 1/2    i13/2   0.0000   74.0274
   98  169   50.5108    0.0000   m21/2    g 9/2   0.0000   74.7833
   97  174   52.4823    0.0000   n21/2    i11/2   0.0000   95.8673
   96  145   51.8836    0.0000   k17/2    m19/2   0.0000   52.8967
   95  188   39.3279    0.0000   o25/2    m21/2   0.0000   71.7572
   94  183   39.6748    0.0000   o23/2    o23/2   0.0000   96.1570
   93  187   25.2382    0.0000   o25/2    k17/2   0.0000   73.2155
   92  182   25.2961    0.0000   o23/2    g 7/2   0.0000   95.6798
   91   20   68.5939    0.0000   p 1/2    p27/2   0.0000   87.8746
   90  175   71.8158    0.0000   n21/2    p25/2   0.0000   90.4463
   89  189   53.6176    0.0000   o25/2    n21/2   0.0000   59.5238
   88  125   70.4121    0.0000   j13/2    n21/2   0.0000  115.4655
   87  152   71.8064    0.0000   l17/2    p 1/2   0.0000  111.8376
   86   40   74.9577    0.0000   d 3/2    p25/2   0.0000  113.6586
   85   11   96.7224    0.0000   s 1/2    j13/2   0.0000   89.9837
   84   50   73.3435    0.0000   d 5/2    l19/2   0.0000   39.3538
   83  192   30.7703    0.0000   p25/2    s 1/2   0.0000   94.7321
   82  196   30.6735    0.0000   p27/2    d 3/2   0.0000  118.2705
   81  184   56.4511    0.0000   o23/2    d 3/2   0.0000   95.2370
   80   30   67.5883    0.0000   p 3/2    o25/2   0.0000  107.8357
   79  197   47.4713    0.0000   p27/2    o23/2   0.0000  121.7572
   78  164   78.0169    0.0000   m19/2    k15/2   0.0000   96.4670
   77  193   48.0882    0.0000   p25/2    q29/2   0.0000   93.8625
   76  102   65.5865    0.0000   h11/2    g 7/2   0.0000  118.7144
   75   94   69.5474    0.0000   h 9/2    q27/2   0.0000  119.3367
   74   77   75.2728    0.0000   g 7/2    k15/2   0.0000   35.9941
   73   59   69.1843    0.0000   f 5/2    j13/2   0.0000  112.3212
   72  132   64.5119    0.0000   j15/2    n23/2   0.0000  102.5172
   71   68   66.9617    0.0000   f 7/2    s 1/2   0.0000  118.2381
   70  205   50.8760    0.0000   q29/2    r29/2   0.0000  111.6606
   69  201   51.3189    0.0000   q27/2    o25/2   0.0000   62.2810
   68  200   33.3000    0.0000   q27/2    q27/2   0.0000   95.1972
   67  204   33.2115    0.0000   q29/2    p27/2   0.0000   70.5800
   66  180   62.7102    0.0000   n23/2    o25/2   0.0000   89.5686
   65  185   76.9001    0.0000   o23/2    p 3/2   0.0000  111.5876
   64  110   75.8734    0.0000   i11/2    m21/2   0.0000  110.1155
   63  158   63.6739    0.0000   l19/2    g 9/2   0.0000   92.9379
   62   21   91.3024    0.0000   p 1/2    r31/2   0.0000  106.5099
   61  208   40.5225    0.0000   r29/2    n23/2   0.0000   83.7192
   60  211   40.3906    0.0000   r31/2    p25/2   0.0000   71.2042
   59   31   90.2159    0.0000   p 3/2    d 5/2   0.0000  117.4406
   58  139   76.9154    0.0000   k15/2    d 5/2   0.0000   93.9847
   57   86   72.2956    0.0000   g 9/2    h11/2   0.0000   86.5735
   56  118   70.8955    0.0000   i13/2    p27/2   0.0000  101.3345
   55  146   69.9595    0.0000   k17/2    s31/2   0.0000  116.9469
   54  198   66.1156    0.0000   p27/2    o23/2   0.0000   62.5659
   53  194   68.9009    0.0000   p25/2    g 9/2   0.0000  115.7270
   52  212   62.3976    0.0000   r31/2    q29/2   0.0000  108.4433
   51  209   62.8292    0.0000   r29/2    f 5/2   0.0000  112.0311
   50  190   69.0054    0.0000   o25/2    s33/2   0.0000  113.2469
   49  217   43.2164    0.0000   s33/2    m19/2   0.0000  120.8143
   48  214   43.3201    0.0000   s31/2    h 9/2   0.0000  112.4952
   47  231   37.1508    0.0000    41/2    i13/2   0.0000  114.1770
   46  230   37.3096    0.0000    39/2    q29/2   0.0000   73.9478
   45  218   66.0230    0.0000   s33/2    l17/2   0.0000   39.4358
   44   95   91.9698    0.0000   h 9/2    k15/2   0.0000  118.6958
   43  215   66.3499    0.0000   s31/2    j15/2   0.0000   85.5629
   42   60   92.1092    0.0000   f 5/2    k17/2   0.0000  112.2951
   41  222   53.2381    0.0000   t35/2    q27/2   0.0000   74.3545
   40  220   53.3461    0.0000   t33/2    h11/2   0.0000  108.4882
   39  176   96.7684    0.0000   n21/2    l19/2   0.0000  104.7703
   38  206   71.2873    0.0000   q29/2    f 7/2   0.0000  110.1564
   37  202   72.9779    0.0000   q27/2    i13/2   0.0000   91.9482
   36  170   68.7622    0.0000   m21/2    t33/2   0.0000  106.7226
   35   69   90.0640    0.0000   f 7/2    i11/2   0.0000  118.9909
   34  126   92.7300    0.0000   j13/2    t35/2   0.0000  105.6792
   33  140   99.8012    0.0000   k15/2    r31/2   0.0000   85.8072
   32  226   56.3650    0.0000   u37/2    m21/2   0.0000   41.2871
   31  224   56.4467    0.0000   u35/2    m21/2   0.0000   90.0023
   30  111   98.6294    0.0000   i11/2    j15/2   0.0000  106.8152
   29  195   96.1328    0.0000   p25/2    l19/2   0.0000   84.7171
   28   41   98.2969    0.0000   d 3/2    r29/2   0.0000   86.0869
   27  186  103.6033    0.0000   o23/2    l17/2   0.0000  113.1657
   26   78   98.5482    0.0000   g 7/2    n23/2   0.0000   45.6627
   25  229   72.0128    0.0000   v39/2    u35/2   0.0000  110.8234
   24  133   85.7903    0.0000   j15/2    u37/2   0.0000  110.1247
   23  228   72.2324    0.0000   v37/2    m19/2   0.0000   41.3275
   22  153   94.4469    0.0000   l17/2    n21/2   0.0000   45.7140
   21   51   96.6937    0.0000   d 5/2    s33/2   0.0000   89.3122
   20   87   95.8423    0.0000   g 9/2    s31/2   0.0000   89.5227
   19  223   82.5010    0.0000   t35/2    o25/2   0.0000   47.8016
   18  103   88.1680    0.0000   h11/2    o23/2   0.0000   47.8558
   17  119   93.4433    0.0000   i13/2    k17/2   0.0000   90.8900
   16  221   84.0208    0.0000   t33/2    p27/2   0.0000   53.4091
   15  227   86.8891    0.0000   u37/2     41/2   0.0000   60.3212
   14  225   87.9538    0.0000   u35/2     39/2   0.0000   60.4103
   13  159   84.2382    0.0000   l19/2    p25/2   0.0000   53.5000
   12  203  101.5376    0.0000   q27/2    r31/2   0.0000   63.2163
   11  210   91.6676    0.0000   r29/2    r29/2   0.0000   63.3327
   10  165  101.9510    0.0000   m19/2    q29/2   0.0000   55.8187
    9  147   91.4200    0.0000   k17/2    v39/2   0.0000   95.3071
    8  181   81.9643    0.0000   n23/2    s33/2   0.0000   65.9235
    7  199   81.2829    0.0000   p27/2    s31/2   0.0000   66.0103
    6  191   87.2547    0.0000   o25/2    v37/2   0.0000   95.4369
    5  213   85.1001    0.0000   r31/2    q27/2   0.0000   55.9022
    4  216   96.1413    0.0000   s31/2    t35/2   0.0000   76.2562
    3  171   89.7420    0.0000   m21/2    t33/2   0.0000   76.3320
    2  207   88.4228    0.0000   q29/2    u37/2   0.0000   79.2592
    1  219   91.2551    0.0000   s33/2    u35/2   0.0000   79.3138
IndexWave =    1 IndxQP =  231 nIndx =    9

Tiempo consumido:
Segundos:   21.5023856999999989E+03
Ciclos de reloj:    215023857
