Oscillator Length (b_0)       :  2.29000
Convergence in Energy         :  1.00E-06
Slowing factor                :  0.60000
Pure HF Calculations (=1)     :   0
Isospin of the Basis WF       :   1
Number of shells (N_0)        :  20
Maximum Ang. Mom. (Lmax)      :  20
Maximum n (nmax)              :  20
Maximum n for Unity           :  28
Index of the Wave-function    :   1
Number of neutrons (N)        :  82
Number of protons  (Z)        :  50
Parameters of the Gogny force : D1S
Type of Basis                 :   2
Compatibility with the HO     :   1

--- Cut-off Energy  : Ecut =    431.309

--- Maximum n value : ncut =      20

--- Maximum n-value of a give l ---

       L    n  n(HO)
       0   20   11
       1   20   10
       2   20   10
       3   20    9
       4   20    9
       5   20    8
       6   20    8
       7   20    7
       8   20    7
       9   20    6
      10   20    6
      11   20    5
      12   20    5
      13   20    4
      14   20    4
      15   20    3
      16   20    3
      17   20    2
      18   20    2
      19   20    1
      20   20    1

--- Parameters of the Gogny force ---

Protons : W =   103.64 MeV
        : B =  -163.48 MeV
        : H =   162.81 MeV
        : M =  -223.93 MeV

Neutrons: W = -1720.30 MeV
        : B =  1300.00 MeV
        : H = -1813.53 MeV
        : M =  1397.60 MeV

WLS =   130.00 MeV.fm5
t_0 =  1390.60 MeV.fm4

nosc =    4 vv =    0.20000 vu =    0.89443
nosc =    3 vv =    0.40000 vu =    0.77460
nosc =    2 vv =    0.60000 vu =    0.63246
nosc =    1 vv =    0.80000 vu =    0.44721
nosc =    0 vv =    1.00000 vu =    0.00000
Number of particle :   40.00000
nosc =    5 vv =    0.16667 vu =    0.91287
nosc =    4 vv =    0.33333 vu =    0.81650
nosc =    3 vv =    0.50000 vu =    0.70711
nosc =    2 vv =    0.66667 vu =    0.57735
nosc =    1 vv =    0.83333 vu =    0.40825
nosc =    0 vv =    1.00000 vu =    0.00000
Number of particle :   56.00000

--- Starting the self-consistent Calculation ---

Number of oscillator shells N :     20
Maximum angular momentum L    :     20
Maximum n                     :     11
Numerical accuracy in Energy  :   1.00E-06
Oscillator length             :  2.290
Atomic number A               :    132
 Impossible to read file: 
 data/vBB20ph_WS.txt                                             
 Brink-Boker terms: Particle-Hole Channel - General Basis
Number of re-used integrals =   14562148
Completion rate:   4%
Number of re-used integrals =   25047479
Completion rate:   9%
Number of re-used integrals =   44251907
Completion rate:  14%
Number of re-used integrals =   49760741
Completion rate:  19%
Number of re-used integrals =   69205118
Completion rate:  23%
Number of re-used integrals =   66673419
Completion rate:  28%
Number of re-used integrals =   83770172
Completion rate:  33%
Number of re-used integrals =   73095666
Completion rate:  38%
Number of re-used integrals =   86671481
Completion rate:  42%
Number of re-used integrals =   69600821
Completion rate:  47%
Number of re-used integrals =   79441216
Completion rate:  52%
Number of re-used integrals =   58712626
Completion rate:  57%
Number of re-used integrals =   65183295
Completion rate:  61%
Number of re-used integrals =   43765725
Completion rate:  66%
Number of re-used integrals =   47604960
Completion rate:  71%
Number of re-used integrals =   28135224
Completion rate:  76%
Number of re-used integrals =   30120508
Completion rate:  80%
Number of re-used integrals =   14564339
Completion rate:  85%
Number of re-used integrals =   15410033
Completion rate:  90%
Number of re-used integrals =    4891248
Completion rate:  95%
Number of re-used integrals =    5135332
Completion rate: 100%
 No se pudo leer el archivo: 
 data/vBB20pp_WS.txt                                             
 Brink-Boker terms: Particle-Particle Channel - General Basis
  4% calculado
  9% calculado
 14% calculado
 19% calculado
 23% calculado
 28% calculado
 33% calculado
 38% calculado
 42% calculado
 47% calculado
 52% calculado
 57% calculado
 61% calculado
 66% calculado
 71% calculado
 76% calculado
 80% calculado
 85% calculado
 90% calculado
 95% calculado
100% calculado
 No se pudo leer el archivo: 
 data/vC20ph_WS.txt                                              
 Calculation of ph Coulomb matrix elements - General Basis
  4% calculado
  9% calculado
 14% calculado
 19% calculado
 23% calculado
 28% calculado
 33% calculado
 38% calculado
 42% calculado
 47% calculado
 52% calculado
 57% calculado
 61% calculado
 66% calculado
 71% calculado
 76% calculado
 80% calculado
 85% calculado
 90% calculado
 95% calculado
100% calculado
 No se pudo leer el archivo: 
 data/vC20pp_WS.txt                                              
 Calculation of pp Coulomb matrix elements - General Basis
  4% calculado
  9% calculado
 14% calculado
 19% calculado
 23% calculado
 28% calculado
 33% calculado
 38% calculado
 42% calculado
 47% calculado
 52% calculado
 57% calculado
 61% calculado
 66% calculado
 71% calculado
 76% calculado
 80% calculado
 85% calculado
 90% calculado
 95% calculado
100% calculado
 No se pudo leer el archivo: 
 data/vLS20ph_WS.txt                                             
 Calculation of the matrix elements of the spin-orbit term:
  4% calculated
  9% calculated
 14% calculated
 19% calculated
 23% calculated
 28% calculated
 33% calculated
 38% calculated
 42% calculated
 47% calculated
 52% calculated
 57% calculated
 61% calculated
 66% calculated
 71% calculated
 76% calculated
 80% calculated
 85% calculated
 90% calculated
 95% calculated
100% calculated
 No se pudo leer el archivo: 
 data/vLS20pp_WS.txt                                             
 Se van a calcular los elementos de matriz de apar de LS
  4% calculado
  9% calculado
 14% calculado
 19% calculado
 23% calculado
 28% calculado
 33% calculado
 38% calculado
 42% calculado
 47% calculado
 52% calculado
 57% calculado
 61% calculado
 66% calculado
 71% calculado
 76% calculado
 80% calculado
 85% calculado
 90% calculado
 95% calculado
100% calculado
          k =    0 Difference in Energy :     13.88336961
Iteration k =    1 HF Energy :   -589.35281507
Iteration k =    2 HF Energy :   -891.05309174
Iteration k =    3 HF Energy :  -1015.63464603
Iteration k =    4 HF Energy :  -1066.14127014
Iteration k =    5 HF Energy :  -1086.73219266
          k =    5 Difference in Energy :      0.30810523
Iteration k =    6 HF Energy :  -1095.32659306
Iteration k =    7 HF Energy :  -1099.06980825
Iteration k =    8 HF Energy :  -1100.80690755
Iteration k =    9 HF Energy :  -1101.68165814
Iteration k =   10 HF Energy :  -1102.16369708
          k =   10 Difference in Energy :      0.05490654
Iteration k =   11 HF Energy :  -1102.45280972
Iteration k =   12 HF Energy :  -1102.63857309
Iteration k =   13 HF Energy :  -1102.76406040
Iteration k =   14 HF Energy :  -1102.85175455
Iteration k =   15 HF Energy :  -1102.91441530
          k =   15 Difference in Energy :      0.01135256
Iteration k =   16 HF Energy :  -1102.95984352
Iteration k =   17 HF Energy :  -1102.99309748
Iteration k =   18 HF Energy :  -1103.01760072
Iteration k =   19 HF Energy :  -1103.03574035
Iteration k =   20 HF Energy :  -1103.04921500
          k =   20 Difference in Energy :      0.00247603
Iteration k =   21 HF Energy :  -1103.05925031
Iteration k =   22 HF Energy :  -1103.06673927
Iteration k =   23 HF Energy :  -1103.07233708
Iteration k =   24 HF Energy :  -1103.07652690
Iteration k =   25 HF Energy :  -1103.07966641
          k =   25 Difference in Energy :      0.00055546
Iteration k =   26 HF Energy :  -1103.08202117
Iteration k =   27 HF Energy :  -1103.08378883
Iteration k =   28 HF Energy :  -1103.08511676
Iteration k =   29 HF Energy :  -1103.08611503
Iteration k =   30 HF Energy :  -1103.08686592
          k =   30 Difference in Energy :      0.00014188
Iteration k =   31 HF Energy :  -1103.08743106
Iteration k =   32 HF Energy :  -1103.08785662
Iteration k =   33 HF Energy :  -1103.08817722
Iteration k =   34 HF Energy :  -1103.08841886
Iteration k =   35 HF Energy :  -1103.08860106
          k =   35 Difference in Energy :      0.00003614
Iteration k =   36 HF Energy :  -1103.08873850
Iteration k =   37 HF Energy :  -1103.08884221
Iteration k =   38 HF Energy :  -1103.08892050
Iteration k =   39 HF Energy :  -1103.08897961
Iteration k =   40 HF Energy :  -1103.08902426
          k =   40 Difference in Energy :      0.00000918
Iteration k =   41 HF Energy :  -1103.08905800
Iteration k =   42 HF Energy :  -1103.08908349
Iteration k =   43 HF Energy :  -1103.08910277
Iteration k =   44 HF Energy :  -1103.08911734
Iteration k =   45 HF Energy :  -1103.08912836
          k =   45 Difference in Energy :      0.00000233
Iteration k =   46 HF Energy :  -1103.08913670
Iteration k =   47 HF Energy :  -1103.08914301
Iteration k =   48 HF Energy :  -1103.08914779
Iteration k =   49 HF Energy :  -1103.08915140
Iteration k =   50 HF Energy :  -1103.08915414
          k =   50 Difference in Energy :      0.00000059
Iteration k =   51 HF Energy :  -1103.08915621
Iteration k =   52 HF Energy :  -1103.08915778
Iteration k =   53 HF Energy :  -1103.08915896
Iteration k =   54 HF Energy :  -1103.08915986
Iteration k =   55 HF Energy :  -1103.08916055
Energy =    -1.10309E+03 Precision =  0.00000E+00

Tiempo empleado (segundos):  21.34E+03
 
                           Longitud del oscilador:        2.2900000000
----------------------------------------------------------------------
                                 Energia cinetica:     2482.4268207167
             Energia cinetica del centro de masas:       12.1862489202
                    Energia local de Brink-Booker:    -7486.6042459100
                         Energia local de Coulomb:      362.0517322871
           Energia de intercambio de Brink-Booker:     -388.6916398774
                Energia de intercambio de Coulomb:      -19.6249590282
               Energia dependiente de la densidad:     4027.8859328629
                           Energia de spin-orbita:      -92.7190432539
----------------------------------------------------------------------
                    Enertia total de Brink-Booker:    -7875.2958857874
                         Enertia total de Coulomb:      342.4267732589
                     Energia total (Hartree-Fock):    -1103.0891532825
----------------------------------------------------------------------
                     Apareamiento de Brink-Booker:   -0.7299046564E-05
                          Apareamiento de Coulomb:    0.7961644075E-08
                      Apareamiento de spin-orbita:    0.2776440923E-07
----------------------------------------------------------------------
                               Apareamiento total:   -0.7263320510E-05
----------------------------------------------------------------------
                                            TOTAL:    -1103.0891605458
 
                               Neutrones       Protones          Total
              Particulas:       82.00000       50.00000      132.00000
    Potenciales quimicos:       -4.23050      -12.83401
                   Radio:        4.84652        4.65271        4.77403
 Multiplicadores y error:        0.00000        0.00000       22.79140
NEUTRON SINGLE-PARTICLE ENERGIES (CANONICAL BASIS)
   1)   s 1/2  1.00   -58.096
   2)   p 3/2  1.00   -49.868
   3)   p 1/2  1.00   -48.835
   4)   d 5/2  1.00   -39.922
   5)   d 3/2  1.00   -37.524
   6)   s 1/2  1.00   -35.986
   7)   f 7/2  1.00   -29.138
   8)   f 5/2  1.00   -24.659
   9)   p 3/2  1.00   -23.019
  10)   p 1/2  1.00   -21.343
  11)   g 9/2  1.00   -18.173
  12)   d 5/2  1.00   -11.632
  13)   g 7/2  1.00   -11.458
  14)   s 1/2  1.00    -9.049
  15)   d 3/2  1.00    -8.816
  16)   h11/2  1.00    -7.692
  17)   f 7/2  0.00    -1.540
  18)   p 3/2  0.00     0.868
  19)   h 9/2  0.00     1.628
  20)   f 5/2  0.00     1.939
  21)   p 1/2  0.00     1.973
  22)   i13/2  0.00     2.565
  23)   g 9/2  0.00     7.878
  24)   s 1/2  0.00     8.250
  25)   d 5/2  0.00     8.779
  26)   d 3/2  0.00     9.922
  27)   g 7/2  0.00    11.897
  28)   j15/2  0.00    12.315
  29)   p 3/2  0.00    13.261
  30)   i11/2  0.00    13.778
  31)   p 1/2  0.00    14.212
  32)   f 7/2  0.00    14.691
  33)   h11/2  0.00    16.683
  34)   f 5/2  0.00    16.860
  35)   s 1/2  0.00    18.035
  36)   d 5/2  0.00    18.571
  37)   d 3/2  0.00    19.959
PROTON SINGLE-PARTICLE ENERGIES (CANONICAL BASIS)
   1)   s 1/2  1.00   -56.706
   2)   p 3/2  1.00   -47.901
   3)   p 1/2  1.00   -46.918
   4)   d 5/2  1.00   -37.763
   5)   d 3/2  1.00   -35.314
   6)   s 1/2  1.00   -32.458
   7)   f 7/2  1.00   -27.056
   8)   f 5/2  1.00   -22.679
   9)   p 3/2  1.00   -20.396
  10)   p 1/2  1.00   -18.919
  11)   g 9/2  1.00   -16.282
  12)   d 5/2  0.00    -9.175
  13)   g 7/2  0.00    -8.348
  14)   s 1/2  0.00    -5.777
  15)   d 3/2  0.00    -5.120
  16)   h11/2  0.00    -4.892
  17)   f 7/2  0.00     3.691
  18)   p 3/2  0.00     4.414
  19)   h 9/2  0.00     5.840
  20)   f 5/2  0.00     7.060
  21)   p 1/2  0.00     7.810
  22)   i13/2  0.00     8.716
  23)   g 9/2  0.00    14.250
  24)   s 1/2  0.00    14.263
  25)   d 5/2  0.00    15.499
  26)   d 3/2  0.00    15.853
  27)   g 7/2  0.00    15.855
  28)   j15/2  0.00    16.122
  29)   p 3/2  0.00    16.541
  30)   i11/2  0.00    16.808
  31)   p 1/2  0.00    16.999
  32)   f 7/2  0.00    18.004
  33)   h11/2  0.00    19.564
      EQP NEUT        V2               V2  EQP PROT
  100   30   80.7019    0.0000   p 3/2    i13/2   0.0000   78.7717
   99  157   55.5534    0.0000   l19/2    f 7/2   0.0000   94.6565
   98   77   89.1358    0.0000   g 7/2    o25/2   0.0000  116.1476
   97   50   87.1661    0.0000   d 5/2    g 9/2   0.0000   80.1787
   96  154   22.1877    0.0000   l19/2    o23/2   0.0000   82.1205
   95  178   43.9277    0.0000   n23/2    g 7/2   0.0000  103.7335
   94   59   82.4184    0.0000   f 5/2    m21/2   0.0000   75.2346
   93   94   82.6428    0.0000   h 9/2    n23/2   0.0000  110.6694
   92  110   89.5211    0.0000   i11/2    m19/2   0.0000   52.7307
   91  173   44.6611    0.0000   n21/2    d 3/2   0.0000  129.9776
   90  169   60.4922    0.0000   m21/2    o23/2   0.0000  103.1338
   89  145   62.6522    0.0000   k17/2    k17/2   0.0000   77.5812
   88  148   22.2540    0.0000   l17/2    p 1/2   0.0000  123.6725
   87  139   90.4449    0.0000   k15/2    j13/2   0.0000  122.3606
   86  184   66.8851    0.0000   o23/2    m21/2   0.0000  119.9270
   85  185   89.9291    0.0000   o23/2    g 7/2   0.0000  130.0475
   84  102   78.2716    0.0000   h11/2    n21/2   0.0000   60.0998
   83  189   63.3599    0.0000   o25/2    s 1/2   0.0000  131.4515
   82  191  101.6622    0.0000   o25/2    p25/2   0.0000   95.6724
   81  176  113.7256    0.0000   n21/2    k15/2   0.0000  129.2191
   80   11  114.2281    0.0000   s 1/2    n21/2   0.0000  127.0457
   79   60  108.7887    0.0000   f 5/2    p27/2   0.0000   92.3792
   78   95  108.1785    0.0000   h 9/2    s 1/2   0.0000  103.2135
   77   68   80.1124    0.0000   f 7/2    j13/2   0.0000   96.8427
   76  188   47.6786    0.0000   o25/2    d 3/2   0.0000  103.2182
   75  181   96.1856    0.0000   n23/2    d 5/2   0.0000  129.3681
   74   86   85.9966    0.0000   g 9/2    h 9/2   0.0000  123.2373
   73  171  105.4994    0.0000   m21/2    g 9/2   0.0000  127.7468
   72  183   48.0514    0.0000   o23/2    p 3/2   0.0000  123.4285
   71   21  108.8410    0.0000   p 1/2    k17/2   0.0000  122.9384
   70  166   24.4968    0.0000   m21/2    i13/2   0.0000  125.9547
   69   31  106.6639    0.0000   p 3/2    p27/2   0.0000  107.9532
   68  160   24.5367    0.0000   m19/2    p25/2   0.0000  124.3056
   67  147  107.7966    0.0000   k17/2    f 5/2   0.0000  122.6082
   66  132   76.8172    0.0000   j15/2    l19/2   0.0000  114.2008
   65  126  108.3870    0.0000   j13/2    i11/2   0.0000  130.2047
   64  140  115.8340    0.0000   k15/2    o23/2   0.0000  134.0887
   63  119  110.4267    0.0000   i13/2    l19/2   0.0000   36.9578
   62  186  121.4507    0.0000   o23/2    h11/2   0.0000  119.8771
   61  199   93.8585    0.0000   p27/2    o25/2   0.0000   63.1449
   60   41  116.2296    0.0000   d 3/2    q29/2   0.0000   99.0974
   59  207  101.5230    0.0000   q29/2    q27/2   0.0000  100.7998
   58  194   80.7288    0.0000   p25/2    j15/2   0.0000  117.1410
   57  159   99.6012    0.0000   l19/2    f 7/2   0.0000  121.2711
   56   69  106.8573    0.0000   f 7/2    q27/2   0.0000  130.1860
   55  193   57.5213    0.0000   p25/2    k15/2   0.0000   33.1879
   54  197   56.8351    0.0000   p27/2    m19/2   0.0000  132.3528
   53  133  101.6130    0.0000   j15/2    r29/2   0.0000  120.2247
   52  195  112.4283    0.0000   p25/2    o25/2   0.0000   94.5392
   51  177   29.2562    0.0000   n23/2    p27/2   0.0000   72.4799
   50   51  113.8229    0.0000   d 5/2    q29/2   0.0000  115.6006
   49  172   29.3049    0.0000   n21/2    g 9/2   0.0000  100.8100
   48  103  104.8131    0.0000   h11/2    n23/2   0.0000   88.1141
   47   87  113.4751    0.0000   g 9/2    p25/2   0.0000   73.1594
   46   78  115.6073    0.0000   g 7/2    k15/2   0.0000  104.3408
   45  158   75.4192    0.0000   l19/2    o23/2   0.0000   63.4592
   44  111  115.3720    0.0000   i11/2    d 5/2   0.0000  101.8845
   43  146   82.7862    0.0000   k17/2    r31/2   0.0000  113.2341
   42  153  109.7998    0.0000   l17/2    s31/2   0.0000  125.8178
   41  118   84.0789    0.0000   i13/2    m21/2   0.0000   95.7562
   40  205   60.6841    0.0000   q29/2    l17/2   0.0000   37.0193
   39  201   61.1664    0.0000   q27/2    s33/2   0.0000  120.8138
   38  198   77.2017    0.0000   p27/2    l17/2   0.0000  123.3536
   37  165  118.5550    0.0000   m19/2    q27/2   0.0000   76.7070
   36  180   73.4926    0.0000   n23/2    q29/2   0.0000   76.2469
   35  187   31.8128    0.0000   o25/2    h11/2   0.0000   93.3714
   34  182   31.8651    0.0000   o23/2    r31/2   0.0000   89.6130
   33  196   37.9258    0.0000   p27/2    t33/2   0.0000  113.4710
   32  202   85.3672    0.0000   q27/2    t35/2   0.0000  112.1476
   31  190   80.1556    0.0000   o25/2    m21/2   0.0000   39.0956
   30  192   38.0249    0.0000   p25/2    r29/2   0.0000   89.9126
   29  170   80.9171    0.0000   m21/2    j15/2   0.0000   91.6045
   28  203  118.1393    0.0000   q27/2    n23/2   0.0000   44.0065
   27  212   73.6831    0.0000   r31/2    m19/2   0.0000   39.1323
   26  209   74.0709    0.0000   r29/2    n21/2   0.0000   44.0536
   25  204   40.7748    0.0000   q29/2    u35/2   0.0000  118.0536
   24  206   83.3654    0.0000   q29/2    u37/2   0.0000  117.2027
   23  213   98.1975    0.0000   r31/2    s33/2   0.0000   93.5954
   22  211   48.8487    0.0000   r31/2    l19/2   0.0000   90.1331
   21  200   40.8697    0.0000   q27/2    s31/2   0.0000   93.8166
   20  218   77.7729    0.0000   s33/2    o25/2   0.0000   46.4038
   19  208   48.9955    0.0000   r29/2    p27/2   0.0000   52.7086
   18  215   78.0543    0.0000   s31/2    o23/2   0.0000   46.4576
   17  219  105.3783    0.0000   s33/2    i13/2   0.0000   99.1357
   16  210  106.4659    0.0000   r29/2    p25/2   0.0000   52.8095
   15  217   52.0256    0.0000   s33/2     41/2   0.0000   60.6964
   14  222   63.3192    0.0000   t35/2    k17/2   0.0000   97.4546
   13  220   63.4156    0.0000   t33/2     39/2   0.0000   60.7702
   12  214   52.1405    0.0000   s31/2    q29/2   0.0000   55.4099
   11  231   45.2586    0.0000    41/2    r29/2   0.0000   63.8817
   10  230   45.3682    0.0000    39/2    r31/2   0.0000   63.7410
    9  226   66.8354    0.0000   u37/2    q27/2   0.0000   55.5063
    8  224   66.9047    0.0000   u35/2    s31/2   0.0000   66.8871
    7  221   97.8265    0.0000   t33/2    s33/2   0.0000   66.7808
    6  228   84.6452    0.0000   v37/2    v39/2   0.0000  100.0375
    5  229   84.4741    0.0000   v39/2    v37/2   0.0000  100.1589
    4  223   96.1295    0.0000   t35/2    t35/2   0.0000   78.4497
    3  225  102.2822    0.0000   u35/2    t33/2   0.0000   78.5324
    2  227  101.1600    0.0000   u37/2    u37/2   0.0000   81.8303
    1  216  111.4290    0.0000   s31/2    u35/2   0.0000   81.8874
IndexWave =    1 IndxQP =  231 nIndx =    8

Tiempo consumido:
Segundos:   21.3468398999999990E+03
Ciclos de reloj:    213468399
