Oscillator Length (b_0)       : -1.00000
Convergence in Energy         :  1.00E-06
Slowing factor                :  0.60000
Pure HF Calculations (=1)     :   0
Isospin of the Basis WF       :   1
Number of shells (N_0)        :   4
Maximum Ang. Mom. (Lmax)      :   8
Maximum n (nmax)              :  20
Maximum n for Unity           :  28
Index of the Wave-function    :   1
Number of neutrons (N)        : 100
Number of protons  (Z)        :  50
Parameters of the Gogny force : D1S
Type of Basis                 :   2
Compatibility with the HO     :   0

--- Cut-off Energy  : Ecut =    279.057

--- Maximum n value : ncut =      20

--- Maximum n-value of a give l ---

       L    n  n(HO)
       0   23    5
       1   23    4
       2   22    4
       3   22    3
       4   21    3
       5   21    2
       6   20    2
       7   20    1
       8   20    1

--- Parameters of the Gogny force ---

Protons : W =   103.64 MeV
        : B =  -163.48 MeV
        : H =   162.81 MeV
        : M =  -223.93 MeV

Neutrons: W = -1720.30 MeV
        : B =  1300.00 MeV
        : H = -1813.53 MeV
        : M =  1397.60 MeV

WLS =   130.00 MeV.fm5
t_0 =  1390.60 MeV.fm4

nosc =    4 vv =    0.20000 vu =    0.89443
nosc =    3 vv =    0.40000 vu =    0.77460
nosc =    2 vv =    0.60000 vu =    0.63246
nosc =    1 vv =    0.80000 vu =    0.44721
nosc =    0 vv =    1.00000 vu =    0.00000
Number of particle :   40.00000
nosc =    5 vv =    0.16667 vu =    0.91287
nosc =    4 vv =    0.33333 vu =    0.81650
nosc =    3 vv =    0.50000 vu =    0.70711
nosc =    2 vv =    0.66667 vu =    0.57735
nosc =    1 vv =    0.83333 vu =    0.40825
nosc =    0 vv =    1.00000 vu =    0.00000
Number of particle :   56.00000

--- Starting the self-consistent Calculation ---

Number of oscillator shells N :      8
Maximum angular momentum L    :      8
Maximum n                     :     20
Numerical accuracy in Energy  :   1.00E-06
Oscillator length             : -1.000
Atomic number A               :    150
          k =    0 Difference in Energy :     13.85056438
Iteration k =    1 HF Energy :   -501.31643577
Iteration k =    2 HF Energy :   -824.79333591
Iteration k =    3 HF Energy :   -986.36318833
Iteration k =    4 HF Energy :  -1062.53049792
Iteration k =    5 HF Energy :  -1097.59087746
          k =    5 Difference in Energy :      0.45896711
Iteration k =    6 HF Energy :  -1113.67833989
Iteration k =    7 HF Energy :  -1121.14765021
Iteration k =    8 HF Energy :  -1124.69883622
Iteration k =    9 HF Energy :  -1126.44468053
Iteration k =   10 HF Energy :  -1127.33887287
          k =   10 Difference in Energy :      0.18247591
Iteration k =   11 HF Energy :  -1127.81826842
Iteration k =   12 HF Energy :  -1128.08769650
Iteration k =   13 HF Energy :  -1128.24617934
Iteration k =   14 HF Energy :  -1128.34335890
Iteration k =   15 HF Energy :  -1128.40514457
          k =   15 Difference in Energy :      0.05212127
Iteration k =   16 HF Energy :  -1128.44564056
Iteration k =   17 HF Energy :  -1128.47285279
Iteration k =   18 HF Energy :  -1128.49150998
Iteration k =   19 HF Energy :  -1128.50450863
Iteration k =   20 HF Energy :  -1128.51368113
          k =   20 Difference in Energy :      0.01427807
Iteration k =   21 HF Energy :  -1128.52021947
Iteration k =   22 HF Energy :  -1128.52491768
Iteration k =   23 HF Energy :  -1128.52831525
Iteration k =   24 HF Energy :  -1128.53078475
Iteration k =   25 HF Energy :  -1128.53258701
          k =   25 Difference in Energy :      0.00396267
Iteration k =   26 HF Energy :  -1128.53390660
Iteration k =   27 HF Energy :  -1128.53487533
Iteration k =   28 HF Energy :  -1128.53558800
Iteration k =   29 HF Energy :  -1128.53611318
Iteration k =   30 HF Energy :  -1128.53650075
          k =   30 Difference in Energy :      0.00110230
Iteration k =   31 HF Energy :  -1128.53678709
Iteration k =   32 HF Energy :  -1128.53699884
Iteration k =   33 HF Energy :  -1128.53715554
Iteration k =   34 HF Energy :  -1128.53727158
Iteration k =   35 HF Energy :  -1128.53735755
          k =   35 Difference in Energy :      0.00031359
Iteration k =   36 HF Energy :  -1128.53742128
Iteration k =   37 HF Energy :  -1128.53746853
Iteration k =   38 HF Energy :  -1128.53750357
Iteration k =   39 HF Energy :  -1128.53752957
Iteration k =   40 HF Energy :  -1128.53754885
          k =   40 Difference in Energy :      0.00008855
Iteration k =   41 HF Energy :  -1128.53756317
Iteration k =   42 HF Energy :  -1128.53757379
Iteration k =   43 HF Energy :  -1128.53758168
Iteration k =   44 HF Energy :  -1128.53758753
Iteration k =   45 HF Energy :  -1128.53759188
          k =   45 Difference in Energy :      0.00002567
Iteration k =   46 HF Energy :  -1128.53759511
Iteration k =   47 HF Energy :  -1128.53759750
Iteration k =   48 HF Energy :  -1128.53759928
Iteration k =   49 HF Energy :  -1128.53760060
Iteration k =   50 HF Energy :  -1128.53760159
          k =   50 Difference in Energy :      0.00000728
Iteration k =   51 HF Energy :  -1128.53760231
Iteration k =   52 HF Energy :  -1128.53760286
Iteration k =   53 HF Energy :  -1128.53760326
Iteration k =   54 HF Energy :  -1128.53760356
Iteration k =   55 HF Energy :  -1128.53760378
          k =   55 Difference in Energy :      0.00000214
Iteration k =   56 HF Energy :  -1128.53760394
Iteration k =   57 HF Energy :  -1128.53760406
Iteration k =   58 HF Energy :  -1128.53760415
Iteration k =   59 HF Energy :  -1128.53760422
Iteration k =   60 HF Energy :  -1128.53760427
          k =   60 Difference in Energy :      0.00000061
Iteration k =   61 HF Energy :  -1128.53760431
Iteration k =   62 HF Energy :  -1128.53760434
Iteration k =   63 HF Energy :  -1128.53760436
Iteration k =   64 HF Energy :  -1128.53760437
Iteration k =   65 HF Energy :  -1128.53760438
Energy =    -1.12854E+03 Precision =  0.00000E+00

Tiempo empleado (segundos):   1.73E+03
 
                           Longitud del oscilador:       -1.0000000000
----------------------------------------------------------------------
                                 Energia cinetica:     2791.2061088423
             Energia cinetica del centro de masas:       12.6024472507
                    Energia local de Brink-Booker:    -7926.7491580233
                         Energia local de Coulomb:      351.4407888645
           Energia de intercambio de Brink-Booker:     -430.2406458000
                Energia de intercambio de Coulomb:      -19.0363716587
               Energia dependiente de la densidad:     4195.6636383474
                           Energia de spin-orbita:      -78.4705338374
----------------------------------------------------------------------
                    Enertia total de Brink-Booker:    -8356.9898038233
                         Enertia total de Coulomb:      332.4044172058
                     Energia total (Hartree-Fock):    -1103.5837260144
----------------------------------------------------------------------
                     Apareamiento de Brink-Booker:   -0.2498496952E+02
                          Apareamiento de Coulomb:    0.7162853901E-08
                      Apareamiento de spin-orbita:    0.3109113906E-01
----------------------------------------------------------------------
                               Apareamiento total:   -0.2495387837E+02
----------------------------------------------------------------------
                                            TOTAL:    -1128.5376043839
 
                               Neutrones       Protones          Total
              Particulas:      100.00000       50.00000      150.00000
    Potenciales quimicos:       -0.69633      -17.75908
                   Radio:        5.22643        4.79331        5.08616
 Multiplicadores y error:        0.00000        0.00000       25.86900
NEUTRON SINGLE-PARTICLE ENERGIES (CANONICAL BASIS)
   1)   s 1/2  1.00   -57.388
   2)   p 3/2  1.00   -48.280
   3)   p 1/2  1.00   -47.259
   4)   d 5/2  1.00   -38.940
   5)   d 3/2  1.00   -36.496
   6)   s 1/2  1.00   -35.582
   7)   f 7/2  1.00   -29.127
   8)   f 5/2  1.00   -24.759
   9)   p 3/2  1.00   -24.574
  10)   p 1/2  1.00   -23.094
  11)   g 9/2  1.00   -18.717
  12)   d 5/2  0.99   -13.147
  13)   g 7/2  0.99   -12.317
  14)   s 1/2  0.99   -10.893
  15)   d 3/2  0.99   -10.690
  16)   h11/2  0.99    -8.643
  17)   f 7/2  0.91    -3.068
  18)   p 3/2  0.66    -1.159
  19)   p 1/2  0.36    -0.312
  20)   h 9/2  0.38    -0.230
  21)   f 5/2  0.29     0.063
  22)   i13/2  0.12     1.156
  23)   s 1/2  0.01     3.177
  24)   d 5/2  0.01     4.608
  25)   d 3/2  0.01     5.245
  26)   g 9/2  0.01     5.255
  27)   p 3/2  0.00     5.345
  28)   p 1/2  0.00     5.686
  29)   g 7/2  0.00     8.362
  30)   f 7/2  0.00     8.499
  31)   f 5/2  0.00     8.776
  32)   s 1/2  0.00     9.875
  33)   j15/2  0.00    10.420
  34)   i11/2  0.01    10.851
  35)   d 5/2  0.00    11.308
  36)   d 3/2  0.00    12.357
  37)   h11/2  0.00    12.518
  38)   g 9/2  0.00    13.101
  39)   p 3/2  0.00    14.814
  40)   g 7/2  0.00    14.842
  41)   h 9/2  0.00    14.974
  42)   p 1/2  0.00    15.319
  43)   f 7/2  0.00    17.124
  44)   s 1/2  0.00    17.957
  45)   i13/2  0.00    18.086
  46)   f 5/2  0.00    18.356
  47)   h11/2  0.00    18.855
  48)   k17/2  0.00    19.428
PROTON SINGLE-PARTICLE ENERGIES (CANONICAL BASIS)
   1)   s 1/2  1.00   -59.985
   2)   p 3/2  1.00   -51.210
   3)   p 1/2  1.00   -50.107
   4)   d 5/2  1.00   -41.405
   5)   d 3/2  1.00   -38.943
   6)   s 1/2  1.00   -37.019
   7)   f 7/2  1.00   -31.144
   8)   f 5/2  1.00   -27.015
   9)   p 3/2  1.00   -25.732
  10)   p 1/2  1.00   -24.209
  11)   g 9/2  1.00   -20.803
  12)   d 5/2  0.00   -14.398
  13)   g 7/2  0.00   -14.075
  14)   s 1/2  0.00   -11.433
  15)   d 3/2  0.00   -10.613
  16)   h11/2  0.00   -10.108
  17)   f 7/2  0.00    -2.511
  18)   p 3/2  0.00    -1.846
  19)   p 1/2  0.00     0.213
  20)   h 9/2  0.00     0.932
  21)   f 5/2  0.00     1.361
  22)   i13/2  0.00     2.421
  23)   s 1/2  0.00     8.575
  24)   d 5/2  0.00    10.332
  25)   d 3/2  0.00    10.396
  26)   g 9/2  0.00    11.624
  27)   p 3/2  0.00    11.865
  28)   p 1/2  0.00    12.131
  29)   g 7/2  0.00    12.717
  30)   f 7/2  0.00    12.935
  31)   f 5/2  0.00    13.529
  32)   s 1/2  0.00    13.594
  33)   j15/2  0.00    14.169
  34)   i11/2  0.00    14.496
  35)   d 5/2  0.00    14.601
  36)   d 3/2  0.00    14.739
  37)   h11/2  0.00    14.829
  38)   g 9/2  0.00    15.696
  39)   p 3/2  0.00    16.437
  40)   g 7/2  0.00    16.490
  41)   h 9/2  0.00    16.709
  42)   p 1/2  0.00    17.587
  43)   f 7/2  0.00    18.585
  44)   s 1/2  0.00    19.132
  45)   i13/2  0.00    19.313
  46)   f 5/2  0.00    19.413
  47)   h11/2  0.00    19.637
  48)   k17/2  0.00    19.854
  49)   i11/2  0.00    19.855
  50)   d 5/2  0.00    19.936
      EQP NEUT        V2               V2  EQP PROT
  100  238  210.3775    0.0000   i11/2    p 3/2   0.0000  165.1098
   99  114  111.6498    0.0000   f 5/2    s 1/2   0.0000  140.5624
   98   98  170.4449    0.0000   d 5/2    d 5/2   0.0000  156.3045
   97   97  152.1585    0.0000   d 5/2    h 9/2   0.0000  165.0942
   96  137  160.9976    0.0000   f 7/2    d 3/2   0.0000  192.2792
   95  138  179.7705    0.0000   f 7/2    f 5/2   0.0000  165.2640
   94  116  144.5438    0.0000   f 5/2    k17/2   0.0000  248.1323
   93   78  171.6089    0.0000   d 3/2    d 5/2   0.0000  109.8759
   92  278  220.3500    0.0000   j13/2    f 5/2   0.0000  148.4336
   91   74  103.9950    0.0000   d 3/2    f 5/2   0.0000  182.9394
   90   96  134.8558    0.0000   d 5/2    d 3/2   0.0000  156.8434
   89   59  180.5209    0.0000   p 3/2    i13/2   0.0000  122.5865
   88   38  162.1352    0.0000   p 1/2    i11/2   0.0000  191.8341
   87  154  119.3587    0.0000   g 7/2    g 7/2   0.0000  173.8929
   86  177  169.9549    0.0000   g 9/2    j13/2   0.0000  200.9296
   85  318  230.6906    0.0000   k15/2    h 9/2   0.0000  182.7880
   84  312  118.8824    0.0000   k15/2    d 5/2   0.0000  139.8343
   83   57  143.5201    0.0000   p 3/2    j13/2   0.0000  147.9690
   82   99  190.0887    0.0000   d 5/2    p 1/2   0.0000  148.6691
   81  178  189.2403    0.0000   g 9/2    g 7/2   0.0000  192.0305
   80  194  127.2169    0.0000   h 9/2    f 5/2   0.0000  201.5943
   79  119  201.3194    0.0000   f 5/2    k15/2   0.0000  210.2065
   78   79  191.2676    0.0000   d 3/2    f 7/2   0.0000  102.5457
   77  193  111.2680    0.0000   h 9/2    s 1/2   0.0000  110.4854
   76   39  181.3104    0.0000   p 1/2    g 7/2   0.0000  156.6403
   75  159  211.4615    0.0000   g 7/2    j13/2   0.0000  132.1794
   74   95  118.4172    0.0000   d 5/2    s 1/2   0.0000  192.7462
   73  136  143.2555    0.0000   f 7/2    p 3/2   0.0000  148.3901
   72  139  199.8673    0.0000   f 7/2    g 9/2   0.0000  109.0219
   71  176  151.7449    0.0000   g 9/2    d 5/2   0.0000  124.3995
   70  199  221.7234    0.0000   h 9/2    h 9/2   0.0000  201.3705
   69   20  191.0089    0.0000   s 1/2    p 3/2   0.0000  201.9864
   68  115  127.5779    0.0000   f 5/2    i11/2   0.0000  140.2494
   67  217  178.9812    0.0000   h11/2    p 3/2   0.0000  117.4034
   66  216  160.2754    0.0000   h11/2    p 1/2   0.0000  132.7009
   65   37  144.3036    0.0000   p 1/2    k15/2   0.0000  124.2897
   64  335  166.7554    0.0000   k17/2    g 7/2   0.0000  211.1256
   63  239  232.1421    0.0000   i11/2    p 1/2   0.0000  202.2785
   62   40  201.7135    0.0000   p 1/2    d 5/2   0.0000  211.3579
   61   60  200.7160    0.0000   p 3/2    i11/2   0.0000  210.8771
   60  256  168.8408    0.0000   i13/2    h 9/2   0.0000  117.6762
   59  295  158.4246    0.0000   j15/2    g 9/2   0.0000  123.5093
   58   80  212.2213    0.0000   d 3/2    f 7/2   0.0000  220.8814
   57  218  198.7959    0.0000   h11/2    f 7/2   0.0000  131.5597
   56   36  127.4099    0.0000   p 1/2    g 7/2   0.0000  140.3329
   55  120  222.8073    0.0000   f 5/2    g 9/2   0.0000  230.5333
   54  257  188.0567    0.0000   i13/2    j13/2   0.0000  220.4470
   53  255  150.3619    0.0000   i13/2    d 3/2   0.0000  211.8934
   52  179  209.8090    0.0000   g 9/2    h 9/2   0.0000  220.9135
   51  272  111.0836    0.0000   j13/2    h11/2   0.0000  240.3827
   50  296  177.3897    0.0000   j15/2    h11/2   0.0000  115.7490
   49  100  210.7352    0.0000   d 5/2    j15/2   0.0000  114.7195
   48   56  126.6468    0.0000   p 3/2    s 1/2   0.0000  212.1942
   47  153  103.8491    0.0000   g 7/2    f 5/2   0.0000  132.5571
   46  334  148.5348    0.0000   k17/2    p 3/2   0.0000  132.3939
   45  279  242.6446    0.0000   j13/2    k15/2   0.0000  230.2320
   44  160  233.4602    0.0000   g 7/2    i13/2   0.0000  250.4032
   43  215  142.3180    0.0000   h11/2    k15/2   0.0000   96.7997
   42  336  186.1821    0.0000   k17/2    p 3/2   0.0000  221.8907
   41  140  220.9847    0.0000   f 7/2    i11/2   0.0000  230.8817
   40  172   87.9563    0.0000   g 9/2    f 5/2   0.0000  221.7393
   39  297  197.0971    0.0000   j15/2    j15/2   0.0000  260.5341
   38  175  134.3186    0.0000   g 9/2    p 1/2   0.0000  222.1994
   37  200  244.2046    0.0000   h 9/2    f 5/2   0.0000  117.6145
   36  319  253.4863    0.0000   k15/2    k17/2   0.0000   81.5331
   35  294  140.6371    0.0000   j15/2    h 9/2   0.0000  103.6770
   34  330   85.6113    0.0000   k17/2    d 5/2   0.0000  231.7000
   33  258  208.4022    0.0000   i13/2    k17/2   0.0000  107.0426
   32  219  219.8679    0.0000   h11/2    j13/2   0.0000  240.9112
   31  333  131.2914    0.0000   k17/2    h11/2   0.0000   88.8504
   30  337  206.3807    0.0000   k17/2    g 7/2   0.0000  231.7843
   29  240  255.0893    0.0000   i11/2    k17/2   0.0000  270.9548
   28  180  231.4137    0.0000   g 9/2    f 7/2   0.0000  241.6596
   27  254  133.0198    0.0000   i13/2    d 3/2   0.0000  232.2655
   26  135  126.3395    0.0000   f 7/2    i11/2   0.0000  124.8928
   25   94  102.9830    0.0000   d 5/2    k15/2   0.0000  251.1771
   24  298  217.9490    0.0000   j15/2    g 9/2   0.0000  251.7498
   23  280  266.0743    0.0000   j13/2    h 9/2   0.0000  242.0693
   22  173  102.5019    0.0000   g 9/2    f 7/2   0.0000  116.6141
   21  214  125.4568    0.0000   h11/2    f 5/2   0.0000  242.5739
   20  174  117.9496    0.0000   g 9/2    h11/2   0.0000  262.0344
   19  259  230.0115    0.0000   i13/2    i11/2   0.0000  252.5309
   18  291   93.1127    0.0000   j15/2    i13/2   0.0000  108.2345
   17  320  277.4042    0.0000   k15/2    i13/2   0.0000  272.4925
   16  220  241.9619    0.0000   h11/2    i13/2   0.0000   94.7969
   15  338  227.7163    0.0000   k17/2    g 7/2   0.0000  253.0956
   14  332  115.0347    0.0000   k17/2    j15/2   0.0000  283.0536
   13  293  123.7995    0.0000   j15/2    i13/2   0.0000   28.0400
   12  299  240.1248    0.0000   j15/2    j13/2   0.0000  263.0753
   11  134  110.4536    0.0000   f 7/2    j15/2   0.0000  100.8617
   10  260  252.5875    0.0000   i13/2    k17/2   0.0000  293.9330
    9  292  107.9355    0.0000   j15/2    h 9/2   0.0000  263.8618
    8  339  250.4664    0.0000   k17/2    k15/2   0.0000  273.8635
    7  252  101.1349    0.0000   i13/2    h11/2   0.0000  101.8258
    6  300  263.1758    0.0000   j15/2    j15/2   0.0000   87.9777
    5  253  116.6048    0.0000   i13/2    i11/2   0.0000  274.8128
    4  212   94.4853    0.0000   h11/2    k15/2   0.0000  110.0231
    3  331   99.8272    0.0000   k17/2    k17/2   0.0000   93.7481
    2  340  273.9752    0.0000   k17/2    j13/2   0.0000  285.8586
    1  213  109.5115    0.0000   h11/2    k15/2   0.0000  297.1672
IndexWave =    1 IndxQP =  340 nIndx =   11

Tiempo consumido:
Segundos:    1.7918809000000001E+03
Ciclos de reloj:     17918809
