Oscillator Length (b_0)       :  2.80000
Convergence in Energy         :  1.00E-06
Slowing factor                :  0.60000
Pure HF Calculations (=1)     :   0
Isospin of the Basis WF       :   1
Number of shells (N_0)        :  20
Maximum Ang. Mom. (Lmax)      :  20
Maximum n (nmax)              :  20
Maximum n for Unity           :  28
Index of the Wave-function    :   1
Number of neutrons (N)        : 122
Number of protons  (Z)        :  50
Parameters of the Gogny force : D1S
Type of Basis                 :   2
Compatibility with the HO     :   1

--- Cut-off Energy  : Ecut =    285.177

--- Maximum n value : ncut =      20

--- Maximum n-value of a give l ---

       L    n  n(HO)
       0   20   11
       1   20   10
       2   20   10
       3   20    9
       4   20    9
       5   20    8
       6   20    8
       7   20    7
       8   20    7
       9   20    6
      10   20    6
      11   20    5
      12   20    5
      13   20    4
      14   20    4
      15   20    3
      16   20    3
      17   20    2
      18   20    2
      19   20    1
      20   20    1

--- Parameters of the Gogny force ---

Protons : W =   103.64 MeV
        : B =  -163.48 MeV
        : H =   162.81 MeV
        : M =  -223.93 MeV

Neutrons: W = -1720.30 MeV
        : B =  1300.00 MeV
        : H = -1813.53 MeV
        : M =  1397.60 MeV

WLS =   130.00 MeV.fm5
t_0 =  1390.60 MeV.fm4

nosc =    4 vv =    0.20000 vu =    0.89443
nosc =    3 vv =    0.40000 vu =    0.77460
nosc =    2 vv =    0.60000 vu =    0.63246
nosc =    1 vv =    0.80000 vu =    0.44721
nosc =    0 vv =    1.00000 vu =    0.00000
Number of particle :   40.00000
nosc =    5 vv =    0.16667 vu =    0.91287
nosc =    4 vv =    0.33333 vu =    0.81650
nosc =    3 vv =    0.50000 vu =    0.70711
nosc =    2 vv =    0.66667 vu =    0.57735
nosc =    1 vv =    0.83333 vu =    0.40825
nosc =    0 vv =    1.00000 vu =    0.00000
Number of particle :   56.00000

--- Starting the self-consistent Calculation ---

Number of oscillator shells N :     20
Maximum angular momentum L    :     20
Maximum n                     :     11
Numerical accuracy in Energy  :   1.00E-06
Oscillator length             :  2.800
Atomic number A               :    172
 Impossible to read file: 
 data/vBB20ph_WS.txt                                             
 Brink-Boker terms: Particle-Hole Channel - General Basis
Number of re-used integrals =   15866077
Completion rate:   4%
Number of re-used integrals =   26958397
Completion rate:   9%
Number of re-used integrals =   47299105
Completion rate:  14%
Number of re-used integrals =   52907707
Completion rate:  19%
Number of re-used integrals =   73183795
Completion rate:  23%
Number of re-used integrals =   70281679
Completion rate:  28%
Number of re-used integrals =   87889029
Completion rate:  33%
Number of re-used integrals =   76545920
Completion rate:  38%
Number of re-used integrals =   90396667
Completion rate:  42%
Number of re-used integrals =   72524811
Completion rate:  47%
Number of re-used integrals =   82500420
Completion rate:  52%
Number of re-used integrals =   60971830
Completion rate:  57%
Number of re-used integrals =   67488890
Completion rate:  61%
Number of re-used integrals =   45349204
Completion rate:  66%
Number of re-used integrals =   49209815
Completion rate:  71%
Number of re-used integrals =   29127085
Completion rate:  76%
Number of re-used integrals =   31119485
Completion rate:  80%
Number of re-used integrals =   15076571
Completion rate:  85%
Number of re-used integrals =   15904091
Completion rate:  90%
Number of re-used integrals =    5034565
Completion rate:  95%
Number of re-used integrals =    5227729
Completion rate: 100%
 No se pudo leer el archivo: 
 data/vBB20pp_WS.txt                                             
 Brink-Boker terms: Particle-Particle Channel - General Basis
  4% calculado
  9% calculado
 14% calculado
 19% calculado
 23% calculado
 28% calculado
 33% calculado
 38% calculado
 42% calculado
 47% calculado
 52% calculado
 57% calculado
 61% calculado
 66% calculado
 71% calculado
 76% calculado
 80% calculado
 85% calculado
 90% calculado
 95% calculado
100% calculado
 No se pudo leer el archivo: 
 data/vC20ph_WS.txt                                              
 Calculation of ph Coulomb matrix elements - General Basis
  4% calculado
  9% calculado
 14% calculado
 19% calculado
 23% calculado
 28% calculado
 33% calculado
 38% calculado
 42% calculado
 47% calculado
 52% calculado
 57% calculado
 61% calculado
 66% calculado
 71% calculado
 76% calculado
 80% calculado
 85% calculado
 90% calculado
 95% calculado
100% calculado
 No se pudo leer el archivo: 
 data/vC20pp_WS.txt                                              
 Calculation of pp Coulomb matrix elements - General Basis
  4% calculado
  9% calculado
 14% calculado
 19% calculado
 23% calculado
 28% calculado
 33% calculado
 38% calculado
 42% calculado
 47% calculado
 52% calculado
 57% calculado
 61% calculado
 66% calculado
 71% calculado
 76% calculado
 80% calculado
 85% calculado
 90% calculado
 95% calculado
100% calculado
 No se pudo leer el archivo: 
 data/vLS20ph_WS.txt                                             
 Calculation of the matrix elements of the spin-orbit term:
  4% calculated
  9% calculated
 14% calculated
 19% calculated
 23% calculated
 28% calculated
 33% calculated
 38% calculated
 42% calculated
 47% calculated
 52% calculated
 57% calculated
 61% calculated
 66% calculated
 71% calculated
 76% calculated
 80% calculated
 85% calculated
 90% calculated
 95% calculated
100% calculated
 No se pudo leer el archivo: 
 data/vLS20pp_WS.txt                                             
 Se van a calcular los elementos de matriz de apar de LS
  4% calculado
  9% calculado
 14% calculado
 19% calculado
 23% calculado
 28% calculado
 33% calculado
 38% calculado
 42% calculado
 47% calculado
 52% calculado
 57% calculado
 61% calculado
 66% calculado
 71% calculado
 76% calculado
 80% calculado
 85% calculado
 90% calculado
 95% calculado
100% calculado
          k =    0 Difference in Energy :     17.22960512
Iteration k =    1 HF Energy :   -485.95657212
Iteration k =    2 HF Energy :   -807.13824165
Iteration k =    3 HF Energy :   -970.73475624
Iteration k =    4 HF Energy :  -1052.06716542
Iteration k =    5 HF Energy :  -1092.40352626
          k =    5 Difference in Energy :      0.83607157
Iteration k =    6 HF Energy :  -1112.62816983
Iteration k =    7 HF Energy :  -1122.96939516
Iteration k =    8 HF Energy :  -1128.39027942
Iteration k =    9 HF Energy :  -1131.31226857
Iteration k =   10 HF Energy :  -1132.93421316
          k =   10 Difference in Energy :      0.22011026
Iteration k =   11 HF Energy :  -1133.86191324
Iteration k =   12 HF Energy :  -1134.40883592
Iteration k =   13 HF Energy :  -1134.74129343
Iteration k =   14 HF Energy :  -1134.94975194
Iteration k =   15 HF Energy :  -1135.08462033
          k =   15 Difference in Energy :      0.05460010
Iteration k =   16 HF Energy :  -1135.17464320
Iteration k =   17 HF Energy :  -1135.23658369
Iteration k =   18 HF Energy :  -1135.28043927
Iteration k =   19 HF Energy :  -1135.31231138
Iteration k =   20 HF Energy :  -1135.33601472
          k =   20 Difference in Energy :      0.01612259
Iteration k =   21 HF Energy :  -1135.35399569
Iteration k =   22 HF Energy :  -1135.36786518
Iteration k =   23 HF Energy :  -1135.37871271
Iteration k =   24 HF Energy :  -1135.38729484
Iteration k =   25 HF Energy :  -1135.39415007
          k =   25 Difference in Energy :      0.01058894
Iteration k =   26 HF Energy :  -1135.39967049
Iteration k =   27 HF Energy :  -1135.40414727
Iteration k =   28 HF Energy :  -1135.40780033
Iteration k =   29 HF Energy :  -1135.41079816
Iteration k =   30 HF Energy :  -1135.41327129
          k =   30 Difference in Energy :      0.00805587
Iteration k =   31 HF Energy :  -1135.41532186
Iteration k =   32 HF Energy :  -1135.41703038
Iteration k =   33 HF Energy :  -1135.41846071
Iteration k =   34 HF Energy :  -1135.41966380
Iteration k =   35 HF Energy :  -1135.42068044
          k =   35 Difference in Energy :      0.00632249
Iteration k =   36 HF Energy :  -1135.42154349
Iteration k =   37 HF Energy :  -1135.42227944
Iteration k =   38 HF Energy :  -1135.42290979
Iteration k =   39 HF Energy :  -1135.42345200
Iteration k =   40 HF Energy :  -1135.42392033
          k =   40 Difference in Energy :      0.00500051
Iteration k =   41 HF Energy :  -1135.42432646
Iteration k =   42 HF Energy :  -1135.42467999
Iteration k =   43 HF Energy :  -1135.42498884
Iteration k =   44 HF Energy :  -1135.42525956
Iteration k =   45 HF Energy :  -1135.42549761
          k =   45 Difference in Energy :      0.00395330
Iteration k =   46 HF Energy :  -1135.42570754
Iteration k =   47 HF Energy :  -1135.42589318
Iteration k =   48 HF Energy :  -1135.42605774
Iteration k =   49 HF Energy :  -1135.42620395
Iteration k =   50 HF Energy :  -1135.42633412
          k =   50 Difference in Energy :      0.00311735
Iteration k =   51 HF Energy :  -1135.42645022
Iteration k =   52 HF Energy :  -1135.42655395
Iteration k =   53 HF Energy :  -1135.42664676
Iteration k =   54 HF Energy :  -1135.42672992
Iteration k =   55 HF Energy :  -1135.42680452
          k =   55 Difference in Energy :      0.00245136
Iteration k =   56 HF Energy :  -1135.42687151
Iteration k =   57 HF Energy :  -1135.42693171
Iteration k =   58 HF Energy :  -1135.42698588
Iteration k =   59 HF Energy :  -1135.42703464
Iteration k =   60 HF Energy :  -1135.42707856
          k =   60 Difference in Energy :      0.00192296
Iteration k =   61 HF Energy :  -1135.42711814
Iteration k =   62 HF Energy :  -1135.42715384
Iteration k =   63 HF Energy :  -1135.42718605
Iteration k =   64 HF Energy :  -1135.42721511
Iteration k =   65 HF Energy :  -1135.42724135
          k =   65 Difference in Energy :      0.00150548
Iteration k =   66 HF Energy :  -1135.42726504
Iteration k =   67 HF Energy :  -1135.42728645
Iteration k =   68 HF Energy :  -1135.42730578
Iteration k =   69 HF Energy :  -1135.42732325
Iteration k =   70 HF Energy :  -1135.42733904
          k =   70 Difference in Energy :      0.00117677
Iteration k =   71 HF Energy :  -1135.42735331
Iteration k =   72 HF Energy :  -1135.42736621
Iteration k =   73 HF Energy :  -1135.42737788
Iteration k =   74 HF Energy :  -1135.42738842
Iteration k =   75 HF Energy :  -1135.42739796
          k =   75 Difference in Energy :      0.00091869
Iteration k =   76 HF Energy :  -1135.42740658
Iteration k =   77 HF Energy :  -1135.42741437
Iteration k =   78 HF Energy :  -1135.42742142
Iteration k =   79 HF Energy :  -1135.42742780
Iteration k =   80 HF Energy :  -1135.42743357
          k =   80 Difference in Energy :      0.00071652
Iteration k =   81 HF Energy :  -1135.42743878
Iteration k =   82 HF Energy :  -1135.42744350
Iteration k =   83 HF Energy :  -1135.42744776
Iteration k =   84 HF Energy :  -1135.42745162
Iteration k =   85 HF Energy :  -1135.42745511
          k =   85 Difference in Energy :      0.00055842
Iteration k =   86 HF Energy :  -1135.42745826
Iteration k =   87 HF Energy :  -1135.42746112
Iteration k =   88 HF Energy :  -1135.42746370
Iteration k =   89 HF Energy :  -1135.42746603
Iteration k =   90 HF Energy :  -1135.42746814
          k =   90 Difference in Energy :      0.00043495
Iteration k =   91 HF Energy :  -1135.42747005
Iteration k =   92 HF Energy :  -1135.42747178
Iteration k =   93 HF Energy :  -1135.42747334
Iteration k =   94 HF Energy :  -1135.42747475
Iteration k =   95 HF Energy :  -1135.42747603
          k =   95 Difference in Energy :      0.00033862
Iteration k =   96 HF Energy :  -1135.42747718
Iteration k =   97 HF Energy :  -1135.42747823
Iteration k =   98 HF Energy :  -1135.42747917
Iteration k =   99 HF Energy :  -1135.42748003
El annealing se aumento a  0.70000
Iteration k =  100 HF Energy :  -1135.42748074
          k =  100 Difference in Energy :      0.00026433
Iteration k =  101 HF Energy :  -1135.42748140
Iteration k =  102 HF Energy :  -1135.42748200
Iteration k =  103 HF Energy :  -1135.42748255
Iteration k =  104 HF Energy :  -1135.42748305
Iteration k =  105 HF Energy :  -1135.42748351
          k =  105 Difference in Energy :      0.00020880
Iteration k =  106 HF Energy :  -1135.42748392
Iteration k =  107 HF Energy :  -1135.42748430
Iteration k =  108 HF Energy :  -1135.42748464
Iteration k =  109 HF Energy :  -1135.42748495
Iteration k =  110 HF Energy :  -1135.42748524
          k =  110 Difference in Energy :      0.00016490
Iteration k =  111 HF Energy :  -1135.42748549
Iteration k =  112 HF Energy :  -1135.42748573
Iteration k =  113 HF Energy :  -1135.42748594
Iteration k =  114 HF Energy :  -1135.42748614
Iteration k =  115 HF Energy :  -1135.42748631
          k =  115 Difference in Energy :      0.00013021
Iteration k =  116 HF Energy :  -1135.42748647
Iteration k =  117 HF Energy :  -1135.42748662
Iteration k =  118 HF Energy :  -1135.42748675
Iteration k =  119 HF Energy :  -1135.42748687
Iteration k =  120 HF Energy :  -1135.42748699
          k =  120 Difference in Energy :      0.00010280
Iteration k =  121 HF Energy :  -1135.42748709
Iteration k =  122 HF Energy :  -1135.42748718
Iteration k =  123 HF Energy :  -1135.42748726
Iteration k =  124 HF Energy :  -1135.42748733
Iteration k =  125 HF Energy :  -1135.42748740
          k =  125 Difference in Energy :      0.00008116
Iteration k =  126 HF Energy :  -1135.42748747
Iteration k =  127 HF Energy :  -1135.42748752
Iteration k =  128 HF Energy :  -1135.42748757
Iteration k =  129 HF Energy :  -1135.42748762
Iteration k =  130 HF Energy :  -1135.42748766
          k =  130 Difference in Energy :      0.00006407
Iteration k =  131 HF Energy :  -1135.42748770
Iteration k =  132 HF Energy :  -1135.42748774
Iteration k =  133 HF Energy :  -1135.42748777
Iteration k =  134 HF Energy :  -1135.42748780
Iteration k =  135 HF Energy :  -1135.42748783
          k =  135 Difference in Energy :      0.00005057
Iteration k =  136 HF Energy :  -1135.42748785
Iteration k =  137 HF Energy :  -1135.42748787
Iteration k =  138 HF Energy :  -1135.42748789
Iteration k =  139 HF Energy :  -1135.42748791
Iteration k =  140 HF Energy :  -1135.42748793
          k =  140 Difference in Energy :      0.00003992
Iteration k =  141 HF Energy :  -1135.42748794
Iteration k =  142 HF Energy :  -1135.42748796
Iteration k =  143 HF Energy :  -1135.42748797
Iteration k =  144 HF Energy :  -1135.42748798
Iteration k =  145 HF Energy :  -1135.42748799
          k =  145 Difference in Energy :      0.00003151
Iteration k =  146 HF Energy :  -1135.42748800
Iteration k =  147 HF Energy :  -1135.42748801
Iteration k =  148 HF Energy :  -1135.42748802
Iteration k =  149 HF Energy :  -1135.42748802
Iteration k =  150 HF Energy :  -1135.42748803
          k =  150 Difference in Energy :      0.00002487
Iteration k =  151 HF Energy :  -1135.42748804
Iteration k =  152 HF Energy :  -1135.42748804
Iteration k =  153 HF Energy :  -1135.42748805
Iteration k =  154 HF Energy :  -1135.42748805
Iteration k =  155 HF Energy :  -1135.42748805
          k =  155 Difference in Energy :      0.00001963
Iteration k =  156 HF Energy :  -1135.42748806
Iteration k =  157 HF Energy :  -1135.42748806
Iteration k =  158 HF Energy :  -1135.42748806
Iteration k =  159 HF Energy :  -1135.42748807
Iteration k =  160 HF Energy :  -1135.42748807
          k =  160 Difference in Energy :      0.00001549
Iteration k =  161 HF Energy :  -1135.42748807
Iteration k =  162 HF Energy :  -1135.42748807
Iteration k =  163 HF Energy :  -1135.42748808
Iteration k =  164 HF Energy :  -1135.42748808
Iteration k =  165 HF Energy :  -1135.42748808
          k =  165 Difference in Energy :      0.00001223
Iteration k =  166 HF Energy :  -1135.42748808
Iteration k =  167 HF Energy :  -1135.42748808
Iteration k =  168 HF Energy :  -1135.42748808
Iteration k =  169 HF Energy :  -1135.42748808
Iteration k =  170 HF Energy :  -1135.42748809
          k =  170 Difference in Energy :      0.00000965
Iteration k =  171 HF Energy :  -1135.42748809
Iteration k =  172 HF Energy :  -1135.42748809
Iteration k =  173 HF Energy :  -1135.42748809
Iteration k =  174 HF Energy :  -1135.42748809
Iteration k =  175 HF Energy :  -1135.42748809
          k =  175 Difference in Energy :      0.00000761
Iteration k =  176 HF Energy :  -1135.42748809
Iteration k =  177 HF Energy :  -1135.42748809
Iteration k =  178 HF Energy :  -1135.42748809
Iteration k =  179 HF Energy :  -1135.42748809
Iteration k =  180 HF Energy :  -1135.42748809
          k =  180 Difference in Energy :      0.00000601
Iteration k =  181 HF Energy :  -1135.42748809
Iteration k =  182 HF Energy :  -1135.42748809
Iteration k =  183 HF Energy :  -1135.42748809
Iteration k =  184 HF Energy :  -1135.42748809
Iteration k =  185 HF Energy :  -1135.42748809
          k =  185 Difference in Energy :      0.00000474
Iteration k =  186 HF Energy :  -1135.42748809
Iteration k =  187 HF Energy :  -1135.42748809
Iteration k =  188 HF Energy :  -1135.42748809
Iteration k =  189 HF Energy :  -1135.42748809
Iteration k =  190 HF Energy :  -1135.42748809
          k =  190 Difference in Energy :      0.00000374
Iteration k =  191 HF Energy :  -1135.42748809
Iteration k =  192 HF Energy :  -1135.42748809
Iteration k =  193 HF Energy :  -1135.42748809
Iteration k =  194 HF Energy :  -1135.42748809
Iteration k =  195 HF Energy :  -1135.42748809
          k =  195 Difference in Energy :      0.00000295
Iteration k =  196 HF Energy :  -1135.42748809
Iteration k =  197 HF Energy :  -1135.42748809
Iteration k =  198 HF Energy :  -1135.42748809
Iteration k =  199 HF Energy :  -1135.42748809
El annealing se aumento a  0.80000
Iteration k =  200 HF Energy :  -1135.42748809
          k =  200 Difference in Energy :      0.00000234
Iteration k =  201 HF Energy :  -1135.42748809
Iteration k =  202 HF Energy :  -1135.42748809
Iteration k =  203 HF Energy :  -1135.42748809
Iteration k =  204 HF Energy :  -1135.42748809
Iteration k =  205 HF Energy :  -1135.42748809
          k =  205 Difference in Energy :      0.00000187
Iteration k =  206 HF Energy :  -1135.42748809
Iteration k =  207 HF Energy :  -1135.42748809
Iteration k =  208 HF Energy :  -1135.42748810
Iteration k =  209 HF Energy :  -1135.42748810
Iteration k =  210 HF Energy :  -1135.42748810
          k =  210 Difference in Energy :      0.00000150
Iteration k =  211 HF Energy :  -1135.42748810
Iteration k =  212 HF Energy :  -1135.42748810
Iteration k =  213 HF Energy :  -1135.42748810
Iteration k =  214 HF Energy :  -1135.42748810
Iteration k =  215 HF Energy :  -1135.42748810
          k =  215 Difference in Energy :      0.00000120
Iteration k =  216 HF Energy :  -1135.42748810
Iteration k =  217 HF Energy :  -1135.42748810
Iteration k =  218 HF Energy :  -1135.42748810
Iteration k =  219 HF Energy :  -1135.42748810
Iteration k =  220 HF Energy :  -1135.42748810
          k =  220 Difference in Energy :      0.00000096
Iteration k =  221 HF Energy :  -1135.42748810
Iteration k =  222 HF Energy :  -1135.42748810
Iteration k =  223 HF Energy :  -1135.42748810
Iteration k =  224 HF Energy :  -1135.42748810
Iteration k =  225 HF Energy :  -1135.42748810
Energy =    -1.13543E+03 Precision =  0.00000E+00

Tiempo empleado (segundos):  21.96E+03
 
                           Longitud del oscilador:        2.8000000000
----------------------------------------------------------------------
                                 Energia cinetica:     3194.4476278321
             Energia cinetica del centro de masas:       12.9224066767
                    Energia local de Brink-Booker:    -8431.6129372498
                         Energia local de Coulomb:      338.6901997847
           Energia de intercambio de Brink-Booker:     -503.6769963627
                Energia de intercambio de Coulomb:      -18.3974460012
               Energia dependiente de la densidad:     4382.2660415373
                           Energia de spin-orbita:      -82.5262143171
----------------------------------------------------------------------
                    Enertia total de Brink-Booker:    -8935.2899336125
                         Enertia total de Coulomb:      320.2927537835
                     Energia total (Hartree-Fock):    -1107.8873181000
----------------------------------------------------------------------
                     Apareamiento de Brink-Booker:   -0.2774001078E+02
                          Apareamiento de Coulomb:    0.4883603390E-21
                      Apareamiento de spin-orbita:    0.1998407809E+00
----------------------------------------------------------------------
                               Apareamiento total:   -0.2754017000E+02
----------------------------------------------------------------------
                                            TOTAL:    -1135.4274880952
 
                               Neutrones       Protones          Total
              Particulas:      122.00000       50.00000      172.00000
    Potenciales quimicos:        0.07457      -23.74326
                   Radio:        5.62887        4.97043        5.44568
 Multiplicadores y error:        0.00000        0.00000       29.65539
NEUTRON SINGLE-PARTICLE ENERGIES (CANONICAL BASIS)
   1)   s 1/2  1.00   -54.435
   2)   p 3/2  1.00   -46.604
   3)   p 1/2  1.00   -45.549
   4)   d 5/2  1.00   -38.344
   5)   d 3/2  1.00   -36.370
   6)   s 1/2  1.00   -35.417
   7)   f 7/2  1.00   -29.431
   8)   f 5/2  1.00   -26.058
   9)   p 3/2  1.00   -25.227
  10)   p 1/2  1.00   -24.322
  11)   g 9/2  1.00   -19.702
  12)   g 7/2  1.00   -14.293
  13)   d 5/2  1.00   -14.221
  14)   d 3/2  0.99   -12.057
  15)   s 1/2  0.99   -11.994
  16)   h11/2  0.99    -9.984
  17)   f 7/2  0.97    -4.376
  18)   h 9/2  0.92    -2.658
  19)   p 3/2  0.93    -2.252
  20)   p 1/2  0.88    -1.486
  21)   f 5/2  0.85    -1.409
  22)   i13/2  0.74    -0.683
  23)   s 1/2  0.11     1.156
  24)   d 5/2  0.05     1.956
  25)   d 3/2  0.04     2.155
  26)   p 3/2  0.03     2.612
  27)   p 1/2  0.02     2.791
  28)   g 9/2  0.03     3.168
  29)   f 7/2  0.01     3.778
  30)   f 5/2  0.01     4.051
  31)   g 7/2  0.01     4.667
  32)   s 1/2  0.01     5.671
  33)   d 5/2  0.01     6.035
  34)   g 9/2  0.00     6.161
  35)   h11/2  0.00     6.527
  36)   d 3/2  0.00     6.742
  37)   h 9/2  0.00     6.791
  38)   g 7/2  0.00     7.851
  39)   i11/2  0.01     8.150
  40)   j15/2  0.01     8.157
  41)   i13/2  0.00     8.618
  42)   i11/2  0.00     9.161
  43)   p 3/2  0.00     9.321
  44)   p 1/2  0.00     9.613
  45)   f 7/2  0.00    10.120
  46)   f 5/2  0.00    10.897
  47)   j15/2  0.00    11.227
  48)   h11/2  0.00    11.329
  49)   s 1/2  0.00    12.488
  50)   d 5/2  0.00    13.016
  51)   h 9/2  0.00    13.646
  52)   g 9/2  0.00    13.773
  53)   d 3/2  0.00    13.821
  54)   j13/2  0.00    14.268
  55)   k15/2  0.00    14.601
  56)   k17/2  0.00    14.645
  57)   g 7/2  0.00    15.167
  58)   j13/2  0.00    15.256
  59)   k17/2  0.00    15.417
  60)   i13/2  0.00    15.870
  61)   l19/2  0.00    16.305
  62)   l17/2  0.00    16.450
  63)   p 3/2  0.00    17.377
  64)   p 1/2  0.00    17.665
  65)   i11/2  0.00    17.911
  66)   f 7/2  0.00    18.422
  67)   s 1/2  0.00    18.711
  68)   h11/2  0.00    18.887
  69)   m21/2  0.00    18.941
  70)   m19/2  0.00    19.044
  71)   d 5/2  0.00    19.486
  72)   f 5/2  0.00    19.631
PROTON SINGLE-PARTICLE ENERGIES (CANONICAL BASIS)
   1)   s 1/2  1.00   -56.928
   2)   p 3/2  1.00   -53.342
   3)   p 1/2  1.00   -52.509
   4)   d 5/2  1.00   -46.878
   5)   d 3/2  1.00   -45.870
   6)   s 1/2  1.00   -44.042
   7)   f 7/2  1.00   -36.301
   8)   f 5/2  1.00   -32.985
   9)   p 3/2  1.00   -32.743
  10)   p 1/2  1.00   -30.061
  11)   g 9/2  1.00   -26.486
  12)   g 7/2  0.00   -21.038
  13)   d 5/2  0.00   -16.184
  14)   d 3/2  0.00   -12.452
  15)   s 1/2  0.00    -8.927
  16)   h11/2  0.00    -6.069
  17)   f 7/2  0.00    -3.617
  18)   h 9/2  0.00     0.535
  19)   p 3/2  0.00     1.421
  20)   p 1/2  0.00     1.457
  21)   f 5/2  0.00     1.555
  22)   i13/2  0.00     3.145
  23)   s 1/2  0.00     3.983
  24)   d 5/2  0.00     5.090
  25)   d 3/2  0.00     6.044
  26)   p 3/2  0.00     6.279
  27)   p 1/2  0.00     6.440
  28)   g 9/2  0.00     9.132
  29)   f 7/2  0.00    10.643
  30)   f 5/2  0.00    11.086
  31)   g 7/2  0.00    11.118
  32)   s 1/2  0.00    12.110
  33)   d 5/2  0.00    13.164
  34)   g 9/2  0.00    13.718
  35)   h11/2  0.00    13.997
  36)   d 3/2  0.00    14.059
  37)   h 9/2  0.00    14.270
  38)   g 7/2  0.00    14.613
  39)   i11/2  0.00    14.634
  40)   j15/2  0.00    14.709
  41)   i13/2  0.00    15.096
  42)   i11/2  0.00    15.231
  43)   p 3/2  0.00    15.374
  44)   p 1/2  0.00    15.763
  45)   f 7/2  0.00    16.232
  46)   f 5/2  0.00    16.654
  47)   j15/2  0.00    16.731
  48)   h11/2  0.00    16.833
  49)   s 1/2  0.00    17.468
  50)   d 5/2  0.00    17.738
  51)   h 9/2  0.00    18.136
  52)   g 9/2  0.00    18.235
  53)   d 3/2  0.00    18.956
  54)   j13/2  0.00    19.294
  55)   k15/2  0.00    19.405
  56)   k17/2  0.00    19.500
  57)   g 7/2  0.00    19.801
      EQP NEUT        V2               V2  EQP PROT
  100   76   39.0549    0.0001   g 7/2    j15/2   0.0000   43.7058
   99  117   37.1991    0.0001   i13/2    m19/2   0.0000   82.7572
   98   85   37.8664    0.0001   g 9/2    p25/2   0.0000   95.8810
   97  182   18.4283    0.0001   o23/2    k15/2   0.0000   81.9460
   96  187   18.3805    0.0001   o25/2    i11/2   0.0000   80.6922
   95  197   35.3627    0.0000   p27/2    h11/2   0.0000   74.2593
   94  192   22.5510    0.0000   p25/2    p 3/2   0.0000   89.6231
   93  193   35.6244    0.0000   p25/2    k17/2   0.0000   45.7625
   92  196   22.4878    0.0000   p27/2    p27/2   0.0000   80.0371
   91  179   37.2888    0.0000   n23/2    n21/2   0.0000   94.7763
   90  152   53.3529    0.0000   l17/2    q27/2   0.0000  101.1083
   89  174   39.2437    0.0000   n21/2    p27/2   0.0000   89.6416
   88  163   43.8066    0.0000   m19/2    g 7/2   0.0000   80.2389
   87   59   49.8222    0.0000   f 5/2    j13/2   0.0000   76.6409
   86  169   37.5893    0.0000   m21/2    k17/2   0.0000   64.1072
   85  205   37.8569    0.0000   q29/2    o23/2   0.0000   99.7889
   84  201   38.0455    0.0000   q27/2    q29/2   0.0000   96.4521
   83   68   48.2864    0.0000   f 7/2    n23/2   0.0000   74.8864
   82  145   37.3414    0.0000   k17/2    m21/2   0.0000   63.3874
   81   94   50.3490    0.0000   h 9/2    p25/2   0.0000   80.5263
   80  189   40.9958    0.0000   o25/2    m19/2   0.0000   51.2991
   79  184   42.0822    0.0000   o23/2    r29/2   0.0000   96.4389
   78  164   58.4331    0.0000   m19/2    r31/2   0.0000   94.8302
   77  208   29.8976    0.0000   r29/2    f 7/2   0.0000   89.0202
   76  211   29.8356    0.0000   r31/2    i11/2   0.0000   95.5598
   75  231   27.4108    0.0000    41/2    g 7/2   0.0000   95.2452
   74  230   27.4683    0.0000    39/2    k17/2   0.0000   53.8857
   73  125   51.4549    0.0000   j13/2    l17/2   0.0000   93.1472
   72  200   24.4602    0.0000   q27/2    m19/2   0.0000   99.2392
   71  204   24.4065    0.0000   q29/2    g 9/2   0.0000   78.8005
   70  110   55.2169    0.0000   i11/2    j15/2   0.0000   74.0942
   69  139   56.6717    0.0000   k15/2    n23/2   0.0000   56.1632
   68   77   54.5220    0.0000   g 7/2    i11/2   0.0000   35.0536
   67   50   53.0220    0.0000   d 5/2    h 9/2   0.0000   90.5027
   66   86   52.4903    0.0000   g 9/2    q29/2   0.0000   83.3795
   65  132   47.4671    0.0000   j15/2    s31/2   0.0000  100.2475
   64  212   46.5749    0.0000   r31/2    s33/2   0.0000   99.1773
   63  209   46.7288    0.0000   r29/2    i13/2   0.0000   78.6198
   62  102   47.7506    0.0000   h11/2    q27/2   0.0000   83.6573
   61    9   53.2804    0.0000   s 1/2    p27/2   0.0000   64.6833
   60   40   54.1115    0.0000   d 3/2    l19/2   0.0000   60.2317
   59  175   54.1823    0.0000   n21/2    n21/2   0.0000   56.2946
   58  220   39.5584    0.0000   t33/2    j13/2   0.0000   90.9026
   57  222   39.5130    0.0000   t35/2    p25/2   0.0000   64.9385
   56  214   32.0100    0.0000   s31/2    k17/2   0.0000   38.2280
   55  217   31.9629    0.0000   s33/2    d 3/2   0.0000   94.9581
   54  194   51.5416    0.0000   p25/2    s 1/2   0.0000   94.3759
   53  198   50.8370    0.0000   p27/2    k17/2   0.0000   78.3858
   52  218   49.2518    0.0000   s33/2    i13/2   0.0000   35.0259
   51  180   48.9273    0.0000   n23/2    l19/2   0.0000   40.7657
   50  215   49.3701    0.0000   s31/2    q29/2   0.0000   67.1528
   49  176   72.2777    0.0000   n21/2    g 9/2   0.0000   93.3967
   48  158   47.3845    0.0000   l19/2    d 5/2   0.0000   94.4426
   47  118   51.9406    0.0000   i13/2    q27/2   0.0000   67.3187
   46  153   69.2322    0.0000   l17/2    t35/2   0.0000   91.8925
   45  165   75.5742    0.0000   m19/2    t33/2   0.0000   92.1421
   44  146   51.8827    0.0000   k17/2    k15/2   0.0000   38.2212
   43  126   66.7627    0.0000   j13/2    h11/2   0.0000   88.2598
   42  206   54.0414    0.0000   q29/2    o25/2   0.0000   58.3915
   41  202   54.4913    0.0000   q27/2    o23/2   0.0000   58.4973
   40   11   69.1011    0.0000   s 1/2    o25/2   0.0000   91.3486
   39  224   41.9001    0.0000   u35/2    u37/2   0.0000   94.9063
   38  226   41.8639    0.0000   u37/2    u35/2   0.0000   95.0847
   37  170   51.4682    0.0000   m21/2    j15/2   0.0000   37.0090
   36  185   57.8511    0.0000   o23/2    l17/2   0.0000   40.8010
   35  229   53.7175    0.0000   v39/2    n23/2   0.0000   86.9225
   34  228   53.7904    0.0000   v37/2    l19/2   0.0000   74.5923
   33   95   65.7424    0.0000   h 9/2    i13/2   0.0000   92.8151
   32  186   77.6887    0.0000   o23/2    m21/2   0.0000   91.7021
   31  190   54.5448    0.0000   o25/2    n23/2   0.0000   45.4706
   30   21   64.6044    0.0000   p 1/2    r29/2   0.0000   76.2369
   29   41   70.1149    0.0000   d 3/2    r31/2   0.0000   76.1426
   28  103   62.8081    0.0000   h11/2    j15/2   0.0000   87.7119
   27   51   69.0921    0.0000   d 5/2    m21/2   0.0000   78.6201
   26   60   65.5468    0.0000   f 5/2    n21/2   0.0000   45.5266
   25   78   70.6203    0.0000   g 7/2    l19/2   0.0000   87.1042
   24  140   72.5401    0.0000   k15/2    m21/2   0.0000   42.1798
   23  221   62.7143    0.0000   t33/2    m19/2   0.0000   42.2062
   22  223   62.2698    0.0000   t35/2    s31/2   0.0000   78.8080
   21  111   71.0398    0.0000   i11/2    s33/2   0.0000   78.7314
   20   31   64.1981    0.0000   p 3/2    o25/2   0.0000   47.0689
   19   69   63.8109    0.0000   f 7/2     41/2   0.0000   56.7488
   18  195   72.1953    0.0000   p25/2     39/2   0.0000   56.7798
   17  225   65.6540    0.0000   u35/2    k15/2   0.0000   96.3044
   16  227   65.3488    0.0000   u37/2    o23/2   0.0000   47.1211
   15  210   68.6344    0.0000   r29/2    k17/2   0.0000   92.1754
   14  133   61.7933    0.0000   j15/2    r31/2   0.0000   58.7969
   13  213   66.2379    0.0000   r31/2    r29/2   0.0000   58.8436
   12  159   61.4080    0.0000   l19/2    v39/2   0.0000   83.1545
   11   87   68.3470    0.0000   g 9/2    v37/2   0.0000   83.1906
   10  119   67.1816    0.0000   i13/2    s33/2   0.0000   60.8195
    9  216   71.9071    0.0000   s31/2    s31/2   0.0000   60.8526
    8  181   60.5709    0.0000   n23/2    p25/2   0.0000   51.4012
    7  219   70.2719    0.0000   s33/2    p27/2   0.0000   51.3405
    6  203   76.1721    0.0000   q27/2    q27/2   0.0000   53.1956
    5  199   64.0140    0.0000   p27/2    q29/2   0.0000   53.1475
    4  147   66.3986    0.0000   k17/2    t33/2   0.0000   68.6942
    3  171   65.8196    0.0000   m21/2    t35/2   0.0000   68.6675
    2  191   65.5368    0.0000   o25/2    u35/2   0.0000   70.9362
    1  207   69.9138    0.0000   q29/2    u37/2   0.0000   70.9154
IndexWave =    1 IndxQP =  231 nIndx =   10

Tiempo consumido:
Segundos:   21.9700385999999999E+03
Ciclos de reloj:    219700386
