Oscillator Length (b_0)       : -1.00000
Convergence in Energy         :  1.00E-06
Slowing factor                :  0.60000
Pure HF Calculations (=1)     :   0
Isospin of the Basis WF       :   1
Number of shells (N_0)        :   4
Maximum Ang. Mom. (Lmax)      :   8
Maximum n (nmax)              :  20
Maximum n for Unity           :  28
Index of the Wave-function    :   1
Number of neutrons (N)        : 122
Number of protons  (Z)        :  50
Parameters of the Gogny force : D1S
Type of Basis                 :   2
Compatibility with the HO     :   0

--- Cut-off Energy  : Ecut =    279.057

--- Maximum n value : ncut =      20

--- Maximum n-value of a give l ---

       L    n  n(HO)
       0   23    5
       1   23    4
       2   22    4
       3   22    3
       4   21    3
       5   21    2
       6   20    2
       7   20    1
       8   20    1

--- Parameters of the Gogny force ---

Protons : W =   103.64 MeV
        : B =  -163.48 MeV
        : H =   162.81 MeV
        : M =  -223.93 MeV

Neutrons: W = -1720.30 MeV
        : B =  1300.00 MeV
        : H = -1813.53 MeV
        : M =  1397.60 MeV

WLS =   130.00 MeV.fm5
t_0 =  1390.60 MeV.fm4

nosc =    4 vv =    0.20000 vu =    0.89443
nosc =    3 vv =    0.40000 vu =    0.77460
nosc =    2 vv =    0.60000 vu =    0.63246
nosc =    1 vv =    0.80000 vu =    0.44721
nosc =    0 vv =    1.00000 vu =    0.00000
Number of particle :   40.00000
nosc =    5 vv =    0.16667 vu =    0.91287
nosc =    4 vv =    0.33333 vu =    0.81650
nosc =    3 vv =    0.50000 vu =    0.70711
nosc =    2 vv =    0.66667 vu =    0.57735
nosc =    1 vv =    0.83333 vu =    0.40825
nosc =    0 vv =    1.00000 vu =    0.00000
Number of particle :   56.00000

--- Starting the self-consistent Calculation ---

Number of oscillator shells N :      8
Maximum angular momentum L    :      8
Maximum n                     :     20
Numerical accuracy in Energy  :   1.00E-06
Oscillator length             : -1.000
Atomic number A               :    172
          k =    0 Difference in Energy :     14.43340160
Iteration k =    1 HF Energy :   -497.15518300
Iteration k =    2 HF Energy :   -827.41668476
Iteration k =    3 HF Energy :   -990.10319166
Iteration k =    4 HF Energy :  -1067.36634628
Iteration k =    5 HF Energy :  -1103.54834556
          k =    5 Difference in Energy :      0.77598912
Iteration k =    6 HF Energy :  -1120.25928659
Iteration k =    7 HF Energy :  -1127.95712364
Iteration k =    8 HF Energy :  -1131.54301657
Iteration k =    9 HF Energy :  -1133.25579958
Iteration k =   10 HF Energy :  -1134.10613273
          k =   10 Difference in Energy :      0.10026430
Iteration k =   11 HF Energy :  -1134.55029905
Iteration k =   12 HF Energy :  -1134.79648832
Iteration k =   13 HF Energy :  -1134.94168417
Iteration k =   14 HF Energy :  -1135.03249066
Iteration k =   15 HF Energy :  -1135.09223971
          k =   15 Difference in Energy :      0.01577356
Iteration k =   16 HF Energy :  -1135.13320253
Iteration k =   17 HF Energy :  -1135.16219345
Iteration k =   18 HF Energy :  -1135.18321091
Iteration k =   19 HF Energy :  -1135.19872559
Iteration k =   20 HF Energy :  -1135.21033519
          k =   20 Difference in Energy :      0.00306827
Iteration k =   21 HF Energy :  -1135.21911314
Iteration k =   22 HF Energy :  -1135.22580327
Iteration k =   23 HF Energy :  -1135.23093399
Iteration k =   24 HF Energy :  -1135.23488811
Iteration k =   25 HF Energy :  -1135.23794738
          k =   25 Difference in Energy :      0.00087054
Iteration k =   26 HF Energy :  -1135.24032171
Iteration k =   27 HF Energy :  -1135.24216912
Iteration k =   28 HF Energy :  -1135.24360949
Iteration k =   29 HF Energy :  -1135.24473440
Iteration k =   30 HF Energy :  -1135.24561414
          k =   30 Difference in Energy :      0.00034179
Iteration k =   31 HF Energy :  -1135.24630293
Iteration k =   32 HF Energy :  -1135.24684273
Iteration k =   33 HF Energy :  -1135.24726609
Iteration k =   34 HF Energy :  -1135.24759834
Iteration k =   35 HF Energy :  -1135.24785925
          k =   35 Difference in Energy :      0.00013520
Iteration k =   36 HF Energy :  -1135.24806421
Iteration k =   37 HF Energy :  -1135.24822530
Iteration k =   38 HF Energy :  -1135.24835194
Iteration k =   39 HF Energy :  -1135.24845153
Iteration k =   40 HF Energy :  -1135.24852986
          k =   40 Difference in Energy :      0.00005347
Iteration k =   41 HF Energy :  -1135.24859149
Iteration k =   42 HF Energy :  -1135.24863998
Iteration k =   43 HF Energy :  -1135.24867815
Iteration k =   44 HF Energy :  -1135.24870818
Iteration k =   45 HF Energy :  -1135.24873183
          k =   45 Difference in Energy :      0.00002112
Iteration k =   46 HF Energy :  -1135.24875044
Iteration k =   47 HF Energy :  -1135.24876510
Iteration k =   48 HF Energy :  -1135.24877664
Iteration k =   49 HF Energy :  -1135.24878573
Iteration k =   50 HF Energy :  -1135.24879288
          k =   50 Difference in Energy :      0.00000841
Iteration k =   51 HF Energy :  -1135.24879852
Iteration k =   52 HF Energy :  -1135.24880295
Iteration k =   53 HF Energy :  -1135.24880645
Iteration k =   54 HF Energy :  -1135.24880920
Iteration k =   55 HF Energy :  -1135.24881137
          k =   55 Difference in Energy :      0.00000331
Iteration k =   56 HF Energy :  -1135.24881307
Iteration k =   57 HF Energy :  -1135.24881442
Iteration k =   58 HF Energy :  -1135.24881548
Iteration k =   59 HF Energy :  -1135.24881631
Iteration k =   60 HF Energy :  -1135.24881697
          k =   60 Difference in Energy :      0.00000133
Iteration k =   61 HF Energy :  -1135.24881749
Iteration k =   62 HF Energy :  -1135.24881790
Iteration k =   63 HF Energy :  -1135.24881822
Iteration k =   64 HF Energy :  -1135.24881847
Iteration k =   65 HF Energy :  -1135.24881867
          k =   65 Difference in Energy :      0.00000052
Iteration k =   66 HF Energy :  -1135.24881883
Iteration k =   67 HF Energy :  -1135.24881895
Iteration k =   68 HF Energy :  -1135.24881905
Iteration k =   69 HF Energy :  -1135.24881912
Iteration k =   70 HF Energy :  -1135.24881918
Energy =    -1.13525E+03 Precision =  0.00000E+00

Tiempo empleado (segundos):   1.57E+03
 
                           Longitud del oscilador:       -1.0000000000
----------------------------------------------------------------------
                                 Energia cinetica:     3220.3627193121
             Energia cinetica del centro de masas:       13.0611245193
                    Energia local de Brink-Booker:    -8493.2662873004
                         Energia local de Coulomb:      338.1440890118
           Energia de intercambio de Brink-Booker:     -509.0529715775
                Energia de intercambio de Coulomb:      -18.3806097475
               Energia dependiente de la densidad:     4412.5931306492
                           Energia de spin-orbita:      -85.2338111402
----------------------------------------------------------------------
                    Enertia total de Brink-Booker:    -9002.3192588779
                         Enertia total de Coulomb:      319.7634792644
                     Energia total (Hartree-Fock):    -1121.7726162732
----------------------------------------------------------------------
                     Apareamiento de Brink-Booker:   -0.1365202456E+02
                          Apareamiento de Coulomb:    0.6588920199E-07
                      Apareamiento de spin-orbita:    0.1758215848E+00
----------------------------------------------------------------------
                               Apareamiento total:   -0.1347620291E+02
----------------------------------------------------------------------
                                            TOTAL:    -1135.2488191837
 
                               Neutrones       Protones          Total
              Particulas:      122.00000       50.00000      172.00000
    Potenciales quimicos:        0.03016      -24.18253
                   Radio:        5.52870        4.97779        5.37437
 Multiplicadores y error:        0.00000        0.00000       28.88389
NEUTRON SINGLE-PARTICLE ENERGIES (CANONICAL BASIS)
   1)   s 1/2  1.00   -53.602
   2)   p 3/2  1.00   -46.200
   3)   p 1/2  1.00   -45.316
   4)   d 5/2  1.00   -38.242
   5)   d 3/2  1.00   -36.376
   6)   s 1/2  1.00   -36.022
   7)   f 7/2  1.00   -29.505
   8)   f 5/2  1.00   -26.197
   9)   p 3/2  1.00   -25.690
  10)   p 1/2  1.00   -24.623
  11)   g 9/2  1.00   -19.817
  12)   g 7/2  1.00   -14.472
  13)   d 5/2  1.00   -14.402
  14)   s 1/2  1.00   -12.210
  15)   d 3/2  1.00   -12.207
  16)   h11/2  1.00   -10.105
  17)   f 7/2  0.98    -4.418
  18)   h 9/2  0.95    -2.848
  19)   p 3/2  0.96    -2.305
  20)   p 1/2  0.92    -1.448
  21)   f 5/2  0.89    -1.440
  22)   i13/2  0.80    -0.814
  23)   s 1/2  0.02     1.716
  24)   d 5/2  0.01     3.006
  25)   g 9/2  0.02     3.556
  26)   d 3/2  0.01     3.600
  27)   p 3/2  0.00     3.769
  28)   p 1/2  0.00     3.780
  29)   f 7/2  0.00     6.484
  30)   g 7/2  0.01     6.503
  31)   f 5/2  0.00     6.694
  32)   s 1/2  0.00     6.804
  33)   d 5/2  0.00     7.876
  34)   j15/2  0.00     8.174
  35)   i11/2  0.01     8.309
  36)   d 3/2  0.00     8.962
  37)   h11/2  0.00    10.092
  38)   g 9/2  0.00    10.200
  39)   p 3/2  0.00    11.484
  40)   p 1/2  0.00    11.778
  41)   g 7/2  0.00    11.984
  42)   h 9/2  0.00    12.685
  43)   f 7/2  0.00    13.345
  44)   f 5/2  0.00    14.838
  45)   i13/2  0.00    15.005
  46)   h11/2  0.00    15.190
  47)   s 1/2  0.00    15.223
  48)   d 5/2  0.00    16.079
  49)   k17/2  0.00    16.623
  50)   d 3/2  0.00    17.125
  51)   g 9/2  0.00    17.878
  52)   i11/2  0.00    17.994
  53)   h 9/2  0.00    18.416
  54)   j13/2  0.00    18.612
  55)   j15/2  0.00    18.895
  56)   g 7/2  0.00    19.733
PROTON SINGLE-PARTICLE ENERGIES (CANONICAL BASIS)
   1)   s 1/2  1.00   -62.727
   2)   p 3/2  1.00   -55.104
   3)   p 1/2  1.00   -54.404
   4)   d 5/2  1.00   -46.235
   5)   d 3/2  1.00   -44.434
   6)   s 1/2  1.00   -41.664
   7)   f 7/2  1.00   -36.717
   8)   f 5/2  1.00   -33.438
   9)   p 3/2  1.00   -30.851
  10)   p 1/2  1.00   -29.719
  11)   g 9/2  1.00   -26.923
  12)   g 7/2  0.00   -21.520
  13)   d 5/2  0.00   -19.647
  14)   s 1/2  0.00   -17.659
  15)   d 3/2  0.00   -16.616
  16)   h11/2  0.00   -16.335
  17)   f 7/2  0.00    -9.372
  18)   h 9/2  0.00    -8.310
  19)   p 3/2  0.00    -6.456
  20)   p 1/2  0.00    -5.703
  21)   f 5/2  0.00    -4.128
  22)   i13/2  0.00    -3.367
  23)   s 1/2  0.00     2.750
  24)   d 5/2  0.00     2.768
  25)   g 9/2  0.00     3.660
  26)   d 3/2  0.00     5.961
  27)   p 3/2  0.00     8.019
  28)   p 1/2  0.00     9.604
  29)   f 7/2  0.00    10.061
  30)   g 7/2  0.00    10.146
  31)   f 5/2  0.00    10.348
  32)   s 1/2  0.00    10.715
  33)   d 5/2  0.00    10.767
  34)   j15/2  0.00    12.401
  35)   i11/2  0.00    12.443
  36)   d 3/2  0.00    12.474
  37)   h11/2  0.00    13.422
  38)   g 9/2  0.00    13.444
  39)   p 3/2  0.00    14.137
  40)   p 1/2  0.00    14.325
  41)   g 7/2  0.00    14.353
  42)   h 9/2  0.00    14.409
  43)   f 7/2  0.00    16.363
  44)   f 5/2  0.00    17.133
  45)   i13/2  0.00    17.879
  46)   h11/2  0.00    17.931
  47)   s 1/2  0.00    18.094
  48)   d 5/2  0.00    18.146
  49)   k17/2  0.00    19.376
  50)   d 3/2  0.00    19.717
      EQP NEUT        V2               V2  EQP PROT
  100  153  103.1102    0.0000   g 7/2    g 7/2   0.0000  196.8240
   99   35  110.5445    0.0000   p 1/2    j15/2   0.0000  222.7510
   98  136  142.7321    0.0000   f 7/2    d 5/2   0.0000  178.5147
   97   97  151.8052    0.0000   d 5/2    p 1/2   0.0000  137.4149
   96  114  110.8426    0.0000   f 5/2    p 3/2   0.0000  187.8092
   95  274  142.5784    0.0000   j13/2    f 7/2   0.0000  152.6903
   94   18  152.1839    0.0000   s 1/2    g 7/2   0.0000  129.7498
   93  174  117.2681    0.0000   g 9/2    s 1/2   0.0000  129.7348
   92  178  188.8029    0.0000   g 9/2    f 5/2   0.0000  206.4450
   91  313  133.7525    0.0000   k15/2    i11/2   0.0000   34.4565
   90   96  134.4615    0.0000   d 5/2    k15/2   0.0000  114.4891
   89   55  110.2622    0.0000   p 3/2    p 3/2   0.0000  169.9431
   88  314  151.0021    0.0000   k15/2    s 1/2   0.0000  161.4634
   87  138  179.4553    0.0000   f 7/2    h 9/2   0.0000  206.0421
   86  218  198.3121    0.0000   h11/2    d 5/2   0.0000  196.8952
   85  315  169.1920    0.0000   k15/2    f 5/2   0.0000  137.4999
   84  234  134.4806    0.0000   i11/2    j15/2   0.0000  134.7092
   83  275  160.3451    0.0000   j13/2    d 5/2   0.0000  161.4061
   82   38  161.3600    0.0000   p 1/2    f 7/2   0.0000  206.0382
   81  258  207.9761    0.0000   i13/2    g 9/2   0.0000  215.1789
   80   98  170.2373    0.0000   d 5/2    h11/2   0.0000  224.4696
   79  117  161.5705    0.0000   f 5/2    k17/2   0.0000  232.1541
   78   77  152.4302    0.0000   d 3/2    i11/2   0.0000  215.3639
   77  135  125.7526    0.0000   f 7/2    g 7/2   0.0000  215.9751
   76  173  101.8180    0.0000   g 9/2    g 7/2   0.0000  145.1374
   75   58  161.1283    0.0000   p 3/2    i11/2   0.0000  129.3426
   74  298  217.6632    0.0000   j15/2    s 1/2   0.0000  145.1935
   73   78  170.7636    0.0000   d 3/2    i13/2   0.0000  233.8879
   72   74  103.0951    0.0000   d 3/2    p 3/2   0.0000  153.2736
   71   76  135.0614    0.0000   d 3/2    g 9/2   0.0000  144.0590
   70  154  118.6359    0.0000   g 7/2    j13/2   0.0000  224.7795
   69  196  161.3295    0.0000   h 9/2    h11/2   0.0000  135.7869
   68   57  143.1922    0.0000   p 3/2    d 5/2   0.0000  144.9691
   67   19  170.8173    0.0000   s 1/2    s 1/2   0.0000  197.3536
   66  156  152.5007    0.0000   g 7/2    d 5/2   0.0000  115.0593
   65   99  189.7988    0.0000   d 5/2    j15/2   0.0000  243.4226
   64  118  180.3714    0.0000   f 5/2    h 9/2   0.0000  225.6693
   63  235  151.8190    0.0000   i11/2    p 1/2   0.0000  206.8468
   62   95  117.9469    0.0000   d 5/2    i11/2   0.0000  114.9300
   61   37  143.4833    0.0000   p 1/2    k15/2   0.0000  234.4496
   60  338  227.5918    0.0000   k17/2    p 3/2   0.0000  206.7822
   59  155  135.0455    0.0000   g 7/2    j15/2   0.0000   35.6615
   58  139  199.4991    0.0000   f 7/2    p 3/2   0.0000  137.3355
   57   59  180.2175    0.0000   p 3/2    d 3/2   0.0000  216.5588
   56   75  118.5752    0.0000   d 3/2    i11/2   0.0000  235.4620
   55  157  170.8175    0.0000   g 7/2    f 5/2   0.0000  122.5599
   54  213  108.9603    0.0000   h11/2    k17/2   0.0000  253.2625
   53   39  180.5191    0.0000   p 1/2    d 5/2   0.0000  216.3367
   52  236  170.2420    0.0000   i11/2    k17/2   0.0000  126.5347
   51  316  188.4646    0.0000   k15/2    i13/2   0.0000  127.6926
   50  116  143.7387    0.0000   f 5/2    f 7/2   0.0000  136.8036
   49  179  209.3367    0.0000   g 9/2    f 5/2   0.0000  226.5030
   48  195  143.3792    0.0000   h 9/2    d 5/2   0.0000  129.5521
   47  276  179.2006    0.0000   j13/2    f 7/2   0.0000  226.0007
   46  158  190.1041    0.0000   g 7/2    j13/2   0.0000  245.3171
   45  197  180.1479    0.0000   h 9/2    g 9/2   0.0000  114.1828
   44  194  126.4983    0.0000   h 9/2    h11/2   0.0000   93.9589
   43   20  190.7315    0.0000   s 1/2    p 3/2   0.0000  122.3549
   42  219  219.3386    0.0000   h11/2    f 7/2   0.0000  107.7859
   41   79  190.4119    0.0000   d 3/2    g 9/2   0.0000  235.6935
   40  115  126.7774    0.0000   f 5/2    s 1/2   0.0000  216.5115
   39   36  126.5682    0.0000   p 1/2    g 7/2   0.0000  236.5533
   38  237  189.5679    0.0000   i11/2    g 9/2   0.0000  128.6840
   37   60  200.6363    0.0000   p 3/2    k15/2   0.0000  255.4326
   36  259  229.5039    0.0000   i13/2    h11/2   0.0000  120.8612
   35   56  126.3031    0.0000   p 3/2    h11/2   0.0000  245.5415
   34  198  199.9233    0.0000   h 9/2    p 1/2   0.0000  226.4677
   33  100  210.6908    0.0000   d 5/2    p 3/2   0.0000  226.4248
   32  172   87.2684    0.0000   g 9/2    i13/2   0.0000  255.5193
   31   40  200.9469    0.0000   p 1/2    h 9/2   0.0000  246.7761
   30  277  199.0172    0.0000   j13/2    d 5/2   0.0000  236.4567
   29  140  220.8480    0.0000   f 7/2    d 3/2   0.0000  236.6492
   28  212   93.9351    0.0000   h11/2    j15/2   0.0000  265.6237
   27  119  200.5064    0.0000   f 5/2    j15/2   0.0000  119.9227
   26  299  239.7089    0.0000   j15/2    i11/2   0.0000  257.1083
   25  134  109.7904    0.0000   f 7/2    f 7/2   0.0000  246.5922
   24  180  231.1320    0.0000   g 9/2    f 5/2   0.0000  247.0740
   23  317  208.7674    0.0000   k15/2    i13/2   0.0000   34.4451
   22  238  209.8240    0.0000   i11/2    f 7/2   0.0000  121.8561
   21  339  250.1731    0.0000   k17/2    k17/2   0.0000  276.0172
   20   80  211.3484    0.0000   d 3/2    g 9/2   0.0000  256.7581
   19  330   84.8803    0.0000   k17/2    j13/2   0.0000  267.5235
   18  159  210.7449    0.0000   g 7/2    g 7/2   0.0000  257.6245
   17  220  241.5713    0.0000   h11/2    i13/2   0.0000   99.9340
   16  278  219.7248    0.0000   j13/2    j15/2   0.0000   93.1538
   15  120  221.9737    0.0000   f 5/2    h11/2   0.0000  267.0705
   14  260  252.1766    0.0000   i13/2    k17/2   0.0000  112.2138
   13   94  102.4403    0.0000   d 5/2    h11/2   0.0000  106.9169
   12  199  221.0927    0.0000   h 9/2    k15/2   0.0000  278.1883
   11  318  229.9190    0.0000   k15/2    h 9/2   0.0000  268.3465
   10  300  262.8434    0.0000   j15/2    i13/2   0.0000  277.5083
    9  160  232.7541    0.0000   g 7/2    i13/2   0.0000  113.3611
    8  340  273.7788    0.0000   k17/2    i11/2   0.0000  279.1718
    7  239  231.5380    0.0000   i11/2    j15/2   0.0000  288.0445
    6  200  243.6298    0.0000   h 9/2    k15/2   0.0000  101.1780
    5  279  241.9955    0.0000   j13/2    k17/2   0.0000  298.9004
    4  240  254.5782    0.0000   i11/2    j13/2   0.0000  290.0595
    3  319  252.7316    0.0000   k15/2    j15/2   0.0000  106.0575
    2  280  265.5346    0.0000   j13/2    k17/2   0.0000   98.8725
    1  320  276.7471    0.0000   k15/2    k15/2   0.0000  301.2147
IndexWave =    1 IndxQP =  340 nIndx =   11

Tiempo consumido:
Segundos:    1.6194757999999999E+03
Ciclos de reloj:     16194758
