   0.00   -0.3890 -0.0000   0.3890   -0.0558  0.0000   0.0558   -0.0158 -0.0000   0.0158   -0.0068  0.0000   0.0068   -0.0036  0.0000   0.0036
   2.00   -0.4067 -0.0064   0.4068   -0.0662 -0.0116   0.0672   -0.0175 -0.0030   0.0178   -0.0073 -0.0010   0.0074   -0.0038 -0.0004   0.0038
   4.00   -0.4211 -0.0173   0.4215   -0.0665 -0.0246   0.0709   -0.0172 -0.0052   0.0180   -0.0072 -0.0017   0.0074   -0.0038 -0.0007   0.0038
   6.00   -0.4324 -0.0297   0.4334   -0.0629 -0.0345   0.0717   -0.0165 -0.0067   0.0178   -0.0070 -0.0021   0.0073   -0.0037 -0.0009   0.0038
   8.00   -0.4414 -0.0426   0.4435   -0.0578 -0.0416   0.0712   -0.0158 -0.0078   0.0176   -0.0068 -0.0025   0.0073   -0.0036 -0.0010   0.0038
  10.00   -0.4488 -0.0554   0.4522   -0.0523 -0.0467   0.0701   -0.0150 -0.0087   0.0173   -0.0067 -0.0028   0.0072   -0.0036 -0.0012   0.0038
  12.00   -0.4548 -0.0682   0.4599   -0.0469 -0.0502   0.0687   -0.0143 -0.0094   0.0171   -0.0065 -0.0030   0.0071   -0.0035 -0.0013   0.0037
  14.00   -0.4598 -0.0808   0.4669   -0.0417 -0.0527   0.0672   -0.0136 -0.0099   0.0168   -0.0063 -0.0032   0.0071   -0.0035 -0.0014   0.0037
  16.00   -0.4640 -0.0932   0.4733   -0.0369 -0.0543   0.0656   -0.0129 -0.0103   0.0165   -0.0061 -0.0034   0.0070   -0.0034 -0.0015   0.0037
  18.00   -0.4674 -0.1054   0.4792   -0.0324 -0.0552   0.0640   -0.0123 -0.0107   0.0163   -0.0060 -0.0035   0.0069   -0.0033 -0.0015   0.0037
  20.00   -0.4702 -0.1175   0.4847   -0.0282 -0.0557   0.0624   -0.0117 -0.0110   0.0160   -0.0058 -0.0037   0.0069   -0.0033 -0.0016   0.0037
  22.00   -0.4724 -0.1294   0.4898   -0.0244 -0.0558   0.0609   -0.0112 -0.0112   0.0158   -0.0057 -0.0038   0.0068   -0.0032 -0.0016   0.0036
  24.00   -0.4741 -0.1411   0.4947   -0.0209 -0.0556   0.0594   -0.0106 -0.0114   0.0156   -0.0055 -0.0039   0.0068   -0.0032 -0.0017   0.0036
  26.00   -0.4753 -0.1528   0.4992   -0.0177 -0.0552   0.0580   -0.0102 -0.0115   0.0154   -0.0054 -0.0039   0.0067   -0.0031 -0.0017   0.0036
  28.00   -0.4760 -0.1642   0.5036   -0.0148 -0.0546   0.0566   -0.0097 -0.0117   0.0152   -0.0053 -0.0041   0.0067   -0.0031 -0.0018   0.0036
  30.00   -0.4764 -0.1756   0.5077   -0.0122 -0.0538   0.0552   -0.0092 -0.0118   0.0149   -0.0051 -0.0042   0.0066   -0.0031 -0.0018   0.0036
  32.00   -0.4763 -0.1867   0.5116   -0.0097 -0.0530   0.0539   -0.0088 -0.0118   0.0148   -0.0050 -0.0042   0.0065   -0.0029 -0.0018   0.0035
  34.00   -0.4758 -0.1978   0.5153   -0.0075 -0.0521   0.0526   -0.0084 -0.0119   0.0146   -0.0049 -0.0043   0.0065   -0.0029 -0.0019   0.0035
  36.00   -0.4749 -0.2087   0.5188   -0.0054 -0.0512   0.0515   -0.0080 -0.0119   0.0144   -0.0048 -0.0043   0.0064   -0.0029 -0.0019   0.0034
  38.00   -0.4737 -0.2194   0.5221   -0.0035 -0.0502   0.0503   -0.0077 -0.0120   0.0142   -0.0046 -0.0043   0.0063   -0.0028 -0.0019   0.0034
  40.00   -0.4722 -0.2300   0.5252   -0.0018 -0.0491   0.0492   -0.0073 -0.0120   0.0140   -0.0046 -0.0044   0.0063   -0.0028 -0.0019   0.0034
  42.00   -0.4703 -0.2404   0.5282   -0.0002 -0.0481   0.0481   -0.0070 -0.0119   0.0138   -0.0043 -0.0044   0.0062   -0.0027 -0.0021   0.0034
  44.00   -0.4682 -0.2507   0.5311    0.0012 -0.0471   0.0471   -0.0067 -0.0119   0.0137   -0.0043 -0.0044   0.0061    0.0035  0.0000   0.0035
  46.00   -0.4657 -0.2607   0.5337    0.0026 -0.0460   0.0461   -0.0063 -0.0120   0.0135   -0.0043 -0.0045   0.0062    0.0035  0.0000   0.0035
  48.00   -0.4630 -0.2707   0.5363    0.0037 -0.0449   0.0451   -0.0059 -0.0119   0.0133   -0.0042 -0.0046   0.0062   -0.0027 -0.0021   0.0034
  50.00   -0.4599 -0.2804   0.5387    0.0049 -0.0440   0.0442   -0.0058 -0.0118   0.0132   -0.0039 -0.0045   0.0060    0.0035  0.0000   0.0035
  52.00   -0.4567 -0.2900   0.5410    0.0059 -0.0429   0.0433   -0.0055 -0.0118   0.0131   -0.0039 -0.0045   0.0059    0.0035  0.0000   0.0035
  54.00   -0.4531 -0.2994   0.5431    0.0069 -0.0419   0.0424   -0.0052 -0.0119   0.0130   -0.0039 -0.0045   0.0060    0.0035  0.0000   0.0035
  56.00   -0.4494 -0.3086   0.5451    0.0077 -0.0409   0.0416   -0.0050 -0.0116   0.0127   -0.0036 -0.0047   0.0059   -0.0026 -0.0023   0.0035
  58.00   -0.4454 -0.3176   0.5470    0.0085 -0.0399   0.0408   -0.0048 -0.0116   0.0126   -0.0035 -0.0046   0.0058    0.0036  0.0000   0.0036
  60.00   -0.4411 -0.3265   0.5488    0.0093 -0.0389   0.0400   -0.0046 -0.0117   0.0125   -0.0035 -0.0045   0.0057    0.0036  0.0000   0.0036
  62.00   -0.4367 -0.3351   0.5505    0.0099 -0.0380   0.0393   -0.0043 -0.0117   0.0124   -0.0036 -0.0045   0.0058    0.0036  0.0000   0.0036
  64.00   -0.4321 -0.3436   0.5520    0.0105 -0.0371   0.0386   -0.0040 -0.0114   0.0121   -0.0032 -0.0048   0.0058    0.0036  0.0000   0.0036
  66.00   -0.4272 -0.3518   0.5535    0.0111 -0.0362   0.0379   -0.0039 -0.0114   0.0120   -0.0031 -0.0047   0.0056    0.0036  0.0000   0.0036
  68.00   -0.4222 -0.3599   0.5548    0.0116 -0.0353   0.0372   -0.0038 -0.0114   0.0120   -0.0031 -0.0045   0.0055    0.0036  0.0000   0.0036
  70.00   -0.4171 -0.3678   0.5561    0.0121 -0.0344   0.0365   -0.0036 -0.0114   0.0119   -0.0032 -0.0045   0.0055    0.0036  0.0000   0.0036
  72.00   -0.4117 -0.3755   0.5572    0.0125 -0.0336   0.0359   -0.0032 -0.0112   0.0116   -0.0030 -0.0049   0.0058    0.0037  0.0000   0.0037
  74.00   -0.4062 -0.3829   0.5582    0.0129 -0.0328   0.0353   -0.0031 -0.0111   0.0115   -0.0028 -0.0048   0.0056    0.0037  0.0000   0.0037
  76.00   -0.4006 -0.3902   0.5592    0.0133 -0.0320   0.0347   -0.0030 -0.0111   0.0115   -0.0027 -0.0046   0.0054    0.0037  0.0000   0.0037
  78.00   -0.3948 -0.3973   0.5601    0.0136 -0.0312   0.0341   -0.0029 -0.0111   0.0114   -0.0028 -0.0045   0.0052    0.0037  0.0000   0.0037
  80.00   -0.3888 -0.4042   0.5608    0.0139 -0.0305   0.0335   -0.0025 -0.0110   0.0112   -0.0029 -0.0049   0.0057    0.0037  0.0000   0.0037
  82.00   -0.3828 -0.4108   0.5615    0.0142 -0.0297   0.0329   -0.0024 -0.0108   0.0111   -0.0027 -0.0050   0.0056    0.0037  0.0000   0.0037
  84.00   -0.3766 -0.4173   0.5621    0.0144 -0.0290   0.0324   -0.0023 -0.0107   0.0110   -0.0025 -0.0049   0.0054    0.0037  0.0000   0.0037
  86.00   -0.3704 -0.4236   0.5627    0.0147 -0.0283   0.0319   -0.0023 -0.0107   0.0109   -0.0023 -0.0047   0.0052    0.0038  0.0000   0.0038
  88.00   -0.3640 -0.4297   0.5631    0.0149 -0.0276   0.0314   -0.0022 -0.0107   0.0109   -0.0023 -0.0044   0.0050    0.0038  0.0000   0.0038
  90.00   -0.3575 -0.4355   0.5635    0.0150 -0.0270   0.0309   -0.0018 -0.0106   0.0108   -0.0027 -0.0049   0.0056    0.0038  0.0000   0.0038
  92.00   -0.3510 -0.4412   0.5638    0.0152 -0.0263   0.0304   -0.0017 -0.0105   0.0106   -0.0024 -0.0050   0.0055    0.0038  0.0000   0.0038
  94.00   -0.3443 -0.4467   0.5640    0.0154 -0.0257   0.0300   -0.0016 -0.0104   0.0105   -0.0022 -0.0049   0.0054    0.0038  0.0000   0.0038
  96.00   -0.3376 -0.4520   0.5642    0.0155 -0.0251   0.0295   -0.0016 -0.0103   0.0104   -0.0020 -0.0048   0.0052    0.0038  0.0000   0.0038
  98.00   -0.3309 -0.4571   0.5643    0.0156 -0.0245   0.0291   -0.0016 -0.0102   0.0103   -0.0017 -0.0048   0.0051    0.0039  0.0000   0.0039
 100.00   -0.3240 -0.4620   0.5643    0.0157 -0.0239   0.0286   -0.0011 -0.0103   0.0104   -0.0025 -0.0049   0.0054    0.0039  0.0000   0.0039
 102.00   -0.3171 -0.4667   0.5642    0.0158 -0.0233   0.0282   -0.0010 -0.0101   0.0102   -0.0023 -0.0049   0.0055    0.0039  0.0000   0.0039
 104.00   -0.3102 -0.4712   0.5641    0.0159 -0.0228   0.0278   -0.0010 -0.0100   0.0101   -0.0021 -0.0050   0.0054    0.0039  0.0000   0.0039
 106.00   -0.3032 -0.4756   0.5640    0.0160 -0.0223   0.0274   -0.0010 -0.0099   0.0100   -0.0018 -0.0049   0.0052    0.0039  0.0000   0.0039
 108.00   -0.2961 -0.4797   0.5637    0.0160 -0.0217   0.0270   -0.0010 -0.0100   0.0100   -0.0015 -0.0045   0.0047    0.0039  0.0000   0.0039
 110.00   -0.2890 -0.4837   0.5634    0.0160 -0.0212   0.0266   -0.0006 -0.0100   0.0100   -0.0023 -0.0047   0.0052    0.0039  0.0000   0.0039
 112.00   -0.2819 -0.4874   0.5631    0.0161 -0.0207   0.0262   -0.0005 -0.0099   0.0099   -0.0022 -0.0048   0.0053    0.0040  0.0000   0.0040
 114.00   -0.2748 -0.4910   0.5627    0.0161 -0.0202   0.0258   -0.0004 -0.0097   0.0097   -0.0020 -0.0049   0.0053    0.0040  0.0000   0.0040
 116.00   -0.2677 -0.4944   0.5623    0.0161 -0.0198   0.0255   -0.0004 -0.0096   0.0096   -0.0018 -0.0050   0.0053    0.0040  0.0000   0.0040
 118.00   -0.2605 -0.4977   0.5618    0.0161 -0.0193   0.0252   -0.0004 -0.0095   0.0095   -0.0015 -0.0049   0.0051    0.0040  0.0000   0.0040
 120.00   -0.2533 -0.5008   0.5612    0.0161 -0.0188   0.0248   -0.0002 -0.0097   0.0097   -0.0022 -0.0044   0.0049    0.0040  0.0000   0.0040
 122.00   -0.2462 -0.5036   0.5606    0.0161 -0.0184   0.0244   -0.0001 -0.0096   0.0096   -0.0021 -0.0046   0.0051    0.0041  0.0000   0.0041
 124.00   -0.2390 -0.5064   0.5599    0.0161 -0.0180   0.0241    0.0000 -0.0095   0.0095   -0.0020 -0.0048   0.0052    0.0041  0.0000   0.0041
 126.00   -0.2318 -0.5089   0.5592    0.0161 -0.0176   0.0238    0.0001 -0.0093   0.0093   -0.0018 -0.0049   0.0052    0.0041  0.0000   0.0041
 128.00   -0.2246 -0.5113   0.5585    0.0161 -0.0172   0.0235    0.0001 -0.0092   0.0092   -0.0016 -0.0049   0.0052    0.0041  0.0000   0.0041
 130.00   -0.2175 -0.5135   0.5577    0.0159 -0.0169   0.0231    0.0018 -0.0092   0.0094   -0.0034 -0.0061   0.0070    0.0041  0.0000   0.0041
 132.00   -0.2103 -0.5156   0.5569    0.0160 -0.0163   0.0229    0.0002 -0.0093   0.0093   -0.0019 -0.0043   0.0047    0.0041  0.0000   0.0041
 134.00   -0.2031 -0.5176   0.5560    0.0160 -0.0159   0.0226    0.0003 -0.0092   0.0092   -0.0019 -0.0045   0.0049    0.0042  0.0000   0.0042
 136.00   -0.1960 -0.5193   0.5551    0.0159 -0.0156   0.0223    0.0004 -0.0091   0.0091   -0.0018 -0.0047   0.0050    0.0042  0.0000   0.0042
 138.00   -0.1889 -0.5209   0.5541    0.0159 -0.0152   0.0220    0.0005 -0.0089   0.0089   -0.0016 -0.0048   0.0051    0.0042  0.0000   0.0042
 140.00   -0.1819 -0.5224   0.5532    0.0159 -0.0149   0.0218    0.0005 -0.0088   0.0088   -0.0014 -0.0049   0.0051    0.0042  0.0000   0.0042
 142.00   -0.1748 -0.5237   0.5521    0.0158 -0.0145   0.0215    0.0004 -0.0090   0.0090    0.0042  0.0000   0.0042   -0.0016 -0.0038   0.0041
 144.00   -0.1678 -0.5249   0.5511    0.0158 -0.0142   0.0212    0.0006 -0.0089   0.0089   -0.0017 -0.0041   0.0045    0.0043  0.0000   0.0043
 146.00   -0.1608 -0.5259   0.5500    0.0157 -0.0138   0.0209    0.0007 -0.0088   0.0089   -0.0017 -0.0043   0.0046    0.0043  0.0000   0.0043
 148.00   -0.1539 -0.5268   0.5488    0.0156 -0.0135   0.0207    0.0008 -0.0087   0.0088   -0.0016 -0.0045   0.0048    0.0043  0.0000   0.0043
 150.00   -0.1470 -0.5276   0.5477    0.0156 -0.0132   0.0204    0.0009 -0.0086   0.0086   -0.0015 -0.0046   0.0049    0.0043  0.0000   0.0043
