   0.00    0.9264  0.0000   0.9264   -0.2395  0.0000   0.2395    0.0676  0.0000   0.0676    0.0245  0.0000   0.0245    0.0139  0.0000   0.0139
   2.00    0.8199  0.3495   0.8913   -0.2416 -0.0006   0.2416    0.0609  0.0169   0.0633    0.0232  0.0039   0.0236    0.0137  0.0017   0.0138
   4.00    0.7300  0.4586   0.8621   -0.2436 -0.0009   0.2436    0.0563  0.0210   0.0601    0.0222  0.0051   0.0228    0.0134  0.0024   0.0136
   6.00    0.6512  0.5250   0.8365   -0.2457 -0.0012   0.2457    0.0528  0.0232   0.0576    0.0214  0.0057   0.0222    0.0132  0.0029   0.0135
   8.00    0.5806  0.5695   0.8133   -0.2478 -0.0014   0.2478    0.0500  0.0244   0.0557    0.0207  0.0061   0.0216    0.0130  0.0033   0.0134
  10.00    0.5166  0.6002   0.7919   -0.2500 -0.0015   0.2500    0.0478  0.0252   0.0540    0.0201  0.0064   0.0211    0.0127  0.0036   0.0132
  12.00    0.4581  0.6213   0.7719   -0.2522 -0.0017   0.2522    0.0459  0.0258   0.0526    0.0196  0.0065   0.0207    0.0125  0.0038   0.0131
  14.00    0.4042  0.6353   0.7530   -0.2544 -0.0017   0.2544    0.0442  0.0262   0.0514    0.0192  0.0066   0.0203    0.0123  0.0040   0.0130
  16.00    0.3544  0.6439   0.7350   -0.2567 -0.0018   0.2567    0.0428  0.0265   0.0503    0.0188  0.0067   0.0200    0.0121  0.0042   0.0128
  18.00    0.3082  0.6481   0.7177   -0.2591 -0.0018   0.2591    0.0415  0.0267   0.0494    0.0185  0.0067   0.0197    0.0119  0.0044   0.0127
  20.00    0.2653  0.6489   0.7010   -0.2615 -0.0019   0.2616    0.0404  0.0269   0.0485    0.0183  0.0067   0.0195    0.0118  0.0045   0.0126
  22.00    0.2254  0.6468   0.6849   -0.2641 -0.0018   0.2641    0.0394  0.0270   0.0477    0.0181  0.0067   0.0193    0.0116  0.0047   0.0125
  24.00    0.1882  0.6423   0.6693   -0.2667 -0.0018   0.2667    0.0384  0.0271   0.0470    0.0178  0.0067   0.0191    0.0114  0.0048   0.0124
  26.00    0.1535  0.6358   0.6541   -0.2694 -0.0017   0.2694    0.0376  0.0272   0.0463    0.0177  0.0067   0.0189    0.0113  0.0049   0.0123
  28.00    0.1212  0.6276   0.6392   -0.2722 -0.0016   0.2722    0.0367  0.0272   0.0457    0.0175  0.0067   0.0188    0.0111  0.0049   0.0122
  30.00    0.0911  0.6179   0.6246   -0.2751 -0.0015   0.2751    0.0360  0.0272   0.0451    0.0174  0.0067   0.0186    0.0110  0.0050   0.0121
  32.00    0.0630  0.6071   0.6103   -0.2781 -0.0014   0.2781    0.0353  0.0273   0.0446    0.0173  0.0067   0.0185    0.0109  0.0051   0.0120
  34.00    0.0370  0.5952   0.5963   -0.2813 -0.0012   0.2813    0.0346  0.0273   0.0441    0.0172  0.0067   0.0184    0.0107  0.0051   0.0119
  36.00    0.0127  0.5824   0.5825   -0.2846 -0.0011   0.2846    0.0341  0.0273   0.0437    0.0171  0.0067   0.0184    0.0106  0.0051   0.0118
  38.00   -0.0098  0.5688   0.5689   -0.2881 -0.0009   0.2881    0.0335  0.0273   0.0432    0.0170  0.0068   0.0183    0.0105  0.0052   0.0118
  40.00   -0.0305  0.5545   0.5554   -0.2917 -0.0007   0.2917    0.0329  0.0273   0.0427    0.0169  0.0068   0.0182    0.0104  0.0053   0.0117
  42.00   -0.0497  0.5398   0.5421   -0.2955 -0.0005   0.2955    0.0324  0.0273   0.0424    0.0168  0.0068   0.0181    0.0103  0.0053   0.0116
  44.00   -0.0673  0.5245   0.5288   -0.2996 -0.0003   0.2996    0.0319  0.0273   0.0420    0.0167  0.0068   0.0180    0.0102  0.0054   0.0116
  46.00   -0.0834  0.5089   0.5157   -0.3038 -0.0002   0.3038    0.0314  0.0272   0.0416    0.0166  0.0068   0.0180    0.0101  0.0054   0.0115
  48.00   -0.0980  0.4931   0.5027   -0.3083 -0.0001   0.3083    0.0310  0.0272   0.0412    0.0166  0.0068   0.0179    0.0100  0.0055   0.0114
  50.00   -0.1113  0.4770   0.4898   -0.3131 -0.0000   0.3131    0.0305  0.0272   0.0409    0.0165  0.0068   0.0179    0.0100  0.0055   0.0114
  52.00   -0.1231  0.4607   0.4769   -0.3182 -0.0000   0.3182    0.0301  0.0272   0.0406    0.0165  0.0068   0.0178    0.0099  0.0055   0.0113
  54.00   -0.1336  0.4444   0.4640   -0.3235 -0.0001   0.3235    0.0297  0.0271   0.0402    0.0164  0.0069   0.0178    0.0098  0.0056   0.0113
  56.00   -0.1427  0.4281   0.4513   -0.3292 -0.0004   0.3292    0.0294  0.0271   0.0400    0.0164  0.0069   0.0178    0.0097  0.0055   0.0112
  58.00   -0.1505  0.4119   0.4385   -0.3353 -0.0009   0.3353    0.0290  0.0271   0.0397    0.0163  0.0069   0.0177    0.0097  0.0056   0.0112
  60.00   -0.1571  0.3959   0.4259   -0.3417 -0.0016   0.3417    0.0286  0.0270   0.0394    0.0163  0.0069   0.0177    0.0096  0.0056   0.0112
  62.00   -0.1624  0.3801   0.4133   -0.3485 -0.0026   0.3485    0.0283  0.0270   0.0391    0.0162  0.0069   0.0176    0.0095  0.0057   0.0111
  64.00   -0.1665  0.3647   0.4009   -0.3556 -0.0040   0.3557    0.0280  0.0270   0.0388    0.0162  0.0069   0.0176    0.0095  0.0056   0.0110
  66.00   -0.1695  0.3498   0.3887   -0.3631 -0.0059   0.3632    0.0276  0.0269   0.0386    0.0161  0.0070   0.0176    0.0094  0.0057   0.0110
  68.00   -0.1714  0.3354   0.3767   -0.3709 -0.0083   0.3710    0.0273  0.0269   0.0383    0.0161  0.0070   0.0176    0.0094  0.0057   0.0110
  70.00   -0.1723  0.3217   0.3650   -0.3789 -0.0113   0.3791    0.0270  0.0268   0.0381    0.0161  0.0070   0.0175    0.0093  0.0058   0.0110
  72.00   -0.1725  0.3088   0.3537   -0.3871 -0.0149   0.3874    0.0268  0.0268   0.0379    0.0160  0.0070   0.0175    0.0092  0.0057   0.0109
  74.00   -0.3953 -0.0193   0.3958   -0.1718  0.2966   0.3428    0.0265  0.0268   0.0376    0.0160  0.0071   0.0175    0.0092  0.0058   0.0108
  76.00   -0.4035 -0.0243   0.4042   -0.1706  0.2852   0.3324    0.0262  0.0267   0.0374    0.0160  0.0071   0.0175    0.0091  0.0058   0.0108
  78.00   -0.4115 -0.0301   0.4126   -0.1690  0.2746   0.3225    0.0259  0.0267   0.0372    0.0159  0.0071   0.0174    0.0091  0.0059   0.0108
  80.00   -0.4192 -0.0365   0.4208   -0.1670  0.2649   0.3131    0.0257  0.0266   0.0370    0.0159  0.0071   0.0174    0.0090  0.0058   0.0107
  82.00   -0.4266 -0.0436   0.4289   -0.1647  0.2558   0.3043    0.0255  0.0266   0.0368    0.0159  0.0071   0.0174    0.0089  0.0059   0.0107
  84.00   -0.4337 -0.0512   0.4367   -0.1624  0.2475   0.2960    0.0252  0.0265   0.0366    0.0158  0.0072   0.0174    0.0089  0.0059   0.0107
  86.00   -0.4403 -0.0593   0.4442   -0.1599  0.2398   0.2882    0.0250  0.0265   0.0364    0.0158  0.0072   0.0174    0.0089  0.0059   0.0107
  88.00   -0.4464 -0.0678   0.4515   -0.1573  0.2327   0.2809    0.0248  0.0265   0.0362    0.0158  0.0072   0.0173    0.0088  0.0060   0.0107
  90.00   -0.4520 -0.0766   0.4585   -0.1548  0.2261   0.2740    0.0246  0.0264   0.0361    0.0158  0.0072   0.0173    0.0087  0.0060   0.0106
  92.00   -0.4571 -0.0858   0.4651   -0.1523  0.2199   0.2676    0.0243  0.0264   0.0359    0.0157  0.0073   0.0173    0.0087  0.0060   0.0105
  94.00   -0.4618 -0.0952   0.4715   -0.1499  0.2142   0.2615    0.0241  0.0263   0.0357    0.0157  0.0073   0.0173    0.0087  0.0060   0.0105
  96.00   -0.4659 -0.1048   0.4776   -0.1475  0.2089   0.2557    0.0239  0.0263   0.0355    0.0157  0.0073   0.0173    0.0086  0.0060   0.0105
  98.00   -0.4696 -0.1145   0.4833   -0.1452  0.2039   0.2503    0.0237  0.0262   0.0354    0.0157  0.0073   0.0173    0.0086  0.0061   0.0105
 100.00   -0.4728 -0.1244   0.4889   -0.1430  0.1992   0.2452    0.0236  0.0262   0.0352    0.0156  0.0073   0.0173    0.0085  0.0060   0.0104
 102.00   -0.4755 -0.1343   0.4941   -0.1409  0.1948   0.2404    0.0234  0.0261   0.0351    0.0156  0.0074   0.0173    0.0084  0.0061   0.0104
 104.00   -0.4778 -0.1443   0.4991   -0.1388  0.1906   0.2358    0.0232  0.0261   0.0349    0.0156  0.0074   0.0173    0.0084  0.0061   0.0104
 106.00   -0.4796 -0.1543   0.5039   -0.1368  0.1867   0.2315    0.0230  0.0261   0.0348    0.0156  0.0074   0.0173    0.0084  0.0061   0.0104
 108.00   -0.4811 -0.1643   0.5084   -0.1349  0.1830   0.2273    0.0228  0.0260   0.0346    0.0155  0.0075   0.0172    0.0084  0.0061   0.0104
 110.00   -0.4821 -0.1743   0.5127   -0.1330  0.1794   0.2234    0.0227  0.0260   0.0345    0.0155  0.0075   0.0172    0.0082  0.0061   0.0103
 112.00   -0.4828 -0.1842   0.5168   -0.1312  0.1761   0.2196    0.0225  0.0259   0.0343    0.0155  0.0075   0.0172    0.0082  0.0061   0.0103
 114.00   -0.4831 -0.1941   0.5206   -0.1295  0.1728   0.2160    0.0224  0.0259   0.0342    0.0155  0.0075   0.0172    0.0082  0.0061   0.0102
 116.00   -0.4830 -0.2039   0.5243   -0.1278  0.1698   0.2125    0.0222  0.0259   0.0341    0.0155  0.0076   0.0172    0.0082  0.0062   0.0102
 118.00   -0.4827 -0.2137   0.5278   -0.1262  0.1668   0.2092    0.0220  0.0258   0.0340    0.0154  0.0076   0.0172    0.0081  0.0062   0.0102
 120.00   -0.4819 -0.2233   0.5312   -0.1247  0.1640   0.2060    0.0219  0.0258   0.0338    0.0154  0.0076   0.0172    0.0080  0.0062   0.0102
 122.00   -0.4809 -0.2329   0.5343   -0.1232  0.1613   0.2030    0.0217  0.0257   0.0337    0.0154  0.0076   0.0172    0.0080  0.0062   0.0101
 124.00   -0.4796 -0.2423   0.5373   -0.1218  0.1587   0.2001    0.0216  0.0257   0.0336    0.0154  0.0076   0.0172    0.0080  0.0062   0.0101
 126.00   -0.4780 -0.2517   0.5402   -0.1204  0.1562   0.1972    0.0215  0.0257   0.0335    0.0154  0.0077   0.0172    0.0079  0.0062   0.0101
 128.00   -0.4761 -0.2609   0.5429   -0.1190  0.1538   0.1945    0.0213  0.0257   0.0334    0.0154  0.0077   0.0172    0.0079  0.0062   0.0101
 130.00   -0.4740 -0.2699   0.5455   -0.1178  0.1515   0.1919    0.0212  0.0256   0.0333    0.0154  0.0077   0.0172    0.0079  0.0062   0.0101
 132.00   -0.4716 -0.2789   0.5479   -0.1165  0.1493   0.1894    0.0211  0.0256   0.0331    0.0153  0.0077   0.0172    0.0078  0.0063   0.0100
 134.00   -0.4690 -0.2877   0.5502   -0.1153  0.1471   0.1869    0.0209  0.0255   0.0330    0.0153  0.0078   0.0172    0.0077  0.0063   0.0100
 136.00   -0.4661 -0.2963   0.5523   -0.1141  0.1451   0.1845    0.0208  0.0255   0.0329    0.0153  0.0078   0.0172    0.0077  0.0063   0.0100
 138.00   -0.4631 -0.3049   0.5544   -0.1129  0.1430   0.1823    0.0207  0.0255   0.0328    0.0153  0.0078   0.0172    0.0077  0.0063   0.0099
 140.00   -0.4598 -0.3132   0.5563   -0.1118  0.1411   0.1800    0.0206  0.0255   0.0327    0.0153  0.0079   0.0172    0.0077  0.0063   0.0099
 142.00   -0.4563 -0.3214   0.5581   -0.1107  0.1392   0.1779    0.0204  0.0254   0.0326    0.0152  0.0079   0.0171    0.0076  0.0064   0.0099
 144.00   -0.4527 -0.3295   0.5599   -0.1097  0.1374   0.1758    0.0203  0.0254   0.0325    0.0152  0.0079   0.0171    0.0075  0.0064   0.0099
 146.00   -0.4488 -0.3374   0.5615   -0.1087  0.1356   0.1738    0.0202  0.0253   0.0324    0.0152  0.0079   0.0171    0.0075  0.0064   0.0099
 148.00   -0.4448 -0.3451   0.5630   -0.1077  0.1339   0.1718    0.0201  0.0253   0.0323    0.0152  0.0080   0.0172    0.0075  0.0064   0.0098
 150.00   -0.4406 -0.3527   0.5644   -0.1067  0.1322   0.1699    0.0200  0.0253   0.0322    0.0152  0.0080   0.0172    0.0075  0.0064   0.0098
