   0.00   -0.4567  0.0000   0.4567   -0.0386  0.0000   0.0386    0.0118  0.0000   0.0118   -0.0098  0.0000   0.0098    0.0047  0.0000   0.0047
   2.00   -0.4740 -0.0051   0.4740   -0.0454 -0.0065   0.0458   -0.0108 -0.0016   0.0110    0.0119  0.0000   0.0119   -0.0043 -0.0005   0.0044
   4.00   -0.4892 -0.0140   0.4894   -0.0467 -0.0146   0.0489   -0.0107 -0.0029   0.0111    0.0119  0.0000   0.0119   -0.0043 -0.0009   0.0044
   6.00   -0.5024 -0.0248   0.5030   -0.0453 -0.0214   0.0501   -0.0104 -0.0038   0.0111    0.0120  0.0000   0.0120   -0.0042 -0.0011   0.0044
   8.00   -0.5138 -0.0366   0.5151   -0.0426 -0.0267   0.0503   -0.0100 -0.0044   0.0110    0.0120  0.0000   0.0120   -0.0041 -0.0013   0.0043
  10.00   -0.5237 -0.0490   0.5260   -0.0394 -0.0307   0.0499    0.0121  0.0000   0.0121   -0.0096 -0.0050   0.0108    0.0047  0.0000   0.0047
  12.00   -0.5323 -0.0617   0.5359   -0.0360 -0.0337   0.0493    0.0122  0.0000   0.0122   -0.0092 -0.0054   0.0107    0.0047  0.0000   0.0047
  14.00   -0.5398 -0.0747   0.5449   -0.0326 -0.0360   0.0485    0.0122  0.0000   0.0122   -0.0088 -0.0057   0.0105    0.0047  0.0000   0.0047
  16.00   -0.5463 -0.0877   0.5533   -0.0293 -0.0376   0.0477    0.0123  0.0000   0.0123   -0.0085 -0.0060   0.0104    0.0048  0.0000   0.0048
  18.00   -0.5520 -0.1008   0.5611   -0.0262 -0.0387   0.0467    0.0123  0.0000   0.0123   -0.0081 -0.0062   0.0102    0.0048  0.0000   0.0048
  20.00   -0.5568 -0.1139   0.5684   -0.0232 -0.0395   0.0458    0.0124  0.0000   0.0124   -0.0078 -0.0064   0.0101    0.0048  0.0000   0.0048
  22.00   -0.5610 -0.1270   0.5752   -0.0204 -0.0399   0.0448    0.0125  0.0000   0.0125   -0.0075 -0.0066   0.0100    0.0048  0.0000   0.0048
  24.00   -0.5646 -0.1400   0.5817   -0.0178 -0.0401   0.0439    0.0125  0.0000   0.0125   -0.0072 -0.0067   0.0098    0.0048  0.0000   0.0048
  26.00   -0.5675 -0.1530   0.5877   -0.0154 -0.0401   0.0429    0.0126  0.0000   0.0126   -0.0069 -0.0068   0.0097    0.0048  0.0000   0.0048
  28.00   -0.5698 -0.1659   0.5935   -0.0132 -0.0399   0.0420    0.0126  0.0000   0.0126   -0.0066 -0.0069   0.0096    0.0048  0.0000   0.0048
  30.00   -0.5717 -0.1787   0.5989   -0.0111 -0.0395   0.0411    0.0127  0.0000   0.0127   -0.0063 -0.0070   0.0094    0.0048  0.0000   0.0048
  32.00   -0.5730 -0.1914   0.6041   -0.0091 -0.0391   0.0402    0.0128  0.0000   0.0128   -0.0061 -0.0071   0.0093    0.0048  0.0000   0.0048
  34.00   -0.5739 -0.2040   0.6090   -0.0074 -0.0386   0.0393    0.0129  0.0000   0.0129   -0.0058 -0.0071   0.0092    0.0048  0.0000   0.0048
  36.00   -0.5743 -0.2165   0.6137   -0.0057 -0.0380   0.0385    0.0129  0.0000   0.0129   -0.0056 -0.0072   0.0091    0.0048  0.0000   0.0048
  38.00   -0.5742 -0.2288   0.6182   -0.0042 -0.0374   0.0376    0.0130  0.0000   0.0130   -0.0054 -0.0072   0.0090    0.0049  0.0000   0.0049
  40.00   -0.5738 -0.2411   0.6224   -0.0028 -0.0367   0.0368    0.0131  0.0000   0.0131   -0.0052 -0.0072   0.0089    0.0049  0.0000   0.0049
  42.00   -0.5730 -0.2532   0.6264   -0.0015 -0.0360   0.0361    0.0131  0.0000   0.0131   -0.0050 -0.0072   0.0088    0.0049  0.0000   0.0049
  44.00   -0.5718 -0.2651   0.6303   -0.0002 -0.0353   0.0353    0.0132  0.0000   0.0132   -0.0048 -0.0073   0.0087    0.0049  0.0000   0.0049
  46.00   -0.5702 -0.2769   0.6339    0.0009 -0.0345   0.0345    0.0133  0.0000   0.0133   -0.0046 -0.0073   0.0086    0.0049  0.0000   0.0049
  48.00   -0.5683 -0.2886   0.6374    0.0019 -0.0337   0.0338    0.0134  0.0000   0.0134   -0.0044 -0.0073   0.0085    0.0049  0.0000   0.0049
  50.00   -0.5661 -0.3001   0.6407    0.0028 -0.0330   0.0331    0.0135  0.0000   0.0135   -0.0043 -0.0072   0.0084    0.0049  0.0000   0.0049
  52.00   -0.5635 -0.3114   0.6438    0.0037 -0.0322   0.0324    0.0136  0.0000   0.0136   -0.0041 -0.0073   0.0084    0.0049  0.0000   0.0049
  54.00   -0.5606 -0.3226   0.6468    0.0045 -0.0314   0.0317    0.0136  0.0000   0.0136   -0.0040 -0.0073   0.0083    0.0049  0.0000   0.0049
  56.00   -0.5575 -0.3335   0.6496    0.0053 -0.0307   0.0311    0.0137  0.0000   0.0137   -0.0038 -0.0072   0.0082    0.0049  0.0000   0.0049
  58.00   -0.5540 -0.3444   0.6523    0.0059 -0.0299   0.0305    0.0138  0.0000   0.0138   -0.0037 -0.0072   0.0081    0.0049  0.0000   0.0049
  60.00   -0.5503 -0.3550   0.6549    0.0066 -0.0291   0.0298    0.0139  0.0000   0.0139   -0.0036 -0.0072   0.0080    0.0050  0.0000   0.0050
  62.00   -0.5464 -0.3654   0.6573    0.0071 -0.0283   0.0292    0.0140  0.0000   0.0140   -0.0034 -0.0072   0.0080    0.0050  0.0000   0.0050
  64.00   -0.5421 -0.3757   0.6596    0.0077 -0.0276   0.0287    0.0141  0.0001   0.0141   -0.0033 -0.0071   0.0078    0.0050  0.0000   0.0050
  66.00   -0.5377 -0.3857   0.6617    0.0081 -0.0269   0.0281    0.0142  0.0001   0.0142   -0.0032 -0.0071   0.0078    0.0050  0.0000   0.0050
  68.00   -0.5330 -0.3956   0.6637    0.0086 -0.0261   0.0275    0.0143  0.0001   0.0143   -0.0030 -0.0071   0.0077    0.0050  0.0000   0.0050
  70.00   -0.5281 -0.4053   0.6657    0.0090 -0.0254   0.0269    0.0144  0.0001   0.0144   -0.0029 -0.0071   0.0077    0.0050  0.0000   0.0050
  72.00   -0.5229 -0.4148   0.6674    0.0093 -0.0247   0.0264    0.0145  0.0001   0.0145   -0.0028 -0.0070   0.0075    0.0050  0.0000   0.0050
  74.00   -0.5176 -0.4240   0.6691    0.0096 -0.0240   0.0259    0.0146  0.0001   0.0146   -0.0027 -0.0070   0.0075    0.0050  0.0000   0.0050
  76.00   -0.5121 -0.4331   0.6707    0.0099 -0.0234   0.0254    0.0148  0.0001   0.0148   -0.0026 -0.0070   0.0074    0.0050  0.0000   0.0050
  78.00   -0.5064 -0.4420   0.6721    0.0102 -0.0227   0.0249    0.0149  0.0001   0.0149   -0.0025 -0.0070   0.0074    0.0050  0.0000   0.0050
  80.00   -0.5005 -0.4507   0.6735    0.0104 -0.0220   0.0243    0.0150  0.0002   0.0150   -0.0023 -0.0069   0.0073    0.0051  0.0000   0.0051
  82.00   -0.4945 -0.4591   0.6747    0.0106 -0.0214   0.0239    0.0151  0.0002   0.0151   -0.0023 -0.0068   0.0072    0.0051  0.0000   0.0051
  84.00   -0.4883 -0.4674   0.6759    0.0107 -0.0208   0.0234    0.0152  0.0002   0.0153   -0.0022 -0.0068   0.0072    0.0051  0.0000   0.0051
  86.00   -0.4819 -0.4754   0.6770    0.0109 -0.0202   0.0229    0.0154  0.0002   0.0154   -0.0021 -0.0068   0.0071    0.0051  0.0000   0.0051
  88.00   -0.4754 -0.4833   0.6779    0.0110 -0.0196   0.0225    0.0155  0.0003   0.0155   -0.0020 -0.0068   0.0071    0.0051  0.0000   0.0051
  90.00   -0.4688 -0.4909   0.6788    0.0111 -0.0190   0.0220    0.0157  0.0003   0.0157   -0.0019 -0.0067   0.0070    0.0051  0.0000   0.0051
  92.00   -0.4620 -0.4983   0.6796    0.0111 -0.0185   0.0216    0.0158  0.0004   0.0158   -0.0018 -0.0067   0.0069    0.0051  0.0000   0.0051
  94.00   -0.4552 -0.5056   0.6803    0.0112 -0.0179   0.0211    0.0159  0.0004   0.0160   -0.0018 -0.0066   0.0069    0.0051  0.0000   0.0051
  96.00   -0.4482 -0.5126   0.6809    0.0112 -0.0174   0.0207    0.0161  0.0005   0.0161   -0.0017 -0.0066   0.0068    0.0051  0.0000   0.0051
  98.00   -0.4411 -0.5194   0.6814    0.0112 -0.0169   0.0203    0.0162  0.0005   0.0163   -0.0017 -0.0065   0.0067    0.0052  0.0000   0.0052
 100.00   -0.4339 -0.5260   0.6819    0.0112 -0.0164   0.0199    0.0164  0.0006   0.0164   -0.0015 -0.0065   0.0067    0.0052  0.0000   0.0052
 102.00   -0.4266 -0.5324   0.6823    0.0112 -0.0159   0.0195    0.0166  0.0006   0.0166   -0.0014 -0.0065   0.0066    0.0052  0.0000   0.0052
 104.00   -0.4192 -0.5386   0.6826    0.0112 -0.0155   0.0191    0.0167  0.0007   0.0167   -0.0014 -0.0064   0.0066    0.0052  0.0000   0.0052
 106.00   -0.4118 -0.5447   0.6828    0.0111 -0.0151   0.0187    0.0169  0.0008   0.0169   -0.0013 -0.0064   0.0065    0.0052  0.0000   0.0052
 108.00   -0.4043 -0.5505   0.6830    0.0111 -0.0146   0.0184    0.0170  0.0009   0.0171   -0.0013 -0.0064   0.0066    0.0052  0.0000   0.0052
 110.00   -0.3967 -0.5561   0.6830    0.0110 -0.0142   0.0180    0.0172  0.0010   0.0172   -0.0011 -0.0064   0.0065    0.0052  0.0000   0.0052
 112.00   -0.3890 -0.5615   0.6831    0.0109 -0.0139   0.0177    0.0173  0.0011   0.0174   -0.0011 -0.0063   0.0064    0.0052  0.0000   0.0052
 114.00   -0.3813 -0.5667   0.6830    0.0108 -0.0135   0.0173    0.0175  0.0012   0.0175   -0.0010 -0.0063   0.0063    0.0052  0.0000   0.0052
 116.00   -0.3735 -0.5717   0.6829    0.0176  0.0014   0.0177    0.0108 -0.0132   0.0170   -0.0010 -0.0062   0.0063    0.0053  0.0000   0.0053
 118.00   -0.3657 -0.5765   0.6827    0.0178  0.0015   0.0179    0.0107 -0.0129   0.0167   -0.0010 -0.0062   0.0063    0.0053  0.0000   0.0053
 120.00   -0.3578 -0.5811   0.6825    0.0179  0.0016   0.0180    0.0106 -0.0125   0.0164   -0.0009 -0.0062   0.0063    0.0053  0.0000   0.0053
 122.00   -0.3500 -0.5856   0.6822    0.0181  0.0018   0.0182    0.0105 -0.0122   0.0161   -0.0008 -0.0062   0.0062    0.0053  0.0000   0.0053
 124.00   -0.3420 -0.5898   0.6818    0.0182  0.0020   0.0183    0.0104 -0.0120   0.0158   -0.0007 -0.0061   0.0061    0.0053  0.0000   0.0053
 126.00   -0.3341 -0.5939   0.6814    0.0183  0.0021   0.0185    0.0103 -0.0117   0.0156   -0.0007 -0.0060   0.0061    0.0053  0.0000   0.0053
 128.00   -0.3261 -0.5978   0.6809    0.0185  0.0023   0.0186    0.0102 -0.0114   0.0153   -0.0007 -0.0060   0.0060    0.0053  0.0000   0.0053
 130.00   -0.3181 -0.6015   0.6804    0.0186  0.0024   0.0187    0.0101 -0.0112   0.0151   -0.0008 -0.0061   0.0061    0.0053  0.0000   0.0053
 132.00   -0.3101 -0.6050   0.6798    0.0187  0.0026   0.0189    0.0100 -0.0110   0.0148   -0.0006 -0.0060   0.0060    0.0054  0.0000   0.0054
 134.00   -0.3021 -0.6083   0.6792    0.0188  0.0028   0.0190    0.0099 -0.0107   0.0146   -0.0005 -0.0060   0.0060    0.0054  0.0000   0.0054
 136.00   -0.2941 -0.6115   0.6785    0.0189  0.0030   0.0191    0.0098 -0.0105   0.0144   -0.0005 -0.0059   0.0059    0.0054  0.0000   0.0054
 138.00   -0.2861 -0.6145   0.6778    0.0190  0.0032   0.0192    0.0097 -0.0103   0.0142   -0.0004 -0.0058   0.0059    0.0054  0.0000   0.0054
 140.00   -0.2780 -0.6173   0.6770    0.0190  0.0033   0.0193    0.0096 -0.0102   0.0140   -0.0004 -0.0058   0.0058    0.0054  0.0000   0.0054
 142.00   -0.2700 -0.6200   0.6762    0.0191  0.0035   0.0194    0.0095 -0.0100   0.0138   -0.0003 -0.0058   0.0058    0.0054  0.0000   0.0054
 144.00   -0.2620 -0.6225   0.6754    0.0192  0.0037   0.0195    0.0094 -0.0098   0.0136   -0.0003 -0.0058   0.0058    0.0054  0.0000   0.0054
 146.00   -0.2540 -0.6248   0.6744    0.0192  0.0039   0.0196    0.0093 -0.0096   0.0134   -0.0003 -0.0058   0.0058    0.0054  0.0000   0.0054
 148.00   -0.2460 -0.6269   0.6735    0.0193  0.0041   0.0197    0.0092 -0.0095   0.0132   -0.0002 -0.0057   0.0057    0.0055  0.0000   0.0055
 150.00   -0.2381 -0.6289   0.6725    0.0193  0.0043   0.0198    0.0091 -0.0093   0.0130   -0.0002 -0.0056   0.0056    0.0055  0.0000   0.0055
