This is pdfTeX, Version 3.14159265-2.6-1.40.18 (TeX Live 2017) (preloaded format=pdflatex 2017.5.23)  27 SEP 2018 09:15
entering extended mode
 restricted \write18 enabled.
 file:line:error style messages enabled.
 %&-line parsing enabled.
**Magnus_notes.tex
(./Magnus_notes.tex
LaTeX2e <2017-04-15>
Babel <3.10> and hyphenation patterns for 84 language(s) loaded.
(/usr/local/texlive/2017/texmf-dist/tex/latex/revtex/revtex4-1.cls
Document Class: revtex4-1 2010/07/25/20:33:00 4.1r (http://publish.aps.org/revt
ex4/ for documentation)
 Copyright (c) 2009 The American Physical Society.
 mailto:revtex@aps.org
 Licensed under the LPPL:
http://www.ctan.org/tex-archive/macros/latex/base/lppl.txt
 Arthur Ogawa <arthur_ogawa at sbcglobal dot net>
 Based on work by David Carlisle <david at dcarlisle.demon.co.uk>.
ltxutil[2010/07/25/20:33:00 4.1r utilities package (portions licensed from W. E
. Baxter web at superscript.com)]
LaTeX Info: Redefining \@centercr on input line 308.
Class revtex4-1 Info: Repairing broken LaTeX eqnarray on input line 358.
\eqncolsep=\skip41
Class revtex4-1 Info: Repairing hyperref-unfriendly LaTeX definition of \mpfoot
note on input line 433.
Class revtex4-1 Info: Repairing broken LateX \@sect on input line 755.
\intertabularlinepenalty=\count79
\@tbpen=\count80
\@arstrutbox@hline=\box26
Class revtex4-1 Info: Repairing broken LaTeX \@xbitor on input line 1786.
Class revtex4-1 Info: Making \typeout \long on input line 2046.
ltxfront[2010/07/25/20:33:00 4.1r frontmatter package (AO,DPC)]
\c@affil=\count81
\c@collab=\count82
\absbox=\box27
ltxgrid[2010/07/25/20:33:00 4.1r page grid package (portions licensed from W. E
. Baxter web at superscript.com)]
\c@linecount=\count83
\output@latex=\toks14
\box@size@1=\box28
\box@size@2=\box29
\@protection@box=\box30
\@topmark@saved=\toks15
\footins@saved=\box31
\footins@recovered=\box32
\column@recovered=\box33
\pagesofar=\box34
\footsofar=\box35
\pagegrid@col=\count84
Class revtex4-1 Info: Overriding \@vspace, \@vspacer, \@no@pgbk, \@newline, and
 \\  on input line 5578.
\c@part=\count85
\c@section=\count86
\c@subsection=\count87
\c@subsubsection=\count88
\c@paragraph=\count89
\c@subparagraph=\count90
\abovecaptionskip=\skip42
\belowcaptionskip=\skip43
\c@figure=\count91
\fbox@1=\box36
\c@table=\count92
\fbox@2=\box37
\c@video=\count93
\fbox@4=\box38
\@bibdataout=\write3
\widetext@top=\box39
\widetext@bot=\box40
Class revtex4-1 Info: Selecting society aps on input line 7542.
(/usr/local/texlive/2017/texmf-dist/tex/latex/revtex/aps4-1.rtx
File: aps4-1 2010/07/25/20:33:00 4.1r (http://publish.aps.org/revtex4/ for docu
mentation)
Class revtex4-1 Info: RevTeX society APS selected on input line 31.
)
Class revtex4-1 Info: Selecting journal prc on input line 7544.
Class revtex4-1 Info: APS journal PRC selected on input line 7545.

(/usr/local/texlive/2017/texmf-dist/tex/latex/revtex/aps12pt4-1.rtx
File: aps12pt4-1 2010/07/25/20:33:00 4.1r (http://publish.aps.org/revtex4/ for 
documentation)
Class revtex4-1 Info: RevTeX pointsize 12pt selected on input line 30.
)
(/usr/local/texlive/2017/texmf-dist/tex/latex/textcase/textcase.sty
Package: textcase 2004/10/07 v0.07 Text only upper/lower case changing (DPC)
)
(/usr/local/texlive/2017/texmf-dist/tex/latex/url/url.sty
\Urlmuskip=\muskip10
Package: url 2013/09/16  ver 3.4  Verb mode for urls, etc.
)
(/usr/local/texlive/2017/texmf-dist/tex/latex/natbib/natbib.sty
Package: natbib 2010/09/13 8.31b (PWD, AO)
\bibhang=\skip44
\bibsep=\skip45
LaTeX Info: Redefining \cite on input line 694.
\c@NAT@ctr=\count94
)
Class revtex4-1 Info: Repairing natbib's \BibitemShut on input line 7549.

(/usr/local/texlive/2017/texmf-dist/tex/latex/revtex/revsymb4-1.sty
Package: revsymb4-1 2010/07/25/20:33:00 4.1r (http://publish.aps.org/revtex4/ f
or documentation)
LaTeX Info: Redefining \REV@mathfrak on input line 119.
))
(/usr/local/texlive/2017/texmf-dist/tex/latex/amsmath/amsmath.sty
Package: amsmath 2016/11/05 v2.16a AMS math features
\@mathmargin=\skip46

For additional information on amsmath, use the `?' option.
(/usr/local/texlive/2017/texmf-dist/tex/latex/amsmath/amstext.sty
Package: amstext 2000/06/29 v2.01 AMS text

(/usr/local/texlive/2017/texmf-dist/tex/latex/amsmath/amsgen.sty
File: amsgen.sty 1999/11/30 v2.0 generic functions
\@emptytoks=\toks16
\ex@=\dimen102
)
LaTeX Info: Redefining \text on input line 28.
)
(/usr/local/texlive/2017/texmf-dist/tex/latex/amsmath/amsbsy.sty
Package: amsbsy 1999/11/29 v1.2d Bold Symbols
\pmbraise@=\dimen103
)
(/usr/local/texlive/2017/texmf-dist/tex/latex/amsmath/amsopn.sty
Package: amsopn 2016/03/08 v2.02 operator names
)
\inf@bad=\count95
LaTeX Info: Redefining \frac on input line 213.
\uproot@=\count96
\leftroot@=\count97
LaTeX Info: Redefining \overline on input line 375.
\classnum@=\count98
\DOTSCASE@=\count99
LaTeX Info: Redefining \ldots on input line 472.
LaTeX Info: Redefining \dots on input line 475.
LaTeX Info: Redefining \cdots on input line 596.
\Mathstrutbox@=\box41
\strutbox@=\box42
\big@size=\dimen104
LaTeX Font Info:    Redeclaring font encoding OML on input line 712.
LaTeX Font Info:    Redeclaring font encoding OMS on input line 713.
\macc@depth=\count100
\c@MaxMatrixCols=\count101
\dotsspace@=\muskip11
\c@parentequation=\count102
\dspbrk@lvl=\count103
\tag@help=\toks17
\row@=\count104
\column@=\count105
\maxfields@=\count106
\andhelp@=\toks18
\eqnshift@=\dimen105
\alignsep@=\dimen106
\tagshift@=\dimen107
\tagwidth@=\dimen108
\totwidth@=\dimen109
\lineht@=\dimen110
\@envbody=\toks19
\multlinegap=\skip47
\multlinetaggap=\skip48
\mathdisplay@stack=\toks20
LaTeX Info: Redefining \[ on input line 2817.
LaTeX Info: Redefining \] on input line 2818.
)
(/usr/local/texlive/2017/texmf-dist/tex/latex/amsfonts/amsfonts.sty
Package: amsfonts 2013/01/14 v3.01 Basic AMSFonts support
\symAMSa=\mathgroup4
\symAMSb=\mathgroup5
LaTeX Font Info:    Overwriting math alphabet `\mathfrak' in version `bold'
(Font)                  U/euf/m/n --> U/euf/b/n on input line 106.
LaTeX Info: Redefining \frak on input line 111.
LaTeX Info: Redefining \Bbb on input line 113.
)
(/usr/local/texlive/2017/texmf-dist/tex/latex/amsfonts/amssymb.sty
Package: amssymb 2013/01/14 v3.01 AMS font symbols
)
(/usr/local/texlive/2017/texmf-dist/tex/latex/tools/bm.sty
Package: bm 2017/01/16 v1.2c Bold Symbol Support (DPC/FMi)
\symboldoperators=\mathgroup6
\symboldletters=\mathgroup7
\symboldsymbols=\mathgroup8
LaTeX Font Info:    Redeclaring math alphabet \mathbf on input line 141.
LaTeX Info: Redefining \bm on input line 207.
)
(/usr/local/texlive/2017/texmf-dist/tex/latex/tools/enumerate.sty
Package: enumerate 2015/07/23 v3.00 enumerate extensions (DPC)
\@enLab=\toks21
)
(/usr/local/texlive/2017/texmf-dist/tex/latex/float/float.sty
Package: float 2001/11/08 v1.3d Float enhancements (AL)
\c@float@type=\count107
\float@exts=\toks22
\float@box=\box43
\@float@everytoks=\toks23
\@floatcapt=\box44
)
(/usr/local/texlive/2017/texmf-dist/tex/latex/graphics/graphicx.sty
Package: graphicx 2014/10/28 v1.0g Enhanced LaTeX Graphics (DPC,SPQR)

(/usr/local/texlive/2017/texmf-dist/tex/latex/graphics/keyval.sty
Package: keyval 2014/10/28 v1.15 key=value parser (DPC)
\KV@toks@=\toks24
)
(/usr/local/texlive/2017/texmf-dist/tex/latex/graphics/graphics.sty
Package: graphics 2017/04/14 v1.1b Standard LaTeX Graphics (DPC,SPQR)

(/usr/local/texlive/2017/texmf-dist/tex/latex/graphics/trig.sty
Package: trig 2016/01/03 v1.10 sin cos tan (DPC)
)
(/usr/local/texlive/2017/texmf-dist/tex/latex/graphics-cfg/graphics.cfg
File: graphics.cfg 2016/06/04 v1.11 sample graphics configuration
)
Package graphics Info: Driver file: pdftex.def on input line 99.

(/usr/local/texlive/2017/texmf-dist/tex/latex/graphics-def/pdftex.def
File: pdftex.def 2017/01/12 v0.06k Graphics/color for pdfTeX

(/usr/local/texlive/2017/texmf-dist/tex/generic/oberdiek/infwarerr.sty
Package: infwarerr 2016/05/16 v1.4 Providing info/warning/error messages (HO)
)
(/usr/local/texlive/2017/texmf-dist/tex/generic/oberdiek/ltxcmds.sty
Package: ltxcmds 2016/05/16 v1.23 LaTeX kernel commands for general use (HO)
)
\Gread@gobject=\count108
))
\Gin@req@height=\dimen111
\Gin@req@width=\dimen112
)
(/usr/local/texlive/2017/texmf-dist/tex/latex/graphics/epsfig.sty
Package: epsfig 1999/02/16 v1.7a (e)psfig emulation (SPQR)
\epsfxsize=\dimen113
\epsfysize=\dimen114
)
(/usr/local/texlive/2017/texmf-dist/tex/latex/graphics/rotating.sty
Package: rotating 2016/08/11 v2.16d rotated objects in LaTeX

(/usr/local/texlive/2017/texmf-dist/tex/latex/base/ifthen.sty
Package: ifthen 2014/09/29 v1.1c Standard LaTeX ifthen package (DPC)
)
\c@r@tfl@t=\count109
\rotFPtop=\skip49
\rotFPbot=\skip50
\rot@float@box=\box45
\rot@mess@toks=\toks25
)
(/usr/local/texlive/2017/texmf-dist/tex/latex/hyperref/hyperref.sty
Package: hyperref 2017/03/14 v6.85a Hypertext links for LaTeX

(/usr/local/texlive/2017/texmf-dist/tex/generic/oberdiek/hobsub-hyperref.sty
Package: hobsub-hyperref 2016/05/16 v1.14 Bundle oberdiek, subset hyperref (HO)


(/usr/local/texlive/2017/texmf-dist/tex/generic/oberdiek/hobsub-generic.sty
Package: hobsub-generic 2016/05/16 v1.14 Bundle oberdiek, subset generic (HO)
Package: hobsub 2016/05/16 v1.14 Construct package bundles (HO)
Package hobsub Info: Skipping package `infwarerr' (already loaded).
Package hobsub Info: Skipping package `ltxcmds' (already loaded).
Package: ifluatex 2016/05/16 v1.4 Provides the ifluatex switch (HO)
Package ifluatex Info: LuaTeX not detected.
Package: ifvtex 2016/05/16 v1.6 Detect VTeX and its facilities (HO)
Package ifvtex Info: VTeX not detected.
Package: intcalc 2016/05/16 v1.2 Expandable calculations with integers (HO)
Package: ifpdf 2017/03/15 v3.2 Provides the ifpdf switch
Package: etexcmds 2016/05/16 v1.6 Avoid name clashes with e-TeX commands (HO)
Package etexcmds Info: Could not find \expanded.
(etexcmds)             That can mean that you are not using pdfTeX 1.50 or
(etexcmds)             that some package has redefined \expanded.
(etexcmds)             In the latter case, load this package earlier.
Package: kvsetkeys 2016/05/16 v1.17 Key value parser (HO)
Package: kvdefinekeys 2016/05/16 v1.4 Define keys (HO)
Package: pdftexcmds 2017/03/19 v0.25 Utility functions of pdfTeX for LuaTeX (HO
)
Package pdftexcmds Info: LuaTeX not detected.
Package pdftexcmds Info: \pdf@primitive is available.
Package pdftexcmds Info: \pdf@ifprimitive is available.
Package pdftexcmds Info: \pdfdraftmode found.
Package: pdfescape 2016/05/16 v1.14 Implements pdfTeX's escape features (HO)
Package: bigintcalc 2016/05/16 v1.4 Expandable calculations on big integers (HO
)
Package: bitset 2016/05/16 v1.2 Handle bit-vector datatype (HO)
Package: uniquecounter 2016/05/16 v1.3 Provide unlimited unique counter (HO)
)
Package hobsub Info: Skipping package `hobsub' (already loaded).
Package: letltxmacro 2016/05/16 v1.5 Let assignment for LaTeX macros (HO)
Package: hopatch 2016/05/16 v1.3 Wrapper for package hooks (HO)
Package: xcolor-patch 2016/05/16 xcolor patch
Package: atveryend 2016/05/16 v1.9 Hooks at the very end of document (HO)
Package: atbegshi 2016/06/09 v1.18 At begin shipout hook (HO)
Package: refcount 2016/05/16 v3.5 Data extraction from label references (HO)
Package: hycolor 2016/05/16 v1.8 Color options for hyperref/bookmark (HO)
)
(/usr/local/texlive/2017/texmf-dist/tex/generic/ifxetex/ifxetex.sty
Package: ifxetex 2010/09/12 v0.6 Provides ifxetex conditional
)
(/usr/local/texlive/2017/texmf-dist/tex/latex/oberdiek/auxhook.sty
Package: auxhook 2016/05/16 v1.4 Hooks for auxiliary files (HO)
)
(/usr/local/texlive/2017/texmf-dist/tex/latex/oberdiek/kvoptions.sty
Package: kvoptions 2016/05/16 v3.12 Key value format for package options (HO)
)
\@linkdim=\dimen115
\Hy@linkcounter=\count110
\Hy@pagecounter=\count111

(/usr/local/texlive/2017/texmf-dist/tex/latex/hyperref/pd1enc.def
File: pd1enc.def 2017/03/14 v6.85a Hyperref: PDFDocEncoding definition (HO)
)
\Hy@SavedSpaceFactor=\count112

(/usr/local/texlive/2017/texmf-dist/tex/latex/latexconfig/hyperref.cfg
File: hyperref.cfg 2002/06/06 v1.2 hyperref configuration of TeXLive
)
Package hyperref Info: Hyper figures OFF on input line 4498.
Package hyperref Info: Link nesting OFF on input line 4503.
Package hyperref Info: Hyper index ON on input line 4506.
Package hyperref Info: Plain pages OFF on input line 4513.
Package hyperref Info: Backreferencing OFF on input line 4518.
Package hyperref Info: Implicit mode ON; LaTeX internals redefined.
Package hyperref Info: Bookmarks ON on input line 4751.
LaTeX Info: Redefining \href on input line 5015.
\c@Hy@tempcnt=\count113
LaTeX Info: Redefining \url on input line 5104.
\XeTeXLinkMargin=\dimen116
\Fld@menulength=\count114
\Field@Width=\dimen117
\Fld@charsize=\dimen118
Package hyperref Info: Hyper figures OFF on input line 6358.
Package hyperref Info: Link nesting OFF on input line 6363.
Package hyperref Info: Hyper index ON on input line 6366.
Package hyperref Info: backreferencing OFF on input line 6373.
Package hyperref Info: Link coloring OFF on input line 6378.
Package hyperref Info: Link coloring with OCG OFF on input line 6383.
Package hyperref Info: PDF/A mode OFF on input line 6388.
LaTeX Info: Redefining \ref on input line 6428.
LaTeX Info: Redefining \pageref on input line 6432.
\Hy@abspage=\count115
\c@Item=\count116
\c@Hfootnote=\count117
)

Package hyperref Message: Driver (autodetected): hpdftex.

(/usr/local/texlive/2017/texmf-dist/tex/latex/hyperref/hpdftex.def
File: hpdftex.def 2017/03/14 v6.85a Hyperref driver for pdfTeX
\Fld@listcount=\count118
\c@bookmark@seq@number=\count119

(/usr/local/texlive/2017/texmf-dist/tex/latex/oberdiek/rerunfilecheck.sty
Package: rerunfilecheck 2016/05/16 v1.8 Rerun checks for auxiliary files (HO)
Package uniquecounter Info: New unique counter `rerunfilecheck' on input line 2
82.
)
\Hy@SectionHShift=\skip51
)
(/usr/local/texlive/2017/texmf-dist/tex/latex/cellspace/cellspace.sty
Package: cellspace 2009/07/31 v1.6 Spacing table cells (JN)

(/usr/local/texlive/2017/texmf-dist/tex/latex/tools/array.sty
Package: array 2016/10/06 v2.4d Tabular extension package (FMi)
\col@sep=\dimen119
\extrarowheight=\dimen120
\NC@list=\toks26
\extratabsurround=\skip52
\backup@length=\skip53
)
(/usr/local/texlive/2017/texmf-dist/tex/latex/tools/calc.sty
Package: calc 2014/10/28 v4.3 Infix arithmetic (KKT,FJ)
\calc@Acount=\count120
\calc@Bcount=\count121
\calc@Adimen=\dimen121
\calc@Bdimen=\dimen122
\calc@Askip=\skip54
\calc@Bskip=\skip55
LaTeX Info: Redefining \setlength on input line 80.
LaTeX Info: Redefining \addtolength on input line 81.
\calc@Ccount=\count122
\calc@Cskip=\skip56
)
\cellspacetoplimit=\dimen123
\cellspacebottomlimit=\dimen124
\cellspace@firstht=\dimen125
\cellspace@lastdp=\dimen126
)
(/usr/local/texlive/2017/texmf-dist/tex/latex/siunitx/siunitx.sty
(/usr/local/texlive/2017/texmf-dist/tex/latex/l3kernel/expl3.sty
Package: expl3 2017/05/13 L3 programming layer (loader) 

(/usr/local/texlive/2017/texmf-dist/tex/latex/l3kernel/expl3-code.tex
Package: expl3 2017/05/13 L3 programming layer (code)
\c_max_int=\count123
\l_tmpa_int=\count124
\l_tmpb_int=\count125
\g_tmpa_int=\count126
\g_tmpb_int=\count127
\g__prg_map_int=\count128
\c_log_iow=\count129
\l_iow_line_count_int=\count130
\l__iow_line_target_int=\count131
\l__iow_one_indent_int=\count132
\l__iow_indent_int=\count133
\c_zero_dim=\dimen127
\c_max_dim=\dimen128
\l_tmpa_dim=\dimen129
\l_tmpb_dim=\dimen130
\g_tmpa_dim=\dimen131
\g_tmpb_dim=\dimen132
\c_zero_skip=\skip57
\c_max_skip=\skip58
\l_tmpa_skip=\skip59
\l_tmpb_skip=\skip60
\g_tmpa_skip=\skip61
\g_tmpb_skip=\skip62
\c_zero_muskip=\muskip12
\c_max_muskip=\muskip13
\l_tmpa_muskip=\muskip14
\l_tmpb_muskip=\muskip15
\g_tmpa_muskip=\muskip16
\g_tmpb_muskip=\muskip17
\l_keys_choice_int=\count134
\c__fp_leading_shift_int=\count135
\c__fp_middle_shift_int=\count136
\c__fp_trailing_shift_int=\count137
\c__fp_big_leading_shift_int=\count138
\c__fp_big_middle_shift_int=\count139
\c__fp_big_trailing_shift_int=\count140
\c__fp_Bigg_leading_shift_int=\count141
\c__fp_Bigg_middle_shift_int=\count142
\c__fp_Bigg_trailing_shift_int=\count143
\c__fp_rand_size_int=\count144
\c__fp_rand_four_int=\count145
\c__fp_rand_eight_int=\count146
\l__sort_length_int=\count147
\l__sort_min_int=\count148
\l__sort_top_int=\count149
\l__sort_max_int=\count150
\l__sort_true_max_int=\count151
\l__sort_block_int=\count152
\l__sort_begin_int=\count153
\l__sort_end_int=\count154
\l__sort_A_int=\count155
\l__sort_B_int=\count156
\l__sort_C_int=\count157
\c_empty_box=\box46
\l_tmpa_box=\box47
\l_tmpb_box=\box48
\g_tmpa_box=\box49
\g_tmpb_box=\box50
\l__box_top_dim=\dimen133
\l__box_bottom_dim=\dimen134
\l__box_left_dim=\dimen135
\l__box_right_dim=\dimen136
\l__box_top_new_dim=\dimen137
\l__box_bottom_new_dim=\dimen138
\l__box_left_new_dim=\dimen139
\l__box_right_new_dim=\dimen140
\l__box_internal_box=\box51
\l__coffin_internal_box=\box52
\l__coffin_internal_dim=\dimen141
\l__coffin_offset_x_dim=\dimen142
\l__coffin_offset_y_dim=\dimen143
\l__coffin_x_dim=\dimen144
\l__coffin_y_dim=\dimen145
\l__coffin_x_prime_dim=\dimen146
\l__coffin_y_prime_dim=\dimen147
\c_empty_coffin=\box53
\l__coffin_aligned_coffin=\box54
\l__coffin_aligned_internal_coffin=\box55
\l_tmpa_coffin=\box56
\l_tmpb_coffin=\box57
\l__coffin_display_coffin=\box58
\l__coffin_display_coord_coffin=\box59
\l__coffin_display_pole_coffin=\box60
\l__coffin_display_offset_dim=\dimen148
\l__coffin_display_x_dim=\dimen149
\l__coffin_display_y_dim=\dimen150
\l__coffin_bounding_shift_dim=\dimen151
\l__coffin_left_corner_dim=\dimen152
\l__coffin_right_corner_dim=\dimen153
\l__coffin_bottom_corner_dim=\dimen154
\l__coffin_top_corner_dim=\dimen155
\l__coffin_scaled_total_height_dim=\dimen156
\l__coffin_scaled_width_dim=\dimen157
)
(/usr/local/texlive/2017/texmf-dist/tex/latex/l3kernel/l3pdfmode.def
File: l3pdfmode.def 2017/03/18 v L3 Experimental driver: PDF mode
\l__driver_color_stack_int=\count158
\l__driver_tmp_box=\box61
))
(/usr/local/texlive/2017/texmf-dist/tex/latex/l3packages/xparse/xparse.sty
Package: xparse 2017/05/13 L3 Experimental document command parser
\l__xparse_current_arg_int=\count159
\g__xparse_grabber_int=\count160
\l__xparse_m_args_int=\count161
\l__xparse_mandatory_args_int=\count162
\l__xparse_v_nesting_int=\count163
)
Package: siunitx 2017/05/19 v2.7g A comprehensive (SI) units package

(/usr/local/texlive/2017/texmf-dist/tex/latex/l3packages/l3keys2e/l3keys2e.sty
Package: l3keys2e 2017/05/13 LaTeX2e option processing using LaTeX3 keys
)
\l__siunitx_tmp_box=\box62
\l__siunitx_tmp_dim=\dimen158
\l__siunitx_tmp_int=\count164
\l__siunitx_number_mantissa_length_int=\count165
\l__siunitx_number_uncert_length_int=\count166
\l__siunitx_round_int=\count167
\l__siunitx_process_decimal_int=\count168
\l__siunitx_process_uncertainty_int=\count169
\l__siunitx_process_fixed_int=\count170
\l__siunitx_process_integer_min_int=\count171
\l__siunitx_process_precision_int=\count172
\l__siunitx_group_min_int=\count173
\l__siunitx_angle_marker_box=\box63
\l__siunitx_angle_unit_box=\box64
\l__siunitx_angle_marker_dim=\dimen159
\l__siunitx_angle_unit_dim=\dimen160
\l__siunitx_unit_int=\count174
\l__siunitx_unit_denominator_int=\count175
\l__siunitx_unit_numerator_int=\count176
\l__siunitx_unit_prefix_int=\count177
\l__siunitx_unit_prefix_base_int=\count178
\l__siunitx_unit_prefix_gram_int=\count179
\l__siunitx_number_product_int=\count180
\c__siunitx_one_fill_skip=\skip63
\l__siunitx_table_unit_align_skip=\skip64
\l__siunitx_table_exponent_dim=\dimen161
\l__siunitx_table_integer_dim=\dimen162
\l__siunitx_table_mantissa_dim=\dimen163
\l__siunitx_table_marker_dim=\dimen164
\l__siunitx_table_result_dim=\dimen165
\l__siunitx_table_uncert_dim=\dimen166
\l__siunitx_table_fill_pre_dim=\dimen167
\l__siunitx_table_fill_post_dim=\dimen168
\l__siunitx_table_fill_mid_dim=\dimen169
\l__siunitx_table_pre_box=\box65
\l__siunitx_table_post_box=\box66
\l__siunitx_table_mantissa_box=\box67
\l__siunitx_table_result_box=\box68
\l__siunitx_table_number_align_skip=\skip65
\l__siunitx_table_text_align_skip=\skip66
.................................................
. LaTeX info: "xparse/define-command"
. 
. Defining command \DeclareBinaryPrefix with sig. 'mmm' on line 7251.
.................................................
.................................................
. LaTeX info: "xparse/define-command"
. 
. Defining command \DeclareSIPostPower with sig. 'mm' on line 7254.
.................................................
.................................................
. LaTeX info: "xparse/define-command"
. 
. Defining command \DeclareSIPrefix with sig. 'mmm' on line 7257.
.................................................
.................................................
. LaTeX info: "xparse/define-command"
. 
. Defining command \DeclareSIPrePower with sig. 'mm' on line 7260.
.................................................
.................................................
. LaTeX info: "xparse/define-command"
. 
. Defining command \DeclareSIQualifier with sig. 'mm' on line 7263.
.................................................
.................................................
. LaTeX info: "xparse/define-command"
. 
. Defining command \DeclareSIUnit with sig. 'O{}mm' on line 7266.
.................................................
.................................................
. LaTeX info: "xparse/define-command"
. 
. Defining command \DeclareSIUnitWithOptions with sig. 'mmm' on line 7269.
.................................................
.................................................
. LaTeX info: "xparse/define-command"
. 
. Defining command \ang with sig. 'o>{\SplitArgument {2}{;}}m' on line 7284.
.................................................
.................................................
. LaTeX info: "xparse/define-command"
. 
. Defining command \num with sig. 'om' on line 7293.
.................................................
.................................................
. LaTeX info: "xparse/define-command"
. 
. Defining command \numlist with sig. 'o>{\SplitList {;}}m' on line 7302.
.................................................
.................................................
. LaTeX info: "xparse/define-command"
. 
. Defining command \numrange with sig. 'omm' on line 7311.
.................................................
.................................................
. LaTeX info: "xparse/define-command"
. 
. Defining command \SIlist with sig. 'o>{\SplitList {;}}mm' on line 7323.
.................................................
.................................................
. LaTeX info: "xparse/define-command"
. 
. Defining command \SIrange with sig. 'ommm' on line 7335.
.................................................
.................................................
. LaTeX info: "xparse/define-command"
. 
. Defining command \SI with sig. 'omom' on line 7347.
.................................................
.................................................
. LaTeX info: "xparse/define-command"
. 
. Defining command \sisetup with sig. 'm' on line 7350.
.................................................
.................................................
. LaTeX info: "xparse/define-command"
. 
. Defining command \tablenum with sig. 'om' on line 7365.
.................................................
.................................................
. LaTeX info: "xparse/define-command"
. 
. Defining command \si with sig. 'om' on line 7377.
.................................................
.................................................
. LaTeX info: "xparse/define-command"
. 
. Defining command \numInBookmark with sig. 'om' on line 7424.
.................................................
.................................................
. LaTeX info: "xparse/define-command"
. 
. Defining command \numrangeInBookmark with sig. 'omm' on line 7426.
.................................................
.................................................
. LaTeX info: "xparse/define-command"
. 
. Defining command \SIInBookmark with sig. 'omom' on line 7428.
.................................................
.................................................
. LaTeX info: "xparse/define-command"
. 
. Defining command \SIlistInBookmark with sig. 'omm' on line 7430.
.................................................
.................................................
. LaTeX info: "xparse/define-command"
. 
. Defining command \SIrangeInBookmark with sig. 'ommm' on line 7432.
.................................................
.................................................
. LaTeX info: "xparse/define-command"
. 
. Defining command \siInBookmark with sig. 'om' on line 7433.
.................................................
\g__file_internal_ior=\read1
(/usr/local/texlive/2017/texmf-dist/tex/latex/beamer/translator/translator.sty
Package: translator 2010/06/12 ver 1.10

(/usr/local/texlive/2017/texmf-dist/tex/latex/beamer/translator/translator-lang
uage-mappings.tex)))
(/usr/local/texlive/2017/texmf-dist/tex/latex/caption/caption.sty
Package: caption 2016/02/21 v3.3-144 Customizing captions (AR)

(/usr/local/texlive/2017/texmf-dist/tex/latex/caption/caption3.sty
Package: caption3 2016/05/22 v1.7-166 caption3 kernel (AR)
Package caption3 Info: TeX engine: e-TeX on input line 67.
\captionmargin=\dimen170
\captionmargin@=\dimen171
\captionwidth=\dimen172
\caption@tempdima=\dimen173
\caption@indent=\dimen174
\caption@parindent=\dimen175
\caption@hangindent=\dimen176
Package caption Info: Unknown document class (or package),
(caption)             standard defaults will be used.
)

Package caption Warning: Unsupported document class (or package) detected,
(caption)                usage of the caption package is not recommended.
See the caption package documentation for explanation.

Package caption Info: \@makecaption = \long macro:#1#2->\par \vskip \abovecapti
onskip \begingroup \small \rmfamily \sbox \@tempboxa {\let \\\heading@cr \@make
@capt@title {#1}{#2}}\@ifdim {\wd \@tempboxa >\hsize }{\begingroup \samepage \f
lushing \let \footnote \@footnotemark@gobble \@make@capt@title {#1}{#2}\par \en
dgroup }{\global \@minipagefalse \hb@xt@ \hsize {\hfil \unhbox \@tempboxa \hfil
 }}\endgroup \vskip \belowcaptionskip .
\c@ContinuedFloat=\count181
Package caption Info: float package is loaded.
Package caption Info: hyperref package is loaded.
Package caption Info: rotating package is loaded.
) (/usr/local/texlive/2017/texmf-dist/tex/latex/graphics/color.sty
Package: color 2016/07/10 v1.1e Standard LaTeX Color (DPC)

(/usr/local/texlive/2017/texmf-dist/tex/latex/graphics-cfg/color.cfg
File: color.cfg 2016/01/02 v1.6 sample color configuration
)
Package color Info: Driver file: pdftex.def on input line 147.
)
Class revtex4-1 Info: Unrecognized array package. Please update this document c
lass! (Proceeding with fingers crossed.) on input line 24.


Class revtex4-1 Warning: Repair the float package.

Class revtex4-1 Info: Robustifying \LaTeX's \boldmath command on input line 24.

Class revtex4-1 Info: cite was not loaded (OK!) on input line 24.
Class revtex4-1 Info: mcite was not loaded (OK!) on input line 24.
Class revtex4-1 Info: multicol was not loaded (OK!) on input line 24.
(./Magnus_notes.aux)
\openout1 = `Magnus_notes.aux'.

LaTeX Font Info:    Checking defaults for OML/cmm/m/it on input line 24.
LaTeX Font Info:    ... okay on input line 24.
LaTeX Font Info:    Checking defaults for T1/cmr/m/n on input line 24.
LaTeX Font Info:    ... okay on input line 24.
LaTeX Font Info:    Checking defaults for OT1/cmr/m/n on input line 24.
LaTeX Font Info:    ... okay on input line 24.
LaTeX Font Info:    Checking defaults for OMS/cmsy/m/n on input line 24.
LaTeX Font Info:    ... okay on input line 24.
LaTeX Font Info:    Checking defaults for OMX/cmex/m/n on input line 24.
LaTeX Font Info:    ... okay on input line 24.
LaTeX Font Info:    Checking defaults for U/cmr/m/n on input line 24.
LaTeX Font Info:    ... okay on input line 24.
LaTeX Font Info:    Checking defaults for PD1/pdf/m/n on input line 24.
LaTeX Font Info:    ... okay on input line 24.

(/usr/local/texlive/2017/texmf-dist/tex/context/base/mkii/supp-pdf.mkii
[Loading MPS to PDF converter (version 2006.09.02).]
\scratchcounter=\count182
\scratchdimen=\dimen177
\scratchbox=\box69
\nofMPsegments=\count183
\nofMParguments=\count184
\everyMPshowfont=\toks27
\MPscratchCnt=\count185
\MPscratchDim=\dimen178
\MPnumerator=\count186
\makeMPintoPDFobject=\count187
\everyMPtoPDFconversion=\toks28
) (/usr/local/texlive/2017/texmf-dist/tex/latex/oberdiek/epstopdf-base.sty
Package: epstopdf-base 2016/05/15 v2.6 Base part for package epstopdf

(/usr/local/texlive/2017/texmf-dist/tex/latex/oberdiek/grfext.sty
Package: grfext 2016/05/16 v1.2 Manage graphics extensions (HO)
)
Package epstopdf-base Info: Redefining graphics rule for `.eps' on input line 4
38.
Package grfext Info: Graphics extension search list:
(grfext)             [.png,.pdf,.jpg,.mps,.jpeg,.jbig2,.jb2,.PNG,.PDF,.JPG,.JPE
G,.JBIG2,.JB2,.eps]
(grfext)             \AppendGraphicsExtensions on input line 456.

(/usr/local/texlive/2017/texmf-dist/tex/latex/latexconfig/epstopdf-sys.cfg
File: epstopdf-sys.cfg 2010/07/13 v1.3 Configuration of (r)epstopdf for TeX Liv
e
))
\AtBeginShipoutBox=\box70
Package hyperref Info: Link coloring OFF on input line 24.

(/usr/local/texlive/2017/texmf-dist/tex/latex/hyperref/nameref.sty
Package: nameref 2016/05/21 v2.44 Cross-referencing by name of section

(/usr/local/texlive/2017/texmf-dist/tex/generic/oberdiek/gettitlestring.sty
Package: gettitlestring 2016/05/16 v1.5 Cleanup title references (HO)
)
\c@section@level=\count188
)
LaTeX Info: Redefining \ref on input line 24.
LaTeX Info: Redefining \pageref on input line 24.
LaTeX Info: Redefining \nameref on input line 24.

(./Magnus_notes.out) (./Magnus_notes.out)
\@outlinefile=\write4
\openout4 = `Magnus_notes.out'.


*************************************************
* siunitx warning: "moved-cellspace-column"
* 
* Column type for cellspace package moved to 'C'.
*************************************************

(/usr/local/texlive/2017/texmf-dist/tex/latex/beamer/translator/dicts/translato
r-basic-dictionary/translator-basic-dictionary-English.dict
Dictionary: translator-basic-dictionary, Language: English 
)
(/usr/local/texlive/2017/texmf-dist/tex/latex/siunitx/siunitx-abbreviations.cfg
File: siunitx-abbreviations.cfg 2017/05/19 v2.7g siunitx: Abbreviated units
)
Package caption Info: Begin \AtBeginDocument code.
Package caption Info: End \AtBeginDocument code.
Class revtex4-1 Info: Taking \maketitle back from hyperref on input line 24.
\openout3 = `Magnus_notesNotes.bib'.

\c__siunitx_mathsf_int=\count189
LaTeX Font Info:    Try loading font information for U+msa on input line 24.
 (/usr/local/texlive/2017/texmf-dist/tex/latex/amsfonts/umsa.fd
File: umsa.fd 2013/01/14 v3.01 AMS symbols A
)
LaTeX Font Info:    Try loading font information for U+msb on input line 24.

(/usr/local/texlive/2017/texmf-dist/tex/latex/amsfonts/umsb.fd
File: umsb.fd 2013/01/14 v3.01 AMS symbols B
)
\c__siunitx_mathtt_int=\count190

Overfull \hbox (9.18227pt too wide) in paragraph at lines 44--44
 []$[] 
 []

[1{/usr/local/texlive/2017/texmf-var/fonts/map/pdftex/updmap/pdftex.map}]
(./Magnus_notes.toc)
\tf@toc=\write5
\openout5 = `Magnus_notes.toc'.

 [2]
Underfull \hbox (badness 10000) in paragraph at lines 99--102

 []

[3]
Underfull \hbox (badness 10000) in paragraph at lines 108--111

 []


Underfull \hbox (badness 10000) in paragraph at lines 112--113

 []

[4]
Underfull \hbox (badness 10000) in paragraph at lines 134--137

 []

[5]

Package hyperref Warning: Token not allowed in a PDF string (PDFDocEncoding):
(hyperref)                removing `math shift' on input line 148.


Package hyperref Warning: Token not allowed in a PDF string (PDFDocEncoding):
(hyperref)                removing `\Lambda' on input line 148.


Package hyperref Warning: Token not allowed in a PDF string (PDFDocEncoding):
(hyperref)                removing `math shift' on input line 148.


Underfull \hbox (badness 10000) in paragraph at lines 156--164

 []


Underfull \hbox (badness 10000) in paragraph at lines 171--174

 []

[6] <srg_contours_Wendt_4.pdf, id=161, 1088.75508pt x 639.46092pt>
File: srg_contours_Wendt_4.pdf Graphic file (type pdf)

<use srg_contours_Wendt_4.pdf>
Package pdftex.def Info: srg_contours_Wendt_4.pdf used on input line 179.
(pdftex.def)             Requested size: 398.33858pt x 233.95259pt.

Underfull \hbox (badness 10000) in paragraph at lines 175--183

 []

<srg_contours_Wendt_9.pdf, id=165, 1088.75508pt x 639.46092pt>
File: srg_contours_Wendt_9.pdf Graphic file (type pdf)

<use srg_contours_Wendt_9.pdf>
Package pdftex.def Info: srg_contours_Wendt_9.pdf used on input line 189.
(pdftex.def)             Requested size: 398.33858pt x 233.95259pt.

Underfull \hbox (badness 10000) in paragraph at lines 185--193

 []

[7 <./srg_contours_Wendt_4.pdf>]
<srg_contours_Wendt_20.pdf, id=221, 1088.75508pt x 639.46092pt>
File: srg_contours_Wendt_20.pdf Graphic file (type pdf)

<use srg_contours_Wendt_20.pdf>
Package pdftex.def Info: srg_contours_Wendt_20.pdf used on input line 197.
(pdftex.def)             Requested size: 398.33858pt x 233.95259pt.

<srg_diags_offdiags_Wendt_Wegner.pdf, id=223, 965.49458pt x 586.12561pt>
File: srg_diags_offdiags_Wendt_Wegner.pdf Graphic file (type pdf)

<use srg_diags_offdiags_Wendt_Wegner.pdf>
Package pdftex.def Info: srg_diags_offdiags_Wendt_Wegner.pdf used on input line
 207.
(pdftex.def)             Requested size: 426.79134pt x 259.0945pt.

Underfull \hbox (badness 10000) in paragraph at lines 203--211

 []

[8 <./srg_contours_Wendt_9.pdf> <./srg_contours_Wendt_20.pdf

pdfTeX warning: /Library/TeX/texbin/pdflatex (file ./srg_contours_Wendt_20.pdf)
: PDF inclusion: multiple pdfs with page group included in a single page
>] <srg_diags_offdiags_Wendt_Wilson.pdf, id=315, 965.49458pt x 586.12561pt>
File: srg_diags_offdiags_Wendt_Wilson.pdf Graphic file (type pdf)

<use srg_diags_offdiags_Wendt_Wilson.pdf>
Package pdftex.def Info: srg_diags_offdiags_Wendt_Wilson.pdf used on input line
 217.
(pdftex.def)             Requested size: 426.79134pt x 259.0945pt.

Underfull \hbox (badness 10000) in paragraph at lines 213--221

 []

[9 <./srg_diags_offdiags_Wendt_Wegner.pdf>]

Package hyperref Warning: Token not allowed in a PDF string (PDFDocEncoding):
(hyperref)                removing `math shift' on input line 224.


Package hyperref Warning: Token not allowed in a PDF string (PDFDocEncoding):
(hyperref)                removing `\Lambda' on input line 224.


Package hyperref Warning: Token not allowed in a PDF string (PDFDocEncoding):
(hyperref)                removing `math shift' on input line 224.

<mag_contours_Wendt_9_Wegner.pdf, id=393, 866.72557pt x 1198.54967pt>
File: mag_contours_Wendt_9_Wegner.pdf Graphic file (type pdf)

<use mag_contours_Wendt_9_Wegner.pdf>
Package pdftex.def Info: mag_contours_Wendt_9_Wegner.pdf used on input line 234
.
(pdftex.def)             Requested size: 426.79134pt x 590.18405pt.

<mag_contours_Wendt_9_Wilson.pdf, id=394, 866.72557pt x 1198.54967pt>
File: mag_contours_Wendt_9_Wilson.pdf Graphic file (type pdf)

<use mag_contours_Wendt_9_Wilson.pdf>
Package pdftex.def Info: mag_contours_Wendt_9_Wilson.pdf used on input line 242
.
(pdftex.def)             Requested size: 426.79134pt x 590.18405pt.
 [10 <./srg_diags_offdiags_Wendt_Wilson.pdf>] [11 <./mag_contours_Wendt_9_Wegne
r.pdf>]
<mag_diags_offdiags_Wendt_9_Wegner.pdf, id=529, 965.49458pt x 527.44238pt>
File: mag_diags_offdiags_Wendt_9_Wegner.pdf Graphic file (type pdf)

<use mag_diags_offdiags_Wendt_9_Wegner.pdf>
Package pdftex.def Info: mag_diags_offdiags_Wendt_9_Wegner.pdf used on input li
ne 252.
(pdftex.def)             Requested size: 426.79134pt x 233.15381pt.
 [12 <./mag_contours_Wendt_9_Wilson.pdf>]
<mag_diags_offdiags_Wendt_9_Wilson.pdf, id=591, 965.49458pt x 527.44238pt>
File: mag_diags_offdiags_Wendt_9_Wilson.pdf Graphic file (type pdf)

<use mag_diags_offdiags_Wendt_9_Wilson.pdf>
Package pdftex.def Info: mag_diags_offdiags_Wendt_9_Wilson.pdf used on input li
ne 262.
(pdftex.def)             Requested size: 426.79134pt x 233.15381pt.
 [13 <./mag_diags_offdiags_Wendt_9_Wegner.pdf>] <mag_diff_Wendt_9_Wegner.pdf, i
d=698, 967.7687pt x 527.44238pt>
File: mag_diff_Wendt_9_Wegner.pdf Graphic file (type pdf)

<use mag_diff_Wendt_9_Wegner.pdf>
Package pdftex.def Info: mag_diff_Wendt_9_Wegner.pdf used on input line 270.
(pdftex.def)             Requested size: 426.79134pt x 232.60654pt.

<mag_diff_Wendt_9_Wilson.pdf, id=699, 967.7687pt x 527.44238pt>
File: mag_diff_Wendt_9_Wilson.pdf Graphic file (type pdf)

<use mag_diff_Wendt_9_Wilson.pdf>
Package pdftex.def Info: mag_diff_Wendt_9_Wilson.pdf used on input line 280.
(pdftex.def)             Requested size: 426.79134pt x 232.60654pt.
 [14 <./mag_diags_offdiags_Wendt_9_Wilson.pdf> <./mag_diff_Wendt_9_Wegner.pdf

pdfTeX warning: /Library/TeX/texbin/pdflatex (file ./mag_diff_Wendt_9_Wegner.pd
f): PDF inclusion: multiple pdfs with page group included in a single page
>] <mag_diags_offdiags_Wendt_4_Wegner.pdf, id=902, 965.49458pt x 527.44238pt>
File: mag_diags_offdiags_Wendt_4_Wegner.pdf Graphic file (type pdf)

<use mag_diags_offdiags_Wendt_4_Wegner.pdf>
Package pdftex.def Info: mag_diags_offdiags_Wendt_4_Wegner.pdf used on input li
ne 288.
(pdftex.def)             Requested size: 426.79134pt x 233.15381pt.

<mag_diags_offdiags_Wendt_4_Wilson.pdf, id=907, 965.49458pt x 527.44238pt>
File: mag_diags_offdiags_Wendt_4_Wilson.pdf Graphic file (type pdf)

<use mag_diags_offdiags_Wendt_4_Wilson.pdf>
Package pdftex.def Info: mag_diags_offdiags_Wendt_4_Wilson.pdf used on input li
ne 298.
(pdftex.def)             Requested size: 426.79134pt x 233.15381pt.
 [15 <./mag_diff_Wendt_9_Wilson.pdf> <./mag_diags_offdiags_Wendt_4_Wegner.pdf

pdfTeX warning: /Library/TeX/texbin/pdflatex (file ./mag_diags_offdiags_Wendt_4
_Wegner.pdf): PDF inclusion: multiple pdfs with page group included in a single
 page
>]
Underfull \hbox (badness 10000) in paragraph at lines 313--324

 []

[16 <./mag_diags_offdiags_Wendt_4_Wilson.pdf>]
<initial_phase_shifts.pdf, id=1168, 408.34276pt x 299.81386pt>
File: initial_phase_shifts.pdf Graphic file (type pdf)

<use initial_phase_shifts.pdf>
Package pdftex.def Info: initial_phase_shifts.pdf used on input line 330.
(pdftex.def)             Requested size: 284.52756pt x 208.9167pt.

<evolved_phase_shifts_diff.pdf, id=1169, 635.57922pt x 326.10896pt>
File: evolved_phase_shifts_diff.pdf Graphic file (type pdf)

<use evolved_phase_shifts_diff.pdf>
Package pdftex.def Info: evolved_phase_shifts_diff.pdf used on input line 338.
(pdftex.def)             Requested size: 426.79134pt x 218.98448pt.
 [17 <./initial_phase_shifts.pdf>]
Underfull \hbox (badness 10000) in paragraph at lines 357--361

 []


Underfull \hbox (badness 10000) in paragraph at lines 368--375

 []

[18 <./evolved_phase_shifts_diff.pdf>]
<srg_contours_RKE_3.pdf, id=1304, 1088.75508pt x 639.46092pt>
File: srg_contours_RKE_3.pdf Graphic file (type pdf)

<use srg_contours_RKE_3.pdf>
Package pdftex.def Info: srg_contours_RKE_3.pdf used on input line 379.
(pdftex.def)             Requested size: 398.33858pt x 233.95259pt.

<srg_contours_RKE_4.pdf, id=1309, 1088.75508pt x 639.46092pt>
File: srg_contours_RKE_4.pdf Graphic file (type pdf)

<use srg_contours_RKE_4.pdf>
Package pdftex.def Info: srg_contours_RKE_4.pdf used on input line 389.
(pdftex.def)             Requested size: 398.33858pt x 233.95259pt.
 [19 <./srg_contours_RKE_3.pdf>]
<mag_contours_RKE_4_Wegner.pdf, id=1365, 866.72557pt x 1198.54967pt>
File: mag_contours_RKE_4_Wegner.pdf Graphic file (type pdf)

<use mag_contours_RKE_4_Wegner.pdf>
Package pdftex.def Info: mag_contours_RKE_4_Wegner.pdf used on input line 399.
(pdftex.def)             Requested size: 426.79134pt x 590.18405pt.

<mag_contours_RKE_4_Wilson.pdf, id=1366, 866.72557pt x 1198.54967pt>
File: mag_contours_RKE_4_Wilson.pdf Graphic file (type pdf)

<use mag_contours_RKE_4_Wilson.pdf>
Package pdftex.def Info: mag_contours_RKE_4_Wilson.pdf used on input line 407.
(pdftex.def)             Requested size: 426.79134pt x 590.18405pt.
 [20 <./srg_contours_RKE_4.pdf>]
<mag_diags_offdiags_RKE_4_Wegner.pdf, id=1421, 965.49458pt x 527.44238pt>
File: mag_diags_offdiags_RKE_4_Wegner.pdf Graphic file (type pdf)

<use mag_diags_offdiags_RKE_4_Wegner.pdf>
Package pdftex.def Info: mag_diags_offdiags_RKE_4_Wegner.pdf used on input line
 415.
(pdftex.def)             Requested size: 426.79134pt x 233.15381pt.
 [21 <./mag_contours_RKE_4_Wegner.pdf>] <mag_diags_offdiags_RKE_4_Wilson.pdf, i
d=1477, 965.49458pt x 527.44238pt>
File: mag_diags_offdiags_RKE_4_Wilson.pdf Graphic file (type pdf)

<use mag_diags_offdiags_RKE_4_Wilson.pdf>
Package pdftex.def Info: mag_diags_offdiags_RKE_4_Wilson.pdf used on input line
 423.
(pdftex.def)             Requested size: 426.79134pt x 233.15381pt.
 [22 <./mag_contours_RKE_4_Wilson.pdf>] [23 <./mag_diags_offdiags_RKE_4_Wegner.
pdf> <./mag_diags_offdiags_RKE_4_Wilson.pdf

pdfTeX warning: /Library/TeX/texbin/pdflatex (file ./mag_diags_offdiags_RKE_4_W
ilson.pdf): PDF inclusion: multiple pdfs with page group included in a single p
age
>]
Underfull \hbox (badness 10000) in paragraph at lines 435--436

 []

<omega_norms_Wendt_Wegner.pdf, id=1737, 407.22139pt x 282.15413pt>
File: omega_norms_Wendt_Wegner.pdf Graphic file (type pdf)

<use omega_norms_Wendt_Wegner.pdf>
Package pdftex.def Info: omega_norms_Wendt_Wegner.pdf used on input line 441.
(pdftex.def)             Requested size: 284.52756pt x 197.14058pt.

<eta_norms_Wendt_Wegner.pdf, id=1739, 404.21014pt x 282.15413pt>
File: eta_norms_Wendt_Wegner.pdf Graphic file (type pdf)

<use eta_norms_Wendt_Wegner.pdf>
Package pdftex.def Info: eta_norms_Wendt_Wegner.pdf used on input line 451.
(pdftex.def)             Requested size: 284.52756pt x 198.62161pt.
 [24 <./omega_norms_Wendt_Wegner.pdf>]
Underfull \hbox (badness 10000) in paragraph at lines 461--472

 []

[25 <./eta_norms_Wendt_Wegner.pdf>]
Underfull \hbox (badness 10000) in paragraph at lines 479--480

 []


Underfull \hbox (badness 10000) in paragraph at lines 481--482

 []

[26] <T_values_Wendt_Wegner.pdf, id=1861, 390.37721pt x 280.15448pt>
File: T_values_Wendt_Wegner.pdf Graphic file (type pdf)

<use T_values_Wendt_Wegner.pdf>
Package pdftex.def Info: T_values_Wendt_Wegner.pdf used on input line 497.
(pdftex.def)             Requested size: 284.52756pt x 204.19046pt.

<srg_gen_with_magnus_Wendt.pdf, id=1862, 805.69757pt x 614.20248pt>
File: srg_gen_with_magnus_Wendt.pdf Graphic file (type pdf)

<use srg_gen_with_magnus_Wendt.pdf>
Package pdftex.def Info: srg_gen_with_magnus_Wendt.pdf used on input line 505.
(pdftex.def)             Requested size: 426.79134pt x 325.3477pt.

Underfull \hbox (badness 10000) in paragraph at lines 511--512

 []

[27 <./T_values_Wendt_Wegner.pdf> <./srg_gen_with_magnus_Wendt.pdf

pdfTeX warning: /Library/TeX/texbin/pdflatex (file ./srg_gen_with_magnus_Wendt.
pdf): PDF inclusion: multiple pdfs with page group included in a single page
>]
Underfull \hbox (badness 10000) in paragraph at lines 518--519

 []


Underfull \hbox (badness 10000) in paragraph at lines 526--543

 []

[28]
Underfull \hbox (badness 10000) in paragraph at lines 545--546

 []

<reduced_matrix_omega_norms_V9.pdf, id=1966, 401.92033pt x 284.49883pt>
File: reduced_matrix_omega_norms_V9.pdf Graphic file (type pdf)

<use reduced_matrix_omega_norms_V9.pdf>
Package pdftex.def Info: reduced_matrix_omega_norms_V9.pdf used on input line 5
51.
(pdftex.def)             Requested size: 284.52756pt x 201.40518pt.
 [29]
<reduced_matrix_eta_norms_V9.pdf, id=1971, 408.22514pt x 285.16537pt>
File: reduced_matrix_eta_norms_V9.pdf Graphic file (type pdf)

<use reduced_matrix_eta_norms_V9.pdf>
Package pdftex.def Info: reduced_matrix_eta_norms_V9.pdf used on input line 559
.
(pdftex.def)             Requested size: 284.52756pt x 198.75719pt.

<reduced_matrix_mag_diff_V9.pdf, id=1972, 972.78746pt x 644.47968pt>
File: reduced_matrix_mag_diff_V9.pdf Graphic file (type pdf)

<use reduced_matrix_mag_diff_V9.pdf>
Package pdftex.def Info: reduced_matrix_mag_diff_V9.pdf used on input line 569.

(pdftex.def)             Requested size: 426.79134pt x 282.74588pt.
 [30 <./reduced_matrix_omega_norms_V9.pdf> <./reduced_matrix_eta_norms_V9.pdf

pdfTeX warning: /Library/TeX/texbin/pdflatex (file ./reduced_matrix_eta_norms_V
9.pdf): PDF inclusion: multiple pdfs with page group included in a single page
>] <reduced_matrix_phase_shifts_V9.pdf, id=2068, 408.34276pt x 300.39415pt>
File: reduced_matrix_phase_shifts_V9.pdf Graphic file (type pdf)

<use reduced_matrix_phase_shifts_V9.pdf>
Package pdftex.def Info: reduced_matrix_phase_shifts_V9.pdf used on input line 
577.
(pdftex.def)             Requested size: 284.52756pt x 209.32106pt.

Underfull \hbox (badness 10000) in paragraph at lines 589--599

 []

[31 <./reduced_matrix_mag_diff_V9.pdf> <./reduced_matrix_phase_shifts_V9.pdf

pdfTeX warning: /Library/TeX/texbin/pdflatex (file ./reduced_matrix_phase_shift
s_V9.pdf): PDF inclusion: multiple pdfs with page group included in a single pa
ge
>] <reduced_matrix_omega_norms_V20.pdf, id=2225, 401.92033pt x 284.49883pt>
File: reduced_matrix_omega_norms_V20.pdf Graphic file (type pdf)

<use reduced_matrix_omega_norms_V20.pdf>
Package pdftex.def Info: reduced_matrix_omega_norms_V20.pdf used on input line 
605.
(pdftex.def)             Requested size: 284.52756pt x 201.40518pt.

<reduced_matrix_eta_norms_V20.pdf, id=2226, 408.22514pt x 285.16537pt>
File: reduced_matrix_eta_norms_V20.pdf Graphic file (type pdf)

<use reduced_matrix_eta_norms_V20.pdf>
Package pdftex.def Info: reduced_matrix_eta_norms_V20.pdf used on input line 61
3.
(pdftex.def)             Requested size: 284.52756pt x 198.75719pt.

<reduced_matrix_mag_diff_V20.pdf, id=2227, 972.78746pt x 644.47968pt>
File: reduced_matrix_mag_diff_V20.pdf Graphic file (type pdf)

<use reduced_matrix_mag_diff_V20.pdf>
Package pdftex.def Info: reduced_matrix_mag_diff_V20.pdf used on input line 621
.
(pdftex.def)             Requested size: 426.79134pt x 282.74588pt.
 [32 <./reduced_matrix_omega_norms_V20.pdf>]
Underfull \hbox (badness 10000) in paragraph at lines 633--642

 []

[33 <./reduced_matrix_eta_norms_V20.pdf> <./reduced_matrix_mag_diff_V20.pdf

pdfTeX warning: /Library/TeX/texbin/pdflatex (file ./reduced_matrix_mag_diff_V2
0.pdf): PDF inclusion: multiple pdfs with page group included in a single page
>] <reduced_matrix_phase_shifts_V20.pdf, id=2413, 408.34276pt x 300.39415pt>
File: reduced_matrix_phase_shifts_V20.pdf Graphic file (type pdf)

<use reduced_matrix_phase_shifts_V20.pdf>
Package pdftex.def Info: reduced_matrix_phase_shifts_V20.pdf used on input line
 646.
(pdftex.def)             Requested size: 284.52756pt x 209.32106pt.
 [34 <./reduced_matrix_phase_shifts_V20.pdf>]
No file Magnus_notes.bbl.
[35]
Package atveryend Info: Empty hook `AfterLastShipout' on input line 711.
 (./Magnus_notes.aux)
Package atveryend Info: Executing hook `AtVeryEndDocument' on input line 711.
Package atveryend Info: Executing hook `AtEndAfterFileList' on input line 711.
Package rerunfilecheck Info: File `Magnus_notes.out' has not changed.
(rerunfilecheck)             Checksum: 8AEBCE51E42AC7C2FCC0D5BE18EB8538;1021.
 ) 
Here is how much of TeX's memory you used:
 19297 strings out of 492995
 361021 string characters out of 6132704
 429079 words of memory out of 5000000
 22529 multiletter control sequences out of 15000+600000
 18389 words of font info for 69 fonts, out of 8000000 for 9000
 1141 hyphenation exceptions out of 8191
 36i,19n,39p,10404b,785s stack positions out of 5000i,500n,10000p,200000b,80000s
</usr/local/texlive/2017/texmf-dist/fonts/type1/public/amsfonts/cm/cmbx10.pfb
></usr/local/texlive/2017/texmf-dist/fonts/type1/public/amsfonts/cm/cmbx12.pfb>
</usr/local/texlive/2017/texmf-dist/fonts/type1/public/amsfonts/cm/cmex10.pfb><
/usr/local/texlive/2017/texmf-dist/fonts/type1/public/amsfonts/cm/cmmi10.pfb></
usr/local/texlive/2017/texmf-dist/fonts/type1/public/amsfonts/cm/cmmi12.pfb></u
sr/local/texlive/2017/texmf-dist/fonts/type1/public/amsfonts/cm/cmmi6.pfb></usr
/local/texlive/2017/texmf-dist/fonts/type1/public/amsfonts/cm/cmmi8.pfb></usr/l
ocal/texlive/2017/texmf-dist/fonts/type1/public/amsfonts/cm/cmr10.pfb></usr/loc
al/texlive/2017/texmf-dist/fonts/type1/public/amsfonts/cm/cmr12.pfb></usr/local
/texlive/2017/texmf-dist/fonts/type1/public/amsfonts/cm/cmr6.pfb></usr/local/te
xlive/2017/texmf-dist/fonts/type1/public/amsfonts/cm/cmr8.pfb></usr/local/texli
ve/2017/texmf-dist/fonts/type1/public/amsfonts/cm/cmsy10.pfb></usr/local/texliv
e/2017/texmf-dist/fonts/type1/public/amsfonts/cm/cmsy6.pfb></usr/local/texlive/
2017/texmf-dist/fonts/type1/public/amsfonts/cm/cmsy8.pfb></usr/local/texlive/20
17/texmf-dist/fonts/type1/public/amsfonts/cm/cmti12.pfb></usr/local/texlive/201
7/texmf-dist/fonts/type1/public/amsfonts/symbols/msam10.pfb>
Output written on Magnus_notes.pdf (35 pages, 20636476 bytes).
PDF statistics:
 2563 PDF objects out of 2984 (max. 8388607)
 1012 compressed objects within 11 object streams
 118 named destinations out of 1000 (max. 500000)
 278 words of extra memory for PDF output out of 10000 (max. 10000000)

