   1.5797535451265E-03      4.0536239377427E-03
   8.3189497623155E-03      9.4254598538973E-03
   2.0424209555536E-02      1.4779862326677E-02
   3.7865596494766E-02      2.0095114364513E-02
   6.0596422469834E-02      2.5356332953599E-02
   8.8555488319919E-02      3.0549237193537E-02
   1.2166744776703E-01      3.5659802028379E-02
   1.5984304764459E-01      4.0674241458874E-02
   2.0297937837971E-01      4.5579033887950E-02
   2.5096015470595E-01      5.0360955242992E-02
   3.0365603042784E-01      5.5007113499795E-02
   3.6092494767535E-01      5.9504983001518E-02
   4.2261252013505E-01      6.3842438038529E-02
   4.8855244938634E-01      6.8007785449825E-02
   5.5856697328798E-01      7.1989796102097E-02
   6.3246734523666E-01      7.5777735138411E-02
   7.1005434302034E-01      7.9361390904682E-02
   7.9111880590219E-01      8.2731102471087E-02
   8.7544219849124E-01      8.5877785671785E-02
   9.6279719988190E-01      8.8792957591486E-02
   1.0529483164755E+00      9.1468759432138E-02
   1.1456525168327E+00      9.3897977697731E-02
   1.2406598868452E+00      9.6074063639846E-02
   1.3377143034618E+00      9.7991150911416E-02
   1.4365541251520E+00      9.9644071381001E-02
   1.5369128972464E+00      1.0102836906492E-01
   1.6385200702515E+00      1.0214031213961E-01
   1.7411017292044E+00      1.0297690300186E-01
   1.8443813320991E+00      1.0353588634972E-01
   1.9480804553956E+00      1.0381575526234E-01
   2.0519195446004E+00      1.0381575526234E-01
   2.1556186678969E+00      1.0353588634972E-01
   2.2588982707916E+00      1.0297690300186E-01
   2.3614799297445E+00      1.0214031213961E-01
   2.4630871027496E+00      1.0102836906492E-01
   2.5634458748440E+00      9.9644071381001E-02
   2.6622856965342E+00      9.7991150911416E-02
   2.7593401131508E+00      9.6074063639846E-02
   2.8543474831633E+00      9.3897977697731E-02
   2.9470516835205E+00      9.1468759432138E-02
   3.0372028001141E+00      8.8792957591486E-02
   3.1245578015048E+00      8.5877785671785E-02
   3.2088811940938E+00      8.2731102471087E-02
   3.2899456569757E+00      7.9361390904682E-02
   3.3675326547593E+00      7.5777735138411E-02
   3.4414330267080E+00      7.1989796102097E-02
   3.5114475506097E+00      6.8007785449825E-02
   3.5773874798610E+00      6.3842438038529E-02
   3.6390750523207E+00      5.9504983001518E-02
   3.6963439695682E+00      5.5007113499795E-02
   3.7490398452900E+00      5.0360955242992E-02
   3.7970206216163E+00      4.5579033887950E-02
   3.8401569523514E+00      4.0674241458874E-02
   3.8783325522290E+00      3.5659802028379E-02
   3.9114445116761E+00      3.0549237193537E-02
   3.9394035775262E+00      2.5356332953599E-02
   3.9621344035012E+00      2.0095114364513E-02
   3.9795757904405E+00      1.4779862326677E-02
   3.9916810502337E+00      9.4254598538973E-03
   3.9984202464509E+00      4.0536239377427E-03
   4.0102683980393E+00      2.6348555595358E-02
   4.0540731734511E+00      6.1265489050403E-02
   4.1327573621071E+00      9.6069105123509E-02
   4.2461263772123E+00      1.3061824336949E-01
   4.3938767460504E+00      1.6481616419858E-01
   4.5756106740761E+00      1.9857004175822E-01
   4.7908384104826E+00      2.3178871318473E-01
   5.0389798096870E+00      2.6438256948298E-01
   5.3193659594656E+00      2.9626372027202E-01
   5.6312410055866E+00      3.2734620907983E-01
   5.9737641977792E+00      3.5754623774908E-01
   6.3460121598885E+00      3.8678238951032E-01
   6.7469813808770E+00      4.1497584725092E-01
   7.1755909210109E+00      4.4205060542437E-01
   7.6306853263721E+00      4.6793367466417E-01
   8.1110377440390E+00      4.9255527840024E-01
   8.6153532296335E+00      5.1584904088103E-01
   9.1422722383662E+00      5.3775216606268E-01
   9.6903742901956E+00      5.5820560686725E-01
   1.0258181799236E+01      5.7715422434532E-01
   1.0844164057095E+01      5.9454693630958E-01
   1.1446741359417E+01      6.1033685503595E-01
   1.2064289264499E+01      6.2448141365972E-01
   1.2695142972508E+01      6.3694248092494E-01
   1.3337601813495E+01      6.4768646397725E-01
   1.3989933832109E+01      6.5668439892272E-01
   1.4650380456643E+01      6.6391202890823E-01
   1.5317161239837E+01      6.6934986951285E-01
   1.5988478658654E+01      6.7298326127394E-01
   1.6662522960082E+01      6.7480240920597E-01
   1.7337477039914E+01      6.7480240920597E-01
   1.8011521341342E+01      6.7298326127394E-01
   1.8682838760159E+01      6.6934986951285E-01
   1.9349619543353E+01      6.6391202890823E-01
   2.0010066167887E+01      6.5668439892272E-01
   2.0662398186501E+01      6.4768646397725E-01
   2.1304857027488E+01      6.3694248092494E-01
   2.1935710735497E+01      6.2448141365972E-01
   2.2553258640579E+01      6.1033685503595E-01
   2.3155835942901E+01      5.9454693630958E-01
   2.3741818200760E+01      5.7715422434532E-01
   2.4309625709800E+01      5.5820560686725E-01
   2.4857727761630E+01      5.3775216606268E-01
   2.5384646770362E+01      5.1584904088103E-01
   2.5888962255957E+01      4.9255527840024E-01
   2.6369314673624E+01      4.6793367466417E-01
   2.6824409078985E+01      4.4205060542437E-01
   2.7253018619119E+01      4.1497584725092E-01
   2.7653987840108E+01      3.8678238951032E-01
   2.8026235802217E+01      3.5754623774908E-01
   2.8368758994409E+01      3.2734620907983E-01
   2.8680634040530E+01      2.9626372027202E-01
   2.8961020190309E+01      2.6438256948298E-01
   2.9209161589513E+01      2.3178871318473E-01
   2.9424389325920E+01      1.9857004175822E-01
   2.9606123253946E+01      1.6481616419858E-01
   2.9753873622784E+01      1.3061824336949E-01
   2.9867242637889E+01      9.6069105123509E-02
   2.9945926826545E+01      6.1265489050403E-02
   2.9989731601957E+01      2.6348555595358E-02
