   0  -2         158
   0  -3       15049
   0  -4       11928
   0  -5        1879
   0  -6         209
   0  -7          14
   0  -8           4
   0  -9           0
   0 -10           0
   0 -11           0
   0 -12           0
   0 -13           0
   0 -14           0
   0 -15           0

   1  -2          72
   1  -3       28185
   1  -4       25269
   1  -5        4504
   1  -6         396
   1  -7          51
   1  -8           3
   1  -9           2
   1 -10           0
   1 -11           0
   1 -12           0
   1 -13           0
   1 -14           0
   1 -15           0

   2  -2          46
   2  -3       28237
   2  -4       44539
   2  -5       12749
   2  -6        1955
   2  -7         184
   2  -8          12
   2  -9           1
   2 -10           0
   2 -11           0
   2 -12           0
   2 -13           0
   2 -14           0
   2 -15           0

   3  -2          28
   3  -3       22433
   3  -4       64289
   3  -5       26115
   3  -6        3717
   3  -7         345
   3  -8          32
   3  -9           4
   3 -10           1
   3 -11           0
   3 -12           0
   3 -13           0
   3 -14           0
   3 -15           0

   4  -2          15
   4  -3       17526
   4  -4       78420
   4  -5       43638
   4  -6        5916
   4  -7         626
   4  -8          60
   4  -9           4
   4 -10           0
   4 -11           0
   4 -12           0
   4 -13           0
   4 -14           0
   4 -15           0

   5  -2           9
   5  -3       14027
   5  -4       85686
   5  -5       63967
   5  -6       10442
   5  -7        1158
   5  -8         142
   5  -9          12
   5 -10           3
   5 -11           0
   5 -12           0
   5 -13           0
   5 -14           0
   5 -15           0

   6  -2           4
   6  -3       11269
   6  -4       90750
   6  -5       82453
   6  -6       17961
   6  -7        2018
   6  -8         206
   6  -9          26
   6 -10           0
   6 -11           0
   6 -12           0
   6 -13           0
   6 -14           0
   6 -15           0

   7  -2           0
   7  -3        9243
   7  -4       93413
   7  -5       97791
   7  -6       29335
   7  -7        3705
   7  -8         379
   7  -9          58
   7 -10           4
   7 -11           0
   7 -12           0
   7 -13           0
   7 -14           0
   7 -15           0

   8  -2           0
   8  -3        7791
   8  -4       95260
   8  -5      111230
   8  -6       41877
   8  -7        6184
   8  -8         725
   8  -9          87
   8 -10          15
   8 -11           0
   8 -12           0
   8 -13           0
   8 -14           0
   8 -15           0

   9  -2           0
   9  -3        6721
   9  -4       96666
   9  -5      126011
   9  -6       53451
   9  -7        8345
   9  -8        1062
   9  -9         138
   9 -10          16
   9 -11           0
   9 -12           0
   9 -13           0
   9 -14           0
   9 -15           0

  10  -2           0
  10  -3        5892
  10  -4       98761
  10  -5      139000
  10  -6       65823
  10  -7       10529
  10  -8        1430
  10  -9         196
  10 -10          17
  10 -11           3
  10 -12           0
  10 -13           0
  10 -14           0
  10 -15           0

  11  -2           0
  11  -3        5256
  11  -4       99983
  11  -5      153131
  11  -6       77565
  11  -7       12793
  11  -8        1852
  11  -9         268
  11 -10          41
  11 -11           3
  11 -12           0
  11 -13           0
  11 -14           0
  11 -15           0

  12  -2           0
  12  -3        4773
  12  -4      101112
  12  -5      167021
  12  -6       89520
  12  -7       14968
  12  -8        2293
  12  -9         385
  12 -10          53
  12 -11           5
  12 -12           3
  12 -13           0
  12 -14           0
  12 -15           0

  13  -2           0
  13  -3        4371
  13  -4      102723
  13  -5      180714
  13  -6      100818
  13  -7       17385
  13  -8        2774
  13  -9         505
  13 -10          68
  13 -11          15
  13 -12           0
  13 -13           1
  13 -14           0
  13 -15           0

  14  -2           0
  14  -3        4084
  14  -4      104546
  14  -5      193490
  14  -6      112655
  14  -7       19847
  14  -8        3249
  14  -9         614
  14 -10         104
  14 -11          22
  14 -12           2
  14 -13           2
  14 -14           0
  14 -15           0

  15  -2           0
  15  -3        3810
  15  -4      106085
  15  -5      206345
  15  -6      124023
  15  -7       23000
  15  -8        3665
  15  -9         749
  15 -10         150
  15 -11          21
  15 -12           7
  15 -13           1
  15 -14           0
  15 -15           0

  16  -2           0
  16  -3        3541
  16  -4      107860
  16  -5      218762
  16  -6      136166
  16  -7       25628
  16  -8        4052
  16  -9         862
  16 -10         186
  16 -11          34
  16 -12           6
  16 -13           0
  16 -14           0
  16 -15           0

  17  -2           0
  17  -3        3284
  17  -4      109667
  17  -5      230631
  17  -6      148201
  17  -7       28695
  17  -8        4582
  17  -9         999
  17 -10         216
  17 -11          51
  17 -12          10
  17 -13           2
  17 -14           0
  17 -15           0

  18  -2           0
  18  -3        3041
  18  -4      111578
  18  -5      242674
  18  -6      159094
  18  -7       32716
  18  -8        4958
  18  -9        1169
  18 -10         274
  18 -11          64
  18 -12          10
  18 -13           1
  18 -14           0
  18 -15           0

  19  -2           0
  19  -3        2815
  19  -4      113345
  19  -5      253598
  19  -6      172483
  19  -7       35185
  19  -8        5723
  19  -9        1267
  19 -10         307
  19 -11          73
  19 -12          20
  19 -13           4
  19 -14           0
  19 -15           0

  20  -2           0
  20  -3        2639
  20  -4      115188
  20  -5      265484
  20  -6      183200
  20  -7       39411
  20  -8        6221
  20  -9        1397
  20 -10         385
  20 -11         103
  20 -12          26
  20 -13           7
  20 -14           0
  20 -15           0

