   0.00   -0.4243  0.0000   0.4243    0.0577  0.0000   0.0577   -0.0378  0.0000   0.0378    0.0134  0.0000   0.0134   -0.0100  0.0000   0.0100
   2.00   -0.4417 -0.0052   0.4417    0.0580  0.0000   0.0580   -0.0443 -0.0063   0.0448    0.0134  0.0000   0.0134   -0.0111 -0.0015   0.0112
   4.00   -0.4569 -0.0144   0.4571    0.0584  0.0000   0.0584   -0.0455 -0.0141   0.0476    0.0135  0.0000   0.0135   -0.0110 -0.0028   0.0113
   6.00   -0.4699 -0.0255   0.4706    0.0587  0.0001   0.0587   -0.0440 -0.0205   0.0486    0.0135  0.0000   0.0135   -0.0106 -0.0037   0.0113
   8.00   -0.4811 -0.0376   0.4826    0.0591  0.0001   0.0591   -0.0414 -0.0255   0.0486    0.0135  0.0000   0.0135   -0.0103 -0.0044   0.0112
  10.00   -0.4907 -0.0502   0.4933    0.0594  0.0002   0.0594   -0.0383 -0.0292   0.0482    0.0135  0.0000   0.0135   -0.0099 -0.0049   0.0110
  12.00   -0.4990 -0.0631   0.5030    0.0598  0.0003   0.0598   -0.0350 -0.0320   0.0474    0.0135  0.0000   0.0135   -0.0095 -0.0053   0.0109
  14.00   -0.5062 -0.0762   0.5119    0.0601  0.0003   0.0601   -0.0318 -0.0340   0.0466    0.0136  0.0000   0.0136   -0.0091 -0.0057   0.0107
  16.00   -0.5124 -0.0894   0.5202    0.0605  0.0004   0.0605   -0.0287 -0.0355   0.0456    0.0136  0.0000   0.0136   -0.0088 -0.0059   0.0106
  18.00   -0.5178 -0.1026   0.5279    0.0609  0.0005   0.0609   -0.0257 -0.0364   0.0446    0.0136  0.0000   0.0136   -0.0084 -0.0062   0.0104
  20.00   -0.5224 -0.1158   0.5350    0.0613  0.0006   0.0613   -0.0230 -0.0370   0.0436    0.0136  0.0000   0.0136   -0.0081 -0.0064   0.0103
  22.00   -0.5262 -0.1289   0.5418    0.0617  0.0007   0.0617   -0.0204 -0.0374   0.0426    0.0137  0.0000   0.0137   -0.0078 -0.0065   0.0102
  24.00   -0.5294 -0.1420   0.5481    0.0620  0.0009   0.0620   -0.0180 -0.0375   0.0416    0.0137  0.0000   0.0137   -0.0075 -0.0067   0.0100
  26.00   -0.5320 -0.1550   0.5542    0.0624  0.0010   0.0624   -0.0158 -0.0374   0.0406    0.0137  0.0000   0.0137   -0.0072 -0.0068   0.0099
  28.00   -0.5341 -0.1679   0.5599    0.0628  0.0012   0.0628   -0.0138 -0.0371   0.0396    0.0137  0.0000   0.0137   -0.0070 -0.0069   0.0098
  30.00   -0.5356 -0.1807   0.5653    0.0632  0.0013   0.0632   -0.0120 -0.0368   0.0387    0.0138  0.0000   0.0138   -0.0067 -0.0070   0.0097
  32.00   -0.5366 -0.1935   0.5704    0.0636  0.0015   0.0636   -0.0102 -0.0364   0.0378    0.0138  0.0000   0.0138   -0.0065 -0.0071   0.0096
  34.00   -0.5372 -0.2061   0.5754    0.0640  0.0017   0.0640   -0.0087 -0.0359   0.0369    0.0138  0.0000   0.0138   -0.0062 -0.0071   0.0095
  36.00   -0.5373 -0.2186   0.5800    0.0644  0.0019   0.0644   -0.0072 -0.0353   0.0361    0.0138  0.0000   0.0138   -0.0060 -0.0071   0.0094
  38.00   -0.5369 -0.2309   0.5845    0.0647  0.0022   0.0648   -0.0059 -0.0347   0.0352    0.0139  0.0000   0.0139   -0.0058 -0.0072   0.0093
  40.00   -0.5362 -0.2432   0.5888    0.0651  0.0024   0.0652   -0.0047 -0.0341   0.0344    0.0139  0.0000   0.0139   -0.0056 -0.0072   0.0092
  42.00   -0.5351 -0.2553   0.5928    0.0655  0.0026   0.0655   -0.0036 -0.0335   0.0337    0.0139  0.0000   0.0139   -0.0054 -0.0072   0.0090
  44.00   -0.5336 -0.2672   0.5967    0.0659  0.0029   0.0659   -0.0026 -0.0328   0.0329    0.0139  0.0000   0.0139   -0.0052 -0.0073   0.0090
  46.00   -0.5317 -0.2790   0.6005    0.0662  0.0032   0.0663   -0.0016 -0.0321   0.0322    0.0140  0.0000   0.0140   -0.0050 -0.0073   0.0089
  48.00   -0.5295 -0.2907   0.6040    0.0666  0.0034   0.0667   -0.0008 -0.0315   0.0315    0.0140  0.0000   0.0140   -0.0048 -0.0073   0.0087
  50.00   -0.5269 -0.3021   0.6074    0.0669  0.0037   0.0670   -0.0000 -0.0309   0.0309    0.0140  0.0000   0.0140   -0.0047 -0.0073   0.0087
  52.00   -0.5240 -0.3134   0.6106    0.0672  0.0040   0.0674    0.0007 -0.0302   0.0302    0.0141  0.0000   0.0141   -0.0046 -0.0073   0.0086
  54.00   -0.5209 -0.3246   0.6137    0.0676  0.0043   0.0677    0.0014 -0.0295   0.0296    0.0141  0.0000   0.0141   -0.0044 -0.0073   0.0085
  56.00   -0.5174 -0.3355   0.6166    0.0679  0.0047   0.0680    0.0020 -0.0289   0.0290    0.0141  0.0000   0.0141   -0.0043 -0.0073   0.0084
  58.00   -0.5136 -0.3463   0.6195    0.0682  0.0050   0.0684    0.0025 -0.0283   0.0284    0.0141  0.0000   0.0141   -0.0041 -0.0073   0.0084
  60.00   -0.5096 -0.3569   0.6221    0.0685  0.0053   0.0687    0.0031 -0.0277   0.0279    0.0142  0.0000   0.0142   -0.0040 -0.0073   0.0083
  62.00   -0.5053 -0.3673   0.6247    0.0688  0.0056   0.0690    0.0035 -0.0271   0.0273    0.0142  0.0000   0.0142   -0.0038 -0.0073   0.0082
  64.00   -0.5007 -0.3776   0.6271    0.0691  0.0060   0.0693    0.0039 -0.0265   0.0268    0.0142  0.0000   0.0142   -0.0037 -0.0072   0.0081
  66.00   -0.4959 -0.3876   0.6294    0.0693  0.0063   0.0696    0.0044 -0.0260   0.0263    0.0142  0.0000   0.0142   -0.0036 -0.0072   0.0081
  68.00   -0.4909 -0.3974   0.6316    0.0696  0.0067   0.0699    0.0047 -0.0254   0.0259    0.0143  0.0000   0.0143   -0.0035 -0.0072   0.0080
  70.00   -0.4856 -0.4070   0.6336    0.0698  0.0070   0.0702    0.0051 -0.0249   0.0254    0.0143  0.0000   0.0143   -0.0034 -0.0072   0.0080
  72.00   -0.4801 -0.4165   0.6356    0.0701  0.0074   0.0705    0.0053 -0.0244   0.0249    0.0143  0.0000   0.0143   -0.0032 -0.0071   0.0078
  74.00   -0.4744 -0.4257   0.6374    0.0703  0.0077   0.0707    0.0056 -0.0239   0.0245    0.0144  0.0000   0.0144   -0.0031 -0.0071   0.0078
  76.00   -0.4686 -0.4347   0.6392    0.0705  0.0081   0.0710    0.0059 -0.0234   0.0241    0.0144  0.0000   0.0144   -0.0030 -0.0071   0.0077
  78.00   -0.4625 -0.4435   0.6408    0.0707  0.0084   0.0712    0.0062 -0.0229   0.0237    0.0144  0.0000   0.0144   -0.0029 -0.0071   0.0077
  80.00   -0.4562 -0.4521   0.6423    0.0710  0.0088   0.0715    0.0064 -0.0224   0.0233    0.0145  0.0000   0.0145   -0.0028 -0.0070   0.0076
  82.00   -0.4498 -0.4605   0.6438    0.0711  0.0091   0.0717    0.0066 -0.0220   0.0229    0.0145  0.0000   0.0145   -0.0027 -0.0070   0.0075
  84.00   -0.4433 -0.4687   0.6451    0.0713  0.0095   0.0720    0.0068 -0.0215   0.0226    0.0145  0.0000   0.0145   -0.0026 -0.0070   0.0074
  86.00   -0.4365 -0.4767   0.6464    0.0715  0.0099   0.0722    0.0069 -0.0211   0.0222    0.0146  0.0000   0.0146   -0.0026 -0.0070   0.0074
  88.00   -0.4297 -0.4845   0.6476    0.0717  0.0102   0.0724    0.0071 -0.0207   0.0219    0.0146  0.0000   0.0146   -0.0025 -0.0070   0.0074
  90.00   -0.4226 -0.4920   0.6486    0.0719  0.0106   0.0726    0.0072 -0.0203   0.0215    0.0146  0.0000   0.0146   -0.0023 -0.0069   0.0073
  92.00   -0.4155 -0.4994   0.6496    0.0720  0.0109   0.0729    0.0074 -0.0199   0.0212    0.0146  0.0000   0.0146   -0.0022 -0.0068   0.0072
  94.00   -0.4082 -0.5065   0.6505    0.0722  0.0113   0.0731    0.0075 -0.0195   0.0209    0.0147  0.0000   0.0147   -0.0022 -0.0068   0.0072
  96.00   -0.4008 -0.5134   0.6514    0.0723  0.0116   0.0733    0.0076 -0.0191   0.0206    0.0147  0.0001   0.0147   -0.0021 -0.0068   0.0071
  98.00   -0.3933 -0.5201   0.6521    0.0725  0.0120   0.0735    0.0077 -0.0188   0.0203    0.0147  0.0001   0.0147   -0.0021 -0.0068   0.0071
 100.00   -0.3857 -0.5266   0.6528    0.0726  0.0123   0.0736    0.0078 -0.0184   0.0200    0.0148  0.0001   0.0148   -0.0019 -0.0067   0.0070
 102.00   -0.3780 -0.5329   0.6534    0.0727  0.0127   0.0738    0.0079 -0.0181   0.0197    0.0148  0.0001   0.0148   -0.0018 -0.0067   0.0069
 104.00   -0.3702 -0.5390   0.6539    0.0729  0.0130   0.0740    0.0080 -0.0177   0.0194    0.0149  0.0001   0.0149   -0.0018 -0.0067   0.0069
 106.00   -0.3623 -0.5449   0.6543    0.0730  0.0134   0.0742    0.0080 -0.0174   0.0192    0.0149  0.0001   0.0149   -0.0018 -0.0066   0.0069
 108.00   -0.3544 -0.5505   0.6547    0.0731  0.0137   0.0744    0.0081 -0.0171   0.0189    0.0149  0.0001   0.0149   -0.0017 -0.0066   0.0068
 110.00   -0.3463 -0.5560   0.6550    0.0732  0.0141   0.0745    0.0081 -0.0168   0.0186    0.0150  0.0001   0.0150   -0.0015 -0.0066   0.0068
 112.00   -0.3382 -0.5612   0.6553    0.0733  0.0144   0.0747    0.0082 -0.0165   0.0184    0.0150  0.0001   0.0150   -0.0015 -0.0066   0.0067
 114.00   -0.3301 -0.5663   0.6554    0.0734  0.0147   0.0749    0.0082 -0.0162   0.0182    0.0150  0.0001   0.0150   -0.0014 -0.0065   0.0067
 116.00   -0.3219 -0.5711   0.6556    0.0735  0.0151   0.0750    0.0083 -0.0159   0.0179    0.0151  0.0001   0.0151   -0.0014 -0.0065   0.0066
 118.00   -0.3136 -0.5757   0.6556    0.0736  0.0154   0.0752    0.0083 -0.0156   0.0177    0.0151  0.0001   0.0151   -0.0014 -0.0064   0.0066
 120.00   -0.3053 -0.5802   0.6556    0.0737  0.0157   0.0753    0.0084 -0.0153   0.0175    0.0151  0.0001   0.0151   -0.0012 -0.0065   0.0066
 122.00   -0.2969 -0.5844   0.6555    0.0738  0.0161   0.0755    0.0084 -0.0151   0.0172    0.0152  0.0001   0.0152   -0.0012 -0.0064   0.0065
 124.00   -0.2886 -0.5884   0.6554    0.0739  0.0164   0.0757    0.0084 -0.0148   0.0170    0.0152  0.0001   0.0152   -0.0011 -0.0064   0.0065
 126.00   -0.2801 -0.5923   0.6552    0.0739  0.0167   0.0758    0.0084 -0.0146   0.0168    0.0152  0.0002   0.0152   -0.0011 -0.0063   0.0064
 128.00   -0.2717 -0.5959   0.6550    0.0740  0.0170   0.0759    0.0084 -0.0143   0.0166    0.0153  0.0002   0.0153   -0.0011 -0.0063   0.0063
 130.00   -0.2633 -0.5994   0.6547    0.0741  0.0173   0.0761    0.0085 -0.0141   0.0164    0.0153  0.0002   0.0153   -0.0010 -0.0062   0.0063
 132.00   -0.2548 -0.6027   0.6543    0.0742  0.0177   0.0762    0.0085 -0.0138   0.0162    0.0154  0.0002   0.0154   -0.0009 -0.0063   0.0064
 134.00   -0.2463 -0.6058   0.6539    0.0742  0.0180   0.0764    0.0085 -0.0136   0.0160    0.0154  0.0002   0.0154   -0.0009 -0.0062   0.0063
 136.00   -0.2378 -0.6087   0.6535    0.0743  0.0183   0.0765    0.0085 -0.0134   0.0159    0.0154  0.0002   0.0154   -0.0008 -0.0062   0.0062
 138.00   -0.2293 -0.6114   0.6530    0.0743  0.0186   0.0766    0.0085 -0.0132   0.0157    0.0155  0.0002   0.0155   -0.0008 -0.0061   0.0062
 140.00   -0.2208 -0.6139   0.6524    0.0744  0.0189   0.0768    0.0085 -0.0130   0.0155    0.0155  0.0002   0.0155   -0.0008 -0.0061   0.0061
 142.00   -0.2123 -0.6163   0.6518    0.0745  0.0192   0.0769    0.0085 -0.0128   0.0153    0.0156  0.0002   0.0156   -0.0008 -0.0062   0.0062
 144.00   -0.2038 -0.6184   0.6512    0.0745  0.0195   0.0770    0.0085 -0.0126   0.0151    0.0156  0.0003   0.0156   -0.0007 -0.0061   0.0061
 146.00   -0.1954 -0.6204   0.6505    0.0746  0.0198   0.0772    0.0085 -0.0124   0.0150    0.0156  0.0003   0.0156   -0.0006 -0.0061   0.0061
 148.00   -0.1869 -0.6223   0.6497    0.0746  0.0201   0.0773    0.0157  0.0003   0.0157    0.0084 -0.0122   0.0148   -0.0005 -0.0060   0.0060
 150.00   -0.1785 -0.6239   0.6490    0.0747  0.0204   0.0774    0.0157  0.0003   0.0157    0.0084 -0.0120   0.0147   -0.0005 -0.0059   0.0060
