   0.00   -0.3262 -0.0000   0.3262    0.1358  0.0000   0.1358   -0.0516  0.0000   0.0516   -0.0148  0.0000   0.0148   -0.0064 -0.0000   0.0064
   2.00   -0.3443 -0.0072   0.3444    0.1364  0.0000   0.1364   -0.0610 -0.0110   0.0620   -0.0164 -0.0028   0.0166   -0.0069 -0.0009   0.0069
   4.00   -0.3583 -0.0193   0.3588    0.1371  0.0001   0.1371   -0.0609 -0.0230   0.0651   -0.0160 -0.0048   0.0168   -0.0068 -0.0016   0.0069
   6.00   -0.3687 -0.0326   0.3702    0.1378  0.0002   0.1378   -0.0573 -0.0318   0.0655   -0.0154 -0.0062   0.0166   -0.0066 -0.0020   0.0069
   8.00   -0.3767 -0.0462   0.3795    0.1385  0.0003   0.1385   -0.0525 -0.0381   0.0649   -0.0147 -0.0073   0.0164   -0.0064 -0.0023   0.0068
  10.00   -0.3829 -0.0596   0.3875    0.1391  0.0004   0.1391   -0.0474 -0.0425   0.0637   -0.0140 -0.0080   0.0161   -0.0063 -0.0026   0.0068
  12.00   -0.3877 -0.0727   0.3945    0.1398  0.0006   0.1398   -0.0425 -0.0456   0.0623   -0.0133 -0.0087   0.0159   -0.0061 -0.0028   0.0067
  14.00   -0.3915 -0.0855   0.4008    0.1405  0.0007   0.1405   -0.0378 -0.0476   0.0608   -0.0127 -0.0091   0.0156   -0.0059 -0.0030   0.0066
  16.00   -0.3945 -0.0980   0.4065    0.1412  0.0009   0.1412   -0.0334 -0.0489   0.0592   -0.0121 -0.0095   0.0154   -0.0058 -0.0032   0.0066
  18.00   -0.3967 -0.1103   0.4118    0.1419  0.0011   0.1419   -0.0293 -0.0497   0.0577   -0.0115 -0.0099   0.0152   -0.0056 -0.0033   0.0065
  20.00   -0.3984 -0.1224   0.4167    0.1425  0.0013   0.1425   -0.0256 -0.0499   0.0561   -0.0109 -0.0101   0.0149   -0.0055 -0.0034   0.0065
  22.00   -0.3994 -0.1343   0.4214    0.1432  0.0016   0.1432   -0.0222 -0.0499   0.0547   -0.0105 -0.0103   0.0147    0.0069  0.0000   0.0069
  24.00   -0.4000 -0.1460   0.4258    0.1438  0.0018   0.1438   -0.0192 -0.0496   0.0532   -0.0099 -0.0105   0.0145    0.0069  0.0000   0.0069
  26.00   -0.4000 -0.1574   0.4299    0.1445  0.0021   0.1445   -0.0164 -0.0492   0.0518   -0.0095 -0.0106   0.0143    0.0069  0.0000   0.0069
  28.00   -0.3996 -0.1688   0.4338    0.1451  0.0023   0.1451   -0.0138 -0.0485   0.0505   -0.0091 -0.0108   0.0141    0.0069  0.0000   0.0069
  30.00   -0.3988 -0.1799   0.4375    0.1457  0.0026   0.1458   -0.0115 -0.0478   0.0492   -0.0086 -0.0108   0.0138    0.0069  0.0000   0.0069
  32.00   -0.3976 -0.1909   0.4411    0.1464  0.0029   0.1464   -0.0094 -0.0470   0.0480   -0.0083 -0.0109   0.0137    0.0069  0.0000   0.0069
  34.00   -0.3960 -0.2017   0.4444    0.1470  0.0032   0.1470   -0.0075 -0.0462   0.0468   -0.0079 -0.0110   0.0135    0.0069  0.0000   0.0069
  36.00   -0.3941 -0.2123   0.4476    0.1476  0.0035   0.1476   -0.0058 -0.0453   0.0457   -0.0076 -0.0109   0.0132    0.0069  0.0000   0.0069
  38.00   -0.3918 -0.2228   0.4507    0.1482  0.0038   0.1482   -0.0042 -0.0444   0.0446   -0.0072 -0.0110   0.0132    0.0070  0.0000   0.0070
  40.00   -0.3891 -0.2330   0.4536    0.1487  0.0041   0.1488   -0.0027 -0.0434   0.0435   -0.0069 -0.0110   0.0130    0.0070  0.0000   0.0070
  42.00   -0.3861 -0.2431   0.4563    0.1493  0.0044   0.1494   -0.0014 -0.0425   0.0426   -0.0066 -0.0109   0.0127    0.0070  0.0000   0.0070
  44.00   -0.3828 -0.2531   0.4589    0.1498  0.0048   0.1499   -0.0002 -0.0416   0.0416   -0.0063 -0.0110   0.0127    0.0070  0.0000   0.0070
  46.00   -0.3792 -0.2628   0.4614    0.1504  0.0051   0.1505    0.0009 -0.0407   0.0407   -0.0060 -0.0110   0.0125    0.0070  0.0000   0.0070
  48.00   -0.3754 -0.2723   0.4637    0.1509  0.0054   0.1510    0.0019 -0.0397   0.0398   -0.0057 -0.0110   0.0124    0.0070  0.0000   0.0070
  50.00   -0.3712 -0.2817   0.4660    0.1514  0.0057   0.1515    0.0028 -0.0389   0.0390   -0.0055 -0.0108   0.0122    0.0070  0.0000   0.0070
  52.00   -0.3668 -0.2908   0.4681    0.1520  0.0060   0.1521    0.0037 -0.0380   0.0382   -0.0053 -0.0109   0.0121    0.0070  0.0000   0.0070
  54.00   -0.3621 -0.2998   0.4701    0.1525  0.0064   0.1526    0.0044 -0.0371   0.0374   -0.0050 -0.0109   0.0120    0.0071  0.0000   0.0071
  56.00   -0.3571 -0.3085   0.4719    0.1530  0.0067   0.1531    0.0051 -0.0363   0.0366   -0.0048 -0.0107   0.0117    0.0071  0.0000   0.0071
  58.00   -0.3519 -0.3170   0.4737    0.1534  0.0070   0.1536    0.0058 -0.0355   0.0359   -0.0046 -0.0107   0.0116    0.0071  0.0000   0.0071
  60.00   -0.3465 -0.3253   0.4753    0.1539  0.0073   0.1541    0.0064 -0.0346   0.0352   -0.0044 -0.0107   0.0116    0.0071  0.0000   0.0071
  62.00   -0.3409 -0.3335   0.4769    0.1544  0.0076   0.1546    0.0069 -0.0338   0.0345   -0.0042 -0.0107   0.0115    0.0071  0.0000   0.0071
  64.00   -0.3350 -0.3413   0.4783    0.1549  0.0079   0.1551    0.0074 -0.0331   0.0339   -0.0039 -0.0105   0.0112    0.0071  0.0000   0.0071
  66.00   -0.3290 -0.3490   0.4796    0.1554  0.0082   0.1556    0.0079 -0.0324   0.0333   -0.0038 -0.0104   0.0111    0.0071  0.0000   0.0071
  68.00   -0.3228 -0.3564   0.4809    0.1558  0.0085   0.1560    0.0083 -0.0316   0.0327   -0.0037 -0.0104   0.0111    0.0072  0.0000   0.0072
  70.00   -0.3164 -0.3636   0.4820    0.1563  0.0088   0.1565    0.0087 -0.0309   0.0321   -0.0035 -0.0105   0.0110    0.0072  0.0000   0.0072
  72.00   -0.3098 -0.3706   0.4830    0.1567  0.0091   0.1570    0.0090 -0.0302   0.0315   -0.0032 -0.0103   0.0107    0.0072  0.0000   0.0072
  74.00   -0.3031 -0.3773   0.4840    0.1572  0.0094   0.1575    0.0094 -0.0296   0.0310   -0.0031 -0.0102   0.0106    0.0072  0.0000   0.0072
  76.00   -0.2962 -0.3839   0.4849    0.1576  0.0096   0.1579    0.0097 -0.0289   0.0305   -0.0030 -0.0101   0.0106    0.0072  0.0000   0.0072
  78.00   -0.2892 -0.3901   0.4856    0.1581  0.0099   0.1584    0.0100 -0.0283   0.0300   -0.0029 -0.0101   0.0106    0.0072  0.0000   0.0072
  80.00   -0.2820 -0.3962   0.4863    0.1585  0.0101   0.1588    0.0102 -0.0276   0.0295   -0.0025 -0.0101   0.0104    0.0072  0.0000   0.0072
  82.00   -0.2747 -0.4020   0.4869    0.1590  0.0104   0.1593    0.0104 -0.0271   0.0290   -0.0024 -0.0099   0.0102    0.0073  0.0000   0.0073
  84.00   -0.2673 -0.4076   0.4874    0.1594  0.0107   0.1598    0.0106 -0.0265   0.0286   -0.0024 -0.0098   0.0101    0.0073  0.0000   0.0073
  86.00   -0.2598 -0.4129   0.4879    0.1598  0.0109   0.1602    0.0109 -0.0259   0.0281   -0.0024 -0.0098   0.0101    0.0073  0.0000   0.0073
  88.00   -0.2521 -0.4181   0.4882    0.1603  0.0111   0.1607    0.0111 -0.0254   0.0277   -0.0023 -0.0098   0.0101    0.0073  0.0000   0.0073
  90.00   -0.2444 -0.4229   0.4885    0.1607  0.0114   0.1611    0.0111 -0.0248   0.0272   -0.0019 -0.0098   0.0100    0.0073  0.0000   0.0073
  92.00   -0.2366 -0.4276   0.4887    0.1612  0.0116   0.1616    0.0113 -0.0243   0.0268   -0.0018 -0.0096   0.0098    0.0073  0.0000   0.0073
  94.00   -0.2287 -0.4320   0.4888    0.1616  0.0118   0.1620    0.0115 -0.0238   0.0265   -0.0018 -0.0095   0.0097    0.0073  0.0000   0.0073
  96.00   -0.2208 -0.4362   0.4889    0.1621  0.0120   0.1625    0.0116 -0.0234   0.0261   -0.0017 -0.0094   0.0096    0.0074  0.0000   0.0074
  98.00   -0.2127 -0.4401   0.4888    0.1625  0.0122   0.1630    0.0117 -0.0229   0.0257   -0.0017 -0.0095   0.0096    0.0074  0.0000   0.0074
 100.00   -0.2046 -0.4438   0.4887    0.1630  0.0124   0.1634    0.0118 -0.0224   0.0253   -0.0013 -0.0095   0.0096    0.0074  0.0000   0.0074
 102.00   -0.1965 -0.4473   0.4886    0.1634  0.0126   0.1639    0.0119 -0.0219   0.0249   -0.0012 -0.0093   0.0094    0.0074  0.0000   0.0074
 104.00   -0.1883 -0.4506   0.4883    0.1639  0.0128   0.1644    0.0119 -0.0215   0.0246   -0.0012 -0.0092   0.0093    0.0074  0.0000   0.0074
 106.00   -0.1801 -0.4536   0.4880    0.1643  0.0130   0.1648    0.0120 -0.0211   0.0243   -0.0012 -0.0091   0.0092    0.0074  0.0000   0.0074
 108.00   -0.1719 -0.4564   0.4877    0.1648  0.0132   0.1653    0.0121 -0.0207   0.0240   -0.0013 -0.0091   0.0092    0.0075  0.0000   0.0075
 110.00   -0.1636 -0.4590   0.4873    0.1652  0.0133   0.1658    0.0121 -0.0202   0.0236   -0.0009 -0.0093   0.0093    0.0075  0.0000   0.0075
 112.00   -0.1553 -0.4613   0.4868    0.1657  0.0135   0.1663    0.0122 -0.0198   0.0233   -0.0008 -0.0091   0.0091    0.0075  0.0000   0.0075
 114.00   -0.1470 -0.4634   0.4862    0.1662  0.0136   0.1667    0.0122 -0.0195   0.0230   -0.0007 -0.0090   0.0090    0.0075  0.0000   0.0075
 116.00   -0.1387 -0.4654   0.4856    0.1667  0.0138   0.1672    0.0123 -0.0191   0.0227   -0.0007 -0.0088   0.0088    0.0075  0.0000   0.0075
 118.00   -0.1304 -0.4671   0.4849    0.1671  0.0139   0.1677    0.0123 -0.0188   0.0224   -0.0007 -0.0087   0.0087    0.0075  0.0000   0.0075
 120.00   -0.1221 -0.4686   0.4842    0.1676  0.0141   0.1682    0.0124 -0.0183   0.0221   -0.0006 -0.0090   0.0090    0.0076  0.0000   0.0076
 122.00   -0.1138 -0.4698   0.4834    0.1681  0.0142   0.1687    0.0124 -0.0180   0.0218   -0.0004 -0.0089   0.0089    0.0076  0.0000   0.0076
 124.00   -0.1055 -0.4709   0.4826    0.1686  0.0143   0.1692    0.0124 -0.0177   0.0216   -0.0003 -0.0088   0.0088    0.0076  0.0000   0.0076
 126.00   -0.0973 -0.4717   0.4817    0.1691  0.0145   0.1697    0.0124 -0.0173   0.0213   -0.0002 -0.0086   0.0086    0.0076  0.0000   0.0076
 128.00   -0.0890 -0.4724   0.4807    0.1696  0.0146   0.1703    0.0124 -0.0170   0.0211   -0.0002 -0.0085   0.0085    0.0076  0.0000   0.0076
 130.00   -0.0808 -0.4728   0.4796    0.1701  0.0147   0.1708    0.0122 -0.0167   0.0207    0.0012 -0.0089   0.0089    0.0076  0.0000   0.0076
 132.00   -0.0726 -0.4731   0.4787    0.1707  0.0148   0.1713    0.0124 -0.0164   0.0205   -0.0002 -0.0086   0.0086    0.0077  0.0000   0.0077
 134.00   -0.0645 -0.4732   0.4775    0.1712  0.0149   0.1718    0.0124 -0.0161   0.0203   -0.0001 -0.0085   0.0085    0.0077  0.0000   0.0077
 136.00   -0.0564 -0.4730   0.4764    0.1717  0.0150   0.1724    0.0124 -0.0158   0.0200    0.0001 -0.0084   0.0084    0.0077  0.0000   0.0077
 138.00   -0.0484 -0.4727   0.4752    0.1723  0.0151   0.1729    0.0124 -0.0155   0.0198    0.0002 -0.0083   0.0083    0.0077  0.0000   0.0077
 140.00   -0.0404 -0.4722   0.4739    0.1728  0.0152   0.1735    0.0124 -0.0152   0.0196    0.0002 -0.0081   0.0081    0.0077  0.0000   0.0077
 142.00   -0.0325 -0.4715   0.4726    0.1734  0.0152   0.1740    0.0124 -0.0149   0.0194   -0.0000 -0.0083   0.0083    0.0078  0.0000   0.0078
 144.00   -0.0246 -0.4706   0.4712    0.1739  0.0153   0.1746    0.0123 -0.0146   0.0191    0.0001 -0.0083   0.0083    0.0078  0.0000   0.0078
 146.00   -0.0168 -0.4695   0.4698    0.1745  0.0154   0.1752    0.0123 -0.0144   0.0189    0.0002 -0.0082   0.0082    0.0078  0.0000   0.0078
 148.00   -0.0090 -0.4683   0.4684    0.1751  0.0154   0.1758    0.0123 -0.0141   0.0187    0.0004 -0.0081   0.0081    0.0078  0.0000   0.0078
 150.00   -0.0014 -0.4669   0.4669    0.1757  0.0155   0.1763    0.0122 -0.0139   0.0185    0.0005 -0.0080   0.0080    0.0078  0.0000   0.0078
