   0.00   -0.3389  0.0000   0.3389    0.1691  0.0000   0.1691    0.0465  0.0000   0.0465    0.0217  0.0000   0.0217    0.0127  0.0000   0.0127
   2.00   -0.3444 -0.0005   0.3444    0.1874  0.0112   0.1877    0.0504  0.0040   0.0506    0.0229  0.0016   0.0230    0.0133  0.0008   0.0133
   4.00   -0.3499 -0.0013   0.3499    0.1977  0.0287   0.1997    0.0511  0.0083   0.0517    0.0230  0.0030   0.0232    0.0133  0.0015   0.0134
   6.00   -0.3555 -0.0024   0.3555    0.2018  0.0467   0.2071    0.0505  0.0117   0.0519    0.0228  0.0041   0.0232    0.0133  0.0019   0.0134
   8.00   -0.3612 -0.0036   0.3612    0.2017  0.0635   0.2114    0.0496  0.0143   0.0516    0.0225  0.0049   0.0230    0.0132  0.0023   0.0134
  10.00   -0.3670 -0.0052   0.3671    0.1987  0.0786   0.2137    0.0485  0.0164   0.0512    0.0222  0.0055   0.0229    0.0131  0.0026   0.0133
  12.00   -0.3730 -0.0069   0.3730    0.1938  0.0919   0.2145    0.0473  0.0181   0.0506    0.0219  0.0061   0.0227    0.0129  0.0029   0.0133
  14.00   -0.3790 -0.0090   0.3791    0.1876  0.1034   0.2143    0.0462  0.0195   0.0501    0.0216  0.0065   0.0225    0.0128  0.0031   0.0132
  16.00   -0.3852 -0.0113   0.3854    0.1806  0.1133   0.2132    0.0450  0.0207   0.0495    0.0213  0.0069   0.0224    0.0127  0.0033   0.0131
  18.00   -0.3914 -0.0138   0.3917    0.1731  0.1218   0.2117    0.0439  0.0217   0.0490    0.0210  0.0073   0.0222    0.0126  0.0035   0.0131
  20.00   -0.3977 -0.0167   0.3981    0.1654  0.1289   0.2097    0.0429  0.0225   0.0485    0.0207  0.0076   0.0220    0.0125  0.0037   0.0130
  22.00   -0.4041 -0.0199   0.4046    0.1575  0.1348   0.2073    0.0419  0.0233   0.0479    0.0204  0.0079   0.0219    0.0124  0.0038   0.0130
  24.00   -0.4105 -0.0234   0.4112    0.1497  0.1397   0.2047    0.0410  0.0239   0.0474    0.0201  0.0081   0.0217    0.0123  0.0040   0.0129
  26.00   -0.4169 -0.0273   0.4178    0.1420  0.1436   0.2020    0.0401  0.0245   0.0469    0.0199  0.0083   0.0216    0.0122  0.0041   0.0129
  28.00   -0.4233 -0.0315   0.4245    0.1345  0.1468   0.1991    0.0392  0.0249   0.0465    0.0196  0.0085   0.0214    0.0121  0.0042   0.0128
  30.00   -0.4297 -0.0360   0.4312    0.1273  0.1493   0.1962    0.0384  0.0254   0.0460    0.0194  0.0087   0.0213    0.0120  0.0043   0.0128
  32.00   -0.4360 -0.0408   0.4379    0.1203  0.1511   0.1931    0.0376  0.0258   0.0456    0.0192  0.0089   0.0211    0.0119  0.0045   0.0127
  34.00   -0.4422 -0.0460   0.4446    0.1136  0.1524   0.1901    0.0368  0.0261   0.0451    0.0189  0.0090   0.0210    0.0118  0.0046   0.0127
  36.00   -0.4484 -0.0515   0.4513    0.1072  0.1533   0.1871    0.0361  0.0264   0.0447    0.0188  0.0092   0.0209    0.0118  0.0046   0.0126
  38.00   -0.4544 -0.0574   0.4580    0.1012  0.1537   0.1840    0.0354  0.0267   0.0443    0.0185  0.0093   0.0207    0.0117  0.0047   0.0126
  40.00   -0.4602 -0.0635   0.4646    0.0955  0.1538   0.1811    0.0347  0.0269   0.0439    0.0183  0.0094   0.0206    0.0116  0.0048   0.0126
  42.00   -0.4659 -0.0700   0.4712    0.0900  0.1537   0.1781    0.0341  0.0271   0.0436    0.0182  0.0095   0.0205    0.0115  0.0049   0.0125
  44.00   -0.4714 -0.0768   0.4777    0.0849  0.1533   0.1752    0.0334  0.0273   0.0432    0.0180  0.0096   0.0204    0.0114  0.0050   0.0125
  46.00   -0.4767 -0.0839   0.4841    0.0801  0.1527   0.1724    0.0328  0.0275   0.0428    0.0178  0.0097   0.0203    0.0114  0.0051   0.0124
  48.00   -0.4818 -0.0912   0.4904    0.0755  0.1519   0.1696    0.0323  0.0276   0.0425    0.0176  0.0098   0.0201    0.0112  0.0052   0.0124
  50.00   -0.4867 -0.0988   0.4966    0.0712  0.1510   0.1669    0.0317  0.0278   0.0421    0.0175  0.0099   0.0201    0.0112  0.0052   0.0124
  52.00   -0.4913 -0.1066   0.5027    0.0671  0.1499   0.1643    0.0312  0.0279   0.0418    0.0173  0.0100   0.0200    0.0112  0.0053   0.0123
  54.00   -0.4956 -0.1147   0.5087    0.0633  0.1488   0.1617    0.0306  0.0280   0.0415    0.0171  0.0101   0.0198    0.0111  0.0054   0.0123
  56.00   -0.4997 -0.1230   0.5146    0.0597  0.1476   0.1592    0.0302  0.0281   0.0412    0.0170  0.0101   0.0198    0.0110  0.0053   0.0122
  58.00   -0.5035 -0.1315   0.5203    0.0563  0.1463   0.1568    0.0296  0.0282   0.0409    0.0169  0.0102   0.0197    0.0110  0.0054   0.0122
  60.00   -0.5070 -0.1401   0.5260    0.0531  0.1450   0.1544    0.0292  0.0282   0.0406    0.0167  0.0103   0.0196    0.0109  0.0055   0.0122
  62.00   -0.5102 -0.1489   0.5315    0.0501  0.1437   0.1522    0.0287  0.0283   0.0403    0.0165  0.0103   0.0195    0.0108  0.0056   0.0122
  64.00   -0.5131 -0.1579   0.5368    0.0473  0.1423   0.1500    0.0283  0.0284   0.0401    0.0165  0.0103   0.0194    0.0107  0.0056   0.0121
  66.00   -0.5157 -0.1669   0.5420    0.0446  0.1409   0.1478    0.0278  0.0284   0.0398    0.0163  0.0104   0.0194    0.0107  0.0056   0.0121
  68.00   -0.5180 -0.1761   0.5471    0.0421  0.1395   0.1457    0.0274  0.0284   0.0395    0.0162  0.0105   0.0193    0.0106  0.0057   0.0121
  70.00   -0.5200 -0.1854   0.5520    0.0397  0.1381   0.1437    0.0270  0.0284   0.0392    0.0160  0.0105   0.0191    0.0106  0.0058   0.0121
  72.00   -0.5217 -0.1947   0.5568    0.0374  0.1367   0.1418    0.0267  0.0285   0.0390    0.0160  0.0105   0.0191    0.0104  0.0057   0.0119
  74.00   -0.5230 -0.2042   0.5615    0.0353  0.1353   0.1399    0.0263  0.0285   0.0388    0.0159  0.0106   0.0191    0.0104  0.0058   0.0119
  76.00   -0.5241 -0.2136   0.5660    0.0333  0.1340   0.1380    0.0259  0.0285   0.0385    0.0157  0.0106   0.0190    0.0104  0.0059   0.0120
  78.00   -0.5249 -0.2231   0.5704    0.0314  0.1326   0.1363    0.0255  0.0285   0.0382    0.0156  0.0107   0.0189    0.0104  0.0060   0.0120
  80.00   -0.5254 -0.2326   0.5746    0.0295  0.1313   0.1346    0.0252  0.0285   0.0381    0.0155  0.0106   0.0188    0.0102  0.0059   0.0118
  82.00   -0.5256 -0.2422   0.5787    0.0278  0.1299   0.1329    0.0248  0.0286   0.0378    0.0154  0.0107   0.0188    0.0102  0.0059   0.0118
  84.00   -0.5255 -0.2517   0.5826    0.0262  0.1286   0.1312    0.0245  0.0286   0.0376    0.0153  0.0107   0.0187    0.0102  0.0060   0.0118
  86.00   -0.5251 -0.2612   0.5865    0.0246  0.1273   0.1297    0.0241  0.0286   0.0374    0.0152  0.0108   0.0186    0.0101  0.0061   0.0118
  88.00   -0.5244 -0.2707   0.5901    0.0232  0.1260   0.1281    0.0238  0.0285   0.0371    0.0151  0.0108   0.0186    0.0101  0.0062   0.0118
  90.00   -0.5235 -0.2801   0.5937    0.0218  0.1248   0.1267    0.0236  0.0285   0.0370    0.0150  0.0107   0.0185    0.0099  0.0061   0.0116
  92.00   -0.5223 -0.2895   0.5971    0.0204  0.1236   0.1252    0.0232  0.0285   0.0368    0.0150  0.0108   0.0184    0.0099  0.0061   0.0116
  94.00   -0.5208 -0.2988   0.6004    0.0191  0.1223   0.1238    0.0229  0.0285   0.0366    0.0149  0.0109   0.0184    0.0099  0.0061   0.0116
  96.00   -0.5190 -0.3081   0.6036    0.0179  0.1211   0.1225    0.0226  0.0285   0.0364    0.0147  0.0109   0.0184    0.0099  0.0062   0.0117
  98.00   -0.5171 -0.3173   0.6066    0.0168  0.1200   0.1211    0.0223  0.0284   0.0361    0.0146  0.0110   0.0183    0.0098  0.0063   0.0117
 100.00   -0.5148 -0.3264   0.6096    0.0157  0.1189   0.1199    0.0221  0.0284   0.0360    0.0146  0.0108   0.0182    0.0096  0.0062   0.0114
 102.00   -0.5124 -0.3354   0.6124    0.0146  0.1177   0.1186    0.0218  0.0284   0.0358    0.0145  0.0109   0.0182    0.0096  0.0062   0.0114
 104.00   -0.5097 -0.3444   0.6151    0.0136  0.1166   0.1174    0.0215  0.0284   0.0356    0.0145  0.0110   0.0181    0.0096  0.0062   0.0115
 106.00   -0.5067 -0.3532   0.6177    0.0126  0.1155   0.1162    0.0212  0.0284   0.0354    0.0144  0.0110   0.0181    0.0096  0.0063   0.0115
 108.00   -0.5036 -0.3619   0.6201    0.0117  0.1145   0.1151    0.0209  0.0283   0.0352    0.0143  0.0111   0.0181    0.0096  0.0064   0.0116
 110.00   -0.5002 -0.3705   0.6225    0.0108  0.1135   0.1140    0.0208  0.0283   0.0351    0.0142  0.0109   0.0179    0.0093  0.0064   0.0113
 112.00   -0.4966 -0.3790   0.6247    0.0100  0.1124   0.1129    0.0206  0.0283   0.0349    0.0141  0.0110   0.0179    0.0093  0.0064   0.0112
 114.00   -0.4929 -0.3874   0.6269    0.0092  0.1114   0.1118    0.0203  0.0283   0.0348    0.0141  0.0110   0.0179    0.0093  0.0064   0.0113
 116.00   -0.4889 -0.3956   0.6289    0.0084  0.1104   0.1108    0.0200  0.0282   0.0346    0.0140  0.0111   0.0179    0.0094  0.0064   0.0113
 118.00   -0.4848 -0.4037   0.6308    0.0076  0.1095   0.1097    0.0198  0.0282   0.0344    0.0139  0.0112   0.0179    0.0094  0.0065   0.0114
 120.00   -0.4805 -0.4117   0.6327    0.0069  0.1086   0.1088    0.0196  0.0281   0.0342    0.0137  0.0110   0.0176    0.0090  0.0066   0.0112
 122.00   -0.4760 -0.4195   0.6344    0.0062  0.1076   0.1078    0.0194  0.0281   0.0341    0.0137  0.0110   0.0176    0.0090  0.0065   0.0111
 124.00   -0.4713 -0.4272   0.6361    0.0055  0.1067   0.1069    0.0192  0.0280   0.0340    0.0137  0.0111   0.0176    0.0090  0.0065   0.0111
 126.00   -0.4665 -0.4347   0.6376    0.0049  0.1058   0.1059    0.0189  0.0280   0.0338    0.0137  0.0111   0.0177    0.0090  0.0065   0.0111
 128.00   -0.4615 -0.4421   0.6391    0.0043  0.1050   0.1050    0.0187  0.0280   0.0337    0.0136  0.0112   0.0177    0.0091  0.0065   0.0112
 130.00   -0.4564 -0.4493   0.6405    0.0037  0.1041   0.1042    0.0184  0.0279   0.0334    0.0135  0.0113   0.0176    0.0092  0.0067   0.0114
 132.00   -0.4511 -0.4564   0.6418    0.0031  0.1033   0.1033    0.0184  0.0278   0.0333    0.0134  0.0111   0.0174    0.0087  0.0068   0.0110
 134.00   -0.4457 -0.4634   0.6430    0.0026  0.1025   0.1025    0.0182  0.0278   0.0332    0.0134  0.0111   0.0174    0.0087  0.0067   0.0109
 136.00   -0.4402 -0.4702   0.6441    0.0020  0.1017   0.1017    0.0180  0.0278   0.0331    0.0134  0.0112   0.0174    0.0087  0.0066   0.0109
 138.00   -0.4346 -0.4768   0.6451    0.0015  0.1009   0.1009    0.0178  0.0278   0.0330    0.0134  0.0112   0.0174    0.0088  0.0065   0.0109
 140.00   -0.4288 -0.4833   0.6461    0.0010  0.1001   0.1001    0.0175  0.0278   0.0328    0.0133  0.0113   0.0175    0.0088  0.0066   0.0110
 142.00   -0.4229 -0.4896   0.6470    0.0006  0.0993   0.0993    0.0174  0.0276   0.0326    0.0130  0.0112   0.0172    0.0086  0.0069   0.0110
 144.00   -0.4170 -0.4957   0.6478    0.0001  0.0986   0.0986    0.0172  0.0275   0.0325    0.0130  0.0112   0.0172    0.0085  0.0069   0.0109
 146.00   -0.4109 -0.5017   0.6485   -0.0004  0.0979   0.0979    0.0171  0.0275   0.0324    0.0130  0.0112   0.0172    0.0084  0.0068   0.0108
 148.00   -0.4047 -0.5075   0.6492   -0.0008  0.0971   0.0971    0.0169  0.0275   0.0323    0.0130  0.0112   0.0172    0.0084  0.0067   0.0108
 150.00   -0.3985 -0.5132   0.6497   -0.0013  0.0964   0.0964    0.0167  0.0275   0.0322    0.0130  0.0113   0.0172    0.0085  0.0066   0.0108
