   1.1848151588461E-03      3.0402179533101E-03
   6.2392123217427E-03      7.0690948904300E-03
   1.5318157166667E-02      1.1084896745019E-02
   2.8399197371103E-02      1.5071335773400E-02
   4.5447316852421E-02      1.9017249715218E-02
   6.6416616240006E-02      2.2911927895176E-02
   9.1250585825365E-02      2.6744851521311E-02
   1.1988228573356E-01      3.0505681094186E-02
   1.5223453378493E-01      3.4184275415997E-02
   1.8822011602965E-01      3.7770716432282E-02
   2.2774202282111E-01      4.1255335124887E-02
   2.7069371075678E-01      4.4628737251183E-02
   3.1695939010160E-01      4.7881828528944E-02
   3.6641433704012E-01      5.1005839087420E-02
   4.1892522996640E-01      5.3992347076627E-02
   4.7435050892797E-01      5.6833301353865E-02
   5.3254075726578E-01      5.9521043178571E-02
   5.9333910442723E-01      6.2048326853377E-02
   6.5658164886908E-01      6.4408339253903E-02
   7.2209789991215E-01      6.6594718193681E-02
   7.8971123735744E-01      6.8601569574172E-02
   8.5923938762538E-01      7.0423483273368E-02
   9.3049491513480E-01      7.2055547729957E-02
   1.0032857275973E+00      7.3493363183635E-02
   1.0774155938651E+00      7.4733053535825E-02
   1.1526846729360E+00      7.5771276798764E-02
   1.2288900526899E+00      7.6605234104784E-02
   1.3058262969046E+00      7.7232677251471E-02
   1.3832859990757E+00      7.7651914762365E-02
   1.4610603415481E+00      7.7861816446831E-02
   1.5389396584519E+00      7.7861816446831E-02
   1.6167140009243E+00      7.7651914762365E-02
   1.6941737030954E+00      7.7232677251471E-02
   1.7711099473101E+00      7.6605234104784E-02
   1.8473153270640E+00      7.5771276798764E-02
   1.9225844061349E+00      7.4733053535825E-02
   1.9967142724027E+00      7.3493363183635E-02
   2.0695050848652E+00      7.2055547729957E-02
   2.1407606123746E+00      7.0423483273368E-02
   2.2102887626426E+00      6.8601569574172E-02
   2.2779021000879E+00      6.6594718193681E-02
   2.3434183511309E+00      6.4408339253903E-02
   2.4066608955728E+00      6.2048326853377E-02
   2.4674592427342E+00      5.9521043178571E-02
   2.5256494910720E+00      5.6833301353865E-02
   2.5810747700336E+00      5.3992347076627E-02
   2.6335856629599E+00      5.1005839087420E-02
   2.6830406098984E+00      4.7881828528944E-02
   2.7293062892432E+00      4.4628737251183E-02
   2.7722579771789E+00      4.1255335124887E-02
   2.8117798839703E+00      3.7770716432282E-02
   2.8477654662151E+00      3.4184275415997E-02
   2.8801177142664E+00      3.0505681094186E-02
   2.9087494141746E+00      2.6744851521311E-02
   2.9335833837600E+00      2.2911927895176E-02
   2.9545526831476E+00      1.9017249715218E-02
   2.9716008026289E+00      1.5071335773400E-02
   2.9846818428333E+00      1.1084896745019E-02
   2.9937607876783E+00      7.0690948904300E-03
   2.9988151848412E+00      3.0402179533101E-03
   3.0027645687040E+00      7.0938418910568E-03
   3.0145581620841E+00      1.6494554744337E-02
   3.0357423667222E+00      2.5864759071710E-02
   3.0662647938659E+00      3.5166450137933E-02
   3.1060437393223E+00      4.4373582668842E-02
   3.1549721045600E+00      5.3461165088744E-02
   3.2129180335925E+00      6.2404653549726E-02
   3.2797253333783E+00      7.1179922553100E-02
   3.3552139121648E+00      7.9763309303992E-02
   3.4391802707359E+00      8.8131671675324E-02
   3.5313980532492E+00      9.6262448624737E-02
   3.6316186584325E+00      1.0413372025276E-01
   3.7395719102371E+00      1.1172426656754E-01
   3.8549667864270E+00      1.1901362453731E-01
   3.9774922032549E+00      1.2598214317880E-01
   4.1068178541653E+00      1.3261103649235E-01
   4.2425951002868E+00      1.3888243408333E-01
   4.3844579103302E+00      1.4477942932455E-01
   4.5320238473612E+00      1.5028612492577E-01
   4.6848950997950E+00      1.5538767578526E-01
   4.8426595538340E+00      1.6007032900640E-01
   5.0048919044592E+00      1.6432146097119E-01
   5.1711548019812E+00      1.6812961136990E-01
   5.3410000310604E+00      1.7148451409515E-01
   5.5139697190186E+00      1.7437712491693E-01
   5.6895975701839E+00      1.7679964586378E-01
   5.8674101229430E+00      1.7874554624449E-01
   6.0469280261107E+00      1.8020958025343E-01
   6.2276673311766E+00      1.8118780111219E-01
   6.4091407969456E+00      1.8167757170927E-01
   6.5908592030544E+00      1.8167757170927E-01
   6.7723326688234E+00      1.8118780111219E-01
   6.9530719738893E+00      1.8020958025343E-01
   7.1325898770570E+00      1.7874554624449E-01
   7.3104024298161E+00      1.7679964586378E-01
   7.4860302809814E+00      1.7437712491693E-01
   7.6589999689396E+00      1.7148451409515E-01
   7.8288451980188E+00      1.6812961136990E-01
   7.9951080955408E+00      1.6432146097119E-01
   8.1573404461660E+00      1.6007032900640E-01
   8.3151049002050E+00      1.5538767578526E-01
   8.4679761526388E+00      1.5028612492577E-01
   8.6155420896698E+00      1.4477942932455E-01
   8.7574048997132E+00      1.3888243408333E-01
   8.8931821458347E+00      1.3261103649235E-01
   9.0225077967451E+00      1.2598214317880E-01
   9.1450332135731E+00      1.1901362453731E-01
   9.2604280897629E+00      1.1172426656754E-01
   9.3683813415675E+00      1.0413372025276E-01
   9.4686019467508E+00      9.6262448624737E-02
   9.5608197292641E+00      8.8131671675324E-02
   9.6447860878352E+00      7.9763309303992E-02
   9.7202746666217E+00      7.1179922553100E-02
   9.7870819664075E+00      6.2404653549726E-02
   9.8450278954400E+00      5.3461165088744E-02
   9.8939562606777E+00      4.4373582668842E-02
   9.9337352061341E+00      3.5166450137933E-02
   9.9642576332778E+00      2.5864759071710E-02
   9.9854418379159E+00      1.6494554744337E-02
   9.9972354312960E+00      7.0938418910568E-03
