   0.00   -0.2032  0.0000   0.2032    0.1960  0.0000   0.1960    0.1182  0.0000   0.1182    0.0228  0.0000   0.0228    0.0073  0.0000   0.0073
   2.00   -0.2058 -0.0000   0.2058    0.2005  0.0024   0.2005    0.1349  0.0114   0.1354    0.0254  0.0034   0.0256    0.0082  0.0014   0.0083
   4.00   -0.2086 -0.0001   0.2086    0.2022  0.0072   0.2023    0.1442  0.0270   0.1467    0.0253  0.0065   0.0261    0.0081  0.0025   0.0085
   6.00   -0.2115 -0.0002   0.2115    0.2007  0.0104   0.2010    0.1495  0.0442   0.1559    0.0245  0.0087   0.0260    0.0079  0.0033   0.0086
   8.00   -0.2145 -0.0003   0.2145    0.1992  0.0110   0.1995    0.1502  0.0623   0.1626    0.0236  0.0102   0.0257    0.0076  0.0039   0.0086
  10.00   -0.2176 -0.0004   0.2176    0.1989  0.0106   0.1992    0.1465  0.0791   0.1665    0.0226  0.0114   0.0253    0.0073  0.0044   0.0086
  12.00   -0.2209 -0.0006   0.2209    0.1994  0.0102   0.1996    0.1400  0.0937   0.1685    0.0217  0.0123   0.0249    0.0070  0.0049   0.0086
  14.00   -0.2242 -0.0008   0.2242    0.2003  0.0100   0.2005    0.1318  0.1060   0.1691    0.0208  0.0129   0.0245    0.0067  0.0053   0.0086
  16.00   -0.2277 -0.0011   0.2277    0.2013  0.0099   0.2016    0.1225  0.1162   0.1688    0.0201  0.0135   0.0242    0.0064  0.0057   0.0085
  18.00   -0.2314 -0.0014   0.2314    0.2025  0.0099   0.2027    0.1126  0.1245   0.1678    0.0194  0.0139   0.0238    0.0061  0.0060   0.0085
  20.00   -0.2352 -0.0019   0.2352    0.2038  0.0100   0.2040    0.1024  0.1311   0.1663    0.0187  0.0142   0.0235    0.0058  0.0062   0.0085
  22.00   -0.2392 -0.0024   0.2392    0.2051  0.0101   0.2053    0.0922  0.1361   0.1644    0.0182  0.0145   0.0232    0.0054  0.0065   0.0085
  24.00   -0.2433 -0.0030   0.2433    0.2064  0.0103   0.2067    0.0821  0.1398   0.1622    0.0176  0.0147   0.0230    0.0051  0.0067   0.0084
  26.00   -0.2476 -0.0038   0.2476    0.2078  0.0105   0.2080    0.0722  0.1424   0.1596    0.0172  0.0149   0.0228    0.0047  0.0069   0.0084
  28.00   -0.2521 -0.0047   0.2521    0.2092  0.0108   0.2094    0.0627  0.1438   0.1569    0.0168  0.0151   0.0226    0.0044  0.0070   0.0083
  30.00   -0.2567 -0.0058   0.2567    0.2106  0.0111   0.2109    0.0537  0.1444   0.1540    0.0164  0.0153   0.0224    0.0041  0.0072   0.0082
  32.00   -0.2615 -0.0071   0.2616    0.2120  0.0114   0.2123    0.0450  0.1441   0.1510    0.0161  0.0155   0.0223    0.0037  0.0073   0.0082
  34.00   -0.2664 -0.0085   0.2665    0.2135  0.0117   0.2138    0.0369  0.1432   0.1479    0.0158  0.0156   0.0222    0.0034  0.0074   0.0081
  36.00   -0.2715 -0.0102   0.2717    0.2149  0.0121   0.2153    0.0293  0.1416   0.1447    0.0155  0.0158   0.0221    0.0031  0.0074   0.0080
  38.00   -0.2767 -0.0122   0.2769    0.2164  0.0125   0.2168    0.0223  0.1396   0.1414    0.0152  0.0160   0.0221    0.0028  0.0074   0.0079
  40.00   -0.2820 -0.0144   0.2824    0.2179  0.0128   0.2183    0.0158  0.1372   0.1381    0.0150  0.0161   0.0221    0.0025  0.0075   0.0079
  42.00   -0.2874 -0.0169   0.2879    0.2194  0.0133   0.2198    0.0098  0.1345   0.1349    0.0148  0.0163   0.0220    0.0022  0.0075   0.0078
  44.00   -0.2929 -0.0197   0.2935    0.2209  0.0137   0.2214    0.0044  0.1316   0.1316    0.0146  0.0165   0.0220    0.0019  0.0074   0.0077
  46.00   -0.2984 -0.0228   0.2993    0.2225  0.0141   0.2229   -0.0006  0.1284   0.1284    0.0144  0.0167   0.0220    0.0016  0.0074   0.0076
  48.00   -0.3040 -0.0263   0.3051    0.2240  0.0145   0.2245   -0.0051  0.1252   0.1253    0.0142  0.0169   0.0221    0.0014  0.0074   0.0075
  50.00   -0.3095 -0.0300   0.3110    0.2256  0.0150   0.2261   -0.0092  0.1218   0.1222    0.0140  0.0171   0.0221    0.0011  0.0073   0.0074
  52.00   -0.3150 -0.0341   0.3169    0.2272  0.0155   0.2277   -0.0129  0.1184   0.1191    0.0138  0.0173   0.0222    0.0009  0.0073   0.0073
  54.00   -0.3205 -0.0385   0.3228    0.2287  0.0160   0.2293   -0.0161  0.1151   0.1162    0.0136  0.0176   0.0222    0.0007  0.0072   0.0072
  56.00   -0.3259 -0.0432   0.3287    0.2303  0.0164   0.2309   -0.0191  0.1117   0.1133    0.0134  0.0178   0.0223    0.0005  0.0071   0.0071
  58.00   -0.3312 -0.0482   0.3346    0.2319  0.0169   0.2326   -0.0217  0.1084   0.1105    0.0133  0.0180   0.0224    0.0002  0.0070   0.0070
  60.00   -0.3363 -0.0535   0.3406    0.2336  0.0174   0.2342   -0.0241  0.1051   0.1078    0.0131  0.0183   0.0225    0.0001  0.0069   0.0069
  62.00   -0.3414 -0.0591   0.3465    0.2352  0.0179   0.2359   -0.0261  0.1019   0.1052    0.0129  0.0185   0.0226   -0.0001  0.0069   0.0069
  64.00   -0.3463 -0.0650   0.3523    0.2369  0.0185   0.2376   -0.0280  0.0987   0.1026    0.0127  0.0188   0.0226   -0.0003  0.0068   0.0068
  66.00   -0.3510 -0.0711   0.3581    0.2385  0.0190   0.2393   -0.0296  0.0957   0.1001    0.0125  0.0190   0.0228   -0.0005  0.0067   0.0067
  68.00   -0.3556 -0.0775   0.3639    0.2402  0.0195   0.2410   -0.0311  0.0927   0.0978    0.0123  0.0193   0.0229   -0.0006  0.0066   0.0066
  70.00   -0.3600 -0.0841   0.3697    0.2419  0.0200   0.2427   -0.0323  0.0898   0.0954    0.0121  0.0195   0.0230   -0.0008  0.0065   0.0065
  72.00   -0.3642 -0.0910   0.3754    0.2436  0.0205   0.2445   -0.0334  0.0870   0.0932    0.0118  0.0198   0.0231   -0.0009  0.0063   0.0064
  74.00   -0.3682 -0.0981   0.3811    0.2453  0.0211   0.2462   -0.0344  0.0843   0.0910    0.0116  0.0201   0.0232   -0.0010  0.0062   0.0063
  76.00   -0.3720 -0.1054   0.3867    0.2471  0.0216   0.2480   -0.0352  0.0817   0.0889    0.0114  0.0204   0.0233   -0.0012  0.0061   0.0062
  78.00   -0.3756 -0.1129   0.3923    0.2488  0.0221   0.2498   -0.0359  0.0791   0.0869    0.0111  0.0206   0.0234   -0.0013  0.0060   0.0062
  80.00   -0.3790 -0.1207   0.3978    0.2506  0.0227   0.2517   -0.0365  0.0767   0.0849    0.0109  0.0209   0.0236   -0.0014  0.0059   0.0061
  82.00   -0.3822 -0.1286   0.4033    0.2524  0.0232   0.2535   -0.0370  0.0743   0.0830    0.0106  0.0212   0.0237   -0.0015  0.0058   0.0060
  84.00   -0.3852 -0.1367   0.4087    0.2543  0.0237   0.2554   -0.0374  0.0720   0.0811    0.0104  0.0215   0.0238   -0.0016  0.0057   0.0059
  86.00   -0.3879 -0.1449   0.4141    0.2561  0.0242   0.2573   -0.0377  0.0698   0.0793    0.0101  0.0217   0.0240   -0.0017  0.0056   0.0058
  88.00   -0.3904 -0.1534   0.4195    0.2580  0.0247   0.2592   -0.0380  0.0676   0.0776    0.0098  0.0220   0.0241   -0.0018  0.0055   0.0058
  90.00   -0.3927 -0.1620   0.4248    0.2600  0.0252   0.2612   -0.0382  0.0656   0.0759    0.0095  0.0223   0.0242   -0.0019  0.0054   0.0057
  92.00   -0.3947 -0.1708   0.4301    0.2619  0.0258   0.2632   -0.0383  0.0636   0.0742    0.0092  0.0226   0.0243   -0.0019  0.0053   0.0056
  94.00   -0.3965 -0.1798   0.4353    0.2639  0.0263   0.2652   -0.0383  0.0617   0.0726    0.0089  0.0228   0.0245   -0.0020  0.0052   0.0055
  96.00   -0.3980 -0.1889   0.4405    0.2659  0.0268   0.2673   -0.0383  0.0598   0.0710    0.0085  0.0231   0.0246   -0.0021  0.0051   0.0055
  98.00   -0.3992 -0.1981   0.4457    0.2680  0.0273   0.2694   -0.0383  0.0580   0.0695    0.0082  0.0233   0.0247   -0.0021  0.0050   0.0054
 100.00   -0.4002 -0.2075   0.4508    0.2701  0.0278   0.2715   -0.0382  0.0563   0.0680    0.0079  0.0236   0.0249   -0.0022  0.0049   0.0053
 102.00   -0.4008 -0.2170   0.4558    0.2722  0.0282   0.2737   -0.0380  0.0546   0.0666    0.0075  0.0239   0.0250   -0.0022  0.0048   0.0053
 104.00   -0.4012 -0.2267   0.4608    0.2744  0.0287   0.2759   -0.0379  0.0530   0.0651    0.0071  0.0241   0.0251   -0.0023  0.0047   0.0052
 106.00   -0.4013 -0.2365   0.4658    0.2767  0.0292   0.2782   -0.0377  0.0514   0.0638    0.0067  0.0244   0.0253   -0.0023  0.0046   0.0051
 108.00   -0.4011 -0.2464   0.4707    0.2790  0.0297   0.2805   -0.0374  0.0499   0.0624    0.0064  0.0246   0.0254   -0.0024  0.0045   0.0050
 110.00   -0.4006 -0.2564   0.4756    0.2813  0.0302   0.2829   -0.0371  0.0485   0.0611    0.0060  0.0248   0.0255   -0.0024  0.0044   0.0050
 112.00   -0.3997 -0.2664   0.4804    0.2837  0.0307   0.2854   -0.0368  0.0471   0.0598    0.0055  0.0251   0.0257   -0.0024  0.0043   0.0049
 114.00   -0.3985 -0.2766   0.4851    0.2862  0.0311   0.2879   -0.0365  0.0457   0.0585    0.0051  0.0253   0.0258   -0.0025  0.0042   0.0049
 116.00   -0.3969 -0.2869   0.4897    0.2887  0.0316   0.2904   -0.0362  0.0445   0.0573    0.0047  0.0255   0.0259   -0.0025  0.0041   0.0048
 118.00   -0.3950 -0.2972   0.4943    0.2913  0.0321   0.2931   -0.0358  0.0432   0.0561    0.0043  0.0257   0.0261   -0.0025  0.0040   0.0047
 120.00   -0.3927 -0.3076   0.4988    0.2940  0.0326   0.2957   -0.0354  0.0420   0.0549    0.0038  0.0259   0.0262   -0.0026  0.0039   0.0047
 122.00   -0.3900 -0.3179   0.5032    0.2967  0.0331   0.2985   -0.0350  0.0408   0.0538    0.0034  0.0261   0.0263   -0.0026  0.0038   0.0046
 124.00   -0.3870 -0.3284   0.5075    0.2995  0.0336   0.3014   -0.0346  0.0397   0.0527    0.0029  0.0263   0.0264   -0.0026  0.0037   0.0046
 126.00   -0.3835 -0.3388   0.5117    0.3024  0.0341   0.3043   -0.0341  0.0386   0.0516    0.0024  0.0265   0.0266   -0.0026  0.0037   0.0045
 128.00   -0.3797 -0.3492   0.5158    0.3054  0.0346   0.3073   -0.0337  0.0376   0.0505    0.0019  0.0266   0.0267   -0.0026  0.0036   0.0044
 130.00   -0.3754 -0.3595   0.5198    0.3084  0.0351   0.3104   -0.0332  0.0366   0.0494    0.0014  0.0268   0.0268   -0.0026  0.0035   0.0044
 132.00   -0.3707 -0.3699   0.5237    0.3116  0.0356   0.3136   -0.0327  0.0356   0.0484    0.0009  0.0270   0.0270   -0.0027  0.0034   0.0043
 134.00   -0.3657 -0.3801   0.5274    0.3148  0.0362   0.3169   -0.0322  0.0347   0.0474    0.0004  0.0271   0.0271   -0.0027  0.0034   0.0043
 136.00   -0.3601 -0.3902   0.5310    0.3181  0.0368   0.3203   -0.0317  0.0338   0.0464   -0.0001  0.0272   0.0272   -0.0027  0.0033   0.0042
 138.00   -0.3542 -0.4003   0.5345    0.3216  0.0374   0.3237   -0.0312  0.0329   0.0454   -0.0006  0.0274   0.0274   -0.0027  0.0032   0.0042
 140.00   -0.3479 -0.4101   0.5378    0.3251  0.0380   0.3273   -0.0307  0.0321   0.0444   -0.0012  0.0275   0.0275   -0.0027  0.0031   0.0041
 142.00   -0.3411 -0.4199   0.5409    0.3288  0.0386   0.3310   -0.0301  0.0313   0.0434   -0.0017  0.0276   0.0277   -0.0027  0.0031   0.0041
 144.00   -0.3339 -0.4294   0.5439    0.3326  0.0393   0.3349   -0.0296  0.0305   0.0425   -0.0023  0.0277   0.0278   -0.0027  0.0030   0.0040
 146.00   -0.3262 -0.4387   0.5467    0.3364  0.0401   0.3388   -0.0290  0.0297   0.0416   -0.0029  0.0278   0.0280   -0.0027  0.0029   0.0040
 148.00   -0.3182 -0.4478   0.5493    0.3405  0.0408   0.3429   -0.0285  0.0290   0.0407   -0.0034  0.0279   0.0281   -0.0027  0.0029   0.0039
 150.00   -0.3098 -0.4566   0.5518    0.3446  0.0416   0.3471   -0.0279  0.0283   0.0397   -0.0040  0.0280   0.0283   -0.0027  0.0028   0.0039
