   0.00    1.3064  0.0000   1.3064   -1.2157  0.0000   1.2157   -0.4920 -0.0000   0.4920    0.2394  0.0000   0.2394   -0.1479  0.0000   0.1479
   2.00    1.2272  0.3406   1.2736   -1.2252 -0.0653   1.2269   -0.4972 -0.0585   0.5006    0.2348  0.0370   0.2377   -0.1514 -0.0137   0.1520
   4.00    1.1591  0.4583   1.2464   -1.2321 -0.0970   1.2359   -0.5000 -0.0879   0.5077    0.2302  0.0520   0.2360   -0.1536 -0.0221   0.1552
   6.00    1.0977  0.5373   1.2222   -1.2372 -0.1234   1.2433   -0.5007 -0.1128   0.5133    0.2254  0.0631   0.2341   -0.1545 -0.0298   0.1573
   8.00   -1.2410 -0.1466   1.2496    1.0414  0.5961   1.1999   -0.4998 -0.1353   0.5178    0.2206  0.0719   0.2320   -0.1544 -0.0368   0.1588
  10.00   -1.2440 -0.1676   1.2552    0.9891  0.6419   1.1791   -0.4975 -0.1559   0.5213    0.2157  0.0792   0.2298   -0.1537 -0.0431   0.1596
  12.00   -1.2463 -0.1870   1.2603    0.9401  0.6786   1.1595   -0.4941 -0.1749   0.5241    0.2110  0.0854   0.2276   -0.1525 -0.0488   0.1601
  14.00   -1.2483 -0.2050   1.2650    0.8942  0.7083   1.1407   -0.4898 -0.1927   0.5263    0.2064  0.0906   0.2254   -0.1509 -0.0540   0.1603
  16.00   -1.2500 -0.2219   1.2696    0.8510  0.7326   1.1229   -0.4848 -0.2093   0.5281    0.2019  0.0951   0.2232   -0.1491 -0.0587   0.1603
  18.00   -1.2516 -0.2380   1.2740    0.8102  0.7525   1.1058   -0.4793 -0.2249   0.5294    0.1977  0.0991   0.2211   -0.1472 -0.0630   0.1601
  20.00   -1.2530 -0.2532   1.2783    0.7716  0.7689   1.0893   -0.4732 -0.2396   0.5304    0.1936  0.1025   0.2191   -0.1451 -0.0670   0.1598
  22.00   -1.2543 -0.2679   1.2826    0.7350  0.7823   1.0734   -0.4667 -0.2534   0.5310    0.1897  0.1056   0.2171   -0.1430 -0.0706   0.1595
  24.00   -1.2557 -0.2821   1.2870    0.7003  0.7932   1.0581   -0.4597 -0.2664   0.5314    0.1859  0.1083   0.2152   -0.1408 -0.0739   0.1590
  26.00   -1.2570 -0.2958   1.2913    0.6674  0.8020   1.0434   -0.4525 -0.2787   0.5315    0.1823  0.1108   0.2133   -0.1386 -0.0770   0.1585
  28.00   -1.2583 -0.3092   1.2957    0.6360  0.8090   1.0291   -0.4451 -0.2902   0.5313    0.1789  0.1130   0.2115   -0.1364 -0.0799   0.1581
  30.00   -1.2596 -0.3223   1.3002    0.6062  0.8144   1.0152   -0.4373 -0.3012   0.5310    0.1755  0.1149   0.2098   -0.1342 -0.0825   0.1575
  32.00   -1.2609 -0.3352   1.3047    0.5777  0.8185   1.0018   -0.4295 -0.3114   0.5305    0.1723  0.1167   0.2081   -0.1320 -0.0849   0.1569
  34.00   -1.2622 -0.3479   1.3093    0.5506  0.8213   0.9888   -0.4214 -0.3211   0.5298    0.1692  0.1184   0.2065   -0.1298 -0.0873   0.1564
  36.00   -1.2635 -0.3605   1.3139    0.5248  0.8232   0.9762   -0.4133 -0.3302   0.5290    0.1663  0.1198   0.2050   -0.1276 -0.0894   0.1557
  38.00   -1.2648 -0.3729   1.3186    0.5001  0.8241   0.9640   -0.4050 -0.3389   0.5281    0.1634  0.1212   0.2034   -0.1254 -0.0913   0.1552
  40.00   -1.2661 -0.3852   1.3234    0.4764  0.8242   0.9520   -0.3966 -0.3470   0.5270    0.1606  0.1225   0.2019   -0.1233 -0.0933   0.1546
  42.00   -1.2673 -0.3974   1.3281    0.4539  0.8237   0.9405   -0.3883 -0.3545   0.5258    0.1579  0.1236   0.2005   -0.1211 -0.0950   0.1539
  44.00   -1.2685 -0.4096   1.3330    0.4323  0.8225   0.9292   -0.3798 -0.3617   0.5245    0.1553  0.1246   0.1991   -0.1191 -0.0966   0.1533
  46.00   -1.2696 -0.4218   1.3378    0.4116  0.8208   0.9182   -0.3714 -0.3684   0.5231    0.1527  0.1256   0.1977   -0.1171 -0.0982   0.1528
  48.00   -1.2707 -0.4339   1.3427    0.3918  0.8186   0.9075   -0.3629 -0.3747   0.5216    0.1502  0.1265   0.1964   -0.1150 -0.0997   0.1522
  50.00   -1.2717 -0.4460   1.3476    0.3728  0.8160   0.8971   -0.3545 -0.3805   0.5201    0.1479  0.1273   0.1952   -0.1130 -0.1009   0.1515
  52.00   -1.2726 -0.4581   1.3525    0.3546  0.8130   0.8870   -0.3461 -0.3861   0.5185    0.1456  0.1281   0.1939   -0.1110 -0.1022   0.1509
  54.00   -1.2734 -0.4702   1.3575    0.3372  0.8097   0.8771   -0.3377 -0.3912   0.5168    0.1433  0.1287   0.1926   -0.1091 -0.1035   0.1504
  56.00   -1.2742 -0.4823   1.3624    0.3204  0.8061   0.8675   -0.3294 -0.3959   0.5150    0.1412  0.1293   0.1915   -0.1071 -0.1045   0.1496
  58.00   -1.2748 -0.4944   1.3673    0.3043  0.8023   0.8581   -0.3211 -0.4004   0.5133    0.1391  0.1299   0.1903   -0.1052 -0.1056   0.1491
  60.00   -1.2754 -0.5065   1.3723    0.2889  0.7982   0.8489   -0.3129 -0.4046   0.5115    0.1369  0.1305   0.1892   -0.1034 -0.1066   0.1485
  62.00   -1.2758 -0.5187   1.3772    0.2740  0.7940   0.8399   -0.3047 -0.4084   0.5096    0.1349  0.1310   0.1880   -0.1016 -0.1076   0.1480
  64.00   -1.2761 -0.5308   1.3821    0.2597  0.7896   0.8312   -0.2967 -0.4119   0.5076    0.1330  0.1314   0.1869   -0.0996 -0.1084   0.1473
  66.00   -1.2763 -0.5430   1.3870    0.2460  0.7850   0.8227   -0.2887 -0.4153   0.5057    0.1311  0.1318   0.1859   -0.0979 -0.1093   0.1467
  68.00   -1.2764 -0.5551   1.3919    0.2328  0.7803   0.8143   -0.2807 -0.4183   0.5038    0.1292  0.1323   0.1849   -0.0962 -0.1101   0.1462
  70.00   -1.2763 -0.5673   1.3967    0.2200  0.7755   0.8061   -0.2729 -0.4211   0.5018    0.1273  0.1326   0.1838   -0.0945 -0.1109   0.1457
  72.00   -1.2761 -0.5795   1.4016    0.2078  0.7707   0.7982   -0.2652 -0.4236   0.4997    0.1256  0.1328   0.1828   -0.0926 -0.1115   0.1449
  74.00   -1.2758 -0.5917   1.4064    0.1960  0.7657   0.7904   -0.2575 -0.4259   0.4977    0.1238  0.1332   0.1818   -0.0909 -0.1121   0.1444
  76.00   -1.2753 -0.6040   1.4111    0.1846  0.7607   0.7827   -0.2500 -0.4280   0.4957    0.1221  0.1335   0.1809   -0.0893 -0.1128   0.1439
  78.00   -1.2747 -0.6162   1.4158    0.1736  0.7556   0.7753   -0.2425 -0.4299   0.4936    0.1204  0.1337   0.1799   -0.0877 -0.1134   0.1434
  80.00   -1.2740 -0.6284   1.4205    0.1631  0.7505   0.7680   -0.2351 -0.4316   0.4915    0.1188  0.1338   0.1789   -0.0859 -0.1140   0.1427
  82.00   -1.2731 -0.6407   1.4252    0.1529  0.7453   0.7609   -0.2279 -0.4331   0.4894    0.1172  0.1341   0.1781   -0.0843 -0.1144   0.1421
  84.00   -1.2720 -0.6529   1.4298    0.1430  0.7402   0.7539   -0.2207 -0.4345   0.4873    0.1156  0.1343   0.1772   -0.0828 -0.1149   0.1416
  86.00   -1.2708 -0.6651   1.4343    0.1335  0.7350   0.7470   -0.2136 -0.4357   0.4852    0.1140  0.1345   0.1763   -0.0813 -0.1153   0.1411
  88.00   -1.2694 -0.6773   1.4388    0.1243  0.7298   0.7403   -0.2067 -0.4367   0.4831    0.1125  0.1346   0.1754   -0.0798 -0.1158   0.1407
  90.00   -1.2679 -0.6896   1.4433    0.1154  0.7246   0.7337   -0.1998 -0.4375   0.4809    0.1110  0.1346   0.1745   -0.0781 -0.1162   0.1400
  92.00   -1.2662 -0.7018   1.4477    0.1068  0.7194   0.7273   -0.1931 -0.4382   0.4788    0.1096  0.1347   0.1737   -0.0767 -0.1165   0.1395
  94.00   -1.2644 -0.7140   1.4520    0.0985  0.7142   0.7210   -0.1864 -0.4388   0.4768    0.1082  0.1349   0.1729   -0.0752 -0.1168   0.1390
  96.00   -1.2624 -0.7261   1.4563    0.0905  0.7090   0.7148   -0.1799 -0.4392   0.4746    0.1068  0.1350   0.1721   -0.0738 -0.1171   0.1385
  98.00   -1.2602 -0.7383   1.4606    0.0827  0.7038   0.7087   -0.1734 -0.4396   0.4725    0.1054  0.1351   0.1713   -0.0725 -0.1175   0.1380
 100.00   -1.2579 -0.7505   1.4648    0.0753  0.6987   0.7027   -0.1671 -0.4397   0.4703    0.1041  0.1350   0.1704   -0.0708 -0.1178   0.1375
 102.00   -1.2554 -0.7626   1.4689    0.0680  0.6936   0.6969   -0.1608 -0.4398   0.4682    0.1028  0.1350   0.1697   -0.0694 -0.1180   0.1369
 104.00   -1.2528 -0.7746   1.4730    0.0609  0.6885   0.6912   -0.1547 -0.4397   0.4662    0.1015  0.1351   0.1690   -0.0681 -0.1182   0.1364
 106.00   -1.2500 -0.7867   1.4770    0.0541  0.6834   0.6855   -0.1486 -0.4396   0.4641    0.1002  0.1351   0.1682   -0.0668 -0.1184   0.1359
 108.00   -1.2471 -0.7987   1.4809    0.0475  0.6783   0.6800   -0.1426 -0.4394   0.4620    0.0989  0.1351   0.1675   -0.0655 -0.1186   0.1355
 110.00   -1.2440 -0.8107   1.4848    0.0411  0.6733   0.6746   -0.1368 -0.4390   0.4598    0.0977  0.1350   0.1666   -0.0640 -0.1189   0.1350
 112.00   -1.2407 -0.8226   1.4887    0.0349  0.6684   0.6693   -0.1311 -0.4385   0.4577    0.0965  0.1350   0.1659   -0.0627 -0.1190   0.1345
 114.00   -1.2373 -0.8345   1.4924    0.0289  0.6634   0.6641   -0.1254 -0.4381   0.4557    0.0953  0.1350   0.1653   -0.0614 -0.1190   0.1340
 116.00   -1.2337 -0.8464   1.4961    0.0230  0.6585   0.6589   -0.1198 -0.4375   0.4536    0.0942  0.1350   0.1646   -0.0602 -0.1191   0.1335
 118.00   -1.2300 -0.8582   1.4998    0.0173  0.6536   0.6538   -0.1143 -0.4368   0.4515    0.0930  0.1350   0.1639   -0.0590 -0.1192   0.1330
 120.00   -1.2261 -0.8699   1.5034    0.0119  0.6488   0.6489   -0.1089 -0.4360   0.4494    0.0918  0.1348   0.1631   -0.0576 -0.1195   0.1327
 122.00   -1.2221 -0.8816   1.5069    0.0066  0.6440   0.6440   -0.1037 -0.4352   0.4473    0.0907  0.1347   0.1624   -0.0564 -0.1195   0.1321
 124.00   -1.2179 -0.8933   1.5104    0.0014  0.6392   0.6392   -0.0985 -0.4343   0.4453    0.0897  0.1346   0.1618   -0.0552 -0.1195   0.1316
 126.00   -1.2136 -0.9048   1.5138   -0.0037  0.6345   0.6345   -0.0934 -0.4334   0.4433    0.0886  0.1346   0.1612   -0.0540 -0.1195   0.1311
 128.00   -1.2091 -0.9164   1.5171   -0.0086  0.6298   0.6299   -0.0883 -0.4324   0.4413    0.0876  0.1346   0.1605   -0.0529 -0.1195   0.1307
 130.00   -1.2045 -0.9278   1.5204   -0.0133  0.6252   0.6253   -0.0834 -0.4313   0.4393    0.0864  0.1345   0.1598   -0.0518 -0.1194   0.1302
 132.00   -1.1997 -0.9392   1.5236   -0.0179  0.6206   0.6208   -0.0785 -0.4301   0.4372    0.0854  0.1342   0.1591   -0.0505 -0.1197   0.1299
 134.00   -1.1948 -0.9505   1.5268   -0.0224  0.6160   0.6164   -0.0738 -0.4289   0.4352    0.0844  0.1341   0.1585   -0.0493 -0.1197   0.1294
 136.00   -1.1897 -0.9618   1.5299   -0.0267  0.6115   0.6121   -0.0691 -0.4277   0.4333    0.0835  0.1340   0.1579   -0.0482 -0.1196   0.1289
 138.00   -1.1845 -0.9729   1.5329   -0.0310  0.6070   0.6078   -0.0645 -0.4265   0.4313    0.0825  0.1340   0.1573   -0.0471 -0.1195   0.1284
 140.00   -1.1792 -0.9840   1.5358   -0.0351  0.6026   0.6036   -0.0599 -0.4252   0.4294    0.0816  0.1339   0.1568   -0.0460 -0.1194   0.1280
 142.00   -1.1737 -0.9951   1.5388   -0.0391  0.5981   0.5994   -0.0554 -0.4237   0.4273    0.0805  0.1337   0.1560   -0.0450 -0.1196   0.1278
 144.00   -1.1681 -1.0060   1.5416   -0.0430  0.5938   0.5953   -0.0511 -0.4223   0.4254    0.0796  0.1335   0.1554   -0.0438 -0.1195   0.1273
 146.00   -1.1624 -1.0169   1.5444   -0.0468  0.5895   0.5913   -0.0468 -0.4209   0.4235    0.0787  0.1334   0.1549   -0.0427 -0.1194   0.1268
 148.00   -1.1565 -1.0276   1.5471   -0.0504  0.5852   0.5874   -0.0426 -0.4194   0.4216    0.0778  0.1332   0.1543   -0.0417 -0.1193   0.1263
 150.00   -1.1505 -1.0383   1.5497   -0.0540  0.5810   0.5835   -0.0384 -0.4179   0.4197    0.0770  0.1331   0.1538   -0.0406 -0.1191   0.1258
