   0.00    0.9319  0.0000   0.9319   -0.7070  0.0000   0.7070    0.1056  0.0000   0.1056    0.0414  0.0000   0.0414    0.0233  0.0000   0.0233
   2.00    0.8318  0.3208   0.8916   -0.7156 -0.0047   0.7156    0.0995  0.0190   0.1013    0.0394  0.0059   0.0398    0.0227  0.0031   0.0229
   4.00    0.7484  0.4185   0.8575   -0.7244 -0.0076   0.7245    0.0952  0.0242   0.0982    0.0379  0.0075   0.0386    0.0221  0.0041   0.0225
   6.00    0.6763  0.4766   0.8274   -0.7334 -0.0106   0.7335    0.0919  0.0274   0.0959    0.0367  0.0083   0.0376    0.0216  0.0049   0.0221
   8.00    0.6128  0.5145   0.8001   -0.7425 -0.0137   0.7426    0.0893  0.0296   0.0941    0.0358  0.0088   0.0368    0.0211  0.0054   0.0217
  10.00    0.5560  0.5398   0.7749   -0.7518 -0.0171   0.7520    0.0871  0.0313   0.0926    0.0350  0.0091   0.0362    0.0206  0.0057   0.0214
  12.00    0.5048  0.5566   0.7514   -0.7612 -0.0208   0.7615    0.0853  0.0327   0.0913    0.0345  0.0093   0.0357    0.0202  0.0060   0.0211
  14.00    0.4585  0.5671   0.7293   -0.7708 -0.0248   0.7712    0.0836  0.0338   0.0902    0.0340  0.0095   0.0353    0.0198  0.0062   0.0208
  16.00    0.4165  0.5730   0.7084   -0.7805 -0.0292   0.7810    0.0821  0.0348   0.0892    0.0335  0.0096   0.0349    0.0195  0.0064   0.0205
  18.00    0.3782  0.5754   0.6885   -0.7903 -0.0339   0.7910    0.0808  0.0358   0.0883    0.0332  0.0097   0.0346    0.0192  0.0066   0.0203
  20.00   -0.8001 -0.0391   0.8011    0.3432  0.5749   0.6696    0.0795  0.0366   0.0876    0.0329  0.0098   0.0343    0.0189  0.0067   0.0201
  22.00   -0.8100 -0.0448   0.8113    0.3113  0.5724   0.6516    0.0784  0.0373   0.0868    0.0326  0.0099   0.0341    0.0187  0.0068   0.0199
  24.00   -0.8199 -0.0508   0.8215    0.2821  0.5681   0.6343    0.0773  0.0380   0.0862    0.0324  0.0100   0.0339    0.0185  0.0068   0.0197
  26.00   -0.8298 -0.0573   0.8318    0.2554  0.5626   0.6178    0.0763  0.0387   0.0855    0.0321  0.0101   0.0337    0.0183  0.0069   0.0196
  28.00   -0.8397 -0.0643   0.8422    0.2309  0.5560   0.6021    0.0753  0.0393   0.0850    0.0319  0.0101   0.0335    0.0181  0.0070   0.0194
  30.00   -0.8495 -0.0718   0.8525    0.2086  0.5487   0.5870    0.0744  0.0398   0.0844    0.0318  0.0102   0.0334    0.0179  0.0070   0.0193
  32.00   -0.8591 -0.0797   0.8628    0.1881  0.5407   0.5725    0.0736  0.0403   0.0839    0.0316  0.0103   0.0332    0.0178  0.0071   0.0191
  34.00   -0.8687 -0.0880   0.8731    0.1693  0.5324   0.5587    0.0727  0.0408   0.0834    0.0314  0.0104   0.0331    0.0176  0.0071   0.0190
  36.00   -0.8780 -0.0968   0.8833    0.1521  0.5238   0.5454    0.0719  0.0413   0.0829    0.0313  0.0104   0.0330    0.0175  0.0072   0.0189
  38.00   -0.8871 -0.1061   0.8935    0.1364  0.5149   0.5327    0.0711  0.0418   0.0825    0.0312  0.0105   0.0329    0.0174  0.0072   0.0188
  40.00   -0.8960 -0.1158   0.9035    0.1219  0.5060   0.5205    0.0704  0.0422   0.0821    0.0310  0.0106   0.0328    0.0173  0.0073   0.0187
  42.00   -0.9047 -0.1258   0.9134    0.1086  0.4971   0.5088    0.0697  0.0426   0.0817    0.0309  0.0106   0.0327    0.0172  0.0073   0.0186
  44.00   -0.9130 -0.1363   0.9231    0.0965  0.4882   0.4977    0.0690  0.0430   0.0813    0.0308  0.0107   0.0326    0.0171  0.0074   0.0186
  46.00   -0.9211 -0.1471   0.9327    0.0853  0.4794   0.4869    0.0683  0.0433   0.0809    0.0307  0.0108   0.0325    0.0169  0.0074   0.0185
  48.00   -0.9288 -0.1583   0.9422    0.0750  0.4707   0.4767    0.0676  0.0437   0.0805    0.0306  0.0108   0.0324    0.0168  0.0074   0.0184
  50.00   -0.9362 -0.1698   0.9514    0.0656  0.4622   0.4668    0.0670  0.0440   0.0802    0.0305  0.0109   0.0324    0.0168  0.0075   0.0183
  52.00   -0.9432 -0.1816   0.9605    0.0569  0.4538   0.4574    0.0664  0.0444   0.0798    0.0304  0.0110   0.0323    0.0167  0.0075   0.0183
  54.00   -0.9498 -0.1936   0.9693    0.0489  0.4457   0.4483    0.0657  0.0447   0.0795    0.0303  0.0110   0.0322    0.0166  0.0075   0.0182
  56.00   -0.9561 -0.2059   0.9780    0.0415  0.4377   0.4397    0.0651  0.0450   0.0792    0.0302  0.0111   0.0322    0.0165  0.0076   0.0182
  58.00   -0.9620 -0.2185   0.9865    0.0347  0.4299   0.4313    0.0646  0.0453   0.0788    0.0301  0.0112   0.0321    0.0164  0.0076   0.0181
  60.00   -0.9674 -0.2312   0.9947    0.0284  0.4223   0.4233    0.0640  0.0455   0.0785    0.0301  0.0112   0.0321    0.0163  0.0076   0.0180
  62.00   -0.9725 -0.2441   1.0027    0.0225  0.4150   0.4156    0.0634  0.0458   0.0782    0.0300  0.0113   0.0320    0.0162  0.0077   0.0180
  64.00   -0.9772 -0.2572   1.0105    0.0171  0.4078   0.4082    0.0629  0.0461   0.0779    0.0299  0.0113   0.0320    0.0162  0.0077   0.0179
  66.00   -0.9815 -0.2704   1.0181    0.0121  0.4009   0.4011    0.0623  0.0463   0.0777    0.0298  0.0114   0.0319    0.0161  0.0077   0.0179
  68.00   -0.9855 -0.2837   1.0255    0.0075  0.3942   0.3942    0.0618  0.0466   0.0774    0.0298  0.0114   0.0319    0.0160  0.0078   0.0178
  70.00   -0.9890 -0.2971   1.0326    0.0032  0.3876   0.3876    0.0613  0.0468   0.0771    0.0297  0.0115   0.0319    0.0160  0.0078   0.0178
  72.00   -0.9921 -0.3106   1.0396   -0.0008  0.3813   0.3813    0.0608  0.0470   0.0768    0.0297  0.0116   0.0318    0.0159  0.0078   0.0177
  74.00   -0.9949 -0.3241   1.0463   -0.0046  0.3751   0.3752    0.0603  0.0472   0.0766    0.0296  0.0116   0.0318    0.0159  0.0078   0.0177
  76.00   -0.9972 -0.3377   1.0529   -0.0080  0.3692   0.3693    0.0598  0.0475   0.0763    0.0295  0.0117   0.0318    0.0158  0.0079   0.0176
  78.00   -0.9992 -0.3513   1.0592   -0.0113  0.3634   0.3636    0.0593  0.0477   0.0760    0.0295  0.0117   0.0317    0.0157  0.0079   0.0176
  80.00   -1.0009 -0.3650   1.0653   -0.0143  0.3578   0.3581    0.0588  0.0478   0.0758    0.0294  0.0118   0.0317    0.0157  0.0079   0.0175
  82.00   -1.0022 -0.3786   1.0713   -0.0171  0.3523   0.3527    0.0583  0.0480   0.0756    0.0294  0.0118   0.0317    0.0156  0.0080   0.0175
  84.00   -1.0031 -0.3922   1.0770   -0.0198  0.3470   0.3476    0.0579  0.0482   0.0753    0.0293  0.0119   0.0316    0.0155  0.0080   0.0175
  86.00   -1.0037 -0.4058   1.0826   -0.0222  0.3419   0.3426    0.0574  0.0484   0.0751    0.0293  0.0120   0.0316    0.0155  0.0080   0.0174
  88.00   -1.0039 -0.4193   1.0880   -0.0245  0.3369   0.3378    0.0569  0.0486   0.0748    0.0292  0.0120   0.0316    0.0154  0.0081   0.0174
  90.00   -1.0038 -0.4328   1.0932   -0.0267  0.3321   0.3332    0.0565  0.0487   0.0746    0.0292  0.0121   0.0316    0.0154  0.0081   0.0174
  92.00   -1.0034 -0.4463   1.0982   -0.0287  0.3274   0.3287    0.0561  0.0489   0.0744    0.0291  0.0121   0.0315    0.0153  0.0081   0.0173
  94.00   -1.0027 -0.4596   1.1031   -0.0306  0.3228   0.3243    0.0556  0.0491   0.0742    0.0291  0.0122   0.0315    0.0153  0.0081   0.0173
  96.00   -1.0017 -0.4729   1.1077   -0.0324  0.3184   0.3201    0.0552  0.0492   0.0739    0.0290  0.0122   0.0315    0.0152  0.0082   0.0173
  98.00   -1.0004 -0.4861   1.1123   -0.0341  0.3141   0.3159    0.0548  0.0494   0.0737    0.0290  0.0123   0.0315    0.0152  0.0082   0.0172
 100.00   -0.9988 -0.4993   1.1166   -0.0357  0.3099   0.3120    0.0544  0.0495   0.0735    0.0289  0.0123   0.0315    0.0151  0.0082   0.0172
 102.00   -0.9969 -0.5123   1.1209   -0.0372  0.3058   0.3081    0.0539  0.0496   0.0733    0.0289  0.0124   0.0314    0.0151  0.0082   0.0172
 104.00   -0.9948 -0.5252   1.1249   -0.0386  0.3019   0.3043    0.0535  0.0498   0.0731    0.0289  0.0124   0.0314    0.0150  0.0082   0.0171
 106.00   -0.9924 -0.5381   1.1288   -0.0399  0.2980   0.3006    0.0531  0.0499   0.0729    0.0288  0.0125   0.0314    0.0150  0.0083   0.0171
 108.00   -0.9897 -0.5508   1.1326   -0.0411  0.2942   0.2971    0.0527  0.0500   0.0727    0.0288  0.0125   0.0314    0.0149  0.0083   0.0171
 110.00   -0.9868 -0.5634   1.1363   -0.0423  0.2906   0.2936    0.0524  0.0501   0.0725    0.0287  0.0126   0.0314    0.0149  0.0083   0.0170
 112.00   -0.9836 -0.5758   1.1398   -0.0434  0.2870   0.2903    0.0520  0.0503   0.0723    0.0287  0.0126   0.0314    0.0148  0.0083   0.0170
 114.00   -0.9802 -0.5882   1.1432   -0.0444  0.2835   0.2870    0.0516  0.0504   0.0721    0.0287  0.0127   0.0313    0.0148  0.0083   0.0170
 116.00   -0.9766 -0.6004   1.1464   -0.0454  0.2801   0.2838    0.0512  0.0505   0.0719    0.0286  0.0127   0.0313    0.0147  0.0084   0.0170
 118.00   -0.9728 -0.6125   1.1495   -0.0463  0.2768   0.2806    0.0508  0.0506   0.0717    0.0286  0.0128   0.0313    0.0147  0.0084   0.0169
 120.00   -0.9687 -0.6244   1.1525   -0.0472  0.2736   0.2776    0.0505  0.0507   0.0715    0.0286  0.0128   0.0313    0.0146  0.0084   0.0169
 122.00   -0.9645 -0.6362   1.1554   -0.0480  0.2704   0.2747    0.0501  0.0508   0.0713    0.0285  0.0129   0.0313    0.0146  0.0084   0.0168
 124.00   -0.9600 -0.6479   1.1582   -0.0488  0.2674   0.2718    0.0497  0.0509   0.0712    0.0285  0.0129   0.0313    0.0146  0.0084   0.0168
 126.00   -0.9554 -0.6594   1.1608   -0.0495  0.2643   0.2689    0.0494  0.0510   0.0710    0.0285  0.0130   0.0313    0.0145  0.0085   0.0168
 128.00   -0.9505 -0.6708   1.1634   -0.0502  0.2614   0.2662    0.0490  0.0511   0.0708    0.0284  0.0130   0.0313    0.0145  0.0085   0.0168
 130.00   -0.9455 -0.6820   1.1658   -0.0508  0.2585   0.2635    0.0486  0.0511   0.0705    0.0283  0.0131   0.0312    0.0143  0.0086   0.0167
 132.00   -0.9403 -0.6931   1.1682   -0.0514  0.2557   0.2609    0.0483  0.0513   0.0704    0.0284  0.0131   0.0313    0.0144  0.0085   0.0167
 134.00   -0.9350 -0.7041   1.1704   -0.0520  0.2530   0.2583    0.0480  0.0513   0.0703    0.0283  0.0132   0.0313    0.0143  0.0085   0.0167
 136.00   -0.9295 -0.7149   1.1726   -0.0525  0.2503   0.2558    0.0476  0.0514   0.0701    0.0283  0.0132   0.0312    0.0143  0.0086   0.0167
 138.00   -0.9238 -0.7255   1.1746   -0.0531  0.2477   0.2533    0.0473  0.0515   0.0699    0.0283  0.0133   0.0312    0.0143  0.0086   0.0167
 140.00   -0.9180 -0.7360   1.1766   -0.0535  0.2451   0.2509    0.0469  0.0516   0.0697    0.0282  0.0133   0.0312    0.0142  0.0086   0.0166
 142.00   -0.9120 -0.7463   1.1784   -0.0540  0.2426   0.2486    0.0466  0.0516   0.0696    0.0282  0.0134   0.0312    0.0142  0.0086   0.0166
 144.00   -0.9059 -0.7565   1.1802   -0.0544  0.2402   0.2463    0.0463  0.0517   0.0694    0.0282  0.0134   0.0312    0.0141  0.0086   0.0166
 146.00   -0.8996 -0.7665   1.1819   -0.0548  0.2378   0.2440    0.0460  0.0518   0.0692    0.0282  0.0135   0.0312    0.0141  0.0086   0.0165
 148.00   -0.8932 -0.7764   1.1835   -0.0552  0.2354   0.2418    0.0456  0.0519   0.0691    0.0281  0.0135   0.0312    0.0141  0.0087   0.0165
 150.00   -0.8867 -0.7861   1.1850   -0.0555  0.2331   0.2396    0.0453  0.0519   0.0689    0.0281  0.0136   0.0312    0.0140  0.0087   0.0165
