   9.7333313266101E-04      2.4974818357660E-03
   5.1248829816714E-03      5.8056110152516E-03
   1.2579362602682E-02      9.0993694555276E-03
   2.3313671142143E-02      1.2363328128847E-02
   3.7292354214151E-02      1.5586303035951E-02
   5.4469024835113E-02      1.8757527621506E-02
   7.4786640133498E-02      2.1866451422896E-02
   9.8177713715495E-02      2.4902741467258E-02
   1.2456454593468E-01      2.7856309310651E-02
   1.5385948402953E-01      3.0717342497932E-02
   1.8596521408680E-01      3.3476336464440E-02
   2.2077508465419E-01      3.6124125840456E-02
   2.5817346119133E-01      3.8651914782180E-02
   2.9803611028142E-01      4.1051306136727E-02
   3.4023061236870E-01      4.3314329309684E-02
   3.8461680166964E-01      4.5433466728368E-02
   4.3104723180565E-01      4.7401678806540E-02
   4.7936766561503E-01      4.9212427324627E-02
   5.2941758751968E-01      5.0859697146290E-02
   5.8103073674596E-01      5.2338016198403E-02
   6.3403565962908E-01      5.3642473647661E-02
   6.8825627916691E-01      5.4768736213168E-02
   7.4351247993149E-01      5.5713062560701E-02
   7.9962070639539E-01      5.6472315730739E-02
   8.5639457268546E-01      5.7043973558909E-02
   9.1364548173858E-01      5.7426137054227E-02
   9.7118325180260E-01      5.7617536707262E-02
   1.0288167482014E+00      5.7617536707262E-02
   1.0863545182654E+00      5.7426137054227E-02
   1.1436054273185E+00      5.7043973558909E-02
   1.2003792936086E+00      5.6472315730739E-02
   1.2564875200725E+00      5.5713062560701E-02
   1.3117437208371E+00      5.4768736213168E-02
   1.3659643403749E+00      5.3642473647661E-02
   1.4189692632580E+00      5.2338016198403E-02
   1.4705824124843E+00      5.0859697146290E-02
   1.5206323343890E+00      4.9212427324627E-02
   1.5689527681983E+00      4.7401678806540E-02
   1.6153831983344E+00      4.5433466728368E-02
   1.6597693876353E+00      4.3314329309684E-02
   1.7019638897226E+00      4.1051306136727E-02
   1.7418265388127E+00      3.8651914782180E-02
   1.7792249153498E+00      3.6124125840456E-02
   1.8140347859172E+00      3.3476336464440E-02
   1.8461405159745E+00      3.0717342497932E-02
   1.8754354540693E+00      2.7856309310651E-02
   1.9018222862885E+00      2.4902741467258E-02
   1.9252133598705E+00      2.1866451422896E-02
   1.9455309751689E+00      1.8757527621506E-02
   1.9627076457898E+00      1.5586303035951E-02
   1.9766863288619E+00      1.2363328128847E-02
   1.9874206374013E+00      9.0993694555276E-03
   1.9948751170223E+00      5.8056110152516E-03
   1.9990266668713E+00      2.4974818357660E-03
   2.0007552991390E+00      1.9382194763522E-03
   2.0039785568780E+00      4.5093815075014E-03
   2.0097730837280E+00      7.0785433107701E-03
   2.0181326997821E+00      9.6389124769725E-03
   2.0290467878671E+00      1.2186924095254E-02
   2.0425013179963E+00      1.4719247297620E-02
   2.0584789605094E+00      1.7232605676960E-02
   2.0769591261318E+00      1.9723755427384E-02
   2.0979179972253E+00      2.2189483881099E-02
   2.1213285600555E+00      2.4626612060071E-02
   2.1471606402214E+00      2.7031998236464E-02
   2.1753809418156E+00      2.9402541774450E-02
   2.2059530904687E+00      3.1735187037621E-02
   2.2388376802997E+00      3.4026927285969E-02
   2.2739923247443E+00      3.6274808530672E-02
   2.3113717112096E+00      3.8475933330675E-02
   2.3509276594921E+00      4.0627464521270E-02
   2.3926091838873E+00      4.2726628867562E-02
   2.4363625589127E+00      4.4770720636926E-02
   2.4821313885608E+00      4.6757105085274E-02
   2.5298566789928E+00      4.8683221852287E-02
   2.5794769145805E+00      5.0546588261064E-02
   2.6309281371977E+00      5.2344802517815E-02
   2.6841440286606E+00      5.4075546807418E-02
   2.7390559962088E+00      5.5736590280803E-02
   2.7955932609185E+00      5.7325791930295E-02
   2.8536829489341E+00      5.8841103349187E-02
   2.9132501853985E+00      6.0280571371977E-02
   2.9742181909641E+00      6.1642340591863E-02
   3.0365083807576E+00      6.2924655752239E-02
   3.1000404656723E+00      6.4125864009115E-02
   3.1647325558571E+00      6.5244417061538E-02
   3.2305012662686E+00      6.6278873147258E-02
   3.2972618241506E+00      6.7227898901087E-02
   3.3649281783024E+00      6.8090271073531E-02
   3.4334131099944E+00      6.8864878107496E-02
   3.5026283453891E+00      6.9550721571026E-02
   3.5724846693222E+00      7.0146917444233E-02
   3.6428920402963E+00      7.0652697258750E-02
   3.7137597065403E+00      7.1067409088250E-02
   3.7849963229843E+00      7.1390518388747E-02
   3.8565100689991E+00      7.1621608687596E-02
   3.9282087667485E+00      7.1760382120302E-02
   4.0000000000020E+00      7.1806659814459E-02
   4.0717912332555E+00      7.1760382120302E-02
   4.1434899310049E+00      7.1621608687596E-02
   4.2150036770197E+00      7.1390518388747E-02
   4.2862402934637E+00      7.1067409088250E-02
   4.3571079597077E+00      7.0652697258750E-02
   4.4275153306818E+00      7.0146917444233E-02
   4.4973716546149E+00      6.9550721571026E-02
   4.5665868900096E+00      6.8864878107496E-02
   4.6350718217016E+00      6.8090271073531E-02
   4.7027381758534E+00      6.7227898901087E-02
   4.7694987337354E+00      6.6278873147258E-02
   4.8352674441469E+00      6.5244417061538E-02
   4.8999595343317E+00      6.4125864009115E-02
   4.9634916192464E+00      6.2924655752239E-02
   5.0257818090399E+00      6.1642340591863E-02
   5.0867498146055E+00      6.0280571371977E-02
   5.1463170510699E+00      5.8841103349187E-02
   5.2044067390855E+00      5.7325791930295E-02
   5.2609440037952E+00      5.5736590280803E-02
   5.3158559713434E+00      5.4075546807418E-02
   5.3690718628063E+00      5.2344802517815E-02
   5.4205230854235E+00      5.0546588261064E-02
   5.4701433210112E+00      4.8683221852287E-02
   5.5178686114432E+00      4.6757105085274E-02
   5.5636374410913E+00      4.4770720636926E-02
   5.6073908161167E+00      4.2726628867562E-02
   5.6490723405119E+00      4.0627464521270E-02
   5.6886282887944E+00      3.8475933330675E-02
   5.7260076752597E+00      3.6274808530672E-02
   5.7611623197043E+00      3.4026927285969E-02
   5.7940469095353E+00      3.1735187037621E-02
   5.8246190581884E+00      2.9402541774450E-02
   5.8528393597826E+00      2.7031998236464E-02
   5.8786714399485E+00      2.4626612060071E-02
   5.9020820027787E+00      2.2189483881099E-02
   5.9230408738722E+00      1.9723755427384E-02
   5.9415210394946E+00      1.7232605676960E-02
   5.9574986820077E+00      1.4719247297620E-02
   5.9709532121369E+00      1.2186924095254E-02
   5.9818673002219E+00      9.6389124769725E-03
   5.9902269162760E+00      7.0785433107701E-03
   5.9960214431260E+00      4.5093815075014E-03
   5.9992447008650E+00      1.9382194763522E-03
