   9.7333313266101E-04      2.4974818357660E-03
   5.1248829816714E-03      5.8056110152516E-03
   1.2579362602682E-02      9.0993694555276E-03
   2.3313671142143E-02      1.2363328128847E-02
   3.7292354214151E-02      1.5586303035951E-02
   5.4469024835113E-02      1.8757527621506E-02
   7.4786640133498E-02      2.1866451422896E-02
   9.8177713715495E-02      2.4902741467258E-02
   1.2456454593468E-01      2.7856309310651E-02
   1.5385948402953E-01      3.0717342497932E-02
   1.8596521408680E-01      3.3476336464440E-02
   2.2077508465419E-01      3.6124125840456E-02
   2.5817346119133E-01      3.8651914782180E-02
   2.9803611028142E-01      4.1051306136727E-02
   3.4023061236870E-01      4.3314329309684E-02
   3.8461680166964E-01      4.5433466728368E-02
   4.3104723180565E-01      4.7401678806540E-02
   4.7936766561503E-01      4.9212427324627E-02
   5.2941758751968E-01      5.0859697146290E-02
   5.8103073674596E-01      5.2338016198403E-02
   6.3403565962908E-01      5.3642473647661E-02
   6.8825627916691E-01      5.4768736213168E-02
   7.4351247993149E-01      5.5713062560701E-02
   7.9962070639539E-01      5.6472315730739E-02
   8.5639457268546E-01      5.7043973558909E-02
   9.1364548173858E-01      5.7426137054227E-02
   9.7118325180260E-01      5.7617536707262E-02
   1.0288167482014E+00      5.7617536707262E-02
   1.0863545182654E+00      5.7426137054227E-02
   1.1436054273185E+00      5.7043973558909E-02
   1.2003792936086E+00      5.6472315730739E-02
   1.2564875200725E+00      5.5713062560701E-02
   1.3117437208371E+00      5.4768736213168E-02
   1.3659643403749E+00      5.3642473647661E-02
   1.4189692632580E+00      5.2338016198403E-02
   1.4705824124843E+00      5.0859697146290E-02
   1.5206323343890E+00      4.9212427324627E-02
   1.5689527681983E+00      4.7401678806540E-02
   1.6153831983344E+00      4.5433466728368E-02
   1.6597693876353E+00      4.3314329309684E-02
   1.7019638897226E+00      4.1051306136727E-02
   1.7418265388127E+00      3.8651914782180E-02
   1.7792249153498E+00      3.6124125840456E-02
   1.8140347859172E+00      3.3476336464440E-02
   1.8461405159745E+00      3.0717342497932E-02
   1.8754354540693E+00      2.7856309310651E-02
   1.9018222862885E+00      2.4902741467258E-02
   1.9252133598705E+00      2.1866451422896E-02
   1.9455309751689E+00      1.8757527621506E-02
   1.9627076457898E+00      1.5586303035951E-02
   1.9766863288619E+00      1.2363328128847E-02
   1.9874206374013E+00      9.0993694555276E-03
   1.9948751170223E+00      5.8056110152516E-03
   1.9990266668713E+00      2.4974818357660E-03
   2.0012691288980E+00      3.2566500704759E-03
   2.0066839455918E+00      7.5740166036433E-03
   2.0164133058394E+00      1.1881386355153E-02
   2.0304383044921E+00      1.6163580597995E-02
   2.0487288321581E+00      2.0410880068178E-02
   2.0712453391485E+00      2.4614007698550E-02
   2.0979390809236E+00      2.8763839654372E-02
   2.1287522534624E+00      3.2851381245029E-02
   2.1636181263784E+00      3.6867776913572E-02
   2.2024611900812E+00      4.0804326742646E-02
   2.2451973203404E+00      4.4652504392859E-02
   2.2917339609296E+00      4.8403975219298E-02
   2.3419703242971E+00      5.2050614172374E-02
   2.3957976099602E+00      5.5584523324818E-02
   2.4530992402036E+00      5.8998048941832E-02
   2.5137511125948E+00      6.2283798038883E-02
   2.5776218687833E+00      6.5434654382997E-02
   2.6445731790068E+00      6.8443793899005E-02
   2.7144600416901E+00      7.1304699445419E-02
   2.7871310974921E+00      7.4011174926911E-02
   2.8624289571202E+00      7.6557358712282E-02
   2.9401905422026E+00      7.8937736328539E-02
   3.0202474384817E+00      8.1147152403408E-02
   3.1024262605631E+00      8.3180821830315E-02
   3.1865490274308E+00      8.5034340131576E-02
   3.2724335479148E+00      8.6703692997312E-02
   3.3598938152776E+00      8.8185264979414E-02
   3.4487404100632E+00      8.9475847321690E-02
   3.5387809103382E+00      9.0572644909249E-02
   3.6298203084351E+00      9.1473282322036E-02
   3.7216614332952E+00      9.2175808979431E-02
   3.8141053774980E+00      9.2678703364739E-02
   3.9069519280501E+00      9.2980876320436E-02
   4.0000000000020E+00      9.3081673407034E-02
   4.0930480719539E+00      9.2980876320436E-02
   4.1858946225060E+00      9.2678703364739E-02
   4.2783385667088E+00      9.2175808979431E-02
   4.3701796915689E+00      9.1473282322036E-02
   4.4612190896658E+00      9.0572644909249E-02
   4.5512595899408E+00      8.9475847321690E-02
   4.6401061847264E+00      8.8185264979414E-02
   4.7275664520892E+00      8.6703692997312E-02
   4.8134509725732E+00      8.5034340131576E-02
   4.8975737394409E+00      8.3180821830315E-02
   4.9797525615223E+00      8.1147152403408E-02
   5.0598094578014E+00      7.8937736328539E-02
   5.1375710428838E+00      7.6557358712282E-02
   5.2128689025119E+00      7.4011174926911E-02
   5.2855399583139E+00      7.1304699445419E-02
   5.3554268209972E+00      6.8443793899005E-02
   5.4223781312207E+00      6.5434654382997E-02
   5.4862488874092E+00      6.2283798038883E-02
   5.5469007598004E+00      5.8998048941832E-02
   5.6042023900438E+00      5.5584523324818E-02
   5.6580296757069E+00      5.2050614172374E-02
   5.7082660390744E+00      4.8403975219298E-02
   5.7548026796636E+00      4.4652504392859E-02
   5.7975388099228E+00      4.0804326742646E-02
   5.8363818736256E+00      3.6867776913572E-02
   5.8712477465416E+00      3.2851381245029E-02
   5.9020609190804E+00      2.8763839654372E-02
   5.9287546608555E+00      2.4614007698550E-02
   5.9512711678459E+00      2.0410880068178E-02
   5.9695616955119E+00      1.6163580597995E-02
   5.9835866941646E+00      1.1881386355153E-02
   5.9933160544122E+00      7.5740166036433E-03
   5.9987308711060E+00      3.2566500704759E-03
