********************************** PR =  8 ***********************************


                            1 nucleus to compute

                             Skyrme Force = SLY4

                      --  N = 100    --    Z = 50    --

 --------------------------------  INPUT DATA  ---------------------------------
  it_max = 150       eps energ. = 1.000E-09       max delta = 1.000E-07
  Boundary_condition = 0
  Pairing force: Volume + Surface pairing  Bogolyubov transf. for both isospins
  npt = 150     integ. step = 0.200 fm     Rbox = 30.00 fm     r_cut =  30.00 fm
 -------------------------------------------------------------------------------
 Skyrme force parameters:
      t0 = -2488.913000   x0 =   0.834000    t1 =   486.818000   x1 =  -0.344000
      t2 =  -546.395000   x2 =  -1.000000    t3 = 13777.000000   x3 =   1.354000
   gamma =     0.166667    W =   123.000000
     t0' =  -283.330000  t3' =  5312.437500   gamma' =     1.000000
  hb2/2m = 20.7355300   (with 1-body c.m. correction)
 -------------------------------------------------------------------------------
  xmu = 0.65       2Jmax = 39 (neutrons),   25 (protons)
  cut_off =  60.000 MeV  (with diff.  1.000 MeV)      energ. step =  0.120 MeV
 -------------------------------------------------------------------------------

 iter  Nint       Fermi Energies           Mean Delta       Total Energy  | D(E)/E |
 ---- ------ ---- N --------- Z ---- ---- N ------- Z ---- -------------- ----------
   1   46299 -10.134865  -26.280381   0.512035   0.119232  -1066.9271332  0.1000E+01
   2   50873  -6.319108  -23.574948   0.669110   0.107073  -1107.3301783  0.3649E-01
   3   48846  -4.137505  -21.419928   0.808457   0.094809  -1155.7802126  0.4192E-01
   4   47512  -2.618452  -20.114633   0.930301   0.083488  -1127.5652230  0.2502E-01
   5   42394  -1.815561  -19.298385   1.024427   0.073335  -1129.0685156  0.1331E-02
   6   41366  -1.442125  -18.713186   1.095235   0.064446  -1137.4968802  0.7410E-02
   7   27506  -1.151068  -18.353445   1.150466   0.056740  -1132.5657761  0.4354E-02
   8   26613  -1.005877  -18.095592   1.194775   0.050069  -1131.4434353  0.9920E-03
   9   28096  -0.935437  -17.921837   1.230628   0.044285  -1131.4978982  0.4813E-04
  10   27081  -0.907358  -17.807723   1.259893   0.039286  -1131.5828931  0.7511E-04
  11   24834  -0.901746  -17.734617   1.284171   0.034992  -1131.6252462  0.3743E-04
  12   21112  -0.908367  -17.688935   1.304579   0.031240  -1131.6516680  0.2335E-04
  13   20042  -0.921223  -17.661557   1.321914   0.027931  -1131.6794939  0.2459E-04
  14   19279  -0.936657  -17.646425   1.336752   0.025005  -1131.7082567  0.2542E-04
  15   19255  -0.952516  -17.639172   1.349523   0.022408  -1131.7340678  0.2281E-04
  16   19148  -0.967636  -17.636997   1.360551   0.020098  -1131.7555178  0.1895E-04
  17   19157  -0.981457  -17.637944   1.370095   0.018038  -1131.7729553  0.1541E-04
  18   17399  -0.993767  -17.640713   1.378361   0.016199  -1131.7871751  0.1256E-04
  19   17972  -1.004548  -17.644451   1.385525   0.014554  -1131.7988683  0.1033E-04
  20   18627  -1.013882  -17.648609   1.391732   0.013081  -1131.8086475  0.8640E-05
  21   18789  -1.021901  -17.652842   1.397107   0.011760  -1131.8168761  0.7270E-05
  22   18773  -1.028753  -17.656939   1.401761   0.010576  -1131.8238453  0.6157E-05
  23   18734  -1.034587  -17.660780   1.405788   0.009512  -1131.8297698  0.5234E-05
  24   18799  -1.039540  -17.664305   1.409269   0.008557  -1131.8348143  0.4457E-05
  25   18694  -1.043739  -17.667489   1.412277   0.007699  -1131.8391107  0.3796E-05
  26   18658  -1.047294  -17.670334   1.414875   0.006927  -1131.8427683  0.3232E-05
  27   18592  -1.050303  -17.672854   1.417117   0.006234  -1131.8458785  0.2748E-05
  28   18499  -1.052848  -17.675071   1.419051   0.005610  -1131.8485206  0.2334E-05
  29   18577  -1.055000  -17.677011   1.420718   0.005049  -1131.8507625  0.1981E-05
  30   18516  -1.056821  -17.678703   1.422155   0.004544  -1131.8526628  0.1679E-05
  31   18339  -1.058362  -17.680172   1.423393   0.004090  -1131.8542722  0.1422E-05
  32   17982  -1.059666  -17.681446   1.424459   0.003682  -1131.8556345  0.1204E-05
  33   16166  -1.060769  -17.682547   1.425376   0.003314  -1131.8567871  0.1018E-05
  34   11242  -1.061704  -17.683497   1.426166   0.002983  -1131.8577619  0.8613E-06
  35   11180  -1.062497  -17.684315   1.426845   0.002685  -1131.8585864  0.7284E-06
  36   11168  -1.063168  -17.685020   1.427429   0.002417  -1131.8592836  0.6160E-06
  37   11193  -1.063737  -17.685625   1.427932   0.002176  -1131.8598732  0.5210E-06
  38   11206  -1.064220  -17.686145   1.428363   0.001958  -1131.8603720  0.4407E-06
  39   11157  -1.064630  -17.686591   1.428734   0.001763  -1131.8607941  0.3729E-06
  40   11200  -1.064978  -17.686973   1.429053   0.001587  -1131.8611514  0.3157E-06
  41   11270  -1.065273  -17.687301   1.429327   0.001429  -1131.8614539  0.2673E-06
  42   11254  -1.065524  -17.687582   1.429563   0.001286  -1131.8617100  0.2263E-06
  43   11241  -1.065738  -17.687823   1.429765   0.001158  -1131.8619269  0.1917E-06
  44   11197  -1.065919  -17.688029   1.429938   0.001042  -1131.8621108  0.1625E-06
  45   11210  -1.066073  -17.688205   1.430087   0.000938  -1131.8622669  0.1379E-06
  46   11169  -1.066204  -17.688355   1.430215   0.000845  -1131.8623992  0.1169E-06
  47   11238  -1.066316  -17.688484   1.430325   0.000760  -1131.8625113  0.9911E-07
  48   11182  -1.066411  -17.688594   1.430419   0.000684  -1131.8626065  0.8408E-07
  49   11226  -1.066492  -17.688688   1.430500   0.000616  -1131.8626873  0.7134E-07
  50   11276  -1.066560  -17.688769   1.430570   0.000555  -1131.8627559  0.6064E-07
  51   11198  -1.066619  -17.688838   1.430629   0.000499  -1131.8628142  0.5154E-07
  52   11200  -1.066669  -17.688897   1.430680   0.000449  -1131.8628638  0.4380E-07
  53   11253  -1.066711  -17.688946   1.430724   0.000405  -1131.8629059  0.3720E-07
  54   11241  -1.066747  -17.688990   1.430762   0.000364  -1131.8629418  0.3173E-07
  55   11262  -1.066778  -17.689027   1.430794   0.000328  -1131.8629722  0.2684E-07
  56   11234  -1.066805  -17.689058   1.430822   0.000295  -1131.8629979  0.2272E-07
  57   11206  -1.066827  -17.689085   1.430846   0.000266  -1131.8630202  0.1968E-07
  58   11270  -1.066846  -17.689106   1.430866   0.000239  -1131.8630389  0.1651E-07
  59   11167  -1.066862  -17.689128   1.430883   0.000215  -1131.8630548  0.1406E-07
  60   11171  -1.066876  -17.689144   1.430898   0.000194  -1131.8630684  0.1198E-07
  61   11280  -1.066888  -17.689157   1.430911   0.000174  -1131.8630800  0.1027E-07
  62   11187  -1.066898  -17.689172   1.430922   0.000157  -1131.8630899  0.8748E-08
  63   11314  -1.066907  -17.689179   1.430932   0.000141  -1131.8630982  0.7326E-08
  64   11319  -1.066914  -17.689187   1.430940   0.000127  -1131.8631053  0.6331E-08
  65   11217  -1.066920  -17.689189   1.430947   0.000115  -1131.8631114  0.5371E-08
  66   11241  -1.066926  -17.689202   1.430953   0.000103  -1131.8631166  0.4568E-08
  67   11292  -1.066930  -17.689211   1.430958   0.000093  -1131.8631211  0.3953E-08
  68   11228  -1.066934  -17.689211   1.430962   0.000084  -1131.8631249  0.3386E-08
  69   11266  -1.066937  -17.689205   1.430966   0.000075  -1131.8631280  0.2739E-08
  70   11261  -1.066940  -17.689221   1.430969   0.000068  -1131.8631308  0.2486E-08
  71   11259  -1.066943  -17.689216   1.430972   0.000061  -1131.8631331  0.2008E-08
  72   11249  -1.066945  -17.689230   1.430974   0.000055  -1131.8631351  0.1777E-08
  73   11248  -1.066946  -17.689213   1.430976   0.000049  -1131.8631368  0.1471E-08
  74   11212  -1.066948  -17.689247   1.430978   0.000044  -1131.8631382  0.1248E-08
  75   11282  -1.066949  -17.689262   1.430979   0.000040  -1131.8631395  0.1161E-08
   warning: Iterations are not progressing well and pairing seems to be small...
            Trying to force convergence for it = 2
  76   11282  -1.066950  -17.652257   1.430981   0.000002  -1131.8631405  0.9273E-09
  77   14408  -1.066951  -17.648410   1.430982   0.000001  -1131.8631414  0.7477E-09
  78   14367  -1.066952  -17.653161   1.430983   0.000001  -1131.8631422  0.7645E-09
  79   14361  -1.066953  -17.647304   1.430983   0.000001  -1131.8631428  0.4771E-09
  80   14433  -1.066953  -17.647304   1.430984   0.000001  -1131.8631433  0.4938E-09
  81   11196  -1.066954  -17.638370   1.430985   0.000001  -1131.8631439  0.4700E-09
  82   14406  -1.066954  -17.638370   1.430985   0.000001  -1131.8631443  0.3971E-09
  83   11214  -1.066955  -17.638370   1.430986   0.000001  -1131.8631446  0.2758E-09
  84   11261  -1.066955  -17.621555   1.430986   0.000001  -1131.8631448  0.1808E-09
  85   14325  -1.066955  -17.579944   1.430986   0.000001  -1131.8631451  0.2336E-09
  86   14427  -1.066955  -17.579944   1.430987   0.000001  -1131.8631454  0.2319E-09
  87   11236  -1.066956  -17.643932   1.430987   0.000001  -1131.8631456  0.1905E-09
  88   14438  -1.066956  -17.604950   1.430987   0.000000  -1131.8631458  0.1592E-09
  89   14327  -1.066956  -17.653295   1.430987   0.000000  -1131.8631458  0.6207E-10

 iter  Nint       Fermi Energies           Mean Delta       Total Energy  | D(E)/E |
 ---- ------ ---- N --------- Z ---- ---- N ------- Z ---- -------------- ----------
  90   14366  -1.066956  -17.534837   1.430987   0.000000  -1131.8631460  0.1855E-09

                     Neutrons        Protons          Total
 ..............................................................
 Fermi Ener.  =     -1.06695605    -17.53483669
 Mean Gaps    =     -1.43098737     -0.00000038
 Kinetic En.  =   1987.30592235    758.56803134   2745.87395369
 Pairing En.  =    -22.61435168      0.00000000    -22.61435168
 Pair.Kin.En. =      0.00000000      0.00000000      0.00000000

 Energies (in MeV):
  E/A =  -7.545754    Variat. =   0.000000      =====>  Etot = -1131.863146
 Contributions:
  Field = -4118.250650  Spin-Or. =  -67.645555     Coul. =  349.004642
 (Rear. =   777.050463)                         Coul.Ex. =  -18.231185

                    Neutrons       Protons          Total         Charge
 Part. numbers:   100.000000      50.000000
 Radii:             5.263562       4.820502       5.120137       4.886434

  ----------------------------------------------------------------------------------

