   9.7333313266101E-04      2.4974818357660E-03
   5.1248829816714E-03      5.8056110152516E-03
   1.2579362602682E-02      9.0993694555276E-03
   2.3313671142143E-02      1.2363328128847E-02
   3.7292354214151E-02      1.5586303035951E-02
   5.4469024835113E-02      1.8757527621506E-02
   7.4786640133498E-02      2.1866451422896E-02
   9.8177713715495E-02      2.4902741467258E-02
   1.2456454593468E-01      2.7856309310651E-02
   1.5385948402953E-01      3.0717342497932E-02
   1.8596521408680E-01      3.3476336464440E-02
   2.2077508465419E-01      3.6124125840456E-02
   2.5817346119133E-01      3.8651914782180E-02
   2.9803611028142E-01      4.1051306136727E-02
   3.4023061236870E-01      4.3314329309684E-02
   3.8461680166964E-01      4.5433466728368E-02
   4.3104723180565E-01      4.7401678806540E-02
   4.7936766561503E-01      4.9212427324627E-02
   5.2941758751968E-01      5.0859697146290E-02
   5.8103073674596E-01      5.2338016198403E-02
   6.3403565962908E-01      5.3642473647661E-02
   6.8825627916691E-01      5.4768736213168E-02
   7.4351247993149E-01      5.5713062560701E-02
   7.9962070639539E-01      5.6472315730739E-02
   8.5639457268546E-01      5.7043973558909E-02
   9.1364548173858E-01      5.7426137054227E-02
   9.7118325180260E-01      5.7617536707262E-02
   1.0288167482014E+00      5.7617536707262E-02
   1.0863545182654E+00      5.7426137054227E-02
   1.1436054273185E+00      5.7043973558909E-02
   1.2003792936086E+00      5.6472315730739E-02
   1.2564875200725E+00      5.5713062560701E-02
   1.3117437208371E+00      5.4768736213168E-02
   1.3659643403749E+00      5.3642473647661E-02
   1.4189692632580E+00      5.2338016198403E-02
   1.4705824124843E+00      5.0859697146290E-02
   1.5206323343890E+00      4.9212427324627E-02
   1.5689527681983E+00      4.7401678806540E-02
   1.6153831983344E+00      4.5433466728368E-02
   1.6597693876353E+00      4.3314329309684E-02
   1.7019638897226E+00      4.1051306136727E-02
   1.7418265388127E+00      3.8651914782180E-02
   1.7792249153498E+00      3.6124125840456E-02
   1.8140347859172E+00      3.3476336464440E-02
   1.8461405159745E+00      3.0717342497932E-02
   1.8754354540693E+00      2.7856309310651E-02
   1.9018222862885E+00      2.4902741467258E-02
   1.9252133598705E+00      2.1866451422896E-02
   1.9455309751689E+00      1.8757527621506E-02
   1.9627076457898E+00      1.5586303035951E-02
   1.9766863288619E+00      1.2363328128847E-02
   1.9874206374013E+00      9.0993694555276E-03
   1.9948751170223E+00      5.8056110152516E-03
   1.9990266668713E+00      2.4974818357660E-03
   2.0026151605153E+00      6.7106149760248E-03
   2.0137727156458E+00      1.5606502566969E-02
   2.0338198784705E+00      2.4480768073780E-02
   2.0627163802634E+00      3.3301555063875E-02
   2.1003982890188E+00      4.2048263950789E-02
   2.1467816525669E+00      5.0701215925018E-02
   2.2017630151790E+00      5.9241060010905E-02
   2.2652197098247E+00      6.7648725888947E-02
   2.3370101482230E+00      7.5905446891047E-02
   2.4169741422175E+00      8.3992796367417E-02
   2.5049332633360E+00      9.1892726941261E-02
   2.6006912418596E+00      9.9587610058980E-02
   2.7040344052213E+00      1.0706027501695E-01
   2.8147321550203E+00      1.1429404713167E-01
   2.9325374817023E+00      1.2127278487541E-01
   3.0571875158054E+00      1.2798091585612E-01
   3.1884041145679E+00      1.3440347154438E-01
   3.3258944825995E+00      1.4052612066182E-01
   3.4693518252394E+00      1.4633520115248E-01
   3.6184560331466E+00      1.5181775066369E-01
   3.7728743965962E+00      1.5696153546723E-01
   3.9322623478901E+00      1.6175507775574E-01
   4.0962642302260E+00      1.6618768125288E-01
   4.2645140913094E+00      1.7024945508014E-01
   4.4366364999381E+00      1.7393133582658E-01
   4.6122473837373E+00      1.7722510777252E-01
   4.7909548861769E+00      1.8012342122168E-01
   4.9723602409564E+00      1.8261980890100E-01
   5.1560586618101E+00      1.8470870039157E-01
   5.3416402457435E+00      1.8638543455824E-01
   5.5286908876875E+00      1.8764626995039E-01
   5.7167932045296E+00      1.8848839315048E-01
   5.9055274664583E+00      1.8890992505190E-01
   6.0944725335457E+00      1.8890992505190E-01
   6.2832067954744E+00      1.8848839315048E-01
   6.4713091123165E+00      1.8764626995039E-01
   6.6583597542605E+00      1.8638543455824E-01
   6.8439413381939E+00      1.8470870039157E-01
   7.0276397590476E+00      1.8261980890100E-01
   7.2090451138271E+00      1.8012342122168E-01
   7.3877526162667E+00      1.7722510777252E-01
   7.5633635000660E+00      1.7393133582658E-01
   7.7354859086946E+00      1.7024945508014E-01
   7.9037357697780E+00      1.6618768125288E-01
   8.0677376521139E+00      1.6175507775574E-01
   8.2271256034078E+00      1.5696153546723E-01
   8.3815439668574E+00      1.5181775066369E-01
   8.5306481747646E+00      1.4633520115248E-01
   8.6741055174045E+00      1.4052612066182E-01
   8.8115958854361E+00      1.3440347154438E-01
   8.9428124841986E+00      1.2798091585612E-01
   9.0674625183017E+00      1.2127278487541E-01
   9.1852678449837E+00      1.1429404713167E-01
   9.2959655947827E+00      1.0706027501695E-01
   9.3993087581444E+00      9.9587610058980E-02
   9.4950667366680E+00      9.1892726941261E-02
   9.5830258577865E+00      8.3992796367417E-02
   9.6629898517810E+00      7.5905446891047E-02
   9.7347802901793E+00      6.7648725888947E-02
   9.7982369848250E+00      5.9241060010905E-02
   9.8532183474371E+00      5.0701215925018E-02
   9.8996017109852E+00      4.2048263950789E-02
   9.9372836197406E+00      3.3301555063875E-02
   9.9661801215335E+00      2.4480768073780E-02
   9.9862272843582E+00      1.5606502566969E-02
   9.9973848394887E+00      6.7106149760248E-03
