   7.8987677256559E-04      2.0268119688774E-03
   4.1594748811702E-03      4.7127299269628E-03
   1.0212104777799E-02      7.3899311633605E-03
   1.8932798247440E-02      1.0047557182287E-02
   3.0298211235008E-02      1.2678166476837E-02
   4.4277744160092E-02      1.5274618596814E-02
   6.0833723883698E-02      1.7829901014243E-02
   7.9921523822532E-02      2.0337120729498E-02
   1.0148968919016E-01      2.2789516944043E-02
   1.2548007735335E-01      2.5180477621572E-02
   1.5182801521437E-01      2.7503556749980E-02
   1.8046247383822E-01      2.9752491500848E-02
   2.1130626006816E-01      3.1921219019360E-02
   2.4427622469390E-01      3.4003892725014E-02
   2.7928348664483E-01      3.5994898051156E-02
   3.1623367261928E-01      3.7888867569319E-02
   3.5502717151123E-01      3.9680695452460E-02
   3.9555940295228E-01      4.1365551235667E-02
   4.3772109924693E-01      4.2938892836021E-02
   4.8139859994239E-01      4.4396478795876E-02
   5.2647415823935E-01      4.5734379716206E-02
   5.7282625841807E-01      4.6948988849006E-02
   6.2032994342444E-01      4.8037031820067E-02
   6.6885715173289E-01      4.8995575455855E-02
   7.1827706257817E-01      4.9822035690650E-02
   7.6845644862551E-01      5.0514184532610E-02
   8.1926003512821E-01      5.1070156069958E-02
   8.7055086460480E-01      5.1488451501084E-02
   9.2219066605231E-01      5.1767943175014E-02
   9.7404022770070E-01      5.1907877631324E-02
   1.0259597723033E+00      5.1907877631324E-02
   1.0778093339517E+00      5.1767943175014E-02
   1.1294491353992E+00      5.1488451501084E-02
   1.1807399648758E+00      5.1070156069958E-02
   1.2315435513785E+00      5.0514184532610E-02
   1.2817229374258E+00      4.9822035690650E-02
   1.3311428482711E+00      4.8995575455855E-02
   1.3796700565796E+00      4.8037031820067E-02
   1.4271737415859E+00      4.6948988849006E-02
   1.4735258417647E+00      4.5734379716206E-02
   1.5186014000616E+00      4.4396478795876E-02
   1.5622789007571E+00      4.2938892836021E-02
   1.6044405970517E+00      4.1365551235667E-02
   1.6449728284928E+00      3.9680695452460E-02
   1.6837663273847E+00      3.7888867569319E-02
   1.7207165133592E+00      3.5994898051156E-02
   1.7557237753101E+00      3.4003892725014E-02
   1.7886937399358E+00      3.1921219019360E-02
   1.8195375261658E+00      2.9752491500848E-02
   1.8481719847896E+00      2.7503556749980E-02
   1.8745199226506E+00      2.5180477621572E-02
   1.8985103108138E+00      2.2789516944043E-02
   1.9200784761815E+00      2.0337120729498E-02
   1.9391662761203E+00      1.7829901014243E-02
   1.9557222558439E+00      1.5274618596814E-02
   1.9697017887690E+00      1.2678166476837E-02
   1.9810672017566E+00      1.0047557182287E-02
   1.9897878952262E+00      7.3899311633605E-03
   1.9958405251228E+00      4.7127299269628E-03
   1.9992101232314E+00      2.0268119688774E-03
   2.0023696303217E+00      6.0804359066161E-03
   2.0124784246475E+00      1.4138189780851E-02
   2.0306363143373E+00      2.2169793490022E-02
   2.0567983947462E+00      3.0142671546780E-02
   2.0908946337088E+00      3.8034499430411E-02
   2.1328332324839E+00      4.5823855790321E-02
   2.1825011716546E+00      5.3489703042587E-02
   2.2397645714710E+00      6.1011362188331E-02
   2.3044690675737E+00      6.8368550831948E-02
   2.3764402320631E+00      7.5541432864513E-02
   2.4554840456459E+00      8.2510670249719E-02
   2.5413874215172E+00      8.9257474502307E-02
   2.6339187802068E+00      9.5763657057825E-02
   2.7328286740838E+00      1.0201167817477E-01
   2.8378504599363E+00      1.0798469415318E-01
   2.9487010178593E+00      1.1366660270765E-01
   3.0650815145349E+00      1.1904208635706E-01
   3.1866782088577E+00      1.2409665370667E-01
   3.3131632977413E+00      1.2881667850772E-01
   3.4441957998273E+00      1.3318943638727E-01
   3.5794224747178E+00      1.3720313914825E-01
   3.7184787752536E+00      1.4084696654664E-01
   3.8609898302724E+00      1.4411109545982E-01
   4.0065714551973E+00      1.4698672636717E-01
   4.1548311877328E+00      1.4946610707155E-01
   4.3053693458744E+00      1.5154255359743E-01
   4.4577801053821E+00      1.5321046820946E-01
   4.6116525938114E+00      1.5446535450284E-01
   4.7665719981535E+00      1.5530382952463E-01
   4.9221206830983E+00      1.5572363289356E-01
   5.0778793169057E+00      1.5572363289356E-01
   5.2334280018505E+00      1.5530382952463E-01
   5.3883474061926E+00      1.5446535450284E-01
   5.5422198946219E+00      1.5321046820946E-01
   5.6946306541296E+00      1.5154255359743E-01
   5.8451688122712E+00      1.4946610707155E-01
   5.9934285448067E+00      1.4698672636717E-01
   6.1390101697316E+00      1.4411109545982E-01
   6.2815212247504E+00      1.4084696654664E-01
   6.4205775252862E+00      1.3720313914825E-01
   6.5558042001767E+00      1.3318943638727E-01
   6.6868367022627E+00      1.2881667850772E-01
   6.8133217911463E+00      1.2409665370667E-01
   6.9349184854691E+00      1.1904208635706E-01
   7.0512989821447E+00      1.1366660270765E-01
   7.1621495400677E+00      1.0798469415318E-01
   7.2671713259202E+00      1.0201167817477E-01
   7.3660812197972E+00      9.5763657057825E-02
   7.4586125784868E+00      8.9257474502307E-02
   7.5445159543581E+00      8.2510670249719E-02
   7.6235597679409E+00      7.5541432864513E-02
   7.6955309324303E+00      6.8368550831948E-02
   7.7602354285330E+00      6.1011362188331E-02
   7.8174988283494E+00      5.3489703042587E-02
   7.8671667675201E+00      4.5823855790321E-02
   7.9091053662952E+00      3.8034499430411E-02
   7.9432016052578E+00      3.0142671546780E-02
   7.9693636856667E+00      2.2169793490022E-02
   7.9875215753565E+00      1.4138189780851E-02
   7.9976303696823E+00      6.0804359066161E-03
